#
# A fatal error has been detected by the Java Runtime Environment:
#
#  EXCEPTION_ACCESS_VIOLATION (0xc0000005) at pc=0x00007ffa7f873416, pid=20012, tid=9168
#
# JRE version: Java(TM) SE Runtime Environment (17.0.1+12) (build 17.0.1+12-LTS-39)
# Java VM: Java HotSpot(TM) 64-Bit Server VM (17.0.1+12-LTS-39, mixed mode, sharing, tiered, compressed oops, compressed class ptrs, g1 gc, windows-amd64)
# Problematic frame:
# C  [ntdll.dll+0x63416]
#
# No core dump will be written. Minidumps are not enabled by default on client versions of Windows
#
# If you would like to submit a bug report, please visit:
#   https://bugreport.java.com/bugreport/crash.jsp
# The crash happened outside the Java Virtual Machine in native code.
# See problematic frame for where to report the bug.
#

---------------  S U M M A R Y ------------

Command Line: -javaagent:C:\Program Files\JetBrains\IntelliJ IDEA 2021.2.3\lib\idea_rt.jar=64208:C:\Program Files\JetBrains\IntelliJ IDEA 2021.2.3\bin -Dfile.encoding=UTF-8 --module-path=C:\Users\nbalj\.m2\repository\com\fazecast\jSerialComm\2.9.1\jSerialComm-2.9.1.jar;C:\Users\nbalj\.m2\repository\org\openjfx\javafx-controls\17.0.0.1\javafx-controls-17.0.0.1-win.jar;C:\Users\nbalj\Documents\GitHub\project3-4\CodePC\ProjectGUI\target\classes;C:\Users\nbalj\.m2\repository\org\kordamp\ikonli\ikonli-javafx\12.2.0\ikonli-javafx-12.2.0.jar;C:\Users\nbalj\.m2\repository\org\openjfx\javafx-graphics\17.0.0.1\javafx-graphics-17.0.0.1-win.jar;C:\Users\nbalj\.m2\repository\org\openjfx\javafx-web\17.0.0.1\javafx-web-17.0.0.1-win.jar;C:\Users\nbalj\.m2\repository\org\openjfx\javafx-fxml\17.0.0.1\javafx-fxml-17.0.0.1-win.jar;C:\Users\nbalj\.m2\repository\org\controlsfx\controlsfx\11.1.0\controlsfx-11.1.0.jar;C:\Users\nbalj\.m2\repository\com\dlsc\formsfx\formsfx-core\11.3.2\formsfx-core-11.3.2.jar;C:\Users\nbalj\.m2\repository\org\openjfx\javafx-base\17.0.0.1\javafx-base-17.0.0.1-win.jar;C:\Users\nbalj\.m2\repository\eu\hansolo\tilesfx\11.48\tilesfx-11.48.jar;C:\Users\nbalj\.m2\repository\org\kordamp\ikonli\ikonli-core\12.2.0\ikonli-core-12.2.0.jar;C:\Users\nbalj\.m2\repository\org\kordamp\bootstrapfx\bootstrapfx-core\0.4.0\bootstrapfx-core-0.4.0.jar;C:\Users\nbalj\.m2\repository\org\openjfx\javafx-media\17.0.0.1\javafx-media-17.0.0.1-win.jar;C:\Users\nbalj\.m2\repository\net\synedra\validatorfx\0.1.13\validatorfx-0.1.13.jar -Djdk.module.main=com.example.projectgui com.example.projectgui/com.example.projectgui.HelloApplication

Host: AMD Ryzen 5 3600 6-Core Processor              , 12 cores, 15G,  Windows 10 , 64 bit Build 19041 (10.0.19041.1706)
Time: Sat May 21 12:24:21 2022 W. Europe Summer Time elapsed time: 255.690326 seconds (0d 0h 4m 15s)

---------------  T H R E A D  ---------------

Current thread (0x0000020d2053e110):  JavaThread "Thread-5" [_thread_in_native, id=9168, stack(0x000000a0a9c00000,0x000000a0a9d00000)]

Stack: [0x000000a0a9c00000,0x000000a0a9d00000],  sp=0x000000a0a9cff260,  free space=1020k
Native frames: (J=compiled Java code, j=interpreted, Vv=VM code, C=native code)
C  [ntdll.dll+0x63416]
C  [ntdll.dll+0x2fcb4]
C  [ntdll.dll+0x2fae2]
C  [1653128406267-jSerialComm.dll+0x3cb2]

Java frames: (J=compiled Java code, j=interpreted, Vv=VM code)
j  com.fazecast.jSerialComm.SerialPort.closePortNative(J)J+0 com.fazecast.jSerialComm
j  com.fazecast.jSerialComm.SerialPort.closePort()Z+29 com.fazecast.jSerialComm
j  com.example.projectgui.ArduinoControls.lambda$setupCommunication$0()V+3 com.example.projectgui
j  com.example.projectgui.ArduinoControls$$Lambda$148+0x0000000800cbac98.run()V+0 com.example.projectgui
j  java.lang.Thread.run()V+11 java.base@17.0.1
v  ~StubRoutines::call_stub

siginfo: EXCEPTION_ACCESS_VIOLATION (0xc0000005), writing address 0x0000000000000024


Register to memory mapping:

RIP=0x00007ffa7f873416 ntdll.dll
RAX=0x0 is NULL
RBX=0x00007ffa4485fd00 1653128406267-jSerialComm.dll
RCX=0x00007ffa4485fd00 1653128406267-jSerialComm.dll
RDX=0x00000000fffffffa is an unknown value
RSP=0x000000a0a9cff260 is pointing into the stack for thread: 0x0000020d2053e110
RBP=0x000000a0a9cff400 is pointing into the stack for thread: 0x0000020d2053e110
RSI=0x0 is NULL
RDI=0x0 is NULL
R8 =0x0 is NULL
R9 =0x00007ffa4485fd00 1653128406267-jSerialComm.dll
R10=0x0 is NULL
R11=0x0000000000000246 is an unknown value
R12=0x0 is NULL
R13=0x000000a0a98f2000 points into unknown readable memory: 0x0000000000000000 | 00 00 00 00 00 00 00 00
R14=0x0000000000000001 is an unknown value
R15=0x0 is NULL


Registers:
RAX=0x0000000000000000, RBX=0x00007ffa4485fd00, RCX=0x00007ffa4485fd00, RDX=0x00000000fffffffa
RSP=0x000000a0a9cff260, RBP=0x000000a0a9cff400, RSI=0x0000000000000000, RDI=0x0000000000000000
R8 =0x0000000000000000, R9 =0x00007ffa4485fd00, R10=0x0000000000000000, R11=0x0000000000000246
R12=0x0000000000000000, R13=0x000000a0a98f2000, R14=0x0000000000000001, R15=0x0000000000000000
RIP=0x00007ffa7f873416, EFLAGS=0x0000000000010213

Top of Stack: (sp=0x000000a0a9cff260)
0x000000a0a9cff260:   ffffffffffffffff 00007ffa4485fd00
0x000000a0a9cff270:   0000000000000000 0000000000000000
0x000000a0a9cff280:   0000000000000000 0000000000000000
0x000000a0a9cff290:   0000000000000000 0000000000000000
0x000000a0a9cff2a0:   0000000000000000 00000000fffffffa
0x000000a0a9cff2b0:   000000a0a98f2000 0000000000000000
0x000000a0a9cff2c0:   0000000000000000 0000000000000000
0x000000a0a9cff2d0:   0000000000000000 0000000000000000
0x000000a0a9cff2e0:   0000000000000000 0000000000000000
0x000000a0a9cff2f0:   0000b553937694eb 0000000000000000
0x000000a0a9cff300:   0000020d2053e100 0000000000000001
0x000000a0a9cff310:   0000000000000001 0000000000000001
0x000000a0a9cff320:   0000000000000000 00007ffa4485fd00
0x000000a0a9cff330:   000000a0a9cff400 00007ffa7f83fcb4
0x000000a0a9cff340:   0000000000000000 0000000000000000
0x000000a0a9cff350:   00000000fffffffa 0000000000000000 

Instructions: (pc=0x00007ffa7f873416)
0x00007ffa7f873316:   20 e9 ed fe ff ff 48 89 41 18 e9 e4 fe ff ff cc
0x00007ffa7f873326:   cc cc cc cc cc cc cc cc cc cc 80 3d d1 71 10 00
0x00007ffa7f873336:   00 0f 95 c0 c3 cc cc cc cc cc cc cc cc cc cc cc
0x00007ffa7f873346:   cc cc cc cc cc cc cc cc cc cc 48 83 ec 38 8b 05
0x00007ffa7f873356:   d2 57 10 00 89 44 24 20 e8 41 02 00 00 48 83 c4
0x00007ffa7f873366:   38 c3 cc cc cc cc cc cc cc cc 48 89 5c 24 18 55
0x00007ffa7f873376:   56 57 41 54 41 55 41 56 41 57 48 81 ec a0 00 00
0x00007ffa7f873386:   00 48 8b 05 82 f1 11 00 48 33 c4 48 89 84 24 90
0x00007ffa7f873396:   00 00 00 65 4c 8b 2c 25 30 00 00 00 48 8d 05 4f
0x00007ffa7f8733a6:   11 10 00 40 32 ed 89 54 24 48 33 f6 40 88 6c 24
0x00007ffa7f8733b6:   40 4c 89 6c 24 50 48 8b d9 44 8b e6 48 3b c8 0f
0x00007ffa7f8733c6:   84 39 01 00 00 40 38 35 36 71 10 00 0f 85 a8 01
0x00007ffa7f8733d6:   00 00 39 35 4a 71 10 00 0f 85 6a 01 00 00 40 38
0x00007ffa7f8733e6:   35 0d 6c 10 00 48 8d 3d 0e 6c 10 00 48 0f 45 fe
0x00007ffa7f8733f6:   48 39 73 18 0f 84 d2 00 00 00 48 8b 03 48 83 f8
0x00007ffa7f873406:   ff 0f 84 d2 00 00 00 44 8b fe 48 83 f8 ff 74 03
0x00007ffa7f873416:   ff 40 24 4c 8b 73 18 4c 8d 2d d4 10 10 00 bd 22
0x00007ffa7f873426:   17 00 00 e8 22 14 fc ff 85 c0 0f 85 be b2 05 00
0x00007ffa7f873436:   b9 82 03 fe 7f 80 39 00 0f 85 cc b2 05 00 49 83
0x00007ffa7f873446:   fe ff 0f 85 5a b3 05 00 4c 8b cf c7 44 24 20 00
0x00007ffa7f873456:   00 00 00 41 b8 04 00 00 00 48 8d 54 24 48 48 8d
0x00007ffa7f873466:   4b 08 e8 37 01 00 00 3d 02 01 00 00 0f 84 43 b3
0x00007ffa7f873476:   05 00 8b 4b 08 89 4c 24 48 f6 c1 02 75 ca 3d 02
0x00007ffa7f873486:   01 00 00 0f 84 2c b3 05 00 0f b6 6c 24 40 4c 8b
0x00007ffa7f873496:   6c 24 50 85 c0 0f 88 78 b4 05 00 40 84 ed 75 73
0x00007ffa7f8734a6:   48 8b 8c 24 90 00 00 00 48 33 cc e8 7a 8d 02 00
0x00007ffa7f8734b6:   48 8b 9c 24 f0 00 00 00 48 81 c4 a0 00 00 00 41
0x00007ffa7f8734c6:   5f 41 5e 41 5d 41 5c 5f 5e 5d c3 cc 48 8b cb e8
0x00007ffa7f8734d6:   56 05 00 00 e9 21 ff ff ff 8b 4b 20 48 c7 c0 ff
0x00007ffa7f8734e6:   ff ff ff 48 0f ba e1 18 0f 82 19 ff ff ff 48 8b
0x00007ffa7f8734f6:   cb e8 44 e3 fa ff 48 8b 03 e9 09 ff ff ff c6 44
0x00007ffa7f873506:   24 40 01 41 c7 85 60 17 00 00 01 00 00 00 e9 b2 


Stack slot to memory mapping:
stack at sp + 0 slots: 0xffffffffffffffff is an unknown value
stack at sp + 1 slots: 0x00007ffa4485fd00 1653128406267-jSerialComm.dll
stack at sp + 2 slots: 0x0 is NULL
stack at sp + 3 slots: 0x0 is NULL
stack at sp + 4 slots: 0x0 is NULL
stack at sp + 5 slots: 0x0 is NULL
stack at sp + 6 slots: 0x0 is NULL
stack at sp + 7 slots: 0x0 is NULL


---------------  P R O C E S S  ---------------

Threads class SMR info:
_java_thread_list=0x0000020d1f49cd00, length=24, elements={
0x0000020d79617da0, 0x0000020d1e803a60, 0x0000020d1e8048d0, 0x0000020d1e815be0,
0x0000020d1e8185b0, 0x0000020d1e818f60, 0x0000020d1e819910, 0x0000020d1e8226b0,
0x0000020d1e827970, 0x0000020d1e8346a0, 0x0000020d1e7ed290, 0x0000020d1fe10b60,
0x0000020d1fe11030, 0x0000020d2008ebc0, 0x0000020d200900c0, 0x0000020d204e45f0,
0x0000020d20553f10, 0x0000020d20540790, 0x0000020d2053ef80, 0x0000020d2053eab0,
0x0000020d2053f920, 0x0000020d20541600, 0x0000020d2053fdf0, 0x0000020d2053e110
}

Java Threads: ( => current thread )
  0x0000020d79617da0 JavaThread "main" [_thread_blocked, id=10436, stack(0x000000a0a9d00000,0x000000a0a9e00000)]
  0x0000020d1e803a60 JavaThread "Reference Handler" daemon [_thread_blocked, id=23528, stack(0x000000a0aa400000,0x000000a0aa500000)]
  0x0000020d1e8048d0 JavaThread "Finalizer" daemon [_thread_blocked, id=27652, stack(0x000000a0aa500000,0x000000a0aa600000)]
  0x0000020d1e815be0 JavaThread "Signal Dispatcher" daemon [_thread_blocked, id=28072, stack(0x000000a0aa600000,0x000000a0aa700000)]
  0x0000020d1e8185b0 JavaThread "Attach Listener" daemon [_thread_blocked, id=27220, stack(0x000000a0aa700000,0x000000a0aa800000)]
  0x0000020d1e818f60 JavaThread "Service Thread" daemon [_thread_blocked, id=10584, stack(0x000000a0aa800000,0x000000a0aa900000)]
  0x0000020d1e819910 JavaThread "Monitor Deflation Thread" daemon [_thread_blocked, id=31652, stack(0x000000a0aa900000,0x000000a0aaa00000)]
  0x0000020d1e8226b0 JavaThread "C2 CompilerThread0" daemon [_thread_blocked, id=17224, stack(0x000000a0aaa00000,0x000000a0aab00000)]
  0x0000020d1e827970 JavaThread "C1 CompilerThread0" daemon [_thread_blocked, id=18012, stack(0x000000a0aab00000,0x000000a0aac00000)]
  0x0000020d1e8346a0 JavaThread "Sweeper thread" daemon [_thread_blocked, id=1364, stack(0x000000a0aac00000,0x000000a0aad00000)]
  0x0000020d1e7ed290 JavaThread "Common-Cleaner" daemon [_thread_blocked, id=18104, stack(0x000000a0aad00000,0x000000a0aae00000)]
  0x0000020d1fe10b60 JavaThread "Monitor Ctrl-Break" daemon [_thread_in_native, id=14012, stack(0x000000a0ab000000,0x000000a0ab100000)]
  0x0000020d1fe11030 JavaThread "Notification Thread" daemon [_thread_blocked, id=30972, stack(0x000000a0ab100000,0x000000a0ab200000)]
  0x0000020d2008ebc0 JavaThread "InvokeLaterDispatcher" daemon [_thread_blocked, id=11784, stack(0x000000a0ab500000,0x000000a0ab600000)]
  0x0000020d200900c0 JavaThread "JavaFX Application Thread" [_thread_in_native, id=21768, stack(0x000000a0ab600000,0x000000a0ab700000)]
  0x0000020d204e45f0 JavaThread "JavaFX-Launcher" [_thread_blocked, id=28680, stack(0x000000a0aaf00000,0x000000a0ab000000)]
  0x0000020d20553f10 JavaThread "Thread-2" daemon [_thread_in_native, id=27396, stack(0x000000a0aae00000,0x000000a0aaf00000)]
  0x0000020d20540790 JavaThread "Thread-4" [_thread_blocked, id=26732, stack(0x000000a0abd10000,0x000000a0abe10000)]
  0x0000020d2053ef80 JavaThread "Prism Font Disposer" daemon [_thread_blocked, id=29048, stack(0x000000a0ac310000,0x000000a0ac410000)]
  0x0000020d2053eab0 JavaThread "Cleaner-0" daemon [_thread_blocked, id=3848, stack(0x000000a0ac410000,0x000000a0ac510000)]
  0x0000020d2053f920 JavaThread "Timer-1" [_thread_blocked, id=10064, stack(0x000000a0ac520000,0x000000a0ac620000)]
  0x0000020d20541600 JavaThread "Thread-8" [_thread_blocked, id=16596, stack(0x000000a0abe80000,0x000000a0abf80000)]
  0x0000020d2053fdf0 JavaThread "SIGINT handler" daemon [_thread_blocked, id=13100, stack(0x000000a0a9b00000,0x000000a0a9c00000)]
=>0x0000020d2053e110 JavaThread "Thread-5" [_thread_in_native, id=9168, stack(0x000000a0a9c00000,0x000000a0a9d00000)]

Other Threads:
  0x0000020d1e7ffe70 VMThread "VM Thread" [stack: 0x000000a0aa300000,0x000000a0aa400000] [id=6728]
  0x0000020d7967e540 WatcherThread [stack: 0x000000a0ab200000,0x000000a0ab300000] [id=16308]
  0x0000020d79665b10 GCTaskThread "GC Thread#0" [stack: 0x000000a0a9e00000,0x000000a0a9f00000] [id=25872]
  0x0000020d20120b20 GCTaskThread "GC Thread#1" [stack: 0x000000a0ab810000,0x000000a0ab910000] [id=19260]
  0x0000020d20553120 GCTaskThread "GC Thread#2" [stack: 0x000000a0ab910000,0x000000a0aba10000] [id=21224]
  0x0000020d205533d0 GCTaskThread "GC Thread#3" [stack: 0x000000a0aba10000,0x000000a0abb10000] [id=26500]
  0x0000020d20553680 GCTaskThread "GC Thread#4" [stack: 0x000000a0abb10000,0x000000a0abc10000] [id=28444]
  0x0000020d20553930 GCTaskThread "GC Thread#5" [stack: 0x000000a0abc10000,0x000000a0abd10000] [id=28576]
  0x0000020d1f554f50 GCTaskThread "GC Thread#6" [stack: 0x000000a0ac620000,0x000000a0ac720000] [id=1408]
  0x0000020d1f555200 GCTaskThread "GC Thread#7" [stack: 0x000000a0ac720000,0x000000a0ac820000] [id=28512]
  0x0000020d1f555cc0 GCTaskThread "GC Thread#8" [stack: 0x000000a0ac820000,0x000000a0ac920000] [id=16204]
  0x0000020d1f5554b0 GCTaskThread "GC Thread#9" [stack: 0x000000a0ac920000,0x000000a0aca20000] [id=21040]
  0x0000020d7941e9e0 ConcurrentGCThread "G1 Main Marker" [stack: 0x000000a0a9f00000,0x000000a0aa000000] [id=1744]
  0x0000020d796723d0 ConcurrentGCThread "G1 Conc#0" [stack: 0x000000a0aa000000,0x000000a0aa100000] [id=7472]
  0x0000020d1f5549f0 ConcurrentGCThread "G1 Conc#1" [stack: 0x000000a0acf20000,0x000000a0ad020000] [id=23100]
  0x0000020d1f555f70 ConcurrentGCThread "G1 Conc#2" [stack: 0x000000a0ad020000,0x000000a0ad120000] [id=8752]
  0x0000020d796ed7c0 ConcurrentGCThread "G1 Refine#0" [stack: 0x000000a0aa100000,0x000000a0aa200000] [id=26484]
  0x0000020d205b8090 ConcurrentGCThread "G1 Refine#1" [stack: 0x000000a0aca20000,0x000000a0acb20000] [id=13980]
  0x0000020d20bf8530 ConcurrentGCThread "G1 Refine#2" [stack: 0x000000a0acb20000,0x000000a0acc20000] [id=5320]
  0x0000020d2061d4e0 ConcurrentGCThread "G1 Refine#3" [stack: 0x000000a0acc20000,0x000000a0acd20000] [id=23524]
  0x0000020d20f846f0 ConcurrentGCThread "G1 Refine#4" [stack: 0x000000a0acd20000,0x000000a0ace20000] [id=23160]
  0x0000020d1f8b9500 ConcurrentGCThread "G1 Refine#5" [stack: 0x000000a0ace20000,0x000000a0acf20000] [id=25572]
  0x0000020d796ee1e0 ConcurrentGCThread "G1 Service" [stack: 0x000000a0aa200000,0x000000a0aa300000] [id=30336]

Threads with active compile tasks:

VM state: not at safepoint (normal execution)

VM Mutex/Monitor currently owned by a thread: None

Heap address: 0x0000000701c00000, size: 4068 MB, Compressed Oops mode: Zero based, Oop shift amount: 3

CDS archive(s) mapped at: [0x0000000800000000-0x0000000800bc0000-0x0000000800bc0000), size 12320768, SharedBaseAddress: 0x0000000800000000, ArchiveRelocationMode: 0.
Compressed class space mapped at: 0x0000000800c00000-0x0000000840c00000, reserved size: 1073741824
Narrow klass base: 0x0000000800000000, Narrow klass shift: 0, Narrow klass range: 0x100000000

GC Precious Log:
 CPUs: 12 total, 12 available
 Memory: 16265M
 Large Page Support: Disabled
 NUMA Support: Disabled
 Compressed Oops: Enabled (Zero based)
 Heap Region Size: 2M
 Heap Min Capacity: 8M
 Heap Initial Capacity: 256M
 Heap Max Capacity: 4068M
 Pre-touch: Disabled
 Parallel Workers: 10
 Concurrent Workers: 3
 Concurrent Refinement Workers: 10
 Periodic GC: Disabled

Heap:
 garbage-first heap   total 262144K, used 165801K [0x0000000701c00000, 0x0000000800000000)
  region size 2048K, 10 young (20480K), 3 survivors (6144K)
 Metaspace       used 15060K, committed 15296K, reserved 1064960K
  class space    used 1917K, committed 2048K, reserved 1048576K

Heap Regions: E=young(eden), S=young(survivor), O=old, HS=humongous(starts), HC=humongous(continues), CS=collection set, F=free, OA=open archive, CA=closed archive, TAMS=top-at-mark-start (previous, next)
|   0|0x0000000701c00000, 0x0000000701e00000, 0x0000000701e00000|100%| O|  |TAMS 0x0000000701e00000, 0x0000000701c00000| Untracked 
|   1|0x0000000701e00000, 0x0000000702000000, 0x0000000702000000|100%| O|  |TAMS 0x0000000702000000, 0x0000000701e00000| Untracked 
|   2|0x0000000702000000, 0x0000000702200000, 0x0000000702200000|100%| O|  |TAMS 0x0000000702200000, 0x0000000702000000| Untracked 
|   3|0x0000000702200000, 0x0000000702400000, 0x0000000702400000|100%| O|  |TAMS 0x0000000702400000, 0x0000000702200000| Untracked 
|   4|0x0000000702400000, 0x0000000702600000, 0x0000000702600000|100%| O|  |TAMS 0x0000000702600000, 0x0000000702400000| Untracked 
|   5|0x0000000702600000, 0x0000000702800000, 0x0000000702800000|100%| O|  |TAMS 0x0000000702800000, 0x0000000702600000| Untracked 
|   6|0x0000000702800000, 0x0000000702a00000, 0x0000000702a00000|100%| O|  |TAMS 0x0000000702a00000, 0x0000000702800000| Untracked 
|   7|0x0000000702a00000, 0x0000000702c00000, 0x0000000702c00000|100%| O|  |TAMS 0x0000000702c00000, 0x0000000702a00000| Untracked 
|   8|0x0000000702c00000, 0x0000000702e00000, 0x0000000702e00000|100%| O|  |TAMS 0x0000000702e00000, 0x0000000702c00000| Untracked 
|   9|0x0000000702e00000, 0x0000000703000000, 0x0000000703000000|100%| O|  |TAMS 0x0000000703000000, 0x0000000702e00000| Untracked 
|  10|0x0000000703000000, 0x0000000703200000, 0x0000000703200000|100%| O|  |TAMS 0x0000000703200000, 0x0000000703000000| Untracked 
|  11|0x0000000703200000, 0x0000000703400000, 0x0000000703400000|100%| O|  |TAMS 0x0000000703400000, 0x0000000703200000| Untracked 
|  12|0x0000000703400000, 0x0000000703600000, 0x0000000703600000|100%|HS|  |TAMS 0x0000000703600000, 0x0000000703400000| Complete 
|  13|0x0000000703600000, 0x0000000703800000, 0x0000000703800000|100%| O|  |TAMS 0x0000000703800000, 0x0000000703600000| Untracked 
|  14|0x0000000703800000, 0x0000000703a00000, 0x0000000703a00000|100%| O|  |TAMS 0x0000000703a00000, 0x0000000703800000| Untracked 
|  15|0x0000000703a00000, 0x0000000703c00000, 0x0000000703c00000|100%| O|  |TAMS 0x0000000703c00000, 0x0000000703a00000| Untracked 
|  16|0x0000000703c00000, 0x0000000703e00000, 0x0000000703e00000|100%| O|  |TAMS 0x0000000703cf5208, 0x0000000703c00000| Untracked 
|  17|0x0000000703e00000, 0x0000000704000000, 0x0000000704000000|100%| O|  |TAMS 0x0000000703e00000, 0x0000000703e00000| Untracked 
|  18|0x0000000704000000, 0x0000000704200000, 0x0000000704200000|100%| O|  |TAMS 0x0000000704000000, 0x0000000704000000| Untracked 
|  19|0x0000000704200000, 0x0000000704400000, 0x0000000704400000|100%| O|  |TAMS 0x0000000704200000, 0x0000000704200000| Untracked 
|  20|0x0000000704400000, 0x0000000704600000, 0x0000000704600000|100%| O|  |TAMS 0x0000000704400000, 0x0000000704400000| Untracked 
|  21|0x0000000704600000, 0x0000000704800000, 0x0000000704800000|100%| O|  |TAMS 0x0000000704600000, 0x0000000704600000| Untracked 
|  22|0x0000000704800000, 0x0000000704a00000, 0x0000000704a00000|100%| O|  |TAMS 0x0000000704800000, 0x0000000704800000| Untracked 
|  23|0x0000000704a00000, 0x0000000704bea400, 0x0000000704c00000| 95%| O|  |TAMS 0x0000000704a00000, 0x0000000704a00000| Untracked 
|  24|0x0000000704c00000, 0x0000000704c00000, 0x0000000704e00000|  0%| F|  |TAMS 0x0000000704c00000, 0x0000000704c00000| Untracked 
|  25|0x0000000704e00000, 0x0000000705000000, 0x0000000705000000|100%| O|  |TAMS 0x0000000705000000, 0x0000000704e00000| Untracked 
|  26|0x0000000705000000, 0x0000000705200000, 0x0000000705200000|100%| O|  |TAMS 0x0000000705200000, 0x0000000705000000| Untracked 
|  27|0x0000000705200000, 0x0000000705400000, 0x0000000705400000|100%| O|  |TAMS 0x0000000705400000, 0x0000000705200000| Untracked 
|  28|0x0000000705400000, 0x0000000705400000, 0x0000000705600000|  0%| F|  |TAMS 0x0000000705400000, 0x0000000705400000| Untracked 
|  29|0x0000000705600000, 0x0000000705600000, 0x0000000705800000|  0%| F|  |TAMS 0x0000000705600000, 0x0000000705600000| Untracked 
|  30|0x0000000705800000, 0x0000000705800000, 0x0000000705a00000|  0%| F|  |TAMS 0x0000000705800000, 0x0000000705800000| Untracked 
|  31|0x0000000705a00000, 0x0000000705c00000, 0x0000000705c00000|100%| O|  |TAMS 0x0000000705c00000, 0x0000000705a00000| Untracked 
|  32|0x0000000705c00000, 0x0000000705e00000, 0x0000000705e00000|100%| O|  |TAMS 0x0000000705e00000, 0x0000000705c00000| Untracked 
|  33|0x0000000705e00000, 0x0000000705e00000, 0x0000000706000000|  0%| F|  |TAMS 0x0000000705e00000, 0x0000000705e00000| Untracked 
|  34|0x0000000706000000, 0x0000000706000000, 0x0000000706200000|  0%| F|  |TAMS 0x0000000706000000, 0x0000000706000000| Untracked 
|  35|0x0000000706200000, 0x0000000706200000, 0x0000000706400000|  0%| F|  |TAMS 0x0000000706200000, 0x0000000706200000| Untracked 
|  36|0x0000000706400000, 0x0000000706600000, 0x0000000706600000|100%| O|  |TAMS 0x0000000706600000, 0x0000000706400000| Untracked 
|  37|0x0000000706600000, 0x0000000706800000, 0x0000000706800000|100%| O|  |TAMS 0x0000000706800000, 0x0000000706600000| Untracked 
|  38|0x0000000706800000, 0x0000000706a00000, 0x0000000706a00000|100%| O|  |TAMS 0x0000000706a00000, 0x0000000706800000| Untracked 
|  39|0x0000000706a00000, 0x0000000706c00000, 0x0000000706c00000|100%| O|  |TAMS 0x0000000706c00000, 0x0000000706a00000| Untracked 
|  40|0x0000000706c00000, 0x0000000706e00000, 0x0000000706e00000|100%| O|  |TAMS 0x0000000706e00000, 0x0000000706c00000| Untracked 
|  41|0x0000000706e00000, 0x0000000707000000, 0x0000000707000000|100%| O|  |TAMS 0x0000000707000000, 0x0000000706e00000| Untracked 
|  42|0x0000000707000000, 0x0000000707200000, 0x0000000707200000|100%| O|  |TAMS 0x0000000707200000, 0x0000000707000000| Untracked 
|  43|0x0000000707200000, 0x0000000707400000, 0x0000000707400000|100%| O|  |TAMS 0x0000000707400000, 0x0000000707200000| Untracked 
|  44|0x0000000707400000, 0x0000000707600000, 0x0000000707600000|100%| O|  |TAMS 0x0000000707600000, 0x0000000707400000| Untracked 
|  45|0x0000000707600000, 0x0000000707800000, 0x0000000707800000|100%| O|  |TAMS 0x0000000707800000, 0x0000000707600000| Untracked 
|  46|0x0000000707800000, 0x0000000707a00000, 0x0000000707a00000|100%| O|  |TAMS 0x0000000707a00000, 0x0000000707800000| Untracked 
|  47|0x0000000707a00000, 0x0000000707c00000, 0x0000000707c00000|100%| O|  |TAMS 0x0000000707c00000, 0x0000000707a00000| Untracked 
|  48|0x0000000707c00000, 0x0000000707e00000, 0x0000000707e00000|100%| O|  |TAMS 0x0000000707e00000, 0x0000000707c00000| Untracked 
|  49|0x0000000707e00000, 0x0000000708000000, 0x0000000708000000|100%| O|  |TAMS 0x0000000708000000, 0x0000000707e00000| Untracked 
|  50|0x0000000708000000, 0x0000000708200000, 0x0000000708200000|100%| O|  |TAMS 0x0000000708200000, 0x0000000708000000| Untracked 
|  51|0x0000000708200000, 0x0000000708400000, 0x0000000708400000|100%| O|  |TAMS 0x0000000708400000, 0x0000000708200000| Untracked 
|  52|0x0000000708400000, 0x0000000708600000, 0x0000000708600000|100%| O|  |TAMS 0x0000000708600000, 0x0000000708400000| Untracked 
|  53|0x0000000708600000, 0x0000000708800000, 0x0000000708800000|100%| O|  |TAMS 0x0000000708800000, 0x0000000708600000| Untracked 
|  54|0x0000000708800000, 0x0000000708a00000, 0x0000000708a00000|100%| O|  |TAMS 0x0000000708a00000, 0x0000000708800000| Untracked 
|  55|0x0000000708a00000, 0x0000000708c00000, 0x0000000708c00000|100%|HS|  |TAMS 0x0000000708c00000, 0x0000000708a00000| Complete 
|  56|0x0000000708c00000, 0x0000000708e00000, 0x0000000708e00000|100%|HC|  |TAMS 0x0000000708e00000, 0x0000000708c00000| Complete 
|  57|0x0000000708e00000, 0x0000000709000000, 0x0000000709000000|100%|HC|  |TAMS 0x0000000709000000, 0x0000000708e00000| Complete 
|  58|0x0000000709000000, 0x0000000709200000, 0x0000000709200000|100%|HC|  |TAMS 0x0000000709200000, 0x0000000709000000| Complete 
|  59|0x0000000709200000, 0x0000000709400000, 0x0000000709400000|100%|HC|  |TAMS 0x0000000709400000, 0x0000000709200000| Complete 
|  60|0x0000000709400000, 0x0000000709600000, 0x0000000709600000|100%|HC|  |TAMS 0x0000000709600000, 0x0000000709400000| Complete 
|  61|0x0000000709600000, 0x0000000709800000, 0x0000000709800000|100%|HC|  |TAMS 0x0000000709800000, 0x0000000709600000| Complete 
|  62|0x0000000709800000, 0x0000000709a00000, 0x0000000709a00000|100%|HC|  |TAMS 0x0000000709a00000, 0x0000000709800000| Complete 
|  63|0x0000000709a00000, 0x0000000709c00000, 0x0000000709c00000|100%|HC|  |TAMS 0x0000000709c00000, 0x0000000709a00000| Complete 
|  64|0x0000000709c00000, 0x0000000709e00000, 0x0000000709e00000|100%|HC|  |TAMS 0x0000000709e00000, 0x0000000709c00000| Complete 
|  65|0x0000000709e00000, 0x000000070a000000, 0x000000070a000000|100%|HC|  |TAMS 0x000000070a000000, 0x0000000709e00000| Complete 
|  66|0x000000070a000000, 0x000000070a200000, 0x000000070a200000|100%|HC|  |TAMS 0x000000070a200000, 0x000000070a000000| Complete 
|  67|0x000000070a200000, 0x000000070a400000, 0x000000070a400000|100%|HS|  |TAMS 0x000000070a400000, 0x000000070a200000| Complete 
|  68|0x000000070a400000, 0x000000070a600000, 0x000000070a600000|100%|HC|  |TAMS 0x000000070a600000, 0x000000070a400000| Complete 
|  69|0x000000070a600000, 0x000000070a800000, 0x000000070a800000|100%|HC|  |TAMS 0x000000070a800000, 0x000000070a600000| Complete 
|  70|0x000000070a800000, 0x000000070aa00000, 0x000000070aa00000|100%|HC|  |TAMS 0x000000070aa00000, 0x000000070a800000| Complete 
|  71|0x000000070aa00000, 0x000000070ac00000, 0x000000070ac00000|100%|HC|  |TAMS 0x000000070ac00000, 0x000000070aa00000| Complete 
|  72|0x000000070ac00000, 0x000000070ae00000, 0x000000070ae00000|100%|HC|  |TAMS 0x000000070ae00000, 0x000000070ac00000| Complete 
|  73|0x000000070ae00000, 0x000000070b000000, 0x000000070b000000|100%|HC|  |TAMS 0x000000070b000000, 0x000000070ae00000| Complete 
|  74|0x000000070b000000, 0x000000070b200000, 0x000000070b200000|100%|HC|  |TAMS 0x000000070b200000, 0x000000070b000000| Complete 
|  75|0x000000070b200000, 0x000000070b400000, 0x000000070b400000|100%|HC|  |TAMS 0x000000070b400000, 0x000000070b200000| Complete 
|  76|0x000000070b400000, 0x000000070b600000, 0x000000070b600000|100%|HC|  |TAMS 0x000000070b600000, 0x000000070b400000| Complete 
|  77|0x000000070b600000, 0x000000070b800000, 0x000000070b800000|100%|HC|  |TAMS 0x000000070b800000, 0x000000070b600000| Complete 
|  78|0x000000070b800000, 0x000000070ba00000, 0x000000070ba00000|100%|HC|  |TAMS 0x000000070ba00000, 0x000000070b800000| Complete 
|  79|0x000000070ba00000, 0x000000070ba00000, 0x000000070bc00000|  0%| F|  |TAMS 0x000000070ba00000, 0x000000070ba00000| Untracked 
|  80|0x000000070bc00000, 0x000000070bc00000, 0x000000070be00000|  0%| F|  |TAMS 0x000000070bc00000, 0x000000070bc00000| Untracked 
|  81|0x000000070be00000, 0x000000070be00000, 0x000000070c000000|  0%| F|  |TAMS 0x000000070be00000, 0x000000070be00000| Untracked 
|  82|0x000000070c000000, 0x000000070c000000, 0x000000070c200000|  0%| F|  |TAMS 0x000000070c000000, 0x000000070c000000| Untracked 
|  83|0x000000070c200000, 0x000000070c200000, 0x000000070c400000|  0%| F|  |TAMS 0x000000070c200000, 0x000000070c200000| Untracked 
|  84|0x000000070c400000, 0x000000070c400000, 0x000000070c600000|  0%| F|  |TAMS 0x000000070c400000, 0x000000070c400000| Untracked 
|  85|0x000000070c600000, 0x000000070c600000, 0x000000070c800000|  0%| F|  |TAMS 0x000000070c600000, 0x000000070c600000| Untracked 
|  86|0x000000070c800000, 0x000000070c800000, 0x000000070ca00000|  0%| F|  |TAMS 0x000000070c800000, 0x000000070c800000| Untracked 
|  87|0x000000070ca00000, 0x000000070ca00000, 0x000000070cc00000|  0%| F|  |TAMS 0x000000070ca00000, 0x000000070ca00000| Untracked 
|  88|0x000000070cc00000, 0x000000070cc00000, 0x000000070ce00000|  0%| F|  |TAMS 0x000000070cc00000, 0x000000070cc00000| Untracked 
|  89|0x000000070ce00000, 0x000000070ce00000, 0x000000070d000000|  0%| F|  |TAMS 0x000000070ce00000, 0x000000070ce00000| Untracked 
|  90|0x000000070d000000, 0x000000070d000000, 0x000000070d200000|  0%| F|  |TAMS 0x000000070d000000, 0x000000070d000000| Untracked 
|  91|0x000000070d200000, 0x000000070d200000, 0x000000070d400000|  0%| F|  |TAMS 0x000000070d200000, 0x000000070d200000| Untracked 
|  92|0x000000070d400000, 0x000000070d400000, 0x000000070d600000|  0%| F|  |TAMS 0x000000070d400000, 0x000000070d400000| Untracked 
|  93|0x000000070d600000, 0x000000070d600000, 0x000000070d800000|  0%| F|  |TAMS 0x000000070d600000, 0x000000070d600000| Untracked 
|  94|0x000000070d800000, 0x000000070d800000, 0x000000070da00000|  0%| F|  |TAMS 0x000000070d800000, 0x000000070d800000| Untracked 
|  95|0x000000070da00000, 0x000000070da00000, 0x000000070dc00000|  0%| F|  |TAMS 0x000000070da00000, 0x000000070da00000| Untracked 
|  96|0x000000070dc00000, 0x000000070dc00000, 0x000000070de00000|  0%| F|  |TAMS 0x000000070dc00000, 0x000000070dc00000| Untracked 
|  97|0x000000070de00000, 0x000000070de00000, 0x000000070e000000|  0%| F|  |TAMS 0x000000070de00000, 0x000000070de00000| Untracked 
|  98|0x000000070e000000, 0x000000070e000000, 0x000000070e200000|  0%| F|  |TAMS 0x000000070e000000, 0x000000070e000000| Untracked 
|  99|0x000000070e200000, 0x000000070e200000, 0x000000070e400000|  0%| F|  |TAMS 0x000000070e200000, 0x000000070e200000| Untracked 
| 100|0x000000070e400000, 0x000000070e400000, 0x000000070e600000|  0%| F|  |TAMS 0x000000070e400000, 0x000000070e400000| Untracked 
| 101|0x000000070e600000, 0x000000070e600000, 0x000000070e800000|  0%| F|  |TAMS 0x000000070e600000, 0x000000070e600000| Untracked 
| 102|0x000000070e800000, 0x000000070e800000, 0x000000070ea00000|  0%| F|  |TAMS 0x000000070e800000, 0x000000070e800000| Untracked 
| 103|0x000000070ea00000, 0x000000070ea00000, 0x000000070ec00000|  0%| F|  |TAMS 0x000000070ea00000, 0x000000070ea00000| Untracked 
| 104|0x000000070ec00000, 0x000000070ec00000, 0x000000070ee00000|  0%| F|  |TAMS 0x000000070ec00000, 0x000000070ec00000| Untracked 
| 105|0x000000070ee00000, 0x000000070ee00000, 0x000000070f000000|  0%| F|  |TAMS 0x000000070ee00000, 0x000000070ee00000| Untracked 
| 106|0x000000070f000000, 0x000000070f000000, 0x000000070f200000|  0%| F|  |TAMS 0x000000070f000000, 0x000000070f000000| Untracked 
| 107|0x000000070f200000, 0x000000070f400000, 0x000000070f400000|100%| S|CS|TAMS 0x000000070f200000, 0x000000070f200000| Complete 
| 108|0x000000070f400000, 0x000000070f600000, 0x000000070f600000|100%| S|CS|TAMS 0x000000070f400000, 0x000000070f400000| Complete 
| 109|0x000000070f600000, 0x000000070f800000, 0x000000070f800000|100%| S|CS|TAMS 0x000000070f600000, 0x000000070f600000| Complete 
| 110|0x000000070f800000, 0x000000070f800000, 0x000000070fa00000|  0%| F|  |TAMS 0x000000070f800000, 0x000000070f800000| Untracked 
| 111|0x000000070fa00000, 0x000000070fa00000, 0x000000070fc00000|  0%| F|  |TAMS 0x000000070fa00000, 0x000000070fa00000| Untracked 
| 112|0x000000070fc00000, 0x000000070fc00000, 0x000000070fe00000|  0%| F|  |TAMS 0x000000070fc00000, 0x000000070fc00000| Untracked 
| 113|0x000000070fe00000, 0x000000070fe00000, 0x0000000710000000|  0%| F|  |TAMS 0x000000070fe00000, 0x000000070fe00000| Untracked 
| 114|0x0000000710000000, 0x0000000710000000, 0x0000000710200000|  0%| F|  |TAMS 0x0000000710000000, 0x0000000710000000| Untracked 
| 115|0x0000000710200000, 0x0000000710200000, 0x0000000710400000|  0%| F|  |TAMS 0x0000000710200000, 0x0000000710200000| Untracked 
| 116|0x0000000710400000, 0x0000000710400000, 0x0000000710600000|  0%| F|  |TAMS 0x0000000710400000, 0x0000000710400000| Untracked 
| 117|0x0000000710600000, 0x0000000710600000, 0x0000000710800000|  0%| F|  |TAMS 0x0000000710600000, 0x0000000710600000| Untracked 
| 118|0x0000000710800000, 0x0000000710800000, 0x0000000710a00000|  0%| F|  |TAMS 0x0000000710800000, 0x0000000710800000| Untracked 
| 119|0x0000000710a00000, 0x0000000710a00000, 0x0000000710c00000|  0%| F|  |TAMS 0x0000000710a00000, 0x0000000710a00000| Untracked 
| 120|0x0000000710c00000, 0x0000000710c00000, 0x0000000710e00000|  0%| F|  |TAMS 0x0000000710c00000, 0x0000000710c00000| Untracked 
| 121|0x0000000710e00000, 0x0000000711000000, 0x0000000711000000|100%| E|  |TAMS 0x0000000710e00000, 0x0000000710e00000| Complete 
| 122|0x0000000711000000, 0x0000000711200000, 0x0000000711200000|100%| E|CS|TAMS 0x0000000711000000, 0x0000000711000000| Complete 
| 123|0x0000000711200000, 0x0000000711400000, 0x0000000711400000|100%| E|CS|TAMS 0x0000000711200000, 0x0000000711200000| Complete 
| 124|0x0000000711400000, 0x0000000711600000, 0x0000000711600000|100%| E|CS|TAMS 0x0000000711400000, 0x0000000711400000| Complete 
| 125|0x0000000711600000, 0x0000000711800000, 0x0000000711800000|100%| E|CS|TAMS 0x0000000711600000, 0x0000000711600000| Complete 
| 126|0x0000000711800000, 0x0000000711a00000, 0x0000000711a00000|100%| E|CS|TAMS 0x0000000711800000, 0x0000000711800000| Complete 
| 127|0x0000000711a00000, 0x0000000711c00000, 0x0000000711c00000|100%| E|CS|TAMS 0x0000000711a00000, 0x0000000711a00000| Complete 

Card table byte_map: [0x0000020d7c360000,0x0000020d7cb60000] _byte_map_base: 0x0000020d78b52000

Marking Bits (Prev, Next): (CMBitMap*) 0x0000020d7941a140, (CMBitMap*) 0x0000020d7941a180
 Prev Bits: [0x0000020d16730000, 0x0000020d1a6c0000)
 Next Bits: [0x0000020d1a6c0000, 0x0000020d1e650000)

Polling page: 0x0000020d796f0000

Metaspace:

Usage:
  Non-class:     12.83 MB used.
      Class:      1.87 MB used.
       Both:     14.71 MB used.

Virtual space:
  Non-class space:       16.00 MB reserved,      12.94 MB ( 81%) committed,  2 nodes.
      Class space:        1.00 GB reserved,       2.00 MB ( <1%) committed,  1 nodes.
             Both:        1.02 GB reserved,      14.94 MB (  1%) committed. 

Chunk freelists:
   Non-Class:  2.58 MB
       Class:  2.02 MB
        Both:  4.59 MB

MaxMetaspaceSize: unlimited
CompressedClassSpaceSize: 1.00 GB
Initial GC threshold: 21.00 MB
Current GC threshold: 24.94 MB
CDS: on
MetaspaceReclaimPolicy: balanced
 - commit_granule_bytes: 65536.
 - commit_granule_words: 8192.
 - virtual_space_node_default_size: 1048576.
 - enlarge_chunks_in_place: 1.
 - new_chunks_are_fully_committed: 0.
 - uncommit_free_chunks: 1.
 - use_allocation_guard: 0.
 - handle_deallocations: 1.


Internal statistics:

num_allocs_failed_limit: 0.
num_arena_births: 232.
num_arena_deaths: 0.
num_vsnodes_births: 3.
num_vsnodes_deaths: 0.
num_space_committed: 239.
num_space_uncommitted: 0.
num_chunks_returned_to_freelist: 0.
num_chunks_taken_from_freelist: 689.
num_chunk_merges: 0.
num_chunk_splits: 474.
num_chunks_enlarged: 367.
num_purges: 0.
num_inconsistent_stats: 0.

CodeHeap 'non-profiled nmethods': size=120000Kb used=2204Kb max_used=2204Kb free=117795Kb
 bounds [0x0000020d0f200000, 0x0000020d0f470000, 0x0000020d16730000]
CodeHeap 'profiled nmethods': size=120000Kb used=7173Kb max_used=7173Kb free=112826Kb
 bounds [0x0000020d07cd0000, 0x0000020d083e0000, 0x0000020d0f200000]
CodeHeap 'non-nmethods': size=5760Kb used=1437Kb max_used=1484Kb free=4322Kb
 bounds [0x0000020d07730000, 0x0000020d079a0000, 0x0000020d07cd0000]
 total_blobs=4409 nmethods=3607 adapters=714
 compilation: enabled
              stopped_count=0, restarted_count=0
 full_count=0

Compilation events (20 events):
Event: 197.180 Thread 0x0000020d1e827970 3601       3       java.lang.System::lineSeparator (4 bytes)
Event: 197.180 Thread 0x0000020d1e827970 nmethod 3601 0x0000020d083cab90 code [0x0000020d083cad20, 0x0000020d083cae18]
Event: 197.180 Thread 0x0000020d1e827970 3602       3       sun.nio.cs.StreamEncoder::ensureOpen (18 bytes)
Event: 197.180 Thread 0x0000020d1e827970 nmethod 3602 0x0000020d083cae90 code [0x0000020d083cb040, 0x0000020d083cb248]
Event: 201.182 Thread 0x0000020d1e827970 3603   !   3       sun.nio.cs.StreamEncoder::write (78 bytes)
Event: 201.182 Thread 0x0000020d1e827970 nmethod 3603 0x0000020d083cb310 code [0x0000020d083cb540, 0x0000020d083cbc58]
Event: 202.184 Thread 0x0000020d1e827970 3604   !   3       java.nio.charset.CharsetEncoder::encode (273 bytes)
Event: 202.185 Thread 0x0000020d1e827970 nmethod 3604 0x0000020d083cc010 code [0x0000020d083cc340, 0x0000020d083cd8b8]
Event: 202.185 Thread 0x0000020d1e827970 3605       3       sun.nio.cs.UTF_8$Encoder::encodeLoop (28 bytes)
Event: 202.185 Thread 0x0000020d1e827970 nmethod 3605 0x0000020d083cdf90 code [0x0000020d083ce160, 0x0000020d083ce578]
Event: 202.185 Thread 0x0000020d1e827970 3606       3       sun.nio.cs.StreamEncoder::implFlushBuffer (15 bytes)
Event: 202.185 Thread 0x0000020d1e827970 nmethod 3606 0x0000020d083ce710 code [0x0000020d083ce8c0, 0x0000020d083cea68]
Event: 206.190 Thread 0x0000020d1e827970 3607   !   3       java.io.PrintStream::println (44 bytes)
Event: 206.191 Thread 0x0000020d1e827970 nmethod 3607 0x0000020d083ceb10 code [0x0000020d083ced20, 0x0000020d083cf308]
Event: 206.191 Thread 0x0000020d1e827970 3608   !   3       java.io.PrintStream::writeln (81 bytes)
Event: 206.191 Thread 0x0000020d1e827970 nmethod 3608 0x0000020d083cf590 code [0x0000020d083cf840, 0x0000020d083d0508]
Event: 206.191 Thread 0x0000020d1e827970 3609   !   3       java.io.BufferedWriter::flushBuffer (53 bytes)
Event: 206.191 Thread 0x0000020d1e827970 nmethod 3609 0x0000020d083d0c10 code [0x0000020d083d0e00, 0x0000020d083d12f8]
Event: 246.215 Thread 0x0000020d1e8226b0 3611       4       java.lang.StringLatin1::inflate (34 bytes)
Event: 246.218 Thread 0x0000020d1e8226b0 nmethod 3611 0x0000020d0f426b90 code [0x0000020d0f426d00, 0x0000020d0f427018]

GC Heap History (14 events):
Event: 0.510 GC heap before
{Heap before GC invocations=0 (full 0):
 garbage-first heap   total 262144K, used 20480K [0x0000000701c00000, 0x0000000800000000)
  region size 2048K, 11 young (22528K), 0 survivors (0K)
 Metaspace       used 4694K, committed 4864K, reserved 1056768K
  class space    used 524K, committed 576K, reserved 1048576K
}
Event: 0.513 GC heap after
{Heap after GC invocations=1 (full 0):
 garbage-first heap   total 262144K, used 3055K [0x0000000701c00000, 0x0000000800000000)
  region size 2048K, 2 young (4096K), 2 survivors (4096K)
 Metaspace       used 4694K, committed 4864K, reserved 1056768K
  class space    used 524K, committed 576K, reserved 1048576K
}
Event: 11.762 GC heap before
{Heap before GC invocations=1 (full 0):
 garbage-first heap   total 262144K, used 89071K [0x0000000701c00000, 0x0000000800000000)
  region size 2048K, 20 young (40960K), 2 survivors (4096K)
 Metaspace       used 13835K, committed 14080K, reserved 1064960K
  class space    used 1858K, committed 1984K, reserved 1048576K
}
Event: 11.766 GC heap after
{Heap after GC invocations=2 (full 0):
 garbage-first heap   total 262144K, used 60920K [0x0000000701c00000, 0x0000000800000000)
  region size 2048K, 3 young (6144K), 3 survivors (6144K)
 Metaspace       used 13835K, committed 14080K, reserved 1064960K
  class space    used 1858K, committed 1984K, reserved 1048576K
}
Event: 12.762 GC heap before
{Heap before GC invocations=2 (full 0):
 garbage-first heap   total 262144K, used 118264K [0x0000000701c00000, 0x0000000800000000)
  region size 2048K, 32 young (65536K), 3 survivors (6144K)
 Metaspace       used 14165K, committed 14464K, reserved 1064960K
  class space    used 1905K, committed 2048K, reserved 1048576K
}
Event: 12.770 GC heap after
{Heap after GC invocations=3 (full 0):
 garbage-first heap   total 262144K, used 112553K [0x0000000701c00000, 0x0000000800000000)
  region size 2048K, 4 young (8192K), 4 survivors (8192K)
 Metaspace       used 14165K, committed 14464K, reserved 1064960K
  class space    used 1905K, committed 2048K, reserved 1048576K
}
Event: 18.925 GC heap before
{Heap before GC invocations=3 (full 0):
 garbage-first heap   total 262144K, used 112553K [0x0000000701c00000, 0x0000000800000000)
  region size 2048K, 5 young (10240K), 4 survivors (8192K)
 Metaspace       used 14574K, committed 14784K, reserved 1064960K
  class space    used 1905K, committed 2048K, reserved 1048576K
}
Event: 18.928 GC heap after
{Heap after GC invocations=4 (full 0):
 garbage-first heap   total 262144K, used 111682K [0x0000000701c00000, 0x0000000800000000)
  region size 2048K, 1 young (2048K), 1 survivors (2048K)
 Metaspace       used 14574K, committed 14784K, reserved 1064960K
  class space    used 1905K, committed 2048K, reserved 1048576K
}
Event: 22.913 GC heap before
{Heap before GC invocations=4 (full 0):
 garbage-first heap   total 262144K, used 140354K [0x0000000701c00000, 0x0000000800000000)
  region size 2048K, 4 young (8192K), 1 survivors (2048K)
 Metaspace       used 14661K, committed 14912K, reserved 1064960K
  class space    used 1910K, committed 2048K, reserved 1048576K
}
Event: 22.914 GC heap after
{Heap after GC invocations=5 (full 0):
 garbage-first heap   total 262144K, used 137101K [0x0000000701c00000, 0x0000000800000000)
  region size 2048K, 1 young (2048K), 1 survivors (2048K)
 Metaspace       used 14661K, committed 14912K, reserved 1064960K
  class space    used 1910K, committed 2048K, reserved 1048576K
}
Event: 22.993 GC heap before
{Heap before GC invocations=6 (full 0):
 garbage-first heap   total 262144K, used 141197K [0x0000000701c00000, 0x0000000800000000)
  region size 2048K, 22 young (45056K), 1 survivors (2048K)
 Metaspace       used 14689K, committed 14976K, reserved 1064960K
  class space    used 1915K, committed 2048K, reserved 1048576K
}
Event: 22.998 GC heap after
{Heap after GC invocations=7 (full 0):
 garbage-first heap   total 262144K, used 138196K [0x0000000701c00000, 0x0000000800000000)
  region size 2048K, 3 young (6144K), 3 survivors (6144K)
 Metaspace       used 14689K, committed 14976K, reserved 1064960K
  class space    used 1915K, committed 2048K, reserved 1048576K
}
Event: 166.111 GC heap before
{Heap before GC invocations=7 (full 0):
 garbage-first heap   total 262144K, used 173012K [0x0000000701c00000, 0x0000000800000000)
  region size 2048K, 21 young (43008K), 3 survivors (6144K)
 Metaspace       used 15037K, committed 15296K, reserved 1064960K
  class space    used 1915K, committed 2048K, reserved 1048576K
}
Event: 166.113 GC heap after
{Heap after GC invocations=8 (full 0):
 garbage-first heap   total 262144K, used 153513K [0x0000000701c00000, 0x0000000800000000)
  region size 2048K, 3 young (6144K), 3 survivors (6144K)
 Metaspace       used 15037K, committed 15296K, reserved 1064960K
  class space    used 1915K, committed 2048K, reserved 1048576K
}

Deoptimization events (20 events):
Event: 255.683 Thread 0x0000020d205402c0 Uncommon trap: trap_request=0xffffff45 fr.pc=0x0000020d0f338944 relative=0x0000000000000144
Event: 255.683 Thread 0x0000020d205402c0 Uncommon trap: reason=unstable_if action=reinterpret pc=0x0000020d0f338944 method=java.util.concurrent.locks.ReentrantLock$NonfairSync.initialTryLock()Z @ 10 c2
Event: 255.683 Thread 0x0000020d205402c0 DEOPT PACKING pc=0x0000020d0f338944 sp=0x000000a0ac17ee50
Event: 255.683 Thread 0x0000020d205402c0 DEOPT UNPACKING pc=0x0000020d077823a3 sp=0x000000a0ac17edf8 mode 2
Event: 255.684 Thread 0x0000020d205402c0 Uncommon trap: trap_request=0xffffff45 fr.pc=0x0000020d0f335648 relative=0x00000000000000c8
Event: 255.684 Thread 0x0000020d205402c0 Uncommon trap: reason=unstable_if action=reinterpret pc=0x0000020d0f335648 method=java.util.concurrent.locks.ReentrantLock$Sync.tryRelease(I)Z @ 26 c2
Event: 255.684 Thread 0x0000020d205402c0 DEOPT PACKING pc=0x0000020d0f335648 sp=0x000000a0ac17ee50
Event: 255.684 Thread 0x0000020d1fe985b0 Uncommon trap: trap_request=0xffffff45 fr.pc=0x0000020d0f36a0c0 relative=0x00000000000004c0
Event: 255.684 Thread 0x0000020d205402c0 DEOPT UNPACKING pc=0x0000020d077823a3 sp=0x000000a0ac17edf0 mode 2
Event: 255.684 Thread 0x0000020d1fe985b0 Uncommon trap: reason=unstable_if action=reinterpret pc=0x0000020d0f36a0c0 method=java.util.concurrent.locks.AbstractQueuedSynchronizer$ConditionNode.isReleasable()Z @ 14 c2
Event: 255.684 Thread 0x0000020d1fe985b0 DEOPT PACKING pc=0x0000020d0f36a0c0 sp=0x000000a0ab3ff000
Event: 255.684 Thread 0x0000020d1fe985b0 DEOPT UNPACKING pc=0x0000020d077823a3 sp=0x000000a0ab3fee28 mode 2
Event: 255.684 Thread 0x0000020d1fe985b0 Uncommon trap: trap_request=0xffffff45 fr.pc=0x0000020d0f3695c8 relative=0x0000000000000048
Event: 255.684 Thread 0x0000020d1fe985b0 Uncommon trap: reason=unstable_if action=reinterpret pc=0x0000020d0f3695c8 method=java.lang.Thread.interrupted()Z @ 10 c2
Event: 255.684 Thread 0x0000020d1fe985b0 DEOPT PACKING pc=0x0000020d0f3695c8 sp=0x000000a0ab3fefb0
Event: 255.684 Thread 0x0000020d1fe985b0 DEOPT UNPACKING pc=0x0000020d077823a3 sp=0x000000a0ab3fef40 mode 2
Event: 255.684 Thread 0x0000020d1fe985b0 Uncommon trap: trap_request=0xffffff45 fr.pc=0x0000020d0f368940 relative=0x0000000000000e40
Event: 255.684 Thread 0x0000020d1fe985b0 Uncommon trap: reason=unstable_if action=reinterpret pc=0x0000020d0f368940 method=java.util.concurrent.locks.AbstractQueuedSynchronizer.acquire(Ljava/util/concurrent/locks/AbstractQueuedSynchronizer$Node;IZZZJ)I @ 155 c2
Event: 255.684 Thread 0x0000020d1fe985b0 DEOPT PACKING pc=0x0000020d0f368940 sp=0x000000a0ab3feee0
Event: 255.684 Thread 0x0000020d1fe985b0 DEOPT UNPACKING pc=0x0000020d077823a3 sp=0x000000a0ab3feec0 mode 2

Classes unloaded (0 events):
No events

Classes redefined (0 events):
No events

Internal exceptions (20 events):
Event: 5.865 Thread 0x0000020d200900c0 Exception <a 'sun/nio/fs/WindowsException'{0x0000000711243fd8}> (0x0000000711243fd8) 
thrown [t:\workspace\open\src\hotspot\share\prims\jni.cpp, line 516]
Event: 5.868 Thread 0x0000020d200900c0 Exception <a 'java/lang/NoSuchMethodError'{0x0000000711252aa0}: 'java.lang.Object java.lang.invoke.DirectMethodHandle$Holder.invokeStatic(java.lang.Object, int, java.lang.Object)'> (0x0000000711252aa0) 
thrown [t:\workspace\open\src\hotspot\share\interpreter\linkResolver.cpp, line 766]
Event: 5.870 Thread 0x0000020d200900c0 Exception <a 'java/lang/ClassNotFoundException'{0x0000000711265fc8}: sun/util/logging/resources/spi/loggingProvider> (0x0000000711265fc8) 
thrown [t:\workspace\open\src\hotspot\share\classfile\systemDictionary.cpp, line 256]
Event: 5.968 Thread 0x0000020d200900c0 Exception <a 'java/lang/ClassNotFoundException'{0x00000007111aa308}: com/sun/glass/ui/win/themes> (0x00000007111aa308) 
thrown [t:\workspace\open\src\hotspot\share\prims\jni.cpp, line 535]
Event: 5.968 Thread 0x0000020d200900c0 Exception <a 'java/lang/ClassNotFoundException'{0x00000007111b25a0}: com/sun/glass/ui/win/themes_en> (0x00000007111b25a0) 
thrown [t:\workspace\open\src\hotspot\share\prims\jni.cpp, line 535]
Event: 5.968 Thread 0x0000020d200900c0 Exception <a 'java/lang/ClassNotFoundException'{0x00000007111ba5e8}: com/sun/glass/ui/win/themes_en_GB> (0x00000007111ba5e8) 
thrown [t:\workspace\open\src\hotspot\share\prims\jni.cpp, line 535]
Event: 6.011 Thread 0x0000020d200900c0 Exception <a 'java/lang/NoSuchMethodError'{0x0000000710aabec0}: 'void java.lang.invoke.DirectMethodHandle$Holder.invokeStaticInit(java.lang.Object, java.lang.Object)'> (0x0000000710aabec0) 
thrown [t:\workspace\open\src\hotspot\share\interpreter\linkResolver.cpp, line 766]
Event: 6.057 Thread 0x0000020d200900c0 Implicit null exception at 0x0000020d0f221658 to 0x0000020d0f2216ee
Event: 6.060 Thread 0x0000020d200900c0 Implicit null exception at 0x0000020d0f278d34 to 0x0000020d0f27921c
Event: 6.141 Thread 0x0000020d200900c0 Exception <a 'java/lang/NoSuchMethodError'{0x000000070fc54d50}: 'java.lang.Object java.lang.invoke.DirectMethodHandle$Holder.invokeInterface(java.lang.Object, java.lang.Object, java.lang.Object)'> (0x000000070fc54d50) 
thrown [t:\workspace\open\src\hotspot\share\interpreter\linkResolver.cpp, line 766]
Event: 6.142 Thread 0x0000020d200900c0 Exception <a 'java/lang/IncompatibleClassChangeError'{0x000000070fc586d8}: Found class java.lang.Object, but interface was expected> (0x000000070fc586d8) 
thrown [t:\workspace\open\src\hotspot\share\interpreter\linkResolver.cpp, line 833]
Event: 6.175 Thread 0x0000020d200900c0 Exception <a 'java/lang/NoSuchMethodError'{0x000000070fa41da0}: 'java.lang.Object java.lang.invoke.DirectMethodHandle$Holder.newInvokeSpecial(java.lang.Object, java.lang.Object, int)'> (0x000000070fa41da0) 
thrown [t:\workspace\open\src\hotspot\share\interpreter\linkResolver.cpp, line 766]
Event: 6.192 Thread 0x0000020d1fe985b0 Exception <a 'java/lang/NoSuchMethodError'{0x000000070faeae08}: 'int java.lang.invoke.DirectMethodHandle$Holder.invokeStaticInit(java.lang.Object, java.lang.Object)'> (0x000000070faeae08) 
thrown [t:\workspace\open\src\hotspot\share\interpreter\linkResolver.cpp, line 766]
Event: 11.616 Thread 0x0000020d200900c0 Exception <a 'java/lang/NoSuchMethodError'{0x000000070f717080}: 'long java.lang.invoke.DirectMethodHandle$Holder.invokeStatic(java.lang.Object, java.lang.Object, java.lang.Object)'> (0x000000070f717080) 
thrown [t:\workspace\open\src\hotspot\share\interpreter\linkResolver.cpp, line 766]
Event: 11.616 Thread 0x0000020d200900c0 Exception <a 'java/lang/NoSuchMethodError'{0x000000070f71a828}: 'long java.lang.invoke.DirectMethodHandle$Holder.invokeStaticInit(java.lang.Object, java.lang.Object, java.lang.Object)'> (0x000000070f71a828) 
thrown [t:\workspace\open\src\hotspot\share\interpreter\linkResolver.cpp, line 766]
Event: 11.617 Thread 0x0000020d200900c0 Exception <a 'java/lang/NoSuchMethodError'{0x000000070f732748}: 'java.lang.Object java.lang.invoke.DirectMethodHandle$Holder.newInvokeSpecial(java.lang.Object, java.lang.Object, long)'> (0x000000070f732748) 
thrown [t:\workspace\open\src\hotspot\share\interpreter\linkResolver.cpp, line 766]
Event: 11.618 Thread 0x0000020d200900c0 Exception <a 'java/lang/NoSuchMethodError'{0x000000070f7362b8}: 'java.lang.Object java.lang.invoke.Invokers$Holder.linkToTargetMethod(java.lang.Object, long, java.lang.Object)'> (0x000000070f7362b8) 
thrown [t:\workspace\open\src\hotspot\share\interpreter\linkResolver.cpp, line 766]
Event: 22.825 Thread 0x0000020d200900c0 Exception <a 'java/lang/NoSuchMethodError'{0x00000007117ccaa8}: 'java.lang.Object java.lang.invoke.DirectMethodHandle$Holder.newInvokeSpecial(java.lang.Object, java.lang.Object, int, int, int, int, int, java.lang.Object)'> (0x00000007117ccaa8) 
thrown [t:\workspace\open\src\hotspot\share\interpreter\linkResolver.cpp, line 766]
Event: 22.826 Thread 0x0000020d200900c0 Exception <a 'java/lang/NoSuchMethodError'{0x00000007117dfa88}: 'java.lang.Object java.lang.invoke.DirectMethodHandle$Holder.newInvokeSpecial(java.lang.Object, java.lang.Object, java.lang.Object, int, int, int, int, int)'> (0x00000007117dfa88) 
thrown [t:\workspace\open\src\hotspot\share\interpreter\linkResolver.cpp, line 766]
Event: 22.826 Thread 0x0000020d200900c0 Exception <a 'java/lang/NoSuchMethodError'{0x00000007117e72e8}: 'java.lang.Object java.lang.invoke.Invokers$Holder.linkToTargetMethod(java.lang.Object, java.lang.Object, int, int, int, int, int, java.lang.Object)'> (0x00000007117e72e8) 
thrown [t:\workspace\open\src\hotspot\share\interpreter\linkResolver.cpp, line 766]

VM Operations (20 events):
Event: 127.547 Executing VM operation: Cleanup
Event: 127.547 Executing VM operation: Cleanup done
Event: 146.556 Executing VM operation: Cleanup
Event: 146.556 Executing VM operation: Cleanup done
Event: 149.558 Executing VM operation: Cleanup
Event: 149.558 Executing VM operation: Cleanup done
Event: 150.559 Executing VM operation: Cleanup
Event: 150.559 Executing VM operation: Cleanup done
Event: 152.560 Executing VM operation: Cleanup
Event: 152.560 Executing VM operation: Cleanup done
Event: 166.111 Executing VM operation: G1CollectForAllocation
Event: 166.113 Executing VM operation: G1CollectForAllocation done
Event: 166.116 Executing VM operation: G1Concurrent
Event: 166.118 Executing VM operation: G1Concurrent done
Event: 166.119 Executing VM operation: G1Concurrent
Event: 166.119 Executing VM operation: G1Concurrent done
Event: 168.119 Executing VM operation: Cleanup
Event: 168.119 Executing VM operation: Cleanup done
Event: 208.136 Executing VM operation: Cleanup
Event: 208.136 Executing VM operation: Cleanup done

Events (20 events):
Event: 11.872 loading class java/lang/Short$ShortCache
Event: 11.872 loading class java/lang/Short$ShortCache done
Event: 11.876 Thread 0x0000020d20541600 Thread added: 0x0000020d20541600
Event: 12.030 Thread 0x0000020d1fb0de50 Thread exited: 0x0000020d1fb0de50
Event: 18.916 Thread 0x0000020d20541600 Thread exited: 0x0000020d20541600
Event: 18.993 Thread 0x0000020d20b66610 Thread added: 0x0000020d20b66610
Event: 19.438 Thread 0x0000020d20b66610 Thread exited: 0x0000020d20b66610
Event: 22.903 Thread 0x0000020d2053f920 Thread added: 0x0000020d2053f920
Event: 22.923 Thread 0x0000020d2053f450 Thread exited: 0x0000020d2053f450
Event: 23.048 Thread 0x0000020d20541600 Thread added: 0x0000020d20541600
Event: 255.682 loading class jdk/internal/misc/Signal$1
Event: 255.682 loading class jdk/internal/misc/Signal$1 done
Event: 255.682 Thread 0x0000020d2053fdf0 Thread added: 0x0000020d2053fdf0
Event: 255.683 Thread 0x0000020d2053e110 Thread added: 0x0000020d2053e110
Event: 255.683 Thread 0x0000020d2053e5e0 Thread added: 0x0000020d2053e5e0
Event: 255.683 Thread 0x0000020d2053f450 Thread added: 0x0000020d2053f450
Event: 255.683 Thread 0x0000020d205402c0 Thread added: 0x0000020d205402c0
Event: 255.683 Thread 0x0000020d2053e5e0 Thread exited: 0x0000020d2053e5e0
Event: 255.683 Thread 0x0000020d2053f450 Thread exited: 0x0000020d2053f450
Event: 255.684 Thread 0x0000020d205402c0 Thread exited: 0x0000020d205402c0


Dynamic libraries:
0x00007ff720050000 - 0x00007ff720060000 	C:\Program Files\Java\jdk-17.0.1\bin\java.exe
0x00007ffa7f810000 - 0x00007ffa7fa05000 	C:\Windows\SYSTEM32\ntdll.dll
0x00007ffa7f120000 - 0x00007ffa7f1dd000 	C:\Windows\System32\KERNEL32.DLL
0x00007ffa7d1c0000 - 0x00007ffa7d48d000 	C:\Windows\System32\KERNELBASE.dll
0x00007ffa7d760000 - 0x00007ffa7d860000 	C:\Windows\System32\ucrtbase.dll
0x00007ffa75ba0000 - 0x00007ffa75bba000 	C:\Program Files\Java\jdk-17.0.1\bin\VCRUNTIME140.dll
0x00007ffa75bc0000 - 0x00007ffa75bd8000 	C:\Program Files\Java\jdk-17.0.1\bin\jli.dll
0x00007ffa7e7c0000 - 0x00007ffa7e86e000 	C:\Windows\System32\ADVAPI32.dll
0x00007ffa7d990000 - 0x00007ffa7da2e000 	C:\Windows\System32\msvcrt.dll
0x00007ffa7da30000 - 0x00007ffa7dacc000 	C:\Windows\System32\sechost.dll
0x00007ffa7d860000 - 0x00007ffa7d985000 	C:\Windows\System32\RPCRT4.dll
0x00007ffa7e8d0000 - 0x00007ffa7ea70000 	C:\Windows\System32\USER32.dll
0x00007ffa66690000 - 0x00007ffa6692a000 	C:\Windows\WinSxS\amd64_microsoft.windows.common-controls_6595b64144ccf1df_6.0.19041.1110_none_60b5254171f9507e\COMCTL32.dll
0x00007ffa7d160000 - 0x00007ffa7d182000 	C:\Windows\System32\win32u.dll
0x00007ffa7ea70000 - 0x00007ffa7ea9a000 	C:\Windows\System32\GDI32.dll
0x00007ffa7cf20000 - 0x00007ffa7d02b000 	C:\Windows\System32\gdi32full.dll
0x00007ffa76cd0000 - 0x00007ffa76cda000 	C:\Windows\SYSTEM32\VERSION.dll
0x00007ffa7d0c0000 - 0x00007ffa7d15d000 	C:\Windows\System32\msvcp_win.dll
0x00007ffa7e540000 - 0x00007ffa7e570000 	C:\Windows\System32\IMM32.DLL
0x00007ffa78de0000 - 0x00007ffa78dec000 	C:\Program Files\Java\jdk-17.0.1\bin\vcruntime140_1.dll
0x00007ffa57400000 - 0x00007ffa5748d000 	C:\Program Files\Java\jdk-17.0.1\bin\msvcp140.dll
0x00007ffa103a0000 - 0x00007ffa10f5e000 	C:\Program Files\Java\jdk-17.0.1\bin\server\jvm.dll
0x00007ffa7e530000 - 0x00007ffa7e538000 	C:\Windows\System32\PSAPI.DLL
0x00007ffa77890000 - 0x00007ffa778b7000 	C:\Windows\SYSTEM32\WINMM.dll
0x00007ffa5c730000 - 0x00007ffa5c739000 	C:\Windows\SYSTEM32\WSOCK32.dll
0x00007ffa7ef20000 - 0x00007ffa7ef8b000 	C:\Windows\System32\WS2_32.dll
0x00007ffa7ae00000 - 0x00007ffa7ae12000 	C:\Windows\SYSTEM32\kernel.appcore.dll
0x00007ffa78110000 - 0x00007ffa7811a000 	C:\Program Files\Java\jdk-17.0.1\bin\jimage.dll
0x00007ffa74d00000 - 0x00007ffa74ee4000 	C:\Windows\SYSTEM32\DBGHELP.DLL
0x00007ffa5c620000 - 0x00007ffa5c64c000 	C:\Windows\SYSTEM32\dbgcore.DLL
0x00007ffa7d030000 - 0x00007ffa7d0b2000 	C:\Windows\System32\bcryptPrimitives.dll
0x00007ffa77c10000 - 0x00007ffa77c1e000 	C:\Program Files\Java\jdk-17.0.1\bin\instrument.dll
0x00007ffa70810000 - 0x00007ffa70835000 	C:\Program Files\Java\jdk-17.0.1\bin\java.dll
0x00007ffa44610000 - 0x00007ffa446e6000 	C:\Program Files\Java\jdk-17.0.1\bin\svml.dll
0x00007ffa7dd10000 - 0x00007ffa7e454000 	C:\Windows\System32\SHELL32.dll
0x00007ffa7b000000 - 0x00007ffa7b794000 	C:\Windows\SYSTEM32\windows.storage.dll
0x00007ffa7f2c0000 - 0x00007ffa7f614000 	C:\Windows\System32\combase.dll
0x00007ffa7c980000 - 0x00007ffa7c9ac000 	C:\Windows\SYSTEM32\Wldp.dll
0x00007ffa7dbe0000 - 0x00007ffa7dc8d000 	C:\Windows\System32\SHCORE.dll
0x00007ffa7dcb0000 - 0x00007ffa7dd05000 	C:\Windows\System32\shlwapi.dll
0x00007ffa7ce60000 - 0x00007ffa7ce7f000 	C:\Windows\SYSTEM32\profapi.dll
0x00007ffa75b80000 - 0x00007ffa75b99000 	C:\Program Files\Java\jdk-17.0.1\bin\net.dll
0x00007ffa74360000 - 0x00007ffa7446a000 	C:\Windows\SYSTEM32\WINHTTP.dll
0x00007ffa7c6a0000 - 0x00007ffa7c70a000 	C:\Windows\system32\mswsock.dll
0x00007ffa707f0000 - 0x00007ffa70805000 	C:\Program Files\Java\jdk-17.0.1\bin\nio.dll
0x00007ffa707d0000 - 0x00007ffa707e8000 	C:\Program Files\Java\jdk-17.0.1\bin\zip.dll
0x00007ffa6ff10000 - 0x00007ffa6ff2a000 	C:\Program Files\JetBrains\IntelliJ IDEA 2021.2.3\bin\breakgen64.dll
0x0000020d1e970000 - 0x0000020d1e973000 	C:\Users\nbalj\.openjfx\cache\17.0.0.1\api-ms-win-core-console-l1-1-0.dll
0x0000020d1e980000 - 0x0000020d1e983000 	C:\Users\nbalj\.openjfx\cache\17.0.0.1\api-ms-win-core-console-l1-2-0.dll
0x0000020d1e990000 - 0x0000020d1e993000 	C:\Users\nbalj\.openjfx\cache\17.0.0.1\api-ms-win-core-datetime-l1-1-0.dll
0x0000020d1e9a0000 - 0x0000020d1e9a3000 	C:\Users\nbalj\.openjfx\cache\17.0.0.1\api-ms-win-core-debug-l1-1-0.dll
0x0000020d1e9b0000 - 0x0000020d1e9b3000 	C:\Users\nbalj\.openjfx\cache\17.0.0.1\api-ms-win-core-errorhandling-l1-1-0.dll
0x0000020d1e9c0000 - 0x0000020d1e9c4000 	C:\Users\nbalj\.openjfx\cache\17.0.0.1\api-ms-win-core-file-l1-1-0.dll
0x0000020d1e9d0000 - 0x0000020d1e9d3000 	C:\Users\nbalj\.openjfx\cache\17.0.0.1\api-ms-win-core-file-l1-2-0.dll
0x0000020d1e9e0000 - 0x0000020d1e9e3000 	C:\Users\nbalj\.openjfx\cache\17.0.0.1\api-ms-win-core-file-l2-1-0.dll
0x0000020d1e9f0000 - 0x0000020d1e9f3000 	C:\Users\nbalj\.openjfx\cache\17.0.0.1\api-ms-win-core-handle-l1-1-0.dll
0x0000020d1ea00000 - 0x0000020d1ea03000 	C:\Users\nbalj\.openjfx\cache\17.0.0.1\api-ms-win-core-heap-l1-1-0.dll
0x0000020d1ea10000 - 0x0000020d1ea13000 	C:\Users\nbalj\.openjfx\cache\17.0.0.1\api-ms-win-core-interlocked-l1-1-0.dll
0x0000020d1ea20000 - 0x0000020d1ea23000 	C:\Users\nbalj\.openjfx\cache\17.0.0.1\api-ms-win-core-libraryloader-l1-1-0.dll
0x0000020d1ea30000 - 0x0000020d1ea33000 	C:\Users\nbalj\.openjfx\cache\17.0.0.1\api-ms-win-core-localization-l1-2-0.dll
0x0000020d1ea40000 - 0x0000020d1ea43000 	C:\Users\nbalj\.openjfx\cache\17.0.0.1\api-ms-win-core-memory-l1-1-0.dll
0x0000020d1ea50000 - 0x0000020d1ea53000 	C:\Users\nbalj\.openjfx\cache\17.0.0.1\api-ms-win-core-namedpipe-l1-1-0.dll
0x0000020d1ea60000 - 0x0000020d1ea63000 	C:\Users\nbalj\.openjfx\cache\17.0.0.1\api-ms-win-core-processenvironment-l1-1-0.dll
0x0000020d1ea70000 - 0x0000020d1ea73000 	C:\Users\nbalj\.openjfx\cache\17.0.0.1\api-ms-win-core-processthreads-l1-1-0.dll
0x0000020d1ea80000 - 0x0000020d1ea83000 	C:\Users\nbalj\.openjfx\cache\17.0.0.1\api-ms-win-core-processthreads-l1-1-1.dll
0x0000020d1ea90000 - 0x0000020d1ea93000 	C:\Users\nbalj\.openjfx\cache\17.0.0.1\api-ms-win-core-profile-l1-1-0.dll
0x0000020d1eaa0000 - 0x0000020d1eaa3000 	C:\Users\nbalj\.openjfx\cache\17.0.0.1\api-ms-win-core-rtlsupport-l1-1-0.dll
0x0000020d1eab0000 - 0x0000020d1eab3000 	C:\Users\nbalj\.openjfx\cache\17.0.0.1\api-ms-win-core-string-l1-1-0.dll
0x0000020d1eac0000 - 0x0000020d1eac3000 	C:\Users\nbalj\.openjfx\cache\17.0.0.1\api-ms-win-core-synch-l1-1-0.dll
0x0000020d1ead0000 - 0x0000020d1ead3000 	C:\Users\nbalj\.openjfx\cache\17.0.0.1\api-ms-win-core-synch-l1-2-0.dll
0x0000020d1eae0000 - 0x0000020d1eae3000 	C:\Users\nbalj\.openjfx\cache\17.0.0.1\api-ms-win-core-sysinfo-l1-1-0.dll
0x0000020d1eaf0000 - 0x0000020d1eaf3000 	C:\Users\nbalj\.openjfx\cache\17.0.0.1\api-ms-win-core-timezone-l1-1-0.dll
0x0000020d1eb00000 - 0x0000020d1eb03000 	C:\Users\nbalj\.openjfx\cache\17.0.0.1\api-ms-win-core-util-l1-1-0.dll
0x0000020d1eb10000 - 0x0000020d1eb13000 	C:\Users\nbalj\.openjfx\cache\17.0.0.1\api-ms-win-crt-conio-l1-1-0.dll
0x0000020d1eb20000 - 0x0000020d1eb24000 	C:\Users\nbalj\.openjfx\cache\17.0.0.1\api-ms-win-crt-convert-l1-1-0.dll
0x0000020d1eb30000 - 0x0000020d1eb33000 	C:\Users\nbalj\.openjfx\cache\17.0.0.1\api-ms-win-crt-environment-l1-1-0.dll
0x0000020d1eb40000 - 0x0000020d1eb43000 	C:\Users\nbalj\.openjfx\cache\17.0.0.1\api-ms-win-crt-filesystem-l1-1-0.dll
0x0000020d1eb50000 - 0x0000020d1eb53000 	C:\Users\nbalj\.openjfx\cache\17.0.0.1\api-ms-win-crt-heap-l1-1-0.dll
0x0000020d1eb60000 - 0x0000020d1eb63000 	C:\Users\nbalj\.openjfx\cache\17.0.0.1\api-ms-win-crt-locale-l1-1-0.dll
0x0000020d1eb70000 - 0x0000020d1eb75000 	C:\Users\nbalj\.openjfx\cache\17.0.0.1\api-ms-win-crt-math-l1-1-0.dll
0x0000020d1eb80000 - 0x0000020d1eb85000 	C:\Users\nbalj\.openjfx\cache\17.0.0.1\api-ms-win-crt-multibyte-l1-1-0.dll
0x0000020d1eb90000 - 0x0000020d1eba0000 	C:\Users\nbalj\.openjfx\cache\17.0.0.1\api-ms-win-crt-private-l1-1-0.dll
0x0000020d1eba0000 - 0x0000020d1eba3000 	C:\Users\nbalj\.openjfx\cache\17.0.0.1\api-ms-win-crt-process-l1-1-0.dll
0x0000020d1ebb0000 - 0x0000020d1ebb4000 	C:\Users\nbalj\.openjfx\cache\17.0.0.1\api-ms-win-crt-runtime-l1-1-0.dll
0x0000020d1ebc0000 - 0x0000020d1ebc4000 	C:\Users\nbalj\.openjfx\cache\17.0.0.1\api-ms-win-crt-stdio-l1-1-0.dll
0x0000020d1ebd0000 - 0x0000020d1ebd4000 	C:\Users\nbalj\.openjfx\cache\17.0.0.1\api-ms-win-crt-string-l1-1-0.dll
0x0000020d1ebe0000 - 0x0000020d1ebe3000 	C:\Users\nbalj\.openjfx\cache\17.0.0.1\api-ms-win-crt-time-l1-1-0.dll
0x0000020d1ebf0000 - 0x0000020d1ebf3000 	C:\Users\nbalj\.openjfx\cache\17.0.0.1\api-ms-win-crt-utility-l1-1-0.dll
0x00007ffa10060000 - 0x00007ffa1015c000 	C:\Users\nbalj\.openjfx\cache\17.0.0.1\ucrtbase.dll
0x00007ffa67ab0000 - 0x00007ffa67aca000 	C:\Users\nbalj\.openjfx\cache\17.0.0.1\vcruntime140.dll
0x00007ffa67aa0000 - 0x00007ffa67aac000 	C:\Users\nbalj\.openjfx\cache\17.0.0.1\vcruntime140_1.dll
0x00007ffa0ffd0000 - 0x00007ffa1005d000 	C:\Users\nbalj\.openjfx\cache\17.0.0.1\msvcp140.dll
0x00007ffa50b00000 - 0x00007ffa50b2a000 	C:\Users\nbalj\.openjfx\cache\17.0.0.1\prism_d3d.dll
0x00007ffa6fb80000 - 0x00007ffa6fd4f000 	C:\Windows\system32\d3d9.dll
0x00007ffa7ab10000 - 0x00007ffa7ab3f000 	C:\Windows\SYSTEM32\dwmapi.dll
0x00007ffa7a830000 - 0x00007ffa7a8ce000 	C:\Windows\system32\uxtheme.dll
0x00007ffa7cb10000 - 0x00007ffa7cb22000 	C:\Windows\SYSTEM32\msasn1.dll
0x00007ffa76820000 - 0x00007ffa76851000 	C:\Windows\SYSTEM32\cryptnet.dll
0x00007ffa7d490000 - 0x00007ffa7d5e6000 	C:\Windows\System32\CRYPT32.dll
0x00007ffa731d0000 - 0x00007ffa73318000 	C:\Windows\SYSTEM32\drvstore.dll
0x00007ffa7ccd0000 - 0x00007ffa7ccfc000 	C:\Windows\SYSTEM32\devobj.dll
0x00007ffa7d5f0000 - 0x00007ffa7d63e000 	C:\Windows\System32\cfgmgr32.dll
0x00007ffa7c8d0000 - 0x00007ffa7c8dc000 	C:\Windows\SYSTEM32\cryptbase.dll
0x00007ffa7d640000 - 0x00007ffa7d6a8000 	C:\Windows\System32\WINTRUST.DLL
0x00007ffa7dc90000 - 0x00007ffa7dcad000 	C:\Windows\System32\imagehlp.dll
0x00007ffa7c8b0000 - 0x00007ffa7c8c8000 	C:\Windows\SYSTEM32\CRYPTSP.dll
0x00007ffa7bfb0000 - 0x00007ffa7bfe4000 	C:\Windows\system32\rsaenh.dll
0x00007ffa7d190000 - 0x00007ffa7d1b7000 	C:\Windows\System32\bcrypt.dll
0x00007ffa42da0000 - 0x00007ffa42de2000 	C:\Users\nbalj\.openjfx\cache\17.0.0.1\glass.dll
0x00007ffa7f1e0000 - 0x00007ffa7f2bb000 	C:\Windows\System32\COMDLG32.dll
0x00007ffa7ef90000 - 0x00007ffa7f0ba000 	C:\Windows\System32\ole32.dll
0x00007ffa7e460000 - 0x00007ffa7e52d000 	C:\Windows\System32\OLEAUT32.dll
0x00007ffa7e6a0000 - 0x00007ffa7e7b5000 	C:\Windows\System32\MSCTF.dll
0x00007ffa31d10000 - 0x00007ffa31fd7000 	C:\Windows\system32\nvspcap64.dll
0x00007ffa7bbe0000 - 0x00007ffa7bc13000 	C:\Windows\SYSTEM32\ntmarta.dll
0x00007ffa7b7b0000 - 0x00007ffa7b7d3000 	C:\Windows\SYSTEM32\gpapi.dll
0x00007ffa73190000 - 0x00007ffa731cb000 	C:\Windows\SYSTEM32\dxcore.dll
0x00007ffa44830000 - 0x00007ffa44864000 	C:\Users\nbalj\AppData\Local\Temp\jSerialComm\1653128406267-jSerialComm.dll
0x00007ffa7eaa0000 - 0x00007ffa7ef11000 	C:\Windows\System32\SETUPAPI.dll
0x00007ffa49ad0000 - 0x00007ffa49afd000 	C:\Users\nbalj\.openjfx\cache\17.0.0.1\javafx_iio.dll
0x00007ffa5fd20000 - 0x00007ffa5fd34000 	C:\Users\nbalj\.openjfx\cache\17.0.0.1\javafx_font.dll
0x00007ffa4c490000 - 0x00007ffa4c70f000 	C:\Windows\SYSTEM32\dwrite.dll
0x00007ffa7e570000 - 0x00007ffa7e619000 	C:\Windows\System32\clbcatq.dll
0x00007ffa765d0000 - 0x00007ffa76784000 	C:\Windows\SYSTEM32\WindowsCodecs.dll
0x00007ffa656e0000 - 0x00007ffa6571e000 	C:\Windows\system32\dataexchange.dll
0x00007ffa78e50000 - 0x00007ffa790b4000 	C:\Windows\system32\d3d11.dll
0x00007ffa79c40000 - 0x00007ffa79e25000 	C:\Windows\system32\dcomp.dll
0x00007ffa7b900000 - 0x00007ffa7b9f3000 	C:\Windows\system32\dxgi.dll

dbghelp: loaded successfully - version: 4.0.5 - missing functions: none
symbol engine: initialized successfully - sym options: 0x614 - pdb path: .;C:\Program Files\Java\jdk-17.0.1\bin;C:\Windows\SYSTEM32;C:\Windows\WinSxS\amd64_microsoft.windows.common-controls_6595b64144ccf1df_6.0.19041.1110_none_60b5254171f9507e;C:\Program Files\Java\jdk-17.0.1\bin\server;C:\Program Files\JetBrains\IntelliJ IDEA 2021.2.3\bin;C:\Users\nbalj\.openjfx\cache\17.0.0.1;C:\Windows\System32\DriverStore\FileRepository\nv_dispi.inf_amd64_c0e159863e7afdde;C:\Users\nbalj\AppData\Local\Temp\jSerialComm;C:\Program Files\Common Files\Microsoft Shared\Ink

VM Arguments:
jvm_args: -javaagent:C:\Program Files\JetBrains\IntelliJ IDEA 2021.2.3\lib\idea_rt.jar=64208:C:\Program Files\JetBrains\IntelliJ IDEA 2021.2.3\bin -Dfile.encoding=UTF-8 --module-path=C:\Users\nbalj\.m2\repository\com\fazecast\jSerialComm\2.9.1\jSerialComm-2.9.1.jar;C:\Users\nbalj\.m2\repository\org\openjfx\javafx-controls\17.0.0.1\javafx-controls-17.0.0.1-win.jar;C:\Users\nbalj\Documents\GitHub\project3-4\CodePC\ProjectGUI\target\classes;C:\Users\nbalj\.m2\repository\org\kordamp\ikonli\ikonli-javafx\12.2.0\ikonli-javafx-12.2.0.jar;C:\Users\nbalj\.m2\repository\org\openjfx\javafx-graphics\17.0.0.1\javafx-graphics-17.0.0.1-win.jar;C:\Users\nbalj\.m2\repository\org\openjfx\javafx-web\17.0.0.1\javafx-web-17.0.0.1-win.jar;C:\Users\nbalj\.m2\repository\org\openjfx\javafx-fxml\17.0.0.1\javafx-fxml-17.0.0.1-win.jar;C:\Users\nbalj\.m2\repository\org\controlsfx\controlsfx\11.1.0\controlsfx-11.1.0.jar;C:\Users\nbalj\.m2\repository\com\dlsc\formsfx\formsfx-core\11.3.2\formsfx-core-11.3.2.jar;C:\Users\nbalj\.m2\repository\org\openjfx\javafx-base\17.0.0.1\javafx-base-17.0.0.1-win.jar;C:\Users\nbalj\.m2\repository\eu\hansolo\tilesfx\11.48\tilesfx-11.48.jar;C:\Users\nbalj\.m2\repository\org\kordamp\ikonli\ikonli-core\12.2.0\ikonli-core-12.2.0.jar;C:\Users\nbalj\.m2\repository\org\kordamp\bootstrapfx\bootstrapfx-core\0.4.0\bootstrapfx-core-0.4.0.jar;C:\Users\nbalj\.m2\repository\org\openjfx\javafx-media\17.0.0.1\javafx-media-17.0.0.1-win.jar;C:\Users\nbalj\.m2\repository\net\synedra\validatorfx\0.1.13\validatorfx-0.1.13.jar -Djdk.module.main=com.example.projectgui 
java_command: com.example.projectgui/com.example.projectgui.HelloApplication
java_class_path (initial): C:\Users\nbalj\.m2\repository\org\openjfx\javafx-controls\17.0.0.1\javafx-controls-17.0.0.1.jar;C:\Users\nbalj\.m2\repository\org\openjfx\javafx-graphics\17.0.0.1\javafx-graphics-17.0.0.1.jar;C:\Users\nbalj\.m2\repository\org\openjfx\javafx-base\17.0.0.1\javafx-base-17.0.0.1.jar;C:\Users\nbalj\.m2\repository\org\openjfx\javafx-fxml\17.0.0.1\javafx-fxml-17.0.0.1.jar;C:\Users\nbalj\.m2\repository\org\openjfx\javafx-web\17.0.0.1\javafx-web-17.0.0.1.jar;C:\Users\nbalj\.m2\repository\org\openjfx\javafx-media\17.0.0.1\javafx-media-17.0.0.1.jar;C:\Users\nbalj\.m2\repository\mysql\mysql-connector-java\8.0.28\mysql-connector-java-8.0.28.jar;C:\Users\nbalj\.m2\repository\com\google\protobuf\protobuf-java\3.11.4\protobuf-java-3.11.4.jar
Launcher Type: SUN_STANDARD

[Global flags]
     intx CICompilerCount                          = 4                                         {product} {ergonomic}
     uint ConcGCThreads                            = 3                                         {product} {ergonomic}
     uint G1ConcRefinementThreads                  = 10                                        {product} {ergonomic}
   size_t G1HeapRegionSize                         = 2097152                                   {product} {ergonomic}
    uintx GCDrainStackTargetSize                   = 64                                        {product} {ergonomic}
   size_t InitialHeapSize                          = 268435456                                 {product} {ergonomic}
   size_t MarkStackSize                            = 4194304                                   {product} {ergonomic}
   size_t MaxHeapSize                              = 4265607168                                {product} {ergonomic}
   size_t MaxNewSize                               = 2558525440                                {product} {ergonomic}
   size_t MinHeapDeltaBytes                        = 2097152                                   {product} {ergonomic}
   size_t MinHeapSize                              = 8388608                                   {product} {ergonomic}
    uintx NonNMethodCodeHeapSize                   = 5839372                                {pd product} {ergonomic}
    uintx NonProfiledCodeHeapSize                  = 122909434                              {pd product} {ergonomic}
    uintx ProfiledCodeHeapSize                     = 122909434                              {pd product} {ergonomic}
    uintx ReservedCodeCacheSize                    = 251658240                              {pd product} {ergonomic}
     bool SegmentedCodeCache                       = true                                      {product} {ergonomic}
   size_t SoftMaxHeapSize                          = 4265607168                             {manageable} {ergonomic}
     bool UseCompressedClassPointers               = true                           {product lp64_product} {ergonomic}
     bool UseCompressedOops                        = true                           {product lp64_product} {ergonomic}
     bool UseG1GC                                  = true                                      {product} {ergonomic}
     bool UseLargePagesIndividualAllocation        = false                                  {pd product} {ergonomic}

Logging:
Log output configuration:
 #0: stdout all=warning uptime,level,tags
 #1: stderr all=off uptime,level,tags

Environment Variables:
JAVA_HOME=C:\Program Files\Java\jdk-17.0.1
PATH=C:\Program Files\Common Files\Oracle\Java\javapath;C:\Program Files (x86)\Common Files\Oracle\Java\javapath;C:\Program Files (x86)\Common Files\Intel\Shared Libraries\redist\intel64_win\compiler;C:\Windows\system32;C:\Windows;C:\Windows\System32\Wbem;C:\Windows\System32\WindowsPowerShell\v1.0\;C:\Windows\System32\OpenSSH\;C:\Program Files\NVIDIA Corporation\NVIDIA NvDLISR;C:\Program Files (x86)\NVIDIA Corporation\PhysX\Common;C:\Program Files\PowerShell\7\;C:\Program Files (x86)\mingw-w64\i686-8.1.0-posix-dwarf-rt_v6-rev0\mingw32\bin;C:\Program Files\Java\jdk-17.0.1;C:\Program Files\dotnet\;C:\Program Files\Git\cmd;C:\Program Files\PuTTY\;C:\Program Files\OpenSSL-Win64\bin;C:\Program Files\Java\jdk-18;C:\Users\nbalj\AppData\Local\Microsoft\WindowsApps;C:\Users\nbalj\AppData\Local\Programs\Microsoft VS Code\bin;C:\Program Files\Inkscape\bin;C:\Program Files\JetBrains\IntelliJ IDEA 2021.2.3\bin;;C:\Users\nbalj\.dotnet\tools;C:\Users\nbalj\AppData\Local\GitHubDesktop\bin
USERNAME=nbalj
OS=Windows_NT
PROCESSOR_IDENTIFIER=AMD64 Family 23 Model 113 Stepping 0, AuthenticAMD



---------------  S Y S T E M  ---------------

OS:
 Windows 10 , 64 bit Build 19041 (10.0.19041.1706)
OS uptime: 7 days 0:57 hours
Hyper-V role detected

CPU: total 12 (initial active 12) (12 cores per cpu, 2 threads per core) family 23 model 113 stepping 0 microcode 0x0, cx8, cmov, fxsr, ht, mmx, 3dnowpref, sse, sse2, sse3, ssse3, sse4a, sse4.1, sse4.2, popcnt, lzcnt, tsc, tscinvbit, avx, avx2, aes, clmul, bmi1, bmi2, adx, sha, fma, vzeroupper, clflush, clflushopt, hv

Memory: 4k page, system-wide physical 16265M (6278M free)
TotalPageFile size 22153M (AvailPageFile size 6413M)
current process WorkingSet (physical memory assigned to process): 329M, peak: 410M
current process commit charge ("private bytes"): 609M, peak: 715M

vm_info: Java HotSpot(TM) 64-Bit Server VM (17.0.1+12-LTS-39) for windows-amd64 JRE (17.0.1+12-LTS-39), built on Sep 27 2021 18:41:35 by "mach5one" with MS VC++ 16.8 (VS2019)

END.
