#
# A fatal error has been detected by the Java Runtime Environment:
#
#  EXCEPTION_ACCESS_VIOLATION (0xc0000005) at pc=0x00007ffa7f873416, pid=26204, tid=16764
#
# JRE version: Java(TM) SE Runtime Environment (17.0.1+12) (build 17.0.1+12-LTS-39)
# Java VM: Java HotSpot(TM) 64-Bit Server VM (17.0.1+12-LTS-39, mixed mode, sharing, tiered, compressed oops, compressed class ptrs, g1 gc, windows-amd64)
# Problematic frame:
# C  [ntdll.dll+0x63416]
#
# No core dump will be written. Minidumps are not enabled by default on client versions of Windows
#
# If you would like to submit a bug report, please visit:
#   https://bugreport.java.com/bugreport/crash.jsp
# The crash happened outside the Java Virtual Machine in native code.
# See problematic frame for where to report the bug.
#

---------------  S U M M A R Y ------------

Command Line: -javaagent:C:\Program Files\JetBrains\IntelliJ IDEA 2021.2.3\lib\idea_rt.jar=64167:C:\Program Files\JetBrains\IntelliJ IDEA 2021.2.3\bin -Dfile.encoding=UTF-8 --module-path=C:\Users\nbalj\.m2\repository\com\fazecast\jSerialComm\2.9.1\jSerialComm-2.9.1.jar;C:\Users\nbalj\.m2\repository\org\openjfx\javafx-controls\17.0.0.1\javafx-controls-17.0.0.1-win.jar;C:\Users\nbalj\Documents\GitHub\project3-4\CodePC\ProjectGUI\target\classes;C:\Users\nbalj\.m2\repository\org\kordamp\ikonli\ikonli-javafx\12.2.0\ikonli-javafx-12.2.0.jar;C:\Users\nbalj\.m2\repository\org\openjfx\javafx-graphics\17.0.0.1\javafx-graphics-17.0.0.1-win.jar;C:\Users\nbalj\.m2\repository\org\openjfx\javafx-web\17.0.0.1\javafx-web-17.0.0.1-win.jar;C:\Users\nbalj\.m2\repository\org\openjfx\javafx-fxml\17.0.0.1\javafx-fxml-17.0.0.1-win.jar;C:\Users\nbalj\.m2\repository\org\controlsfx\controlsfx\11.1.0\controlsfx-11.1.0.jar;C:\Users\nbalj\.m2\repository\com\dlsc\formsfx\formsfx-core\11.3.2\formsfx-core-11.3.2.jar;C:\Users\nbalj\.m2\repository\org\openjfx\javafx-base\17.0.0.1\javafx-base-17.0.0.1-win.jar;C:\Users\nbalj\.m2\repository\eu\hansolo\tilesfx\11.48\tilesfx-11.48.jar;C:\Users\nbalj\.m2\repository\org\kordamp\ikonli\ikonli-core\12.2.0\ikonli-core-12.2.0.jar;C:\Users\nbalj\.m2\repository\org\kordamp\bootstrapfx\bootstrapfx-core\0.4.0\bootstrapfx-core-0.4.0.jar;C:\Users\nbalj\.m2\repository\org\openjfx\javafx-media\17.0.0.1\javafx-media-17.0.0.1-win.jar;C:\Users\nbalj\.m2\repository\net\synedra\validatorfx\0.1.13\validatorfx-0.1.13.jar -Djdk.module.main=com.example.projectgui com.example.projectgui/com.example.projectgui.HelloApplication

Host: AMD Ryzen 5 3600 6-Core Processor              , 12 cores, 15G,  Windows 10 , 64 bit Build 19041 (10.0.19041.1706)
Time: Sat May 21 12:14:51 2022 W. Europe Summer Time elapsed time: 88.277363 seconds (0d 0h 1m 28s)

---------------  T H R E A D  ---------------

Current thread (0x000002e912eedf30):  JavaThread "Thread-5" [_thread_in_native, id=16764, stack(0x000000ffe4400000,0x000000ffe4500000)]

Stack: [0x000000ffe4400000,0x000000ffe4500000],  sp=0x000000ffe44fee50,  free space=1019k
Native frames: (J=compiled Java code, j=interpreted, Vv=VM code, C=native code)
C  [ntdll.dll+0x63416]
C  [ntdll.dll+0x2fcb4]
C  [ntdll.dll+0x2fae2]
C  [1653128004131-jSerialComm.dll+0x3cb2]

Java frames: (J=compiled Java code, j=interpreted, Vv=VM code)
j  com.fazecast.jSerialComm.SerialPort.closePortNative(J)J+0 com.fazecast.jSerialComm
j  com.fazecast.jSerialComm.SerialPort.closePort()Z+29 com.fazecast.jSerialComm
j  com.example.projectgui.ArduinoControls.lambda$setupCommunication$0()V+3 com.example.projectgui
j  com.example.projectgui.ArduinoControls$$Lambda$148+0x0000000800cbac98.run()V+0 com.example.projectgui
j  java.lang.Thread.run()V+11 java.base@17.0.1
v  ~StubRoutines::call_stub

siginfo: EXCEPTION_ACCESS_VIOLATION (0xc0000005), writing address 0x0000000000000024


Register to memory mapping:

RIP=0x00007ffa7f873416 ntdll.dll
RAX=0x0 is NULL
RBX=0x00007ffa5708fd00 1653128004131-jSerialComm.dll
RCX=0x00007ffa5708fd00 1653128004131-jSerialComm.dll
RDX=0x00000000fffffffa is an unknown value
RSP=0x000000ffe44fee50 is pointing into the stack for thread: 0x000002e912eedf30
RBP=0x000000ffe44ff000 is pointing into the stack for thread: 0x000002e912eedf30
RSI=0x0 is NULL
RDI=0x0 is NULL
R8 =0x0 is NULL
R9 =0x00007ffa5708fd00 1653128004131-jSerialComm.dll
R10=0x0 is NULL
R11=0x0000000000000246 is an unknown value
R12=0x0 is NULL
R13=0x000000ffe409c000 points into unknown readable memory: 0x0000000000000000 | 00 00 00 00 00 00 00 00
R14=0x0000000000000001 is an unknown value
R15=0x0 is NULL


Registers:
RAX=0x0000000000000000, RBX=0x00007ffa5708fd00, RCX=0x00007ffa5708fd00, RDX=0x00000000fffffffa
RSP=0x000000ffe44fee50, RBP=0x000000ffe44ff000, RSI=0x0000000000000000, RDI=0x0000000000000000
R8 =0x0000000000000000, R9 =0x00007ffa5708fd00, R10=0x0000000000000000, R11=0x0000000000000246
R12=0x0000000000000000, R13=0x000000ffe409c000, R14=0x0000000000000001, R15=0x0000000000000000
RIP=0x00007ffa7f873416, EFLAGS=0x0000000000010213

Top of Stack: (sp=0x000000ffe44fee50)
0x000000ffe44fee50:   ffffffffffffffff 00007ffa5708fd00
0x000000ffe44fee60:   0000000000000000 0000000000000000
0x000000ffe44fee70:   0000000000000000 0000000000000000
0x000000ffe44fee80:   0000000000000000 0000000000000000
0x000000ffe44fee90:   0000000000000000 00000000fffffffa
0x000000ffe44feea0:   000000ffe409c000 0000000000000000
0x000000ffe44feeb0:   0000000000000000 0000000000000000
0x000000ffe44feec0:   0000000000000000 0000000000000000
0x000000ffe44feed0:   0000000000000000 0000000000000000
0x000000ffe44feee0:   00000c7c850690c4 0000000000000000
0x000000ffe44feef0:   000002e912eedf00 0000000000000001
0x000000ffe44fef00:   0000000000000001 0000000000000001
0x000000ffe44fef10:   0000000000000000 00007ffa5708fd00
0x000000ffe44fef20:   000000ffe44ff000 00007ffa7f83fcb4
0x000000ffe44fef30:   0000000000000000 0000000000000000
0x000000ffe44fef40:   00000000fffffffa 0000000000000000 

Instructions: (pc=0x00007ffa7f873416)
0x00007ffa7f873316:   20 e9 ed fe ff ff 48 89 41 18 e9 e4 fe ff ff cc
0x00007ffa7f873326:   cc cc cc cc cc cc cc cc cc cc 80 3d d1 71 10 00
0x00007ffa7f873336:   00 0f 95 c0 c3 cc cc cc cc cc cc cc cc cc cc cc
0x00007ffa7f873346:   cc cc cc cc cc cc cc cc cc cc 48 83 ec 38 8b 05
0x00007ffa7f873356:   d2 57 10 00 89 44 24 20 e8 41 02 00 00 48 83 c4
0x00007ffa7f873366:   38 c3 cc cc cc cc cc cc cc cc 48 89 5c 24 18 55
0x00007ffa7f873376:   56 57 41 54 41 55 41 56 41 57 48 81 ec a0 00 00
0x00007ffa7f873386:   00 48 8b 05 82 f1 11 00 48 33 c4 48 89 84 24 90
0x00007ffa7f873396:   00 00 00 65 4c 8b 2c 25 30 00 00 00 48 8d 05 4f
0x00007ffa7f8733a6:   11 10 00 40 32 ed 89 54 24 48 33 f6 40 88 6c 24
0x00007ffa7f8733b6:   40 4c 89 6c 24 50 48 8b d9 44 8b e6 48 3b c8 0f
0x00007ffa7f8733c6:   84 39 01 00 00 40 38 35 36 71 10 00 0f 85 a8 01
0x00007ffa7f8733d6:   00 00 39 35 4a 71 10 00 0f 85 6a 01 00 00 40 38
0x00007ffa7f8733e6:   35 0d 6c 10 00 48 8d 3d 0e 6c 10 00 48 0f 45 fe
0x00007ffa7f8733f6:   48 39 73 18 0f 84 d2 00 00 00 48 8b 03 48 83 f8
0x00007ffa7f873406:   ff 0f 84 d2 00 00 00 44 8b fe 48 83 f8 ff 74 03
0x00007ffa7f873416:   ff 40 24 4c 8b 73 18 4c 8d 2d d4 10 10 00 bd 22
0x00007ffa7f873426:   17 00 00 e8 22 14 fc ff 85 c0 0f 85 be b2 05 00
0x00007ffa7f873436:   b9 82 03 fe 7f 80 39 00 0f 85 cc b2 05 00 49 83
0x00007ffa7f873446:   fe ff 0f 85 5a b3 05 00 4c 8b cf c7 44 24 20 00
0x00007ffa7f873456:   00 00 00 41 b8 04 00 00 00 48 8d 54 24 48 48 8d
0x00007ffa7f873466:   4b 08 e8 37 01 00 00 3d 02 01 00 00 0f 84 43 b3
0x00007ffa7f873476:   05 00 8b 4b 08 89 4c 24 48 f6 c1 02 75 ca 3d 02
0x00007ffa7f873486:   01 00 00 0f 84 2c b3 05 00 0f b6 6c 24 40 4c 8b
0x00007ffa7f873496:   6c 24 50 85 c0 0f 88 78 b4 05 00 40 84 ed 75 73
0x00007ffa7f8734a6:   48 8b 8c 24 90 00 00 00 48 33 cc e8 7a 8d 02 00
0x00007ffa7f8734b6:   48 8b 9c 24 f0 00 00 00 48 81 c4 a0 00 00 00 41
0x00007ffa7f8734c6:   5f 41 5e 41 5d 41 5c 5f 5e 5d c3 cc 48 8b cb e8
0x00007ffa7f8734d6:   56 05 00 00 e9 21 ff ff ff 8b 4b 20 48 c7 c0 ff
0x00007ffa7f8734e6:   ff ff ff 48 0f ba e1 18 0f 82 19 ff ff ff 48 8b
0x00007ffa7f8734f6:   cb e8 44 e3 fa ff 48 8b 03 e9 09 ff ff ff c6 44
0x00007ffa7f873506:   24 40 01 41 c7 85 60 17 00 00 01 00 00 00 e9 b2 


Stack slot to memory mapping:
stack at sp + 0 slots: 0xffffffffffffffff is an unknown value
stack at sp + 1 slots: 0x00007ffa5708fd00 1653128004131-jSerialComm.dll
stack at sp + 2 slots: 0x0 is NULL
stack at sp + 3 slots: 0x0 is NULL
stack at sp + 4 slots: 0x0 is NULL
stack at sp + 5 slots: 0x0 is NULL
stack at sp + 6 slots: 0x0 is NULL
stack at sp + 7 slots: 0x0 is NULL


---------------  P R O C E S S  ---------------

Threads class SMR info:
_java_thread_list=0x000002e912b874c0, length=24, elements={
0x000002e96de13e10, 0x000002e97ff204d0, 0x000002e97ff21340, 0x000002e97ff309a0,
0x000002e97ff35380, 0x000002e97ff35d30, 0x000002e97ff366e0, 0x000002e97ff37470,
0x000002e97ff37f10, 0x000002e911910ed0, 0x000002e9119eca90, 0x000002e91231c630,
0x000002e9122dfcd0, 0x000002e9126c3570, 0x000002e9126cc1f0, 0x000002e912a85ba0,
0x000002e912ae2b50, 0x000002e911a58240, 0x000002e912eec720, 0x000002e912eeda60,
0x000002e912eeb8b0, 0x000002e912eec250, 0x000002e912eeaa40, 0x000002e912eedf30
}

Java Threads: ( => current thread )
  0x000002e96de13e10 JavaThread "main" [_thread_blocked, id=21672, stack(0x000000ffe4600000,0x000000ffe4700000)]
  0x000002e97ff204d0 JavaThread "Reference Handler" daemon [_thread_blocked, id=22576, stack(0x000000ffe4d00000,0x000000ffe4e00000)]
  0x000002e97ff21340 JavaThread "Finalizer" daemon [_thread_blocked, id=27796, stack(0x000000ffe4e00000,0x000000ffe4f00000)]
  0x000002e97ff309a0 JavaThread "Signal Dispatcher" daemon [_thread_blocked, id=19796, stack(0x000000ffe4f00000,0x000000ffe5000000)]
  0x000002e97ff35380 JavaThread "Attach Listener" daemon [_thread_blocked, id=30016, stack(0x000000ffe5000000,0x000000ffe5100000)]
  0x000002e97ff35d30 JavaThread "Service Thread" daemon [_thread_blocked, id=9616, stack(0x000000ffe5100000,0x000000ffe5200000)]
  0x000002e97ff366e0 JavaThread "Monitor Deflation Thread" daemon [_thread_blocked, id=6796, stack(0x000000ffe5200000,0x000000ffe5300000)]
  0x000002e97ff37470 JavaThread "C2 CompilerThread0" daemon [_thread_blocked, id=4740, stack(0x000000ffe5300000,0x000000ffe5400000)]
  0x000002e97ff37f10 JavaThread "C1 CompilerThread0" daemon [_thread_blocked, id=4124, stack(0x000000ffe5400000,0x000000ffe5500000)]
  0x000002e911910ed0 JavaThread "Sweeper thread" daemon [_thread_blocked, id=12628, stack(0x000000ffe5500000,0x000000ffe5600000)]
  0x000002e9119eca90 JavaThread "Common-Cleaner" daemon [_thread_blocked, id=26936, stack(0x000000ffe5600000,0x000000ffe5700000)]
  0x000002e91231c630 JavaThread "Monitor Ctrl-Break" daemon [_thread_in_native, id=24648, stack(0x000000ffe5900000,0x000000ffe5a00000)]
  0x000002e9122dfcd0 JavaThread "Notification Thread" daemon [_thread_blocked, id=17296, stack(0x000000ffe5a00000,0x000000ffe5b00000)]
  0x000002e9126c3570 JavaThread "InvokeLaterDispatcher" daemon [_thread_blocked, id=29988, stack(0x000000ffe5e00000,0x000000ffe5f00000)]
  0x000002e9126cc1f0 JavaThread "JavaFX Application Thread" [_thread_in_native, id=19352, stack(0x000000ffe5f00000,0x000000ffe6000000)]
  0x000002e912a85ba0 JavaThread "JavaFX-Launcher" [_thread_blocked, id=992, stack(0x000000ffe6240000,0x000000ffe6340000)]
  0x000002e912ae2b50 JavaThread "Thread-2" daemon [_thread_in_native, id=28872, stack(0x000000ffe6140000,0x000000ffe6240000)]
  0x000002e911a58240 JavaThread "Thread-4" [_thread_blocked, id=17748, stack(0x000000ffe5700000,0x000000ffe5800000)]
  0x000002e912eec720 JavaThread "Prism Font Disposer" daemon [_thread_blocked, id=26968, stack(0x000000ffe6b40000,0x000000ffe6c40000)]
  0x000002e912eeda60 JavaThread "Cleaner-0" daemon [_thread_blocked, id=1280, stack(0x000000ffe6d40000,0x000000ffe6e40000)]
  0x000002e912eeb8b0 JavaThread "Timer-1" [_thread_blocked, id=14876, stack(0x000000ffe6e50000,0x000000ffe6f50000)]
  0x000002e912eec250 JavaThread "Thread-8" [_thread_blocked, id=22648, stack(0x000000ffe6c40000,0x000000ffe6d40000)]
  0x000002e912eeaa40 JavaThread "SIGINT handler" daemon [_thread_blocked, id=5344, stack(0x000000ffe4300000,0x000000ffe4400000)]
=>0x000002e912eedf30 JavaThread "Thread-5" [_thread_in_native, id=16764, stack(0x000000ffe4400000,0x000000ffe4500000)]

Other Threads:
  0x000002e97ff188c0 VMThread "VM Thread" [stack: 0x000000ffe4c00000,0x000000ffe4d00000] [id=31128]
  0x000002e96de7e8b0 WatcherThread [stack: 0x000000ffe5b00000,0x000000ffe5c00000] [id=21916]
  0x000002e96de639b0 GCTaskThread "GC Thread#0" [stack: 0x000000ffe4700000,0x000000ffe4800000] [id=13700]
  0x000002e91233a520 GCTaskThread "GC Thread#1" [stack: 0x000000ffe6340000,0x000000ffe6440000] [id=776]
  0x000002e912339a60 GCTaskThread "GC Thread#2" [stack: 0x000000ffe6440000,0x000000ffe6540000] [id=13800]
  0x000002e91233aa80 GCTaskThread "GC Thread#3" [stack: 0x000000ffe6540000,0x000000ffe6640000] [id=16176]
  0x000002e91233b540 GCTaskThread "GC Thread#4" [stack: 0x000000ffe6640000,0x000000ffe6740000] [id=17316]
  0x000002e91233ad30 GCTaskThread "GC Thread#5" [stack: 0x000000ffe6740000,0x000000ffe6840000] [id=11656]
  0x000002e911974100 GCTaskThread "GC Thread#6" [stack: 0x000000ffe6f50000,0x000000ffe7050000] [id=28776]
  0x000002e911972370 GCTaskThread "GC Thread#7" [stack: 0x000000ffe7050000,0x000000ffe7150000] [id=9960]
  0x000002e9119710a0 GCTaskThread "GC Thread#8" [stack: 0x000000ffe7150000,0x000000ffe7250000] [id=20864]
  0x000002e9119720c0 GCTaskThread "GC Thread#9" [stack: 0x000000ffe7250000,0x000000ffe7350000] [id=10064]
  0x000002e96de74730 ConcurrentGCThread "G1 Main Marker" [stack: 0x000000ffe4800000,0x000000ffe4900000] [id=28556]
  0x000002e96de758e0 ConcurrentGCThread "G1 Conc#0" [stack: 0x000000ffe4900000,0x000000ffe4a00000] [id=2032]
  0x000002e9119743b0 ConcurrentGCThread "G1 Conc#1" [stack: 0x000000ffe7850000,0x000000ffe7950000] [id=27020]
  0x000002e9119728d0 ConcurrentGCThread "G1 Conc#2" [stack: 0x000000ffe7950000,0x000000ffe7a50000] [id=31156]
  0x000002e96deede20 ConcurrentGCThread "G1 Refine#0" [stack: 0x000000ffe4a00000,0x000000ffe4b00000] [id=24296]
  0x000002e913177b00 ConcurrentGCThread "G1 Refine#1" [stack: 0x000000ffe7350000,0x000000ffe7450000] [id=23100]
  0x000002e9127df340 ConcurrentGCThread "G1 Refine#2" [stack: 0x000000ffe7450000,0x000000ffe7550000] [id=8752]
  0x000002e912a48d40 ConcurrentGCThread "G1 Refine#3" [stack: 0x000000ffe7550000,0x000000ffe7650000] [id=17724]
  0x000002e912f39920 ConcurrentGCThread "G1 Refine#4" [stack: 0x000000ffe7650000,0x000000ffe7750000] [id=16596]
  0x000002e912f39c00 ConcurrentGCThread "G1 Refine#5" [stack: 0x000000ffe7750000,0x000000ffe7850000] [id=24360]
  0x000002e96deee840 ConcurrentGCThread "G1 Service" [stack: 0x000000ffe4b00000,0x000000ffe4c00000] [id=31104]

Threads with active compile tasks:

VM state: not at safepoint (normal execution)

VM Mutex/Monitor currently owned by a thread: None

Heap address: 0x0000000701c00000, size: 4068 MB, Compressed Oops mode: Zero based, Oop shift amount: 3

CDS archive(s) mapped at: [0x0000000800000000-0x0000000800bc0000-0x0000000800bc0000), size 12320768, SharedBaseAddress: 0x0000000800000000, ArchiveRelocationMode: 0.
Compressed class space mapped at: 0x0000000800c00000-0x0000000840c00000, reserved size: 1073741824
Narrow klass base: 0x0000000800000000, Narrow klass shift: 0, Narrow klass range: 0x100000000

GC Precious Log:
 CPUs: 12 total, 12 available
 Memory: 16265M
 Large Page Support: Disabled
 NUMA Support: Disabled
 Compressed Oops: Enabled (Zero based)
 Heap Region Size: 2M
 Heap Min Capacity: 8M
 Heap Initial Capacity: 256M
 Heap Max Capacity: 4068M
 Pre-touch: Disabled
 Parallel Workers: 10
 Concurrent Workers: 3
 Concurrent Refinement Workers: 10
 Periodic GC: Disabled

Heap:
 garbage-first heap   total 276480K, used 132055K [0x0000000701c00000, 0x0000000800000000)
  region size 2048K, 4 young (8192K), 1 survivors (2048K)
 Metaspace       used 15031K, committed 15296K, reserved 1064960K
  class space    used 1912K, committed 2048K, reserved 1048576K

Heap Regions: E=young(eden), S=young(survivor), O=old, HS=humongous(starts), HC=humongous(continues), CS=collection set, F=free, OA=open archive, CA=closed archive, TAMS=top-at-mark-start (previous, next)
|   0|0x0000000701c00000, 0x0000000701e00000, 0x0000000701e00000|100%| O|  |TAMS 0x0000000701c00000, 0x0000000701c00000| Untracked 
|   1|0x0000000701e00000, 0x0000000702000000, 0x0000000702000000|100%| O|  |TAMS 0x0000000701e00000, 0x0000000701e00000| Untracked 
|   2|0x0000000702000000, 0x00000007020f5c00, 0x0000000702200000| 47%| O|  |TAMS 0x0000000702000000, 0x0000000702000000| Untracked 
|   3|0x0000000702200000, 0x0000000702200000, 0x0000000702400000|  0%| F|  |TAMS 0x0000000702200000, 0x0000000702200000| Untracked 
|   4|0x0000000702400000, 0x0000000702400000, 0x0000000702600000|  0%| F|  |TAMS 0x0000000702400000, 0x0000000702400000| Untracked 
|   5|0x0000000702600000, 0x0000000702600000, 0x0000000702800000|  0%| F|  |TAMS 0x0000000702600000, 0x0000000702600000| Untracked 
|   6|0x0000000702800000, 0x0000000702800000, 0x0000000702a00000|  0%| F|  |TAMS 0x0000000702800000, 0x0000000702800000| Untracked 
|   7|0x0000000702a00000, 0x0000000702a00000, 0x0000000702c00000|  0%| F|  |TAMS 0x0000000702a00000, 0x0000000702a00000| Untracked 
|   8|0x0000000702c00000, 0x0000000702c00000, 0x0000000702e00000|  0%| F|  |TAMS 0x0000000702c00000, 0x0000000702c00000| Untracked 
|   9|0x0000000702e00000, 0x0000000702e00000, 0x0000000703000000|  0%| F|  |TAMS 0x0000000702e00000, 0x0000000702e00000| Untracked 
|  10|0x0000000703000000, 0x0000000703000000, 0x0000000703200000|  0%| F|  |TAMS 0x0000000703000000, 0x0000000703000000| Untracked 
|  11|0x0000000703200000, 0x0000000703200000, 0x0000000703400000|  0%| F|  |TAMS 0x0000000703200000, 0x0000000703200000| Untracked 
|  12|0x0000000703400000, 0x0000000703600000, 0x0000000703600000|100%|HS|  |TAMS 0x0000000703600000, 0x0000000703400000| Complete 
|  13|0x0000000703600000, 0x0000000703600000, 0x0000000703800000|  0%| F|  |TAMS 0x0000000703600000, 0x0000000703600000| Untracked 
|  14|0x0000000703800000, 0x0000000703800000, 0x0000000703a00000|  0%| F|  |TAMS 0x0000000703800000, 0x0000000703800000| Untracked 
|  15|0x0000000703a00000, 0x0000000703a00000, 0x0000000703c00000|  0%| F|  |TAMS 0x0000000703a00000, 0x0000000703a00000| Untracked 
|  16|0x0000000703c00000, 0x0000000703c00000, 0x0000000703e00000|  0%| F|  |TAMS 0x0000000703c00000, 0x0000000703c00000| Untracked 
|  17|0x0000000703e00000, 0x0000000703e00000, 0x0000000704000000|  0%| F|  |TAMS 0x0000000703e00000, 0x0000000703e00000| Untracked 
|  18|0x0000000704000000, 0x0000000704000000, 0x0000000704200000|  0%| F|  |TAMS 0x0000000704000000, 0x0000000704000000| Untracked 
|  19|0x0000000704200000, 0x0000000704200000, 0x0000000704400000|  0%| F|  |TAMS 0x0000000704200000, 0x0000000704200000| Untracked 
|  20|0x0000000704400000, 0x0000000704400000, 0x0000000704600000|  0%| F|  |TAMS 0x0000000704400000, 0x0000000704400000| Untracked 
|  21|0x0000000704600000, 0x0000000704600000, 0x0000000704800000|  0%| F|  |TAMS 0x0000000704600000, 0x0000000704600000| Untracked 
|  22|0x0000000704800000, 0x0000000704800000, 0x0000000704a00000|  0%| F|  |TAMS 0x0000000704800000, 0x0000000704800000| Untracked 
|  23|0x0000000704a00000, 0x0000000704a00000, 0x0000000704c00000|  0%| F|  |TAMS 0x0000000704a00000, 0x0000000704a00000| Untracked 
|  24|0x0000000704c00000, 0x0000000704c00000, 0x0000000704e00000|  0%| F|  |TAMS 0x0000000704c00000, 0x0000000704c00000| Untracked 
|  25|0x0000000704e00000, 0x0000000705000000, 0x0000000705000000|100%| O|  |TAMS 0x0000000705000000, 0x0000000704e00000| Untracked 
|  26|0x0000000705000000, 0x0000000705200000, 0x0000000705200000|100%| O|  |TAMS 0x0000000705200000, 0x0000000705000000| Untracked 
|  27|0x0000000705200000, 0x0000000705400000, 0x0000000705400000|100%| O|  |TAMS 0x0000000705400000, 0x0000000705200000| Untracked 
|  28|0x0000000705400000, 0x0000000705600000, 0x0000000705600000|100%|HS|  |TAMS 0x0000000705600000, 0x0000000705400000| Complete 
|  29|0x0000000705600000, 0x0000000705800000, 0x0000000705800000|100%|HC|  |TAMS 0x0000000705800000, 0x0000000705600000| Complete 
|  30|0x0000000705800000, 0x0000000705a00000, 0x0000000705a00000|100%|HC|  |TAMS 0x0000000705a00000, 0x0000000705800000| Complete 
|  31|0x0000000705a00000, 0x0000000705c00000, 0x0000000705c00000|100%|HC|  |TAMS 0x0000000705c00000, 0x0000000705a00000| Complete 
|  32|0x0000000705c00000, 0x0000000705e00000, 0x0000000705e00000|100%|HC|  |TAMS 0x0000000705e00000, 0x0000000705c00000| Complete 
|  33|0x0000000705e00000, 0x0000000706000000, 0x0000000706000000|100%|HC|  |TAMS 0x0000000706000000, 0x0000000705e00000| Complete 
|  34|0x0000000706000000, 0x0000000706200000, 0x0000000706200000|100%|HC|  |TAMS 0x0000000706200000, 0x0000000706000000| Complete 
|  35|0x0000000706200000, 0x0000000706400000, 0x0000000706400000|100%|HC|  |TAMS 0x0000000706400000, 0x0000000706200000| Complete 
|  36|0x0000000706400000, 0x0000000706600000, 0x0000000706600000|100%|HC|  |TAMS 0x0000000706600000, 0x0000000706400000| Complete 
|  37|0x0000000706600000, 0x0000000706800000, 0x0000000706800000|100%|HC|  |TAMS 0x0000000706800000, 0x0000000706600000| Complete 
|  38|0x0000000706800000, 0x0000000706a00000, 0x0000000706a00000|100%|HC|  |TAMS 0x0000000706a00000, 0x0000000706800000| Complete 
|  39|0x0000000706a00000, 0x0000000706c00000, 0x0000000706c00000|100%|HC|  |TAMS 0x0000000706c00000, 0x0000000706a00000| Complete 
|  40|0x0000000706c00000, 0x0000000706e00000, 0x0000000706e00000|100%| O|  |TAMS 0x0000000706e00000, 0x0000000706c00000| Untracked 
|  41|0x0000000706e00000, 0x0000000707000000, 0x0000000707000000|100%| O|  |TAMS 0x0000000707000000, 0x0000000706e00000| Untracked 
|  42|0x0000000707000000, 0x0000000707200000, 0x0000000707200000|100%| O|  |TAMS 0x0000000707200000, 0x0000000707000000| Complete 
|  43|0x0000000707200000, 0x0000000707200000, 0x0000000707400000|  0%| F|  |TAMS 0x0000000707200000, 0x0000000707200000| Untracked 
|  44|0x0000000707400000, 0x0000000707400000, 0x0000000707600000|  0%| F|  |TAMS 0x0000000707400000, 0x0000000707400000| Untracked 
|  45|0x0000000707600000, 0x0000000707600000, 0x0000000707800000|  0%| F|  |TAMS 0x0000000707600000, 0x0000000707600000| Untracked 
|  46|0x0000000707800000, 0x0000000707800000, 0x0000000707a00000|  0%| F|  |TAMS 0x0000000707800000, 0x0000000707800000| Untracked 
|  47|0x0000000707a00000, 0x0000000707a00000, 0x0000000707c00000|  0%| F|  |TAMS 0x0000000707a00000, 0x0000000707a00000| Untracked 
|  48|0x0000000707c00000, 0x0000000707c00000, 0x0000000707e00000|  0%| F|  |TAMS 0x0000000707c00000, 0x0000000707c00000| Untracked 
|  49|0x0000000707e00000, 0x0000000708000000, 0x0000000708000000|100%| O|  |TAMS 0x0000000708000000, 0x0000000707e00000| Complete 
|  50|0x0000000708000000, 0x0000000708000000, 0x0000000708200000|  0%| F|  |TAMS 0x0000000708000000, 0x0000000708000000| Untracked 
|  51|0x0000000708200000, 0x0000000708200000, 0x0000000708400000|  0%| F|  |TAMS 0x0000000708200000, 0x0000000708200000| Untracked 
|  52|0x0000000708400000, 0x0000000708400000, 0x0000000708600000|  0%| F|  |TAMS 0x0000000708400000, 0x0000000708400000| Untracked 
|  53|0x0000000708600000, 0x0000000708600000, 0x0000000708800000|  0%| F|  |TAMS 0x0000000708600000, 0x0000000708600000| Untracked 
|  54|0x0000000708800000, 0x0000000708800000, 0x0000000708a00000|  0%| F|  |TAMS 0x0000000708800000, 0x0000000708800000| Untracked 
|  55|0x0000000708a00000, 0x0000000708a00000, 0x0000000708c00000|  0%| F|  |TAMS 0x0000000708a00000, 0x0000000708a00000| Untracked 
|  56|0x0000000708c00000, 0x0000000708c00000, 0x0000000708e00000|  0%| F|  |TAMS 0x0000000708c00000, 0x0000000708c00000| Untracked 
|  57|0x0000000708e00000, 0x0000000708e00000, 0x0000000709000000|  0%| F|  |TAMS 0x0000000708e00000, 0x0000000708e00000| Untracked 
|  58|0x0000000709000000, 0x0000000709000000, 0x0000000709200000|  0%| F|  |TAMS 0x0000000709000000, 0x0000000709000000| Untracked 
|  59|0x0000000709200000, 0x0000000709200000, 0x0000000709400000|  0%| F|  |TAMS 0x0000000709200000, 0x0000000709200000| Untracked 
|  60|0x0000000709400000, 0x0000000709400000, 0x0000000709600000|  0%| F|  |TAMS 0x0000000709400000, 0x0000000709400000| Untracked 
|  61|0x0000000709600000, 0x0000000709600000, 0x0000000709800000|  0%| F|  |TAMS 0x0000000709600000, 0x0000000709600000| Untracked 
|  62|0x0000000709800000, 0x0000000709800000, 0x0000000709a00000|  0%| F|  |TAMS 0x0000000709800000, 0x0000000709800000| Untracked 
|  63|0x0000000709a00000, 0x0000000709c00000, 0x0000000709c00000|100%| O|  |TAMS 0x0000000709c00000, 0x0000000709a00000| Untracked 
|  64|0x0000000709c00000, 0x0000000709e00000, 0x0000000709e00000|100%| O|  |TAMS 0x0000000709e00000, 0x0000000709c00000| Untracked 
|  65|0x0000000709e00000, 0x000000070a000000, 0x000000070a000000|100%| O|  |TAMS 0x000000070a000000, 0x0000000709e00000| Untracked 
|  66|0x000000070a000000, 0x000000070a200000, 0x000000070a200000|100%| O|  |TAMS 0x000000070a200000, 0x000000070a000000| Untracked 
|  67|0x000000070a200000, 0x000000070a400000, 0x000000070a400000|100%| O|  |TAMS 0x000000070a400000, 0x000000070a200000| Untracked 
|  68|0x000000070a400000, 0x000000070a600000, 0x000000070a600000|100%|HS|  |TAMS 0x000000070a600000, 0x000000070a400000| Complete 
|  69|0x000000070a600000, 0x000000070a800000, 0x000000070a800000|100%|HC|  |TAMS 0x000000070a800000, 0x000000070a600000| Complete 
|  70|0x000000070a800000, 0x000000070aa00000, 0x000000070aa00000|100%|HC|  |TAMS 0x000000070aa00000, 0x000000070a800000| Complete 
|  71|0x000000070aa00000, 0x000000070ac00000, 0x000000070ac00000|100%|HC|  |TAMS 0x000000070ac00000, 0x000000070aa00000| Complete 
|  72|0x000000070ac00000, 0x000000070ae00000, 0x000000070ae00000|100%|HC|  |TAMS 0x000000070ae00000, 0x000000070ac00000| Complete 
|  73|0x000000070ae00000, 0x000000070b000000, 0x000000070b000000|100%|HC|  |TAMS 0x000000070b000000, 0x000000070ae00000| Complete 
|  74|0x000000070b000000, 0x000000070b200000, 0x000000070b200000|100%|HC|  |TAMS 0x000000070b200000, 0x000000070b000000| Complete 
|  75|0x000000070b200000, 0x000000070b400000, 0x000000070b400000|100%|HC|  |TAMS 0x000000070b400000, 0x000000070b200000| Complete 
|  76|0x000000070b400000, 0x000000070b600000, 0x000000070b600000|100%|HC|  |TAMS 0x000000070b600000, 0x000000070b400000| Complete 
|  77|0x000000070b600000, 0x000000070b800000, 0x000000070b800000|100%|HC|  |TAMS 0x000000070b800000, 0x000000070b600000| Complete 
|  78|0x000000070b800000, 0x000000070ba00000, 0x000000070ba00000|100%|HC|  |TAMS 0x000000070ba00000, 0x000000070b800000| Complete 
|  79|0x000000070ba00000, 0x000000070bc00000, 0x000000070bc00000|100%|HC|  |TAMS 0x000000070bc00000, 0x000000070ba00000| Complete 
|  80|0x000000070bc00000, 0x000000070be00000, 0x000000070be00000|100%| O|  |TAMS 0x000000070be00000, 0x000000070bc00000| Untracked 
|  81|0x000000070be00000, 0x000000070c000000, 0x000000070c000000|100%| O|  |TAMS 0x000000070c000000, 0x000000070be00000| Untracked 
|  82|0x000000070c000000, 0x000000070c200000, 0x000000070c200000|100%| O|  |TAMS 0x000000070c200000, 0x000000070c000000| Untracked 
|  83|0x000000070c200000, 0x000000070c400000, 0x000000070c400000|100%| O|  |TAMS 0x000000070c400000, 0x000000070c200000| Untracked 
|  84|0x000000070c400000, 0x000000070c600000, 0x000000070c600000|100%| O|  |TAMS 0x000000070c600000, 0x000000070c400000| Untracked 
|  85|0x000000070c600000, 0x000000070c800000, 0x000000070c800000|100%| O|  |TAMS 0x000000070c800000, 0x000000070c600000| Untracked 
|  86|0x000000070c800000, 0x000000070ca00000, 0x000000070ca00000|100%| O|  |TAMS 0x000000070ca00000, 0x000000070c800000| Untracked 
|  87|0x000000070ca00000, 0x000000070cc00000, 0x000000070cc00000|100%| O|  |TAMS 0x000000070cc00000, 0x000000070ca00000| Untracked 
|  88|0x000000070cc00000, 0x000000070ce00000, 0x000000070ce00000|100%| O|  |TAMS 0x000000070ce00000, 0x000000070cc00000| Untracked 
|  89|0x000000070ce00000, 0x000000070d000000, 0x000000070d000000|100%| O|  |TAMS 0x000000070d000000, 0x000000070ce00000| Untracked 
|  90|0x000000070d000000, 0x000000070d200000, 0x000000070d200000|100%| O|  |TAMS 0x000000070d200000, 0x000000070d000000| Untracked 
|  91|0x000000070d200000, 0x000000070d400000, 0x000000070d400000|100%| O|  |TAMS 0x000000070d400000, 0x000000070d200000| Untracked 
|  92|0x000000070d400000, 0x000000070d600000, 0x000000070d600000|100%| O|  |TAMS 0x000000070d600000, 0x000000070d400000| Untracked 
|  93|0x000000070d600000, 0x000000070d800000, 0x000000070d800000|100%| O|  |TAMS 0x000000070d6f5208, 0x000000070d600000| Untracked 
|  94|0x000000070d800000, 0x000000070da00000, 0x000000070da00000|100%| O|  |TAMS 0x000000070d800000, 0x000000070d800000| Untracked 
|  95|0x000000070da00000, 0x000000070dc00000, 0x000000070dc00000|100%| O|  |TAMS 0x000000070da00000, 0x000000070da00000| Untracked 
|  96|0x000000070dc00000, 0x000000070de00000, 0x000000070de00000|100%| O|  |TAMS 0x000000070dc00000, 0x000000070dc00000| Untracked 
|  97|0x000000070de00000, 0x000000070e000000, 0x000000070e000000|100%| O|  |TAMS 0x000000070de00000, 0x000000070de00000| Untracked 
|  98|0x000000070e000000, 0x000000070e200000, 0x000000070e200000|100%| O|  |TAMS 0x000000070e000000, 0x000000070e000000| Untracked 
|  99|0x000000070e200000, 0x000000070e400000, 0x000000070e400000|100%| O|  |TAMS 0x000000070e200000, 0x000000070e200000| Untracked 
| 100|0x000000070e400000, 0x000000070e600000, 0x000000070e600000|100%| O|  |TAMS 0x000000070e400000, 0x000000070e400000| Untracked 
| 101|0x000000070e600000, 0x000000070e800000, 0x000000070e800000|100%| O|  |TAMS 0x000000070e600000, 0x000000070e600000| Untracked 
| 102|0x000000070e800000, 0x000000070e800000, 0x000000070ea00000|  0%| F|  |TAMS 0x000000070e800000, 0x000000070e800000| Untracked 
| 103|0x000000070ea00000, 0x000000070ea00000, 0x000000070ec00000|  0%| F|  |TAMS 0x000000070ea00000, 0x000000070ea00000| Untracked 
| 104|0x000000070ec00000, 0x000000070ec00000, 0x000000070ee00000|  0%| F|  |TAMS 0x000000070ec00000, 0x000000070ec00000| Untracked 
| 105|0x000000070ee00000, 0x000000070ee00000, 0x000000070f000000|  0%| F|  |TAMS 0x000000070ee00000, 0x000000070ee00000| Untracked 
| 106|0x000000070f000000, 0x000000070f000000, 0x000000070f200000|  0%| F|  |TAMS 0x000000070f000000, 0x000000070f000000| Untracked 
| 107|0x000000070f200000, 0x000000070f200000, 0x000000070f400000|  0%| F|  |TAMS 0x000000070f200000, 0x000000070f200000| Untracked 
| 108|0x000000070f400000, 0x000000070f400000, 0x000000070f600000|  0%| F|  |TAMS 0x000000070f400000, 0x000000070f400000| Untracked 
| 109|0x000000070f600000, 0x000000070f600000, 0x000000070f800000|  0%| F|  |TAMS 0x000000070f600000, 0x000000070f600000| Untracked 
| 110|0x000000070f800000, 0x000000070f800000, 0x000000070fa00000|  0%| F|  |TAMS 0x000000070f800000, 0x000000070f800000| Untracked 
| 111|0x000000070fa00000, 0x000000070fa00000, 0x000000070fc00000|  0%| F|  |TAMS 0x000000070fa00000, 0x000000070fa00000| Untracked 
| 112|0x000000070fc00000, 0x000000070fc00000, 0x000000070fe00000|  0%| F|  |TAMS 0x000000070fc00000, 0x000000070fc00000| Untracked 
| 113|0x000000070fe00000, 0x000000070fe00000, 0x0000000710000000|  0%| F|  |TAMS 0x000000070fe00000, 0x000000070fe00000| Untracked 
| 114|0x0000000710000000, 0x0000000710000000, 0x0000000710200000|  0%| F|  |TAMS 0x0000000710000000, 0x0000000710000000| Untracked 
| 115|0x0000000710200000, 0x0000000710200000, 0x0000000710400000|  0%| F|  |TAMS 0x0000000710200000, 0x0000000710200000| Untracked 
| 116|0x0000000710400000, 0x0000000710400000, 0x0000000710600000|  0%| F|  |TAMS 0x0000000710400000, 0x0000000710400000| Untracked 
| 117|0x0000000710600000, 0x0000000710600000, 0x0000000710800000|  0%| F|  |TAMS 0x0000000710600000, 0x0000000710600000| Untracked 
| 118|0x0000000710800000, 0x0000000710800000, 0x0000000710a00000|  0%| F|  |TAMS 0x0000000710800000, 0x0000000710800000| Untracked 
| 119|0x0000000710a00000, 0x0000000710a00000, 0x0000000710c00000|  0%| F|  |TAMS 0x0000000710a00000, 0x0000000710a00000| Untracked 
| 120|0x0000000710c00000, 0x0000000710c00000, 0x0000000710e00000|  0%| F|  |TAMS 0x0000000710c00000, 0x0000000710c00000| Untracked 
| 121|0x0000000710e00000, 0x0000000710e00000, 0x0000000711000000|  0%| F|  |TAMS 0x0000000710e00000, 0x0000000710e00000| Untracked 
| 122|0x0000000711000000, 0x0000000711000000, 0x0000000711200000|  0%| F|  |TAMS 0x0000000711000000, 0x0000000711000000| Untracked 
| 123|0x0000000711200000, 0x0000000711200000, 0x0000000711400000|  0%| F|  |TAMS 0x0000000711200000, 0x0000000711200000| Untracked 
| 124|0x0000000711400000, 0x0000000711400000, 0x0000000711600000|  0%| F|  |TAMS 0x0000000711400000, 0x0000000711400000| Untracked 
| 125|0x0000000711600000, 0x0000000711600000, 0x0000000711800000|  0%| F|  |TAMS 0x0000000711600000, 0x0000000711600000| Untracked 
| 126|0x0000000711800000, 0x0000000711800000, 0x0000000711a00000|  0%| F|  |TAMS 0x0000000711800000, 0x0000000711800000| Untracked 
| 127|0x0000000711a00000, 0x0000000711a00000, 0x0000000711c00000|  0%| F|  |TAMS 0x0000000711a00000, 0x0000000711a00000| Untracked 
| 128|0x0000000711c00000, 0x0000000711c00000, 0x0000000711e00000|  0%| F|  |TAMS 0x0000000711c00000, 0x0000000711c00000| Untracked 
| 129|0x0000000711e00000, 0x0000000712000000, 0x0000000712000000|100%| S|CS|TAMS 0x0000000711e00000, 0x0000000711e00000| Complete 
| 130|0x0000000712000000, 0x0000000712000000, 0x0000000712200000|  0%| F|  |TAMS 0x0000000712000000, 0x0000000712000000| Untracked 
| 131|0x0000000712200000, 0x0000000712200000, 0x0000000712400000|  0%| F|  |TAMS 0x0000000712200000, 0x0000000712200000| Untracked 
| 132|0x0000000712400000, 0x00000007124460f0, 0x0000000712600000| 13%| E|  |TAMS 0x0000000712400000, 0x0000000712400000| Complete 
| 133|0x0000000712600000, 0x0000000712800000, 0x0000000712800000|100%| E|CS|TAMS 0x0000000712600000, 0x0000000712600000| Complete 
| 134|0x0000000712800000, 0x0000000712a00000, 0x0000000712a00000|100%| E|CS|TAMS 0x0000000712800000, 0x0000000712800000| Complete 

Card table byte_map: [0x000002e976380000,0x000002e976b80000] _byte_map_base: 0x000002e972b72000

Marking Bits (Prev, Next): (CMBitMap*) 0x000002e96de63fc0, (CMBitMap*) 0x000002e96de64000
 Prev Bits: [0x000002e977380000, 0x000002e97b310000)
 Next Bits: [0x000002e97b310000, 0x000002e97f2a0000)

Polling page: 0x000002e96bd50000

Metaspace:

Usage:
  Non-class:     12.81 MB used.
      Class:      1.87 MB used.
       Both:     14.68 MB used.

Virtual space:
  Non-class space:       16.00 MB reserved,      12.94 MB ( 81%) committed,  2 nodes.
      Class space:        1.00 GB reserved,       2.00 MB ( <1%) committed,  1 nodes.
             Both:        1.02 GB reserved,      14.94 MB (  1%) committed. 

Chunk freelists:
   Non-Class:  2.59 MB
       Class:  2.02 MB
        Both:  4.62 MB

MaxMetaspaceSize: unlimited
CompressedClassSpaceSize: 1.00 GB
Initial GC threshold: 21.00 MB
Current GC threshold: 24.31 MB
CDS: on
MetaspaceReclaimPolicy: balanced
 - commit_granule_bytes: 65536.
 - commit_granule_words: 8192.
 - virtual_space_node_default_size: 1048576.
 - enlarge_chunks_in_place: 1.
 - new_chunks_are_fully_committed: 0.
 - uncommit_free_chunks: 1.
 - use_allocation_guard: 0.
 - handle_deallocations: 1.


Internal statistics:

num_allocs_failed_limit: 0.
num_arena_births: 216.
num_arena_deaths: 0.
num_vsnodes_births: 3.
num_vsnodes_deaths: 0.
num_space_committed: 239.
num_space_uncommitted: 0.
num_chunks_returned_to_freelist: 0.
num_chunks_taken_from_freelist: 681.
num_chunk_merges: 0.
num_chunk_splits: 465.
num_chunks_enlarged: 357.
num_purges: 0.
num_inconsistent_stats: 0.

CodeHeap 'non-profiled nmethods': size=120000Kb used=1724Kb max_used=1724Kb free=118275Kb
 bounds [0x000002e907ad0000, 0x000002e907d40000, 0x000002e90f000000]
CodeHeap 'profiled nmethods': size=120000Kb used=7165Kb max_used=7165Kb free=112834Kb
 bounds [0x000002e9005a0000, 0x000002e900ca0000, 0x000002e907ad0000]
CodeHeap 'non-nmethods': size=5760Kb used=1436Kb max_used=1488Kb free=4323Kb
 bounds [0x000002e900000000, 0x000002e900270000, 0x000002e9005a0000]
 total_blobs=4276 nmethods=3478 adapters=710
 compilation: enabled
              stopped_count=0, restarted_count=0
 full_count=0

Compilation events (20 events):
Event: 81.940 Thread 0x000002e97ff37470 3470       4       com.sun.javafx.sg.prism.NGGroup::needsBlending (15 bytes)
Event: 81.941 Thread 0x000002e97ff37470 nmethod 3470 0x000002e907c78d10 code [0x000002e907c78e80, 0x000002e907c78f18]
Event: 82.388 Thread 0x000002e97ff37470 3471       4       com.sun.javafx.sg.prism.NGNode::computeNodeRenderRoot (112 bytes)
Event: 82.406 Thread 0x000002e97ff37470 nmethod 3471 0x000002e907c79010 code [0x000002e907c79420, 0x000002e907c7b520]
Event: 82.740 Thread 0x000002e97ff37470 3472       4       com.sun.prism.impl.ps.BaseShaderContext::updatePerVertexColor (46 bytes)
Event: 82.741 Thread 0x000002e97ff37470 nmethod 3472 0x000002e907c7c710 code [0x000002e907c7c8c0, 0x000002e907c7caf8]
Event: 84.484 Thread 0x000002e97ff37470 3473       4       javafx.scene.layout.Region::createDoubleArray (26 bytes)
Event: 84.486 Thread 0x000002e97ff37470 nmethod 3473 0x000002e907c7cc90 code [0x000002e907c7ce20, 0x000002e907c7d078]
Event: 85.188 Thread 0x000002e97ff37470 3474       4       java.util.concurrent.LinkedBlockingQueue::dequeue (32 bytes)
Event: 85.189 Thread 0x000002e97ff37470 nmethod 3474 0x000002e907c7d190 code [0x000002e907c7d300, 0x000002e907c7d538]
Event: 85.189 Thread 0x000002e97ff37470 3475       4       java.util.concurrent.atomic.AtomicInteger::getAndDecrement (12 bytes)
Event: 85.189 Thread 0x000002e97ff37470 nmethod 3475 0x000002e907c7d610 code [0x000002e907c7d780, 0x000002e907c7d7f8]
Event: 85.236 Thread 0x000002e97ff37470 3476       4       java.util.concurrent.ThreadPoolExecutor::beforeExecute (1 bytes)
Event: 85.236 Thread 0x000002e97ff37470 nmethod 3476 0x000002e907c7d910 code [0x000002e907c7da80, 0x000002e907c7daf8]
Event: 85.380 Thread 0x000002e97ff37470 3477       4       com.sun.javafx.geom.transform.Affine3D::reset3Delements (31 bytes)
Event: 85.380 Thread 0x000002e97ff37470 nmethod 3477 0x000002e907c7dc10 code [0x000002e907c7dda0, 0x000002e907c7de38]
Event: 85.636 Thread 0x000002e97ff37470 3478       4       javafx.scene.Node::resize (1 bytes)
Event: 85.636 Thread 0x000002e97ff37470 nmethod 3478 0x000002e907c7df10 code [0x000002e907c7e080, 0x000002e907c7e0f8]
Event: 86.516 Thread 0x000002e97ff37470 3479       4       com.sun.javafx.tk.quantum.QuantumToolkit$$Lambda$104/0x0000000800c38618::run (8 bytes)
Event: 86.519 Thread 0x000002e97ff37470 nmethod 3479 0x000002e907c7e210 code [0x000002e907c7e400, 0x000002e907c7eb50]

GC Heap History (14 events):
Event: 0.516 GC heap before
{Heap before GC invocations=0 (full 0):
 garbage-first heap   total 262144K, used 20480K [0x0000000701c00000, 0x0000000800000000)
  region size 2048K, 11 young (22528K), 0 survivors (0K)
 Metaspace       used 4693K, committed 4864K, reserved 1056768K
  class space    used 528K, committed 576K, reserved 1048576K
}
Event: 0.518 GC heap after
{Heap after GC invocations=1 (full 0):
 garbage-first heap   total 262144K, used 2913K [0x0000000701c00000, 0x0000000800000000)
  region size 2048K, 2 young (4096K), 2 survivors (4096K)
 Metaspace       used 4693K, committed 4864K, reserved 1056768K
  class space    used 528K, committed 576K, reserved 1048576K
}
Event: 9.159 GC heap before
{Heap before GC invocations=1 (full 0):
 garbage-first heap   total 262144K, used 90977K [0x0000000701c00000, 0x0000000800000000)
  region size 2048K, 21 young (43008K), 2 survivors (4096K)
 Metaspace       used 13879K, committed 14144K, reserved 1064960K
  class space    used 1858K, committed 1984K, reserved 1048576K
}
Event: 9.164 GC heap after
{Heap after GC invocations=2 (full 0):
 garbage-first heap   total 262144K, used 62821K [0x0000000701c00000, 0x0000000800000000)
  region size 2048K, 3 young (6144K), 3 survivors (6144K)
 Metaspace       used 13879K, committed 14144K, reserved 1064960K
  class space    used 1858K, committed 1984K, reserved 1048576K
}
Event: 17.371 GC heap before
{Heap before GC invocations=2 (full 0):
 garbage-first heap   total 262144K, used 144741K [0x0000000701c00000, 0x0000000800000000)
  region size 2048K, 32 young (65536K), 3 survivors (6144K)
 Metaspace       used 14591K, committed 14848K, reserved 1064960K
  class space    used 1905K, committed 2048K, reserved 1048576K
}
Event: 17.381 GC heap after
{Heap after GC invocations=3 (full 0):
 garbage-first heap   total 262144K, used 138196K [0x0000000701c00000, 0x0000000800000000)
  region size 2048K, 4 young (8192K), 4 survivors (8192K)
 Metaspace       used 14591K, committed 14848K, reserved 1064960K
  class space    used 1905K, committed 2048K, reserved 1048576K
}
Event: 23.533 GC heap before
{Heap before GC invocations=3 (full 0):
 garbage-first heap   total 262144K, used 140244K [0x0000000701c00000, 0x0000000800000000)
  region size 2048K, 6 young (12288K), 4 survivors (8192K)
 Metaspace       used 14667K, committed 14912K, reserved 1064960K
  class space    used 1905K, committed 2048K, reserved 1048576K
}
Event: 23.535 GC heap after
{Heap after GC invocations=4 (full 0):
 garbage-first heap   total 262144K, used 138384K [0x0000000701c00000, 0x0000000800000000)
  region size 2048K, 1 young (2048K), 1 survivors (2048K)
 Metaspace       used 14667K, committed 14912K, reserved 1064960K
  class space    used 1905K, committed 2048K, reserved 1048576K
}
Event: 23.616 GC heap before
{Heap before GC invocations=5 (full 0):
 garbage-first heap   total 276480K, used 199824K [0x0000000701c00000, 0x0000000800000000)
  region size 2048K, 20 young (40960K), 1 survivors (2048K)
 Metaspace       used 14695K, committed 14976K, reserved 1064960K
  class space    used 1909K, committed 2048K, reserved 1048576K
}
Event: 23.621 GC heap after
{Heap after GC invocations=6 (full 0):
 garbage-first heap   total 276480K, used 197588K [0x0000000701c00000, 0x0000000800000000)
  region size 2048K, 3 young (6144K), 3 survivors (6144K)
 Metaspace       used 14695K, committed 14976K, reserved 1064960K
  class space    used 1909K, committed 2048K, reserved 1048576K
}
Event: 23.623 GC heap before
{Heap before GC invocations=6 (full 0):
 garbage-first heap   total 276480K, used 211924K [0x0000000701c00000, 0x0000000800000000)
  region size 2048K, 11 young (22528K), 3 survivors (6144K)
 Metaspace       used 14695K, committed 14976K, reserved 1064960K
  class space    used 1909K, committed 2048K, reserved 1048576K
}
Event: 23.626 GC heap after
{Heap after GC invocations=7 (full 0):
 garbage-first heap   total 276480K, used 212905K [0x0000000701c00000, 0x0000000800000000)
  region size 2048K, 2 young (4096K), 2 survivors (4096K)
 Metaspace       used 14695K, committed 14976K, reserved 1064960K
  class space    used 1909K, committed 2048K, reserved 1048576K
}
Event: 60.148 GC heap before
{Heap before GC invocations=8 (full 0):
 garbage-first heap   total 276480K, used 133033K [0x0000000701c00000, 0x0000000800000000)
  region size 2048K, 7 young (14336K), 2 survivors (4096K)
 Metaspace       used 15020K, committed 15296K, reserved 1064960K
  class space    used 1909K, committed 2048K, reserved 1048576K
}
Event: 60.149 GC heap after
{Heap after GC invocations=9 (full 0):
 garbage-first heap   total 276480K, used 127959K [0x0000000701c00000, 0x0000000800000000)
  region size 2048K, 1 young (2048K), 1 survivors (2048K)
 Metaspace       used 15020K, committed 15296K, reserved 1064960K
  class space    used 1909K, committed 2048K, reserved 1048576K
}

Deoptimization events (20 events):
Event: 88.271 Thread 0x000002e912eeb3e0 Uncommon trap: trap_request=0xffffff45 fr.pc=0x000002e907c11ecc relative=0x000000000000014c
Event: 88.271 Thread 0x000002e912eeb3e0 Uncommon trap: reason=unstable_if action=reinterpret pc=0x000002e907c11ecc method=java.util.concurrent.locks.ReentrantLock$NonfairSync.initialTryLock()Z @ 10 c2
Event: 88.271 Thread 0x000002e912eeb3e0 DEOPT PACKING pc=0x000002e907c11ecc sp=0x000000ffe7b4ecf0
Event: 88.271 Thread 0x000002e912eeb3e0 DEOPT UNPACKING pc=0x000002e9000523a3 sp=0x000000ffe7b4ebe0 mode 2
Event: 88.271 Thread 0x000002e912eeb3e0 Uncommon trap: trap_request=0xffffff45 fr.pc=0x000002e907c08ec8 relative=0x00000000000000c8
Event: 88.271 Thread 0x000002e912eeb3e0 Uncommon trap: reason=unstable_if action=reinterpret pc=0x000002e907c08ec8 method=java.util.concurrent.locks.ReentrantLock$Sync.tryRelease(I)Z @ 26 c2
Event: 88.271 Thread 0x000002e912eeb3e0 DEOPT PACKING pc=0x000002e907c08ec8 sp=0x000000ffe7b4eca0
Event: 88.271 Thread 0x000002e9124b0d50 Uncommon trap: trap_request=0xffffff45 fr.pc=0x000002e907c42740 relative=0x00000000000004c0
Event: 88.271 Thread 0x000002e9124b0d50 Uncommon trap: reason=unstable_if action=reinterpret pc=0x000002e907c42740 method=java.util.concurrent.locks.AbstractQueuedSynchronizer$ConditionNode.isReleasable()Z @ 14 c2
Event: 88.271 Thread 0x000002e9124b0d50 DEOPT PACKING pc=0x000002e907c42740 sp=0x000000ffe5cfedc0
Event: 88.271 Thread 0x000002e912eeb3e0 DEOPT UNPACKING pc=0x000002e9000523a3 sp=0x000000ffe7b4ec40 mode 2
Event: 88.271 Thread 0x000002e9124b0d50 DEOPT UNPACKING pc=0x000002e9000523a3 sp=0x000000ffe5cfebe8 mode 2
Event: 88.271 Thread 0x000002e9124b0d50 Uncommon trap: trap_request=0xffffff45 fr.pc=0x000002e907c729c8 relative=0x0000000000000048
Event: 88.271 Thread 0x000002e9124b0d50 Uncommon trap: reason=unstable_if action=reinterpret pc=0x000002e907c729c8 method=java.lang.Thread.interrupted()Z @ 10 c2
Event: 88.271 Thread 0x000002e9124b0d50 DEOPT PACKING pc=0x000002e907c729c8 sp=0x000000ffe5cfed70
Event: 88.271 Thread 0x000002e9124b0d50 DEOPT UNPACKING pc=0x000002e9000523a3 sp=0x000000ffe5cfed00 mode 2
Event: 88.271 Thread 0x000002e9124b0d50 Uncommon trap: trap_request=0xffffff45 fr.pc=0x000002e907c40840 relative=0x0000000000000e40
Event: 88.271 Thread 0x000002e9124b0d50 Uncommon trap: reason=unstable_if action=reinterpret pc=0x000002e907c40840 method=java.util.concurrent.locks.AbstractQueuedSynchronizer.acquire(Ljava/util/concurrent/locks/AbstractQueuedSynchronizer$Node;IZZZJ)I @ 155 c2
Event: 88.271 Thread 0x000002e9124b0d50 DEOPT PACKING pc=0x000002e907c40840 sp=0x000000ffe5cfeca0
Event: 88.271 Thread 0x000002e9124b0d50 DEOPT UNPACKING pc=0x000002e9000523a3 sp=0x000000ffe5cfec80 mode 2

Classes unloaded (0 events):
No events

Classes redefined (0 events):
No events

Internal exceptions (20 events):
Event: 5.833 Thread 0x000002e9126cc1f0 Exception <a 'sun/nio/fs/WindowsException'{0x00000007117cb748}> (0x00000007117cb748) 
thrown [t:\workspace\open\src\hotspot\share\prims\jni.cpp, line 516]
Event: 5.855 Thread 0x000002e9126cc1f0 Exception <a 'sun/nio/fs/WindowsException'{0x00000007115b1520}> (0x00000007115b1520) 
thrown [t:\workspace\open\src\hotspot\share\prims\jni.cpp, line 516]
Event: 5.864 Thread 0x000002e9126cc1f0 Exception <a 'sun/nio/fs/WindowsException'{0x0000000711239100}> (0x0000000711239100) 
thrown [t:\workspace\open\src\hotspot\share\prims\jni.cpp, line 516]
Event: 5.866 Thread 0x000002e9126cc1f0 Exception <a 'java/lang/NoSuchMethodError'{0x0000000711247bc8}: 'java.lang.Object java.lang.invoke.DirectMethodHandle$Holder.invokeStatic(java.lang.Object, int, java.lang.Object)'> (0x0000000711247bc8) 
thrown [t:\workspace\open\src\hotspot\share\interpreter\linkResolver.cpp, line 766]
Event: 5.868 Thread 0x000002e9126cc1f0 Exception <a 'java/lang/ClassNotFoundException'{0x000000071125aea8}: sun/util/logging/resources/spi/loggingProvider> (0x000000071125aea8) 
thrown [t:\workspace\open\src\hotspot\share\classfile\systemDictionary.cpp, line 256]
Event: 5.967 Thread 0x000002e9126cc1f0 Exception <a 'java/lang/ClassNotFoundException'{0x000000071119d600}: com/sun/glass/ui/win/themes> (0x000000071119d600) 
thrown [t:\workspace\open\src\hotspot\share\prims\jni.cpp, line 535]
Event: 5.967 Thread 0x000002e9126cc1f0 Exception <a 'java/lang/ClassNotFoundException'{0x00000007111a1888}: com/sun/glass/ui/win/themes_en> (0x00000007111a1888) 
thrown [t:\workspace\open\src\hotspot\share\prims\jni.cpp, line 535]
Event: 5.967 Thread 0x000002e9126cc1f0 Exception <a 'java/lang/ClassNotFoundException'{0x00000007111adf68}: com/sun/glass/ui/win/themes_en_GB> (0x00000007111adf68) 
thrown [t:\workspace\open\src\hotspot\share\prims\jni.cpp, line 535]
Event: 6.009 Thread 0x000002e9126cc1f0 Exception <a 'java/lang/NoSuchMethodError'{0x0000000710a9cd00}: 'void java.lang.invoke.DirectMethodHandle$Holder.invokeStaticInit(java.lang.Object, java.lang.Object)'> (0x0000000710a9cd00) 
thrown [t:\workspace\open\src\hotspot\share\interpreter\linkResolver.cpp, line 766]
Event: 6.059 Thread 0x000002e9126cc1f0 Implicit null exception at 0x000002e907b4d190 to 0x000002e907b4d5c4
Event: 6.065 Thread 0x000002e9126cc1f0 Implicit null exception at 0x000002e907b4ba0b to 0x000002e907b4be34
Event: 6.065 Thread 0x000002e9126cc1f0 Implicit null exception at 0x000002e907afa50f to 0x000002e907afa589
Event: 6.136 Thread 0x000002e9126cc1f0 Exception <a 'java/lang/NoSuchMethodError'{0x000000070fc47960}: 'java.lang.Object java.lang.invoke.DirectMethodHandle$Holder.invokeInterface(java.lang.Object, java.lang.Object, java.lang.Object)'> (0x000000070fc47960) 
thrown [t:\workspace\open\src\hotspot\share\interpreter\linkResolver.cpp, line 766]
Event: 6.136 Thread 0x000002e9126cc1f0 Exception <a 'java/lang/IncompatibleClassChangeError'{0x000000070fc4b2e8}: Found class java.lang.Object, but interface was expected> (0x000000070fc4b2e8) 
thrown [t:\workspace\open\src\hotspot\share\interpreter\linkResolver.cpp, line 833]
Event: 6.170 Thread 0x000002e9126cc1f0 Exception <a 'java/lang/NoSuchMethodError'{0x000000070fa333c0}: 'java.lang.Object java.lang.invoke.DirectMethodHandle$Holder.newInvokeSpecial(java.lang.Object, java.lang.Object, int)'> (0x000000070fa333c0) 
thrown [t:\workspace\open\src\hotspot\share\interpreter\linkResolver.cpp, line 766]
Event: 6.188 Thread 0x000002e9124b0d50 Exception <a 'java/lang/NoSuchMethodError'{0x000000070faec9f0}: 'int java.lang.invoke.DirectMethodHandle$Holder.invokeStaticInit(java.lang.Object, java.lang.Object)'> (0x000000070faec9f0) 
thrown [t:\workspace\open\src\hotspot\share\interpreter\linkResolver.cpp, line 766]
Event: 9.013 Thread 0x000002e9126cc1f0 Exception <a 'java/lang/NoSuchMethodError'{0x000000070f7b9878}: 'long java.lang.invoke.DirectMethodHandle$Holder.invokeStatic(java.lang.Object, java.lang.Object, java.lang.Object)'> (0x000000070f7b9878) 
thrown [t:\workspace\open\src\hotspot\share\interpreter\linkResolver.cpp, line 766]
Event: 9.013 Thread 0x000002e9126cc1f0 Exception <a 'java/lang/NoSuchMethodError'{0x000000070f7bd020}: 'long java.lang.invoke.DirectMethodHandle$Holder.invokeStaticInit(java.lang.Object, java.lang.Object, java.lang.Object)'> (0x000000070f7bd020) 
thrown [t:\workspace\open\src\hotspot\share\interpreter\linkResolver.cpp, line 766]
Event: 9.014 Thread 0x000002e9126cc1f0 Exception <a 'java/lang/NoSuchMethodError'{0x000000070f7d4c28}: 'java.lang.Object java.lang.invoke.DirectMethodHandle$Holder.newInvokeSpecial(java.lang.Object, java.lang.Object, long)'> (0x000000070f7d4c28) 
thrown [t:\workspace\open\src\hotspot\share\interpreter\linkResolver.cpp, line 766]
Event: 9.014 Thread 0x000002e9126cc1f0 Exception <a 'java/lang/NoSuchMethodError'{0x000000070f7d8798}: 'java.lang.Object java.lang.invoke.Invokers$Holder.linkToTargetMethod(java.lang.Object, long, java.lang.Object)'> (0x000000070f7d8798) 
thrown [t:\workspace\open\src\hotspot\share\interpreter\linkResolver.cpp, line 766]

VM Operations (20 events):
Event: 68.153 Executing VM operation: Cleanup
Event: 68.153 Executing VM operation: Cleanup done
Event: 69.153 Executing VM operation: Cleanup
Event: 69.154 Executing VM operation: Cleanup done
Event: 73.274 Executing VM operation: HandshakeAllThreads
Event: 73.275 Executing VM operation: HandshakeAllThreads done
Event: 74.275 Executing VM operation: Cleanup
Event: 74.275 Executing VM operation: Cleanup done
Event: 76.276 Executing VM operation: Cleanup
Event: 76.276 Executing VM operation: Cleanup done
Event: 77.276 Executing VM operation: Cleanup
Event: 77.276 Executing VM operation: Cleanup done
Event: 78.277 Executing VM operation: Cleanup
Event: 78.277 Executing VM operation: Cleanup done
Event: 80.278 Executing VM operation: Cleanup
Event: 80.278 Executing VM operation: Cleanup done
Event: 82.278 Executing VM operation: Cleanup
Event: 82.278 Executing VM operation: Cleanup done
Event: 86.280 Executing VM operation: Cleanup
Event: 86.280 Executing VM operation: Cleanup done

Events (20 events):
Event: 9.269 loading class java/lang/Short$ShortCache
Event: 9.269 loading class java/lang/Short$ShortCache done
Event: 9.273 Thread 0x000002e912eecbf0 Thread added: 0x000002e912eecbf0
Event: 9.396 Thread 0x000002e911b5f5a0 Thread exited: 0x000002e911b5f5a0
Event: 17.306 Thread 0x000002e912eecbf0 Thread exited: 0x000002e912eecbf0
Event: 17.389 Thread 0x000002e911985910 Thread added: 0x000002e911985910
Event: 20.708 Thread 0x000002e911985910 Thread exited: 0x000002e911985910
Event: 23.522 Thread 0x000002e912eeb8b0 Thread added: 0x000002e912eeb8b0
Event: 23.631 Thread 0x000002e912eea570 Thread exited: 0x000002e912eea570
Event: 23.676 Thread 0x000002e912eec250 Thread added: 0x000002e912eec250
Event: 88.270 loading class jdk/internal/misc/Signal$1
Event: 88.270 loading class jdk/internal/misc/Signal$1 done
Event: 88.270 Thread 0x000002e912eeaa40 Thread added: 0x000002e912eeaa40
Event: 88.270 Thread 0x000002e912eedf30 Thread added: 0x000002e912eedf30
Event: 88.270 Thread 0x000002e912eea570 Thread added: 0x000002e912eea570
Event: 88.270 Thread 0x000002e912eeaf10 Thread added: 0x000002e912eeaf10
Event: 88.270 Thread 0x000002e912eeb3e0 Thread added: 0x000002e912eeb3e0
Event: 88.271 Thread 0x000002e912eea570 Thread exited: 0x000002e912eea570
Event: 88.271 Thread 0x000002e912eeaf10 Thread exited: 0x000002e912eeaf10
Event: 88.271 Thread 0x000002e912eeb3e0 Thread exited: 0x000002e912eeb3e0


Dynamic libraries:
0x00007ff720050000 - 0x00007ff720060000 	C:\Program Files\Java\jdk-17.0.1\bin\java.exe
0x00007ffa7f810000 - 0x00007ffa7fa05000 	C:\Windows\SYSTEM32\ntdll.dll
0x00007ffa7f120000 - 0x00007ffa7f1dd000 	C:\Windows\System32\KERNEL32.DLL
0x00007ffa7d1c0000 - 0x00007ffa7d48d000 	C:\Windows\System32\KERNELBASE.dll
0x00007ffa7d760000 - 0x00007ffa7d860000 	C:\Windows\System32\ucrtbase.dll
0x00007ffa75bc0000 - 0x00007ffa75bda000 	C:\Program Files\Java\jdk-17.0.1\bin\VCRUNTIME140.dll
0x00007ffa75ba0000 - 0x00007ffa75bb8000 	C:\Program Files\Java\jdk-17.0.1\bin\jli.dll
0x00007ffa7e7c0000 - 0x00007ffa7e86e000 	C:\Windows\System32\ADVAPI32.dll
0x00007ffa7d990000 - 0x00007ffa7da2e000 	C:\Windows\System32\msvcrt.dll
0x00007ffa7da30000 - 0x00007ffa7dacc000 	C:\Windows\System32\sechost.dll
0x00007ffa7d860000 - 0x00007ffa7d985000 	C:\Windows\System32\RPCRT4.dll
0x00007ffa7e8d0000 - 0x00007ffa7ea70000 	C:\Windows\System32\USER32.dll
0x00007ffa66690000 - 0x00007ffa6692a000 	C:\Windows\WinSxS\amd64_microsoft.windows.common-controls_6595b64144ccf1df_6.0.19041.1110_none_60b5254171f9507e\COMCTL32.dll
0x00007ffa7d160000 - 0x00007ffa7d182000 	C:\Windows\System32\win32u.dll
0x00007ffa7ea70000 - 0x00007ffa7ea9a000 	C:\Windows\System32\GDI32.dll
0x00007ffa7cf20000 - 0x00007ffa7d02b000 	C:\Windows\System32\gdi32full.dll
0x00007ffa7d0c0000 - 0x00007ffa7d15d000 	C:\Windows\System32\msvcp_win.dll
0x00007ffa76cd0000 - 0x00007ffa76cda000 	C:\Windows\SYSTEM32\VERSION.dll
0x00007ffa7e540000 - 0x00007ffa7e570000 	C:\Windows\System32\IMM32.DLL
0x00007ffa78de0000 - 0x00007ffa78dec000 	C:\Program Files\Java\jdk-17.0.1\bin\vcruntime140_1.dll
0x00007ffa57400000 - 0x00007ffa5748d000 	C:\Program Files\Java\jdk-17.0.1\bin\msvcp140.dll
0x00007ffa103a0000 - 0x00007ffa10f5e000 	C:\Program Files\Java\jdk-17.0.1\bin\server\jvm.dll
0x00007ffa7e530000 - 0x00007ffa7e538000 	C:\Windows\System32\PSAPI.DLL
0x00007ffa77890000 - 0x00007ffa778b7000 	C:\Windows\SYSTEM32\WINMM.dll
0x00007ffa5c730000 - 0x00007ffa5c739000 	C:\Windows\SYSTEM32\WSOCK32.dll
0x00007ffa7ef20000 - 0x00007ffa7ef8b000 	C:\Windows\System32\WS2_32.dll
0x00007ffa7ae00000 - 0x00007ffa7ae12000 	C:\Windows\SYSTEM32\kernel.appcore.dll
0x00007ffa77c10000 - 0x00007ffa77c1a000 	C:\Program Files\Java\jdk-17.0.1\bin\jimage.dll
0x00007ffa74d00000 - 0x00007ffa74ee4000 	C:\Windows\SYSTEM32\DBGHELP.DLL
0x00007ffa5c620000 - 0x00007ffa5c64c000 	C:\Windows\SYSTEM32\dbgcore.DLL
0x00007ffa7d030000 - 0x00007ffa7d0b2000 	C:\Windows\System32\bcryptPrimitives.dll
0x00007ffa75b90000 - 0x00007ffa75b9e000 	C:\Program Files\Java\jdk-17.0.1\bin\instrument.dll
0x00007ffa70810000 - 0x00007ffa70835000 	C:\Program Files\Java\jdk-17.0.1\bin\java.dll
0x00007ffa44610000 - 0x00007ffa446e6000 	C:\Program Files\Java\jdk-17.0.1\bin\svml.dll
0x00007ffa7dd10000 - 0x00007ffa7e454000 	C:\Windows\System32\SHELL32.dll
0x00007ffa7b000000 - 0x00007ffa7b794000 	C:\Windows\SYSTEM32\windows.storage.dll
0x00007ffa7f2c0000 - 0x00007ffa7f614000 	C:\Windows\System32\combase.dll
0x00007ffa7c980000 - 0x00007ffa7c9ac000 	C:\Windows\SYSTEM32\Wldp.dll
0x00007ffa7dbe0000 - 0x00007ffa7dc8d000 	C:\Windows\System32\SHCORE.dll
0x00007ffa7dcb0000 - 0x00007ffa7dd05000 	C:\Windows\System32\shlwapi.dll
0x00007ffa7ce60000 - 0x00007ffa7ce7f000 	C:\Windows\SYSTEM32\profapi.dll
0x00007ffa707f0000 - 0x00007ffa70809000 	C:\Program Files\Java\jdk-17.0.1\bin\net.dll
0x00007ffa74360000 - 0x00007ffa7446a000 	C:\Windows\SYSTEM32\WINHTTP.dll
0x00007ffa7c6a0000 - 0x00007ffa7c70a000 	C:\Windows\system32\mswsock.dll
0x00007ffa707d0000 - 0x00007ffa707e5000 	C:\Program Files\Java\jdk-17.0.1\bin\nio.dll
0x00007ffa6ff10000 - 0x00007ffa6ff28000 	C:\Program Files\Java\jdk-17.0.1\bin\zip.dll
0x00007ffa6e530000 - 0x00007ffa6e54a000 	C:\Program Files\JetBrains\IntelliJ IDEA 2021.2.3\bin\breakgen64.dll
0x000002e96be30000 - 0x000002e96be33000 	C:\Users\nbalj\.openjfx\cache\17.0.0.1\api-ms-win-core-console-l1-1-0.dll
0x000002e96dd30000 - 0x000002e96dd33000 	C:\Users\nbalj\.openjfx\cache\17.0.0.1\api-ms-win-core-console-l1-2-0.dll
0x000002e96dd40000 - 0x000002e96dd43000 	C:\Users\nbalj\.openjfx\cache\17.0.0.1\api-ms-win-core-datetime-l1-1-0.dll
0x000002e96dd50000 - 0x000002e96dd53000 	C:\Users\nbalj\.openjfx\cache\17.0.0.1\api-ms-win-core-debug-l1-1-0.dll
0x000002e96dd60000 - 0x000002e96dd63000 	C:\Users\nbalj\.openjfx\cache\17.0.0.1\api-ms-win-core-errorhandling-l1-1-0.dll
0x000002e96dd70000 - 0x000002e96dd74000 	C:\Users\nbalj\.openjfx\cache\17.0.0.1\api-ms-win-core-file-l1-1-0.dll
0x000002e96dd80000 - 0x000002e96dd83000 	C:\Users\nbalj\.openjfx\cache\17.0.0.1\api-ms-win-core-file-l1-2-0.dll
0x000002e96dd90000 - 0x000002e96dd93000 	C:\Users\nbalj\.openjfx\cache\17.0.0.1\api-ms-win-core-file-l2-1-0.dll
0x000002e96dda0000 - 0x000002e96dda3000 	C:\Users\nbalj\.openjfx\cache\17.0.0.1\api-ms-win-core-handle-l1-1-0.dll
0x000002e96ddb0000 - 0x000002e96ddb3000 	C:\Users\nbalj\.openjfx\cache\17.0.0.1\api-ms-win-core-heap-l1-1-0.dll
0x000002e96ddc0000 - 0x000002e96ddc3000 	C:\Users\nbalj\.openjfx\cache\17.0.0.1\api-ms-win-core-interlocked-l1-1-0.dll
0x000002e96ddd0000 - 0x000002e96ddd3000 	C:\Users\nbalj\.openjfx\cache\17.0.0.1\api-ms-win-core-libraryloader-l1-1-0.dll
0x000002e96dde0000 - 0x000002e96dde3000 	C:\Users\nbalj\.openjfx\cache\17.0.0.1\api-ms-win-core-localization-l1-2-0.dll
0x000002e97ff40000 - 0x000002e97ff43000 	C:\Users\nbalj\.openjfx\cache\17.0.0.1\api-ms-win-core-memory-l1-1-0.dll
0x000002e97ff50000 - 0x000002e97ff53000 	C:\Users\nbalj\.openjfx\cache\17.0.0.1\api-ms-win-core-namedpipe-l1-1-0.dll
0x000002e97ff60000 - 0x000002e97ff63000 	C:\Users\nbalj\.openjfx\cache\17.0.0.1\api-ms-win-core-processenvironment-l1-1-0.dll
0x000002e97ff70000 - 0x000002e97ff73000 	C:\Users\nbalj\.openjfx\cache\17.0.0.1\api-ms-win-core-processthreads-l1-1-0.dll
0x000002e97ff80000 - 0x000002e97ff83000 	C:\Users\nbalj\.openjfx\cache\17.0.0.1\api-ms-win-core-processthreads-l1-1-1.dll
0x000002e97ff90000 - 0x000002e97ff93000 	C:\Users\nbalj\.openjfx\cache\17.0.0.1\api-ms-win-core-profile-l1-1-0.dll
0x000002e97ffa0000 - 0x000002e97ffa3000 	C:\Users\nbalj\.openjfx\cache\17.0.0.1\api-ms-win-core-rtlsupport-l1-1-0.dll
0x000002e97ffb0000 - 0x000002e97ffb3000 	C:\Users\nbalj\.openjfx\cache\17.0.0.1\api-ms-win-core-string-l1-1-0.dll
0x000002e97ffc0000 - 0x000002e97ffc3000 	C:\Users\nbalj\.openjfx\cache\17.0.0.1\api-ms-win-core-synch-l1-1-0.dll
0x000002e97ffd0000 - 0x000002e97ffd3000 	C:\Users\nbalj\.openjfx\cache\17.0.0.1\api-ms-win-core-synch-l1-2-0.dll
0x000002e97ffe0000 - 0x000002e97ffe3000 	C:\Users\nbalj\.openjfx\cache\17.0.0.1\api-ms-win-core-sysinfo-l1-1-0.dll
0x000002e97fff0000 - 0x000002e97fff3000 	C:\Users\nbalj\.openjfx\cache\17.0.0.1\api-ms-win-core-timezone-l1-1-0.dll
0x000002e9134d0000 - 0x000002e9134d3000 	C:\Users\nbalj\.openjfx\cache\17.0.0.1\api-ms-win-core-util-l1-1-0.dll
0x000002e9134e0000 - 0x000002e9134e3000 	C:\Users\nbalj\.openjfx\cache\17.0.0.1\api-ms-win-crt-conio-l1-1-0.dll
0x000002e9134f0000 - 0x000002e9134f4000 	C:\Users\nbalj\.openjfx\cache\17.0.0.1\api-ms-win-crt-convert-l1-1-0.dll
0x000002e913500000 - 0x000002e913503000 	C:\Users\nbalj\.openjfx\cache\17.0.0.1\api-ms-win-crt-environment-l1-1-0.dll
0x000002e913510000 - 0x000002e913513000 	C:\Users\nbalj\.openjfx\cache\17.0.0.1\api-ms-win-crt-filesystem-l1-1-0.dll
0x000002e913520000 - 0x000002e913523000 	C:\Users\nbalj\.openjfx\cache\17.0.0.1\api-ms-win-crt-heap-l1-1-0.dll
0x000002e913530000 - 0x000002e913533000 	C:\Users\nbalj\.openjfx\cache\17.0.0.1\api-ms-win-crt-locale-l1-1-0.dll
0x000002e913540000 - 0x000002e913545000 	C:\Users\nbalj\.openjfx\cache\17.0.0.1\api-ms-win-crt-math-l1-1-0.dll
0x000002e913550000 - 0x000002e913555000 	C:\Users\nbalj\.openjfx\cache\17.0.0.1\api-ms-win-crt-multibyte-l1-1-0.dll
0x000002e913560000 - 0x000002e913570000 	C:\Users\nbalj\.openjfx\cache\17.0.0.1\api-ms-win-crt-private-l1-1-0.dll
0x000002e913570000 - 0x000002e913573000 	C:\Users\nbalj\.openjfx\cache\17.0.0.1\api-ms-win-crt-process-l1-1-0.dll
0x000002e913580000 - 0x000002e913584000 	C:\Users\nbalj\.openjfx\cache\17.0.0.1\api-ms-win-crt-runtime-l1-1-0.dll
0x000002e913590000 - 0x000002e913594000 	C:\Users\nbalj\.openjfx\cache\17.0.0.1\api-ms-win-crt-stdio-l1-1-0.dll
0x000002e9135a0000 - 0x000002e9135a4000 	C:\Users\nbalj\.openjfx\cache\17.0.0.1\api-ms-win-crt-string-l1-1-0.dll
0x000002e9135b0000 - 0x000002e9135b3000 	C:\Users\nbalj\.openjfx\cache\17.0.0.1\api-ms-win-crt-time-l1-1-0.dll
0x000002e9135c0000 - 0x000002e9135c3000 	C:\Users\nbalj\.openjfx\cache\17.0.0.1\api-ms-win-crt-utility-l1-1-0.dll
0x00007ffa102a0000 - 0x00007ffa1039c000 	C:\Users\nbalj\.openjfx\cache\17.0.0.1\ucrtbase.dll
0x00007ffa6bf40000 - 0x00007ffa6bf5a000 	C:\Users\nbalj\.openjfx\cache\17.0.0.1\vcruntime140.dll
0x00007ffa67a90000 - 0x00007ffa67a9c000 	C:\Users\nbalj\.openjfx\cache\17.0.0.1\vcruntime140_1.dll
0x00007ffa44580000 - 0x00007ffa4460d000 	C:\Users\nbalj\.openjfx\cache\17.0.0.1\msvcp140.dll
0x00007ffa58250000 - 0x00007ffa5827a000 	C:\Users\nbalj\.openjfx\cache\17.0.0.1\prism_d3d.dll
0x00007ffa6fb80000 - 0x00007ffa6fd4f000 	C:\Windows\system32\d3d9.dll
0x00007ffa7ab10000 - 0x00007ffa7ab3f000 	C:\Windows\SYSTEM32\dwmapi.dll
0x00007ffa7a830000 - 0x00007ffa7a8ce000 	C:\Windows\system32\uxtheme.dll
0x00007ffa7cb10000 - 0x00007ffa7cb22000 	C:\Windows\SYSTEM32\msasn1.dll
0x00007ffa76820000 - 0x00007ffa76851000 	C:\Windows\SYSTEM32\cryptnet.dll
0x00007ffa7d490000 - 0x00007ffa7d5e6000 	C:\Windows\System32\CRYPT32.dll
0x00007ffa731d0000 - 0x00007ffa73318000 	C:\Windows\SYSTEM32\drvstore.dll
0x00007ffa7ccd0000 - 0x00007ffa7ccfc000 	C:\Windows\SYSTEM32\devobj.dll
0x00007ffa7d5f0000 - 0x00007ffa7d63e000 	C:\Windows\System32\cfgmgr32.dll
0x00007ffa7c8d0000 - 0x00007ffa7c8dc000 	C:\Windows\SYSTEM32\cryptbase.dll
0x00007ffa7d640000 - 0x00007ffa7d6a8000 	C:\Windows\System32\WINTRUST.DLL
0x00007ffa7dc90000 - 0x00007ffa7dcad000 	C:\Windows\System32\imagehlp.dll
0x00007ffa7c8b0000 - 0x00007ffa7c8c8000 	C:\Windows\SYSTEM32\CRYPTSP.dll
0x00007ffa7bfb0000 - 0x00007ffa7bfe4000 	C:\Windows\system32\rsaenh.dll
0x00007ffa7d190000 - 0x00007ffa7d1b7000 	C:\Windows\System32\bcrypt.dll
0x00007ffa42da0000 - 0x00007ffa42de2000 	C:\Users\nbalj\.openjfx\cache\17.0.0.1\glass.dll
0x00007ffa7f1e0000 - 0x00007ffa7f2bb000 	C:\Windows\System32\COMDLG32.dll
0x00007ffa7ef90000 - 0x00007ffa7f0ba000 	C:\Windows\System32\ole32.dll
0x00007ffa7e460000 - 0x00007ffa7e52d000 	C:\Windows\System32\OLEAUT32.dll
0x00007ffa7e6a0000 - 0x00007ffa7e7b5000 	C:\Windows\System32\MSCTF.dll
0x00007ffa31d10000 - 0x00007ffa31fd7000 	C:\Windows\system32\nvspcap64.dll
0x00007ffa7bbe0000 - 0x00007ffa7bc13000 	C:\Windows\SYSTEM32\ntmarta.dll
0x00007ffa7b7b0000 - 0x00007ffa7b7d3000 	C:\Windows\SYSTEM32\gpapi.dll
0x00007ffa73190000 - 0x00007ffa731cb000 	C:\Windows\SYSTEM32\dxcore.dll
0x00007ffa57060000 - 0x00007ffa57094000 	C:\Users\nbalj\AppData\Local\Temp\jSerialComm\1653128004131-jSerialComm.dll
0x00007ffa7eaa0000 - 0x00007ffa7ef11000 	C:\Windows\System32\SETUPAPI.dll
0x00007ffa58220000 - 0x00007ffa5824d000 	C:\Users\nbalj\.openjfx\cache\17.0.0.1\javafx_iio.dll
0x00007ffa50b10000 - 0x00007ffa50b24000 	C:\Users\nbalj\.openjfx\cache\17.0.0.1\javafx_font.dll
0x00007ffa4c490000 - 0x00007ffa4c70f000 	C:\Windows\SYSTEM32\dwrite.dll
0x00007ffa7e570000 - 0x00007ffa7e619000 	C:\Windows\System32\clbcatq.dll
0x00007ffa765d0000 - 0x00007ffa76784000 	C:\Windows\SYSTEM32\WindowsCodecs.dll
0x00007ffa656e0000 - 0x00007ffa6571e000 	C:\Windows\system32\dataexchange.dll
0x00007ffa79c40000 - 0x00007ffa79e25000 	C:\Windows\system32\dcomp.dll
0x00007ffa78e50000 - 0x00007ffa790b4000 	C:\Windows\system32\d3d11.dll
0x00007ffa7b900000 - 0x00007ffa7b9f3000 	C:\Windows\system32\dxgi.dll

dbghelp: loaded successfully - version: 4.0.5 - missing functions: none
symbol engine: initialized successfully - sym options: 0x614 - pdb path: .;C:\Program Files\Java\jdk-17.0.1\bin;C:\Windows\SYSTEM32;C:\Windows\WinSxS\amd64_microsoft.windows.common-controls_6595b64144ccf1df_6.0.19041.1110_none_60b5254171f9507e;C:\Program Files\Java\jdk-17.0.1\bin\server;C:\Program Files\JetBrains\IntelliJ IDEA 2021.2.3\bin;C:\Users\nbalj\.openjfx\cache\17.0.0.1;C:\Windows\System32\DriverStore\FileRepository\nv_dispi.inf_amd64_c0e159863e7afdde;C:\Users\nbalj\AppData\Local\Temp\jSerialComm;C:\Program Files\Common Files\Microsoft Shared\Ink

VM Arguments:
jvm_args: -javaagent:C:\Program Files\JetBrains\IntelliJ IDEA 2021.2.3\lib\idea_rt.jar=64167:C:\Program Files\JetBrains\IntelliJ IDEA 2021.2.3\bin -Dfile.encoding=UTF-8 --module-path=C:\Users\nbalj\.m2\repository\com\fazecast\jSerialComm\2.9.1\jSerialComm-2.9.1.jar;C:\Users\nbalj\.m2\repository\org\openjfx\javafx-controls\17.0.0.1\javafx-controls-17.0.0.1-win.jar;C:\Users\nbalj\Documents\GitHub\project3-4\CodePC\ProjectGUI\target\classes;C:\Users\nbalj\.m2\repository\org\kordamp\ikonli\ikonli-javafx\12.2.0\ikonli-javafx-12.2.0.jar;C:\Users\nbalj\.m2\repository\org\openjfx\javafx-graphics\17.0.0.1\javafx-graphics-17.0.0.1-win.jar;C:\Users\nbalj\.m2\repository\org\openjfx\javafx-web\17.0.0.1\javafx-web-17.0.0.1-win.jar;C:\Users\nbalj\.m2\repository\org\openjfx\javafx-fxml\17.0.0.1\javafx-fxml-17.0.0.1-win.jar;C:\Users\nbalj\.m2\repository\org\controlsfx\controlsfx\11.1.0\controlsfx-11.1.0.jar;C:\Users\nbalj\.m2\repository\com\dlsc\formsfx\formsfx-core\11.3.2\formsfx-core-11.3.2.jar;C:\Users\nbalj\.m2\repository\org\openjfx\javafx-base\17.0.0.1\javafx-base-17.0.0.1-win.jar;C:\Users\nbalj\.m2\repository\eu\hansolo\tilesfx\11.48\tilesfx-11.48.jar;C:\Users\nbalj\.m2\repository\org\kordamp\ikonli\ikonli-core\12.2.0\ikonli-core-12.2.0.jar;C:\Users\nbalj\.m2\repository\org\kordamp\bootstrapfx\bootstrapfx-core\0.4.0\bootstrapfx-core-0.4.0.jar;C:\Users\nbalj\.m2\repository\org\openjfx\javafx-media\17.0.0.1\javafx-media-17.0.0.1-win.jar;C:\Users\nbalj\.m2\repository\net\synedra\validatorfx\0.1.13\validatorfx-0.1.13.jar -Djdk.module.main=com.example.projectgui 
java_command: com.example.projectgui/com.example.projectgui.HelloApplication
java_class_path (initial): C:\Users\nbalj\.m2\repository\org\openjfx\javafx-controls\17.0.0.1\javafx-controls-17.0.0.1.jar;C:\Users\nbalj\.m2\repository\org\openjfx\javafx-graphics\17.0.0.1\javafx-graphics-17.0.0.1.jar;C:\Users\nbalj\.m2\repository\org\openjfx\javafx-base\17.0.0.1\javafx-base-17.0.0.1.jar;C:\Users\nbalj\.m2\repository\org\openjfx\javafx-fxml\17.0.0.1\javafx-fxml-17.0.0.1.jar;C:\Users\nbalj\.m2\repository\org\openjfx\javafx-web\17.0.0.1\javafx-web-17.0.0.1.jar;C:\Users\nbalj\.m2\repository\org\openjfx\javafx-media\17.0.0.1\javafx-media-17.0.0.1.jar;C:\Users\nbalj\.m2\repository\mysql\mysql-connector-java\8.0.28\mysql-connector-java-8.0.28.jar;C:\Users\nbalj\.m2\repository\com\google\protobuf\protobuf-java\3.11.4\protobuf-java-3.11.4.jar
Launcher Type: SUN_STANDARD

[Global flags]
     intx CICompilerCount                          = 4                                         {product} {ergonomic}
     uint ConcGCThreads                            = 3                                         {product} {ergonomic}
     uint G1ConcRefinementThreads                  = 10                                        {product} {ergonomic}
   size_t G1HeapRegionSize                         = 2097152                                   {product} {ergonomic}
    uintx GCDrainStackTargetSize                   = 64                                        {product} {ergonomic}
   size_t InitialHeapSize                          = 268435456                                 {product} {ergonomic}
   size_t MarkStackSize                            = 4194304                                   {product} {ergonomic}
   size_t MaxHeapSize                              = 4265607168                                {product} {ergonomic}
   size_t MaxNewSize                               = 2558525440                                {product} {ergonomic}
   size_t MinHeapDeltaBytes                        = 2097152                                   {product} {ergonomic}
   size_t MinHeapSize                              = 8388608                                   {product} {ergonomic}
    uintx NonNMethodCodeHeapSize                   = 5839372                                {pd product} {ergonomic}
    uintx NonProfiledCodeHeapSize                  = 122909434                              {pd product} {ergonomic}
    uintx ProfiledCodeHeapSize                     = 122909434                              {pd product} {ergonomic}
    uintx ReservedCodeCacheSize                    = 251658240                              {pd product} {ergonomic}
     bool SegmentedCodeCache                       = true                                      {product} {ergonomic}
   size_t SoftMaxHeapSize                          = 4265607168                             {manageable} {ergonomic}
     bool UseCompressedClassPointers               = true                           {product lp64_product} {ergonomic}
     bool UseCompressedOops                        = true                           {product lp64_product} {ergonomic}
     bool UseG1GC                                  = true                                      {product} {ergonomic}
     bool UseLargePagesIndividualAllocation        = false                                  {pd product} {ergonomic}

Logging:
Log output configuration:
 #0: stdout all=warning uptime,level,tags
 #1: stderr all=off uptime,level,tags

Environment Variables:
JAVA_HOME=C:\Program Files\Java\jdk-17.0.1
PATH=C:\Program Files\Common Files\Oracle\Java\javapath;C:\Program Files (x86)\Common Files\Oracle\Java\javapath;C:\Program Files (x86)\Common Files\Intel\Shared Libraries\redist\intel64_win\compiler;C:\Windows\system32;C:\Windows;C:\Windows\System32\Wbem;C:\Windows\System32\WindowsPowerShell\v1.0\;C:\Windows\System32\OpenSSH\;C:\Program Files\NVIDIA Corporation\NVIDIA NvDLISR;C:\Program Files (x86)\NVIDIA Corporation\PhysX\Common;C:\Program Files\PowerShell\7\;C:\Program Files (x86)\mingw-w64\i686-8.1.0-posix-dwarf-rt_v6-rev0\mingw32\bin;C:\Program Files\Java\jdk-17.0.1;C:\Program Files\dotnet\;C:\Program Files\Git\cmd;C:\Program Files\PuTTY\;C:\Program Files\OpenSSL-Win64\bin;C:\Program Files\Java\jdk-18;C:\Users\nbalj\AppData\Local\Microsoft\WindowsApps;C:\Users\nbalj\AppData\Local\Programs\Microsoft VS Code\bin;C:\Program Files\Inkscape\bin;C:\Program Files\JetBrains\IntelliJ IDEA 2021.2.3\bin;;C:\Users\nbalj\.dotnet\tools;C:\Users\nbalj\AppData\Local\GitHubDesktop\bin
USERNAME=nbalj
OS=Windows_NT
PROCESSOR_IDENTIFIER=AMD64 Family 23 Model 113 Stepping 0, AuthenticAMD



---------------  S Y S T E M  ---------------

OS:
 Windows 10 , 64 bit Build 19041 (10.0.19041.1706)
OS uptime: 7 days 0:48 hours
Hyper-V role detected

CPU: total 12 (initial active 12) (12 cores per cpu, 2 threads per core) family 23 model 113 stepping 0 microcode 0x0, cx8, cmov, fxsr, ht, mmx, 3dnowpref, sse, sse2, sse3, ssse3, sse4a, sse4.1, sse4.2, popcnt, lzcnt, tsc, tscinvbit, avx, avx2, aes, clmul, bmi1, bmi2, adx, sha, fma, vzeroupper, clflush, clflushopt, hv

Memory: 4k page, system-wide physical 16265M (6308M free)
TotalPageFile size 22153M (AvailPageFile size 6834M)
current process WorkingSet (physical memory assigned to process): 382M, peak: 443M
current process commit charge ("private bytes"): 659M, peak: 719M

vm_info: Java HotSpot(TM) 64-Bit Server VM (17.0.1+12-LTS-39) for windows-amd64 JRE (17.0.1+12-LTS-39), built on Sep 27 2021 18:41:35 by "mach5one" with MS VC++ 16.8 (VS2019)

END.
