#
# A fatal error has been detected by the Java Runtime Environment:
#
#  EXCEPTION_ACCESS_VIOLATION (0xc0000005) at pc=0x00007ffa7f873416, pid=23532, tid=13696
#
# JRE version: Java(TM) SE Runtime Environment (17.0.1+12) (build 17.0.1+12-LTS-39)
# Java VM: Java HotSpot(TM) 64-Bit Server VM (17.0.1+12-LTS-39, mixed mode, sharing, tiered, compressed oops, compressed class ptrs, g1 gc, windows-amd64)
# Problematic frame:
# C  [ntdll.dll+0x63416]
#
# No core dump will be written. Minidumps are not enabled by default on client versions of Windows
#
# If you would like to submit a bug report, please visit:
#   https://bugreport.java.com/bugreport/crash.jsp
# The crash happened outside the Java Virtual Machine in native code.
# See problematic frame for where to report the bug.
#

---------------  S U M M A R Y ------------

Command Line: -javaagent:C:\Program Files\JetBrains\IntelliJ IDEA 2021.2.3\lib\idea_rt.jar=64895:C:\Program Files\JetBrains\IntelliJ IDEA 2021.2.3\bin -Dfile.encoding=UTF-8 --module-path=C:\Users\nbalj\.m2\repository\com\fazecast\jSerialComm\2.9.1\jSerialComm-2.9.1.jar;C:\Users\nbalj\.m2\repository\org\openjfx\javafx-controls\17.0.0.1\javafx-controls-17.0.0.1-win.jar;C:\Users\nbalj\Documents\GitHub\project3-4\CodePC\ProjectGUI\target\classes;C:\Users\nbalj\.m2\repository\org\kordamp\ikonli\ikonli-javafx\12.2.0\ikonli-javafx-12.2.0.jar;C:\Users\nbalj\.m2\repository\org\openjfx\javafx-graphics\17.0.0.1\javafx-graphics-17.0.0.1-win.jar;C:\Users\nbalj\.m2\repository\org\openjfx\javafx-web\17.0.0.1\javafx-web-17.0.0.1-win.jar;C:\Users\nbalj\.m2\repository\org\openjfx\javafx-fxml\17.0.0.1\javafx-fxml-17.0.0.1-win.jar;C:\Users\nbalj\.m2\repository\org\controlsfx\controlsfx\11.1.0\controlsfx-11.1.0.jar;C:\Users\nbalj\.m2\repository\com\dlsc\formsfx\formsfx-core\11.3.2\formsfx-core-11.3.2.jar;C:\Users\nbalj\.m2\repository\org\openjfx\javafx-base\17.0.0.1\javafx-base-17.0.0.1-win.jar;C:\Users\nbalj\.m2\repository\eu\hansolo\tilesfx\11.48\tilesfx-11.48.jar;C:\Users\nbalj\.m2\repository\org\kordamp\ikonli\ikonli-core\12.2.0\ikonli-core-12.2.0.jar;C:\Users\nbalj\.m2\repository\org\kordamp\bootstrapfx\bootstrapfx-core\0.4.0\bootstrapfx-core-0.4.0.jar;C:\Users\nbalj\.m2\repository\org\openjfx\javafx-media\17.0.0.1\javafx-media-17.0.0.1-win.jar;C:\Users\nbalj\.m2\repository\net\synedra\validatorfx\0.1.13\validatorfx-0.1.13.jar -Djdk.module.main=com.example.projectgui com.example.projectgui/com.example.projectgui.HelloApplication

Host: AMD Ryzen 5 3600 6-Core Processor              , 12 cores, 15G,  Windows 10 , 64 bit Build 19041 (10.0.19041.1706)
Time: Sat May 21 15:51:36 2022 W. Europe Summer Time elapsed time: 161.213753 seconds (0d 0h 2m 41s)

---------------  T H R E A D  ---------------

Current thread (0x000001bda800a3b0):  JavaThread "Thread-5" [_thread_in_native, id=13696, stack(0x000000491e900000,0x000000491ea00000)]

Stack: [0x000000491e900000,0x000000491ea00000],  sp=0x000000491e9fee20,  free space=1019k
Native frames: (J=compiled Java code, j=interpreted, Vv=VM code, C=native code)
C  [ntdll.dll+0x63416]
C  [ntdll.dll+0x2fcb4]
C  [ntdll.dll+0x2fae2]
C  [1653140935890-jSerialComm.dll+0x3cb2]

Java frames: (J=compiled Java code, j=interpreted, Vv=VM code)
j  com.fazecast.jSerialComm.SerialPort.closePortNative(J)J+0 com.fazecast.jSerialComm
j  com.fazecast.jSerialComm.SerialPort.closePort()Z+29 com.fazecast.jSerialComm
j  com.example.projectgui.ArduinoControls.lambda$setupCommunication$0()V+3 com.example.projectgui
j  com.example.projectgui.ArduinoControls$$Lambda$148+0x0000000800cbaca8.run()V+0 com.example.projectgui
j  java.lang.Thread.run()V+11 java.base@17.0.1
v  ~StubRoutines::call_stub

siginfo: EXCEPTION_ACCESS_VIOLATION (0xc0000005), writing address 0x0000000000000024


Register to memory mapping:

RIP=0x00007ffa7f873416 ntdll.dll
RAX=0x0 is NULL
RBX=0x00007ffa4462fd00 1653140935890-jSerialComm.dll
RCX=0x00007ffa4462fd00 1653140935890-jSerialComm.dll
RDX=0x00000000fffffffa is an unknown value
RSP=0x000000491e9fee20 is pointing into the stack for thread: 0x000001bda800a3b0
RBP=0x000000491e9ff000 is pointing into the stack for thread: 0x000001bda800a3b0
RSI=0x0 is NULL
RDI=0x0 is NULL
R8 =0x0 is NULL
R9 =0x00007ffa4462fd00 1653140935890-jSerialComm.dll
R10=0x0 is NULL
R11=0x0000000000000246 is an unknown value
R12=0x0 is NULL
R13=0x000000491e618000 points into unknown readable memory: 0x0000000000000000 | 00 00 00 00 00 00 00 00
R14=0x0000000000000001 is an unknown value
R15=0x0 is NULL


Registers:
RAX=0x0000000000000000, RBX=0x00007ffa4462fd00, RCX=0x00007ffa4462fd00, RDX=0x00000000fffffffa
RSP=0x000000491e9fee20, RBP=0x000000491e9ff000, RSI=0x0000000000000000, RDI=0x0000000000000000
R8 =0x0000000000000000, R9 =0x00007ffa4462fd00, R10=0x0000000000000000, R11=0x0000000000000246
R12=0x0000000000000000, R13=0x000000491e618000, R14=0x0000000000000001, R15=0x0000000000000000
RIP=0x00007ffa7f873416, EFLAGS=0x0000000000010213

Top of Stack: (sp=0x000000491e9fee20)
0x000000491e9fee20:   ffffffffffffffff 00007ffa4462fd00
0x000000491e9fee30:   0000000000000000 0000000000000000
0x000000491e9fee40:   0000000000000000 0000000000000000
0x000000491e9fee50:   0000000000000000 0000000000000000
0x000000491e9fee60:   0000000000000000 00000000fffffffa
0x000000491e9fee70:   000000491e618000 0000000000000000
0x000000491e9fee80:   0000000000000000 0000000000000000
0x000000491e9fee90:   0000000000000000 0000000000000000
0x000000491e9feea0:   0000000000000000 0000000000000000
0x000000491e9feeb0:   0000cb46192e4ad1 0000000000000000
0x000000491e9feec0:   000001bda800a300 0000000000000001
0x000000491e9feed0:   0000000000000001 0000000000000001
0x000000491e9feee0:   0000000000000000 00007ffa4462fd00
0x000000491e9feef0:   000000491e9ff000 00007ffa7f83fcb4
0x000000491e9fef00:   0000000000000000 0000000000000000
0x000000491e9fef10:   00000000fffffffa 0000000000000000 

Instructions: (pc=0x00007ffa7f873416)
0x00007ffa7f873316:   20 e9 ed fe ff ff 48 89 41 18 e9 e4 fe ff ff cc
0x00007ffa7f873326:   cc cc cc cc cc cc cc cc cc cc 80 3d d1 71 10 00
0x00007ffa7f873336:   00 0f 95 c0 c3 cc cc cc cc cc cc cc cc cc cc cc
0x00007ffa7f873346:   cc cc cc cc cc cc cc cc cc cc 48 83 ec 38 8b 05
0x00007ffa7f873356:   d2 57 10 00 89 44 24 20 e8 41 02 00 00 48 83 c4
0x00007ffa7f873366:   38 c3 cc cc cc cc cc cc cc cc 48 89 5c 24 18 55
0x00007ffa7f873376:   56 57 41 54 41 55 41 56 41 57 48 81 ec a0 00 00
0x00007ffa7f873386:   00 48 8b 05 82 f1 11 00 48 33 c4 48 89 84 24 90
0x00007ffa7f873396:   00 00 00 65 4c 8b 2c 25 30 00 00 00 48 8d 05 4f
0x00007ffa7f8733a6:   11 10 00 40 32 ed 89 54 24 48 33 f6 40 88 6c 24
0x00007ffa7f8733b6:   40 4c 89 6c 24 50 48 8b d9 44 8b e6 48 3b c8 0f
0x00007ffa7f8733c6:   84 39 01 00 00 40 38 35 36 71 10 00 0f 85 a8 01
0x00007ffa7f8733d6:   00 00 39 35 4a 71 10 00 0f 85 6a 01 00 00 40 38
0x00007ffa7f8733e6:   35 0d 6c 10 00 48 8d 3d 0e 6c 10 00 48 0f 45 fe
0x00007ffa7f8733f6:   48 39 73 18 0f 84 d2 00 00 00 48 8b 03 48 83 f8
0x00007ffa7f873406:   ff 0f 84 d2 00 00 00 44 8b fe 48 83 f8 ff 74 03
0x00007ffa7f873416:   ff 40 24 4c 8b 73 18 4c 8d 2d d4 10 10 00 bd 22
0x00007ffa7f873426:   17 00 00 e8 22 14 fc ff 85 c0 0f 85 be b2 05 00
0x00007ffa7f873436:   b9 82 03 fe 7f 80 39 00 0f 85 cc b2 05 00 49 83
0x00007ffa7f873446:   fe ff 0f 85 5a b3 05 00 4c 8b cf c7 44 24 20 00
0x00007ffa7f873456:   00 00 00 41 b8 04 00 00 00 48 8d 54 24 48 48 8d
0x00007ffa7f873466:   4b 08 e8 37 01 00 00 3d 02 01 00 00 0f 84 43 b3
0x00007ffa7f873476:   05 00 8b 4b 08 89 4c 24 48 f6 c1 02 75 ca 3d 02
0x00007ffa7f873486:   01 00 00 0f 84 2c b3 05 00 0f b6 6c 24 40 4c 8b
0x00007ffa7f873496:   6c 24 50 85 c0 0f 88 78 b4 05 00 40 84 ed 75 73
0x00007ffa7f8734a6:   48 8b 8c 24 90 00 00 00 48 33 cc e8 7a 8d 02 00
0x00007ffa7f8734b6:   48 8b 9c 24 f0 00 00 00 48 81 c4 a0 00 00 00 41
0x00007ffa7f8734c6:   5f 41 5e 41 5d 41 5c 5f 5e 5d c3 cc 48 8b cb e8
0x00007ffa7f8734d6:   56 05 00 00 e9 21 ff ff ff 8b 4b 20 48 c7 c0 ff
0x00007ffa7f8734e6:   ff ff ff 48 0f ba e1 18 0f 82 19 ff ff ff 48 8b
0x00007ffa7f8734f6:   cb e8 44 e3 fa ff 48 8b 03 e9 09 ff ff ff c6 44
0x00007ffa7f873506:   24 40 01 41 c7 85 60 17 00 00 01 00 00 00 e9 b2 


Stack slot to memory mapping:
stack at sp + 0 slots: 0xffffffffffffffff is an unknown value
stack at sp + 1 slots: 0x00007ffa4462fd00 1653140935890-jSerialComm.dll
stack at sp + 2 slots: 0x0 is NULL
stack at sp + 3 slots: 0x0 is NULL
stack at sp + 4 slots: 0x0 is NULL
stack at sp + 5 slots: 0x0 is NULL
stack at sp + 6 slots: 0x0 is NULL
stack at sp + 7 slots: 0x0 is NULL


---------------  P R O C E S S  ---------------

Threads class SMR info:
_java_thread_list=0x000001bda83ea190, length=23, elements={
0x000001bd832a9060, 0x000001bda639ce60, 0x000001bda639dbe0, 0x000001bda63aed60,
0x000001bda63b1730, 0x000001bda63b1ff0, 0x000001bda63b28b0, 0x000001bda63b3550,
0x000001bda63b3f00, 0x000001bda63b9d10, 0x000001bda6385380, 0x000001bda7072030,
0x000001bda766e820, 0x000001bda7987330, 0x000001bda77cb430, 0x000001bda77cda60,
0x000001bda7e90280, 0x000001bda7eeb550, 0x000001bda800bbc0, 0x000001bda800c090,
0x000001bda800ca30, 0x000001bda800ad50, 0x000001bda800a3b0
}

Java Threads: ( => current thread )
  0x000001bd832a9060 JavaThread "main" [_thread_blocked, id=14028, stack(0x000000491eb00000,0x000000491ec00000)]
  0x000001bda639ce60 JavaThread "Reference Handler" daemon [_thread_blocked, id=18660, stack(0x000000491f200000,0x000000491f300000)]
  0x000001bda639dbe0 JavaThread "Finalizer" daemon [_thread_blocked, id=27064, stack(0x000000491f300000,0x000000491f400000)]
  0x000001bda63aed60 JavaThread "Signal Dispatcher" daemon [_thread_blocked, id=19268, stack(0x000000491f400000,0x000000491f500000)]
  0x000001bda63b1730 JavaThread "Attach Listener" daemon [_thread_blocked, id=15604, stack(0x000000491f500000,0x000000491f600000)]
  0x000001bda63b1ff0 JavaThread "Service Thread" daemon [_thread_blocked, id=19312, stack(0x000000491f600000,0x000000491f700000)]
  0x000001bda63b28b0 JavaThread "Monitor Deflation Thread" daemon [_thread_blocked, id=5268, stack(0x000000491f700000,0x000000491f800000)]
  0x000001bda63b3550 JavaThread "C2 CompilerThread0" daemon [_thread_blocked, id=27188, stack(0x000000491f800000,0x000000491f900000)]
  0x000001bda63b3f00 JavaThread "C1 CompilerThread0" daemon [_thread_blocked, id=24944, stack(0x000000491f900000,0x000000491fa00000)]
  0x000001bda63b9d10 JavaThread "Sweeper thread" daemon [_thread_blocked, id=25472, stack(0x000000491fa00000,0x000000491fb00000)]
  0x000001bda6385380 JavaThread "Common-Cleaner" daemon [_thread_blocked, id=19640, stack(0x000000491fb00000,0x000000491fc00000)]
  0x000001bda7072030 JavaThread "Monitor Ctrl-Break" daemon [_thread_in_native, id=2756, stack(0x000000491fe00000,0x000000491ff00000)]
  0x000001bda766e820 JavaThread "Notification Thread" daemon [_thread_blocked, id=25620, stack(0x000000491ff00000,0x0000004920000000)]
  0x000001bda7987330 JavaThread "InvokeLaterDispatcher" daemon [_thread_blocked, id=23252, stack(0x0000004920300000,0x0000004920400000)]
  0x000001bda77cb430 JavaThread "JavaFX Application Thread" [_thread_in_native, id=23068, stack(0x0000004920400000,0x0000004920500000)]
  0x000001bda77cda60 JavaThread "JavaFX-Launcher" [_thread_blocked, id=24196, stack(0x000000491fd00000,0x000000491fe00000)]
  0x000001bda7e90280 JavaThread "Thread-2" daemon [_thread_in_native, id=2380, stack(0x000000491fc00000,0x000000491fd00000)]
  0x000001bda7eeb550 JavaThread "Thread-4" [_thread_blocked, id=4980, stack(0x0000004920b00000,0x0000004920c00000)]
  0x000001bda800bbc0 JavaThread "Prism Font Disposer" daemon [_thread_blocked, id=28612, stack(0x0000004921100000,0x0000004921200000)]
  0x000001bda800c090 JavaThread "Cleaner-0" daemon [_thread_blocked, id=21080, stack(0x0000004921200000,0x0000004921300000)]
  0x000001bda800ca30 JavaThread "Timer-0" [_thread_blocked, id=12928, stack(0x0000004920c00000,0x0000004920d00000)]
  0x000001bda800ad50 JavaThread "SIGINT handler" daemon [_thread_blocked, id=29480, stack(0x000000491e800000,0x000000491e900000)]
=>0x000001bda800a3b0 JavaThread "Thread-5" [_thread_in_native, id=13696, stack(0x000000491e900000,0x000000491ea00000)]

Other Threads:
  0x000001bda6398350 VMThread "VM Thread" [stack: 0x000000491f100000,0x000000491f200000] [id=13688]
  0x000001bda7328120 WatcherThread [stack: 0x0000004920000000,0x0000004920100000] [id=19840]
  0x000001bd832f5c70 GCTaskThread "GC Thread#0" [stack: 0x000000491ec00000,0x000000491ed00000] [id=21340]
  0x000001bda7d58ea0 GCTaskThread "GC Thread#1" [stack: 0x0000004920600000,0x0000004920700000] [id=5028]
  0x000001bda7e58e30 GCTaskThread "GC Thread#2" [stack: 0x0000004920700000,0x0000004920800000] [id=17844]
  0x000001bda7eb39e0 GCTaskThread "GC Thread#3" [stack: 0x0000004920800000,0x0000004920900000] [id=23564]
  0x000001bda7e9c060 GCTaskThread "GC Thread#4" [stack: 0x0000004920900000,0x0000004920a00000] [id=4280]
  0x000001bda7e9c310 GCTaskThread "GC Thread#5" [stack: 0x0000004920a00000,0x0000004920b00000] [id=28084]
  0x000001bda83ec000 GCTaskThread "GC Thread#6" [stack: 0x0000004921300000,0x0000004921400000] [id=6800]
  0x000001bda83f16f0 GCTaskThread "GC Thread#7" [stack: 0x0000004921400000,0x0000004921500000] [id=14280]
  0x000001bda8619130 GCTaskThread "GC Thread#8" [stack: 0x0000004921500000,0x0000004921600000] [id=280]
  0x000001bda85fc490 GCTaskThread "GC Thread#9" [stack: 0x0000004921600000,0x0000004921700000] [id=29408]
  0x000001bd811cbb70 ConcurrentGCThread "G1 Main Marker" [stack: 0x000000491ed00000,0x000000491ee00000] [id=20068]
  0x000001bd811cc390 ConcurrentGCThread "G1 Conc#0" [stack: 0x000000491ee00000,0x000000491ef00000] [id=27940]
  0x000001bd8337e7a0 ConcurrentGCThread "G1 Refine#0" [stack: 0x000000491ef00000,0x000000491f000000] [id=25496]
  0x000001bda83d5980 ConcurrentGCThread "G1 Refine#1" [stack: 0x0000004921700000,0x0000004921800000] [id=13100]
  0x000001bda83ad9f0 ConcurrentGCThread "G1 Refine#2" [stack: 0x0000004921800000,0x0000004921900000] [id=26840]
  0x000001bda860cc20 ConcurrentGCThread "G1 Refine#3" [stack: 0x0000004921900000,0x0000004921a00000] [id=30832]
  0x000001bda624d290 ConcurrentGCThread "G1 Service" [stack: 0x000000491f000000,0x000000491f100000] [id=28156]

Threads with active compile tasks:

VM state: not at safepoint (normal execution)

VM Mutex/Monitor currently owned by a thread: None

Heap address: 0x0000000701c00000, size: 4068 MB, Compressed Oops mode: Zero based, Oop shift amount: 3

CDS archive(s) mapped at: [0x0000000800000000-0x0000000800bc0000-0x0000000800bc0000), size 12320768, SharedBaseAddress: 0x0000000800000000, ArchiveRelocationMode: 0.
Compressed class space mapped at: 0x0000000800c00000-0x0000000840c00000, reserved size: 1073741824
Narrow klass base: 0x0000000800000000, Narrow klass shift: 0, Narrow klass range: 0x100000000

GC Precious Log:
 CPUs: 12 total, 12 available
 Memory: 16265M
 Large Page Support: Disabled
 NUMA Support: Disabled
 Compressed Oops: Enabled (Zero based)
 Heap Region Size: 2M
 Heap Min Capacity: 8M
 Heap Initial Capacity: 256M
 Heap Max Capacity: 4068M
 Pre-touch: Disabled
 Parallel Workers: 10
 Concurrent Workers: 3
 Concurrent Refinement Workers: 10
 Periodic GC: Disabled

Heap:
 garbage-first heap   total 262144K, used 155948K [0x0000000701c00000, 0x0000000800000000)
  region size 2048K, 40 young (81920K), 3 survivors (6144K)
 Metaspace       used 14421K, committed 14720K, reserved 1064960K
  class space    used 1910K, committed 2048K, reserved 1048576K

Heap Regions: E=young(eden), S=young(survivor), O=old, HS=humongous(starts), HC=humongous(continues), CS=collection set, F=free, OA=open archive, CA=closed archive, TAMS=top-at-mark-start (previous, next)
|   0|0x0000000701c00000, 0x0000000701e00000, 0x0000000701e00000|100%|HS|  |TAMS 0x0000000701c00000, 0x0000000701c00000| Complete 
|   1|0x0000000701e00000, 0x0000000702000000, 0x0000000702000000|100%|HC|  |TAMS 0x0000000701e00000, 0x0000000701e00000| Complete 
|   2|0x0000000702000000, 0x0000000702200000, 0x0000000702200000|100%|HC|  |TAMS 0x0000000702000000, 0x0000000702000000| Complete 
|   3|0x0000000702200000, 0x0000000702400000, 0x0000000702400000|100%|HC|  |TAMS 0x0000000702200000, 0x0000000702200000| Complete 
|   4|0x0000000702400000, 0x0000000702600000, 0x0000000702600000|100%|HC|  |TAMS 0x0000000702400000, 0x0000000702400000| Complete 
|   5|0x0000000702600000, 0x0000000702800000, 0x0000000702800000|100%|HC|  |TAMS 0x0000000702600000, 0x0000000702600000| Complete 
|   6|0x0000000702800000, 0x0000000702a00000, 0x0000000702a00000|100%|HC|  |TAMS 0x0000000702800000, 0x0000000702800000| Complete 
|   7|0x0000000702a00000, 0x0000000702c00000, 0x0000000702c00000|100%|HC|  |TAMS 0x0000000702a00000, 0x0000000702a00000| Complete 
|   8|0x0000000702c00000, 0x0000000702e00000, 0x0000000702e00000|100%|HC|  |TAMS 0x0000000702c00000, 0x0000000702c00000| Complete 
|   9|0x0000000702e00000, 0x0000000703000000, 0x0000000703000000|100%|HC|  |TAMS 0x0000000702e00000, 0x0000000702e00000| Complete 
|  10|0x0000000703000000, 0x0000000703200000, 0x0000000703200000|100%|HC|  |TAMS 0x0000000703000000, 0x0000000703000000| Complete 
|  11|0x0000000703200000, 0x0000000703400000, 0x0000000703400000|100%|HC|  |TAMS 0x0000000703200000, 0x0000000703200000| Complete 
|  12|0x0000000703400000, 0x0000000703600000, 0x0000000703600000|100%|HS|  |TAMS 0x0000000703400000, 0x0000000703400000| Complete 
|  13|0x0000000703600000, 0x0000000703800000, 0x0000000703800000|100%|HS|  |TAMS 0x0000000703600000, 0x0000000703600000| Complete 
|  14|0x0000000703800000, 0x0000000703a00000, 0x0000000703a00000|100%|HC|  |TAMS 0x0000000703800000, 0x0000000703800000| Complete 
|  15|0x0000000703a00000, 0x0000000703c00000, 0x0000000703c00000|100%|HC|  |TAMS 0x0000000703a00000, 0x0000000703a00000| Complete 
|  16|0x0000000703c00000, 0x0000000703e00000, 0x0000000703e00000|100%|HC|  |TAMS 0x0000000703c00000, 0x0000000703c00000| Complete 
|  17|0x0000000703e00000, 0x0000000704000000, 0x0000000704000000|100%|HC|  |TAMS 0x0000000703e00000, 0x0000000703e00000| Complete 
|  18|0x0000000704000000, 0x0000000704200000, 0x0000000704200000|100%|HC|  |TAMS 0x0000000704000000, 0x0000000704000000| Complete 
|  19|0x0000000704200000, 0x0000000704400000, 0x0000000704400000|100%|HC|  |TAMS 0x0000000704200000, 0x0000000704200000| Complete 
|  20|0x0000000704400000, 0x0000000704600000, 0x0000000704600000|100%|HC|  |TAMS 0x0000000704400000, 0x0000000704400000| Complete 
|  21|0x0000000704600000, 0x0000000704800000, 0x0000000704800000|100%|HC|  |TAMS 0x0000000704600000, 0x0000000704600000| Complete 
|  22|0x0000000704800000, 0x0000000704a00000, 0x0000000704a00000|100%|HC|  |TAMS 0x0000000704800000, 0x0000000704800000| Complete 
|  23|0x0000000704a00000, 0x0000000704c00000, 0x0000000704c00000|100%|HC|  |TAMS 0x0000000704a00000, 0x0000000704a00000| Complete 
|  24|0x0000000704c00000, 0x0000000704e00000, 0x0000000704e00000|100%|HC|  |TAMS 0x0000000704c00000, 0x0000000704c00000| Complete 
|  25|0x0000000704e00000, 0x0000000705000000, 0x0000000705000000|100%| O|  |TAMS 0x0000000704e00000, 0x0000000704e00000| Untracked 
|  26|0x0000000705000000, 0x000000070504b000, 0x0000000705200000| 14%| O|  |TAMS 0x0000000705000000, 0x0000000705000000| Untracked 
|  27|0x0000000705200000, 0x0000000705400000, 0x0000000705400000|100%|HS|  |TAMS 0x0000000705200000, 0x0000000705200000| Complete 
|  28|0x0000000705400000, 0x0000000705600000, 0x0000000705600000|100%|HC|  |TAMS 0x0000000705400000, 0x0000000705400000| Complete 
|  29|0x0000000705600000, 0x0000000705800000, 0x0000000705800000|100%|HC|  |TAMS 0x0000000705600000, 0x0000000705600000| Complete 
|  30|0x0000000705800000, 0x0000000705a00000, 0x0000000705a00000|100%|HC|  |TAMS 0x0000000705800000, 0x0000000705800000| Complete 
|  31|0x0000000705a00000, 0x0000000705c00000, 0x0000000705c00000|100%|HC|  |TAMS 0x0000000705a00000, 0x0000000705a00000| Complete 
|  32|0x0000000705c00000, 0x0000000705e00000, 0x0000000705e00000|100%|HC|  |TAMS 0x0000000705c00000, 0x0000000705c00000| Complete 
|  33|0x0000000705e00000, 0x0000000706000000, 0x0000000706000000|100%|HC|  |TAMS 0x0000000705e00000, 0x0000000705e00000| Complete 
|  34|0x0000000706000000, 0x0000000706200000, 0x0000000706200000|100%|HC|  |TAMS 0x0000000706000000, 0x0000000706000000| Complete 
|  35|0x0000000706200000, 0x0000000706400000, 0x0000000706400000|100%|HC|  |TAMS 0x0000000706200000, 0x0000000706200000| Complete 
|  36|0x0000000706400000, 0x0000000706600000, 0x0000000706600000|100%|HC|  |TAMS 0x0000000706400000, 0x0000000706400000| Complete 
|  37|0x0000000706600000, 0x0000000706800000, 0x0000000706800000|100%|HC|  |TAMS 0x0000000706600000, 0x0000000706600000| Complete 
|  38|0x0000000706800000, 0x0000000706a00000, 0x0000000706a00000|100%|HC|  |TAMS 0x0000000706800000, 0x0000000706800000| Complete 
|  39|0x0000000706a00000, 0x0000000706a00000, 0x0000000706c00000|  0%| F|  |TAMS 0x0000000706a00000, 0x0000000706a00000| Untracked 
|  40|0x0000000706c00000, 0x0000000706c00000, 0x0000000706e00000|  0%| F|  |TAMS 0x0000000706c00000, 0x0000000706c00000| Untracked 
|  41|0x0000000706e00000, 0x0000000706e00000, 0x0000000707000000|  0%| F|  |TAMS 0x0000000706e00000, 0x0000000706e00000| Untracked 
|  42|0x0000000707000000, 0x0000000707000000, 0x0000000707200000|  0%| F|  |TAMS 0x0000000707000000, 0x0000000707000000| Untracked 
|  43|0x0000000707200000, 0x0000000707200000, 0x0000000707400000|  0%| F|  |TAMS 0x0000000707200000, 0x0000000707200000| Untracked 
|  44|0x0000000707400000, 0x0000000707400000, 0x0000000707600000|  0%| F|  |TAMS 0x0000000707400000, 0x0000000707400000| Untracked 
|  45|0x0000000707600000, 0x0000000707600000, 0x0000000707800000|  0%| F|  |TAMS 0x0000000707600000, 0x0000000707600000| Untracked 
|  46|0x0000000707800000, 0x0000000707800000, 0x0000000707a00000|  0%| F|  |TAMS 0x0000000707800000, 0x0000000707800000| Untracked 
|  47|0x0000000707a00000, 0x0000000707a00000, 0x0000000707c00000|  0%| F|  |TAMS 0x0000000707a00000, 0x0000000707a00000| Untracked 
|  48|0x0000000707c00000, 0x0000000707c00000, 0x0000000707e00000|  0%| F|  |TAMS 0x0000000707c00000, 0x0000000707c00000| Untracked 
|  49|0x0000000707e00000, 0x0000000707e00000, 0x0000000708000000|  0%| F|  |TAMS 0x0000000707e00000, 0x0000000707e00000| Untracked 
|  50|0x0000000708000000, 0x0000000708000000, 0x0000000708200000|  0%| F|  |TAMS 0x0000000708000000, 0x0000000708000000| Untracked 
|  51|0x0000000708200000, 0x0000000708200000, 0x0000000708400000|  0%| F|  |TAMS 0x0000000708200000, 0x0000000708200000| Untracked 
|  52|0x0000000708400000, 0x0000000708400000, 0x0000000708600000|  0%| F|  |TAMS 0x0000000708400000, 0x0000000708400000| Untracked 
|  53|0x0000000708600000, 0x0000000708600000, 0x0000000708800000|  0%| F|  |TAMS 0x0000000708600000, 0x0000000708600000| Untracked 
|  54|0x0000000708800000, 0x0000000708800000, 0x0000000708a00000|  0%| F|  |TAMS 0x0000000708800000, 0x0000000708800000| Untracked 
|  55|0x0000000708a00000, 0x0000000708a00000, 0x0000000708c00000|  0%| F|  |TAMS 0x0000000708a00000, 0x0000000708a00000| Untracked 
|  56|0x0000000708c00000, 0x0000000708c00000, 0x0000000708e00000|  0%| F|  |TAMS 0x0000000708c00000, 0x0000000708c00000| Untracked 
|  57|0x0000000708e00000, 0x0000000708e00000, 0x0000000709000000|  0%| F|  |TAMS 0x0000000708e00000, 0x0000000708e00000| Untracked 
|  58|0x0000000709000000, 0x0000000709000000, 0x0000000709200000|  0%| F|  |TAMS 0x0000000709000000, 0x0000000709000000| Untracked 
|  59|0x0000000709200000, 0x0000000709200000, 0x0000000709400000|  0%| F|  |TAMS 0x0000000709200000, 0x0000000709200000| Untracked 
|  60|0x0000000709400000, 0x0000000709400000, 0x0000000709600000|  0%| F|  |TAMS 0x0000000709400000, 0x0000000709400000| Untracked 
|  61|0x0000000709600000, 0x0000000709600000, 0x0000000709800000|  0%| F|  |TAMS 0x0000000709600000, 0x0000000709600000| Untracked 
|  62|0x0000000709800000, 0x0000000709800000, 0x0000000709a00000|  0%| F|  |TAMS 0x0000000709800000, 0x0000000709800000| Untracked 
|  63|0x0000000709a00000, 0x0000000709a00000, 0x0000000709c00000|  0%| F|  |TAMS 0x0000000709a00000, 0x0000000709a00000| Untracked 
|  64|0x0000000709c00000, 0x0000000709c00000, 0x0000000709e00000|  0%| F|  |TAMS 0x0000000709c00000, 0x0000000709c00000| Untracked 
|  65|0x0000000709e00000, 0x0000000709e00000, 0x000000070a000000|  0%| F|  |TAMS 0x0000000709e00000, 0x0000000709e00000| Untracked 
|  66|0x000000070a000000, 0x000000070a000000, 0x000000070a200000|  0%| F|  |TAMS 0x000000070a000000, 0x000000070a000000| Untracked 
|  67|0x000000070a200000, 0x000000070a200000, 0x000000070a400000|  0%| F|  |TAMS 0x000000070a200000, 0x000000070a200000| Untracked 
|  68|0x000000070a400000, 0x000000070a400000, 0x000000070a600000|  0%| F|  |TAMS 0x000000070a400000, 0x000000070a400000| Untracked 
|  69|0x000000070a600000, 0x000000070a600000, 0x000000070a800000|  0%| F|  |TAMS 0x000000070a600000, 0x000000070a600000| Untracked 
|  70|0x000000070a800000, 0x000000070a800000, 0x000000070aa00000|  0%| F|  |TAMS 0x000000070a800000, 0x000000070a800000| Untracked 
|  71|0x000000070aa00000, 0x000000070aa00000, 0x000000070ac00000|  0%| F|  |TAMS 0x000000070aa00000, 0x000000070aa00000| Untracked 
|  72|0x000000070ac00000, 0x000000070ac00000, 0x000000070ae00000|  0%| F|  |TAMS 0x000000070ac00000, 0x000000070ac00000| Untracked 
|  73|0x000000070ae00000, 0x000000070ae00000, 0x000000070b000000|  0%| F|  |TAMS 0x000000070ae00000, 0x000000070ae00000| Untracked 
|  74|0x000000070b000000, 0x000000070b000000, 0x000000070b200000|  0%| F|  |TAMS 0x000000070b000000, 0x000000070b000000| Untracked 
|  75|0x000000070b200000, 0x000000070b200000, 0x000000070b400000|  0%| F|  |TAMS 0x000000070b200000, 0x000000070b200000| Untracked 
|  76|0x000000070b400000, 0x000000070b400000, 0x000000070b600000|  0%| F|  |TAMS 0x000000070b400000, 0x000000070b400000| Untracked 
|  77|0x000000070b600000, 0x000000070b600000, 0x000000070b800000|  0%| F|  |TAMS 0x000000070b600000, 0x000000070b600000| Untracked 
|  78|0x000000070b800000, 0x000000070b800000, 0x000000070ba00000|  0%| F|  |TAMS 0x000000070b800000, 0x000000070b800000| Untracked 
|  79|0x000000070ba00000, 0x000000070ba00000, 0x000000070bc00000|  0%| F|  |TAMS 0x000000070ba00000, 0x000000070ba00000| Untracked 
|  80|0x000000070bc00000, 0x000000070bc00000, 0x000000070be00000|  0%| F|  |TAMS 0x000000070bc00000, 0x000000070bc00000| Untracked 
|  81|0x000000070be00000, 0x000000070be00000, 0x000000070c000000|  0%| F|  |TAMS 0x000000070be00000, 0x000000070be00000| Untracked 
|  82|0x000000070c000000, 0x000000070c000000, 0x000000070c200000|  0%| F|  |TAMS 0x000000070c000000, 0x000000070c000000| Untracked 
|  83|0x000000070c200000, 0x000000070c200000, 0x000000070c400000|  0%| F|  |TAMS 0x000000070c200000, 0x000000070c200000| Untracked 
|  84|0x000000070c400000, 0x000000070c400000, 0x000000070c600000|  0%| F|  |TAMS 0x000000070c400000, 0x000000070c400000| Untracked 
|  85|0x000000070c600000, 0x000000070c600000, 0x000000070c800000|  0%| F|  |TAMS 0x000000070c600000, 0x000000070c600000| Untracked 
|  86|0x000000070c800000, 0x000000070c800000, 0x000000070ca00000|  0%| F|  |TAMS 0x000000070c800000, 0x000000070c800000| Untracked 
|  87|0x000000070ca00000, 0x000000070ca00000, 0x000000070cc00000|  0%| F|  |TAMS 0x000000070ca00000, 0x000000070ca00000| Untracked 
|  88|0x000000070cc00000, 0x000000070cdd7928, 0x000000070ce00000| 92%| E|  |TAMS 0x000000070cc00000, 0x000000070cc00000| Complete 
|  89|0x000000070ce00000, 0x000000070d000000, 0x000000070d000000|100%| E|CS|TAMS 0x000000070ce00000, 0x000000070ce00000| Complete 
|  90|0x000000070d000000, 0x000000070d200000, 0x000000070d200000|100%| E|CS|TAMS 0x000000070d000000, 0x000000070d000000| Complete 
|  91|0x000000070d200000, 0x000000070d400000, 0x000000070d400000|100%| E|CS|TAMS 0x000000070d200000, 0x000000070d200000| Complete 
|  92|0x000000070d400000, 0x000000070d600000, 0x000000070d600000|100%| E|CS|TAMS 0x000000070d400000, 0x000000070d400000| Complete 
|  93|0x000000070d600000, 0x000000070d800000, 0x000000070d800000|100%| E|CS|TAMS 0x000000070d600000, 0x000000070d600000| Complete 
|  94|0x000000070d800000, 0x000000070da00000, 0x000000070da00000|100%| E|CS|TAMS 0x000000070d800000, 0x000000070d800000| Complete 
|  95|0x000000070da00000, 0x000000070dc00000, 0x000000070dc00000|100%| E|CS|TAMS 0x000000070da00000, 0x000000070da00000| Complete 
|  96|0x000000070dc00000, 0x000000070de00000, 0x000000070de00000|100%| E|CS|TAMS 0x000000070dc00000, 0x000000070dc00000| Complete 
|  97|0x000000070de00000, 0x000000070e000000, 0x000000070e000000|100%| E|CS|TAMS 0x000000070de00000, 0x000000070de00000| Complete 
|  98|0x000000070e000000, 0x000000070e200000, 0x000000070e200000|100%| E|  |TAMS 0x000000070e000000, 0x000000070e000000| Complete 
|  99|0x000000070e200000, 0x000000070e400000, 0x000000070e400000|100%| E|CS|TAMS 0x000000070e200000, 0x000000070e200000| Complete 
| 100|0x000000070e400000, 0x000000070e600000, 0x000000070e600000|100%| E|CS|TAMS 0x000000070e400000, 0x000000070e400000| Complete 
| 101|0x000000070e600000, 0x000000070e800000, 0x000000070e800000|100%| E|CS|TAMS 0x000000070e600000, 0x000000070e600000| Complete 
| 102|0x000000070e800000, 0x000000070ea00000, 0x000000070ea00000|100%| E|CS|TAMS 0x000000070e800000, 0x000000070e800000| Complete 
| 103|0x000000070ea00000, 0x000000070ec00000, 0x000000070ec00000|100%| E|CS|TAMS 0x000000070ea00000, 0x000000070ea00000| Complete 
| 104|0x000000070ec00000, 0x000000070ee00000, 0x000000070ee00000|100%| E|CS|TAMS 0x000000070ec00000, 0x000000070ec00000| Complete 
| 105|0x000000070ee00000, 0x000000070f000000, 0x000000070f000000|100%| S|CS|TAMS 0x000000070ee00000, 0x000000070ee00000| Complete 
| 106|0x000000070f000000, 0x000000070f200000, 0x000000070f200000|100%| S|CS|TAMS 0x000000070f000000, 0x000000070f000000| Complete 
| 107|0x000000070f200000, 0x000000070f400000, 0x000000070f400000|100%| S|CS|TAMS 0x000000070f200000, 0x000000070f200000| Complete 
| 108|0x000000070f400000, 0x000000070f600000, 0x000000070f600000|100%| E|CS|TAMS 0x000000070f400000, 0x000000070f400000| Complete 
| 109|0x000000070f600000, 0x000000070f800000, 0x000000070f800000|100%| E|CS|TAMS 0x000000070f600000, 0x000000070f600000| Complete 
| 110|0x000000070f800000, 0x000000070fa00000, 0x000000070fa00000|100%| E|CS|TAMS 0x000000070f800000, 0x000000070f800000| Complete 
| 111|0x000000070fa00000, 0x000000070fc00000, 0x000000070fc00000|100%| E|CS|TAMS 0x000000070fa00000, 0x000000070fa00000| Complete 
| 112|0x000000070fc00000, 0x000000070fe00000, 0x000000070fe00000|100%| E|CS|TAMS 0x000000070fc00000, 0x000000070fc00000| Complete 
| 113|0x000000070fe00000, 0x0000000710000000, 0x0000000710000000|100%| E|CS|TAMS 0x000000070fe00000, 0x000000070fe00000| Complete 
| 114|0x0000000710000000, 0x0000000710200000, 0x0000000710200000|100%| E|CS|TAMS 0x0000000710000000, 0x0000000710000000| Complete 
| 115|0x0000000710200000, 0x0000000710400000, 0x0000000710400000|100%| E|CS|TAMS 0x0000000710200000, 0x0000000710200000| Complete 
| 116|0x0000000710400000, 0x0000000710600000, 0x0000000710600000|100%| E|CS|TAMS 0x0000000710400000, 0x0000000710400000| Complete 
| 117|0x0000000710600000, 0x0000000710800000, 0x0000000710800000|100%| E|CS|TAMS 0x0000000710600000, 0x0000000710600000| Complete 
| 118|0x0000000710800000, 0x0000000710a00000, 0x0000000710a00000|100%| E|CS|TAMS 0x0000000710800000, 0x0000000710800000| Complete 
| 119|0x0000000710a00000, 0x0000000710c00000, 0x0000000710c00000|100%| E|CS|TAMS 0x0000000710a00000, 0x0000000710a00000| Complete 
| 120|0x0000000710c00000, 0x0000000710e00000, 0x0000000710e00000|100%| E|CS|TAMS 0x0000000710c00000, 0x0000000710c00000| Complete 
| 121|0x0000000710e00000, 0x0000000711000000, 0x0000000711000000|100%| E|CS|TAMS 0x0000000710e00000, 0x0000000710e00000| Complete 
| 122|0x0000000711000000, 0x0000000711200000, 0x0000000711200000|100%| E|CS|TAMS 0x0000000711000000, 0x0000000711000000| Complete 
| 123|0x0000000711200000, 0x0000000711400000, 0x0000000711400000|100%| E|CS|TAMS 0x0000000711200000, 0x0000000711200000| Complete 
| 124|0x0000000711400000, 0x0000000711600000, 0x0000000711600000|100%| E|CS|TAMS 0x0000000711400000, 0x0000000711400000| Complete 
| 125|0x0000000711600000, 0x0000000711800000, 0x0000000711800000|100%| E|CS|TAMS 0x0000000711600000, 0x0000000711600000| Complete 
| 126|0x0000000711800000, 0x0000000711a00000, 0x0000000711a00000|100%| E|CS|TAMS 0x0000000711800000, 0x0000000711800000| Complete 
| 127|0x0000000711a00000, 0x0000000711c00000, 0x0000000711c00000|100%| E|CS|TAMS 0x0000000711a00000, 0x0000000711a00000| Complete 

Card table byte_map: [0x000001bd9a800000,0x000001bd9b000000] _byte_map_base: 0x000001bd96ff2000

Marking Bits (Prev, Next): (CMBitMap*) 0x000001bd811cb270, (CMBitMap*) 0x000001bd811cb2b0
 Prev Bits: [0x000001bd9b800000, 0x000001bd9f790000)
 Next Bits: [0x000001bd9f790000, 0x000001bda3720000)

Polling page: 0x000001bd810a0000

Metaspace:

Usage:
  Non-class:     12.22 MB used.
      Class:      1.87 MB used.
       Both:     14.08 MB used.

Virtual space:
  Non-class space:       16.00 MB reserved,      12.38 MB ( 77%) committed,  2 nodes.
      Class space:        1.00 GB reserved,       2.00 MB ( <1%) committed,  1 nodes.
             Both:        1.02 GB reserved,      14.38 MB (  1%) committed. 

Chunk freelists:
   Non-Class:  3.11 MB
       Class:  2.03 MB
        Both:  5.14 MB

MaxMetaspaceSize: unlimited
CompressedClassSpaceSize: 1.00 GB
Initial GC threshold: 21.00 MB
Current GC threshold: 21.00 MB
CDS: on
MetaspaceReclaimPolicy: balanced
 - commit_granule_bytes: 65536.
 - commit_granule_words: 8192.
 - virtual_space_node_default_size: 1048576.
 - enlarge_chunks_in_place: 1.
 - new_chunks_are_fully_committed: 0.
 - uncommit_free_chunks: 1.
 - use_allocation_guard: 0.
 - handle_deallocations: 1.


Internal statistics:

num_allocs_failed_limit: 0.
num_arena_births: 200.
num_arena_deaths: 0.
num_vsnodes_births: 3.
num_vsnodes_deaths: 0.
num_space_committed: 230.
num_space_uncommitted: 0.
num_chunks_returned_to_freelist: 0.
num_chunks_taken_from_freelist: 630.
num_chunk_merges: 0.
num_chunk_splits: 432.
num_chunks_enlarged: 339.
num_purges: 0.
num_inconsistent_stats: 0.

CodeHeap 'non-profiled nmethods': size=120000Kb used=1291Kb max_used=1291Kb free=118708Kb
 bounds [0x000001bd92580000, 0x000001bd927f0000, 0x000001bd99ab0000]
CodeHeap 'profiled nmethods': size=120000Kb used=5038Kb max_used=5038Kb free=114961Kb
 bounds [0x000001bd8b050000, 0x000001bd8b540000, 0x000001bd92580000]
CodeHeap 'non-nmethods': size=5760Kb used=1437Kb max_used=1465Kb free=4322Kb
 bounds [0x000001bd8aab0000, 0x000001bd8ad20000, 0x000001bd8b050000]
 total_blobs=3519 nmethods=2721 adapters=710
 compilation: enabled
              stopped_count=0, restarted_count=0
 full_count=0

Compilation events (20 events):
Event: 92.915 Thread 0x000001bda63b3550 nmethod 2712 0x000001bd926ad690 code [0x000001bd926ad8a0, 0x000001bd926aef88]
Event: 92.915 Thread 0x000001bda63b3550 2713       4       com.sun.glass.ui.InvokeLaterDispatcher$Future::<init> (20 bytes)
Event: 92.916 Thread 0x000001bda63b3550 nmethod 2713 0x000001bd926af710 code [0x000001bd926af880, 0x000001bd926afad8]
Event: 93.249 Thread 0x000001bda63b3550 2714       4       javafx.animation.AnimationAccessorImpl::playTo (8 bytes)
Event: 93.249 Thread 0x000001bda63b3550 nmethod 2714 0x000001bd926afb90 code [0x000001bd926afd20, 0x000001bd926afde8]
Event: 93.761 Thread 0x000001bda63b3550 2715   !   4       com.sun.javafx.tk.quantum.QuantumToolkit::pulse (152 bytes)
Event: 93.900 Thread 0x000001bda63b3550 nmethod 2715 0x000001bd926aff10 code [0x000001bd926b03a0, 0x000001bd926b5b18]
Event: 93.900 Thread 0x000001bda63b3550 2716   !   4       com.sun.javafx.tk.Toolkit::firePulse (279 bytes)
Event: 93.976 Thread 0x000001bda63b3550 nmethod 2716 0x000001bd926b8210 code [0x000001bd926b8560, 0x000001bd926bbec0]
Event: 94.929 Thread 0x000001bda63b3550 2717       4       javafx.animation.Interpolator$1::curve (19 bytes)
Event: 94.929 Thread 0x000001bda63b3550 nmethod 2717 0x000001bd926bd410 code [0x000001bd926bd5c0, 0x000001bd926bd678]
Event: 94.960 Thread 0x000001bda63b3550 2718   !   4       com.sun.glass.ui.InvokeLaterDispatcher$Future::run (91 bytes)
Event: 94.963 Thread 0x000001bda63b3550 nmethod 2718 0x000001bd926bd710 code [0x000001bd926bd8e0, 0x000001bd926bdf50]
Event: 95.808 Thread 0x000001bda63b3550 2719   !   4       javafx.scene.Scene$ScenePulseListener::pulse (503 bytes)
Event: 95.820 Thread 0x000001bda63b3550 nmethod 2719 0x000001bd926be390 code [0x000001bd926be6e0, 0x000001bd926bfa28]
Event: 109.520 Thread 0x000001bda63b3550 2720       4       com.sun.scenario.animation.shared.TimelineClipCore::playTo (353 bytes)
Event: 109.526 Thread 0x000001bda63b3550 nmethod 2720 0x000001bd926c0b90 code [0x000001bd926c0da0, 0x000001bd926c1490]
Event: 110.144 Thread 0x000001bda63b3550 2721   !   4       com.sun.javafx.tk.quantum.PaintCollector::renderAll (381 bytes)
Event: 110.150 Thread 0x000001bda63b3550 nmethod 2721 0x000001bd926c1c10 code [0x000001bd926c1e40, 0x000001bd926c2660]
Event: 161.208 Thread 0x000001bda63b3f00 2722       3       java.util.LinkedList$ListItr::next (56 bytes)

GC Heap History (4 events):
Event: 0.528 GC heap before
{Heap before GC invocations=0 (full 0):
 garbage-first heap   total 262144K, used 20480K [0x0000000701c00000, 0x0000000800000000)
  region size 2048K, 11 young (22528K), 0 survivors (0K)
 Metaspace       used 4682K, committed 4864K, reserved 1056768K
  class space    used 521K, committed 576K, reserved 1048576K
}
Event: 0.531 GC heap after
{Heap after GC invocations=1 (full 0):
 garbage-first heap   total 262144K, used 2971K [0x0000000701c00000, 0x0000000800000000)
  region size 2048K, 2 young (4096K), 2 survivors (4096K)
 Metaspace       used 4682K, committed 4864K, reserved 1056768K
  class space    used 521K, committed 576K, reserved 1048576K
}
Event: 8.480 GC heap before
{Heap before GC invocations=1 (full 0):
 garbage-first heap   total 262144K, used 88987K [0x0000000701c00000, 0x0000000800000000)
  region size 2048K, 20 young (40960K), 2 survivors (4096K)
 Metaspace       used 13855K, committed 14144K, reserved 1064960K
  class space    used 1861K, committed 1984K, reserved 1048576K
}
Event: 8.484 GC heap after
{Heap after GC invocations=2 (full 0):
 garbage-first heap   total 262144K, used 59692K [0x0000000701c00000, 0x0000000800000000)
  region size 2048K, 3 young (6144K), 3 survivors (6144K)
 Metaspace       used 13855K, committed 14144K, reserved 1064960K
  class space    used 1861K, committed 1984K, reserved 1048576K
}

Deoptimization events (20 events):
Event: 10.772 Thread 0x000001bda77cb430 DEOPT PACKING pc=0x000001bd92601960 sp=0x00000049204fd4d0
Event: 10.772 Thread 0x000001bda77cb430 DEOPT UNPACKING pc=0x000001bd8ab023a3 sp=0x00000049204fd4c8 mode 2
Event: 10.773 Thread 0x000001bda77cb430 DEOPT PACKING pc=0x000001bd8b2999a6 sp=0x00000049204fd720
Event: 10.773 Thread 0x000001bda77cb430 DEOPT UNPACKING pc=0x000001bd8ab02b43 sp=0x00000049204fcc08 mode 0
Event: 10.773 Thread 0x000001bda77cb430 Uncommon trap: trap_request=0xffffff45 fr.pc=0x000001bd92606938 relative=0x0000000000000218
Event: 10.773 Thread 0x000001bda77cb430 Uncommon trap: reason=unstable_if action=reinterpret pc=0x000001bd92606938 method=com.sun.javafx.iio.png.PNGImageLoader2.decodePalette([BLcom/sun/javafx/iio/ImageMetadata;)Lcom/sun/javafx/iio/ImageFrame; @ 155 c2
Event: 10.773 Thread 0x000001bda77cb430 DEOPT PACKING pc=0x000001bd92606938 sp=0x00000049204fd750
Event: 10.773 Thread 0x000001bda77cb430 DEOPT UNPACKING pc=0x000001bd8ab023a3 sp=0x00000049204fd708 mode 2
Event: 161.207 Thread 0x000001bda800b220 Uncommon trap: trap_request=0xffffff45 fr.pc=0x000001bd926a3f44 relative=0x0000000000000144
Event: 161.207 Thread 0x000001bda800b220 Uncommon trap: reason=unstable_if action=reinterpret pc=0x000001bd926a3f44 method=java.util.concurrent.locks.ReentrantLock$NonfairSync.initialTryLock()Z @ 10 c2
Event: 161.207 Thread 0x000001bda800b220 DEOPT PACKING pc=0x000001bd926a3f44 sp=0x0000004920e0ec90
Event: 161.207 Thread 0x000001bda800b220 DEOPT UNPACKING pc=0x000001bd8ab023a3 sp=0x0000004920e0ec38 mode 2
Event: 161.207 Thread 0x000001bda800b220 Uncommon trap: trap_request=0xffffff45 fr.pc=0x000001bd926a04c8 relative=0x00000000000000c8
Event: 161.207 Thread 0x000001bda800b220 Uncommon trap: reason=unstable_if action=reinterpret pc=0x000001bd926a04c8 method=java.util.concurrent.locks.ReentrantLock$Sync.tryRelease(I)Z @ 26 c2
Event: 161.207 Thread 0x000001bda800b220 DEOPT PACKING pc=0x000001bd926a04c8 sp=0x0000004920e0ec90
Event: 161.207 Thread 0x000001bda800b220 DEOPT UNPACKING pc=0x000001bd8ab023a3 sp=0x0000004920e0ec30 mode 2
Event: 161.208 Thread 0x000001bda779fce0 Uncommon trap: trap_request=0xffffff45 fr.pc=0x000001bd926a94dc relative=0x0000000000000abc
Event: 161.208 Thread 0x000001bda779fce0 Uncommon trap: reason=unstable_if action=reinterpret pc=0x000001bd926a94dc method=java.util.concurrent.locks.AbstractQueuedSynchronizer.acquire(Ljava/util/concurrent/locks/AbstractQueuedSynchronizer$Node;IZZZJ)I @ 155 c2
Event: 161.208 Thread 0x000001bda779fce0 DEOPT PACKING pc=0x000001bd926a94dc sp=0x00000049201ff3e0
Event: 161.208 Thread 0x000001bda779fce0 DEOPT UNPACKING pc=0x000001bd8ab023a3 sp=0x00000049201ff370 mode 2

Classes unloaded (0 events):
No events

Classes redefined (0 events):
No events

Internal exceptions (20 events):
Event: 4.951 Thread 0x000001bda77cb430 Exception <a 'sun/nio/fs/WindowsException'{0x00000007115c5d20}> (0x00000007115c5d20) 
thrown [t:\workspace\open\src\hotspot\share\prims\jni.cpp, line 516]
Event: 4.960 Thread 0x000001bda77cb430 Exception <a 'sun/nio/fs/WindowsException'{0x000000071124dc10}> (0x000000071124dc10) 
thrown [t:\workspace\open\src\hotspot\share\prims\jni.cpp, line 516]
Event: 4.962 Thread 0x000001bda77cb430 Exception <a 'java/lang/NoSuchMethodError'{0x000000071125c6d8}: 'java.lang.Object java.lang.invoke.DirectMethodHandle$Holder.invokeStatic(java.lang.Object, int, java.lang.Object)'> (0x000000071125c6d8) 
thrown [t:\workspace\open\src\hotspot\share\interpreter\linkResolver.cpp, line 766]
Event: 4.964 Thread 0x000001bda77cb430 Exception <a 'java/lang/ClassNotFoundException'{0x000000071126fc20}: sun/util/logging/resources/spi/loggingProvider> (0x000000071126fc20) 
thrown [t:\workspace\open\src\hotspot\share\classfile\systemDictionary.cpp, line 256]
Event: 5.063 Thread 0x000001bda77cb430 Exception <a 'java/lang/ClassNotFoundException'{0x00000007111b1478}: com/sun/glass/ui/win/themes> (0x00000007111b1478) 
thrown [t:\workspace\open\src\hotspot\share\prims\jni.cpp, line 535]
Event: 5.063 Thread 0x000001bda77cb430 Exception <a 'java/lang/ClassNotFoundException'{0x00000007111b9710}: com/sun/glass/ui/win/themes_en> (0x00000007111b9710) 
thrown [t:\workspace\open\src\hotspot\share\prims\jni.cpp, line 535]
Event: 5.063 Thread 0x000001bda77cb430 Exception <a 'java/lang/ClassNotFoundException'{0x00000007111c1758}: com/sun/glass/ui/win/themes_en_GB> (0x00000007111c1758) 
thrown [t:\workspace\open\src\hotspot\share\prims\jni.cpp, line 535]
Event: 5.107 Thread 0x000001bda77cb430 Exception <a 'java/lang/NoSuchMethodError'{0x0000000710ab28b8}: 'void java.lang.invoke.DirectMethodHandle$Holder.invokeStaticInit(java.lang.Object, java.lang.Object)'> (0x0000000710ab28b8) 
thrown [t:\workspace\open\src\hotspot\share\interpreter\linkResolver.cpp, line 766]
Event: 5.155 Thread 0x000001bda77cb430 Implicit null exception at 0x000001bd9259bdd8 to 0x000001bd9259c05e
Event: 5.158 Thread 0x000001bda77cb430 Implicit null exception at 0x000001bd9260a134 to 0x000001bd9260a618
Event: 5.164 Thread 0x000001bda77cb430 Implicit null exception at 0x000001bd9260952f to 0x000001bd92609a00
Event: 5.165 Thread 0x000001bda77cb430 Implicit null exception at 0x000001bd925a7d2f to 0x000001bd925a7f5c
Event: 5.239 Thread 0x000001bda77cb430 Exception <a 'java/lang/NoSuchMethodError'{0x000000070fca56a0}: 'java.lang.Object java.lang.invoke.DirectMethodHandle$Holder.invokeInterface(java.lang.Object, java.lang.Object, java.lang.Object)'> (0x000000070fca56a0) 
thrown [t:\workspace\open\src\hotspot\share\interpreter\linkResolver.cpp, line 766]
Event: 5.239 Thread 0x000001bda77cb430 Exception <a 'java/lang/IncompatibleClassChangeError'{0x000000070fca9028}: Found class java.lang.Object, but interface was expected> (0x000000070fca9028) 
thrown [t:\workspace\open\src\hotspot\share\interpreter\linkResolver.cpp, line 833]
Event: 5.273 Thread 0x000001bda77cb430 Exception <a 'java/lang/NoSuchMethodError'{0x000000070fa929a8}: 'java.lang.Object java.lang.invoke.DirectMethodHandle$Holder.newInvokeSpecial(java.lang.Object, java.lang.Object, int)'> (0x000000070fa929a8) 
thrown [t:\workspace\open\src\hotspot\share\interpreter\linkResolver.cpp, line 766]
Event: 5.293 Thread 0x000001bda779fce0 Exception <a 'java/lang/NoSuchMethodError'{0x000000070fb428e0}: 'int java.lang.invoke.DirectMethodHandle$Holder.invokeStaticInit(java.lang.Object, java.lang.Object)'> (0x000000070fb428e0) 
thrown [t:\workspace\open\src\hotspot\share\interpreter\linkResolver.cpp, line 766]
Event: 8.337 Thread 0x000001bda77cb430 Exception <a 'java/lang/NoSuchMethodError'{0x000000070f462268}: 'long java.lang.invoke.DirectMethodHandle$Holder.invokeStatic(java.lang.Object, java.lang.Object, java.lang.Object)'> (0x000000070f462268) 
thrown [t:\workspace\open\src\hotspot\share\interpreter\linkResolver.cpp, line 766]
Event: 8.337 Thread 0x000001bda77cb430 Exception <a 'java/lang/NoSuchMethodError'{0x000000070f465c68}: 'long java.lang.invoke.DirectMethodHandle$Holder.invokeStaticInit(java.lang.Object, java.lang.Object, java.lang.Object)'> (0x000000070f465c68) 
thrown [t:\workspace\open\src\hotspot\share\interpreter\linkResolver.cpp, line 766]
Event: 8.338 Thread 0x000001bda77cb430 Exception <a 'java/lang/NoSuchMethodError'{0x000000070f47d870}: 'java.lang.Object java.lang.invoke.DirectMethodHandle$Holder.newInvokeSpecial(java.lang.Object, java.lang.Object, long)'> (0x000000070f47d870) 
thrown [t:\workspace\open\src\hotspot\share\interpreter\linkResolver.cpp, line 766]
Event: 8.338 Thread 0x000001bda77cb430 Exception <a 'java/lang/NoSuchMethodError'{0x000000070f4813e0}: 'java.lang.Object java.lang.invoke.Invokers$Holder.linkToTargetMethod(java.lang.Object, long, java.lang.Object)'> (0x000000070f4813e0) 
thrown [t:\workspace\open\src\hotspot\share\interpreter\linkResolver.cpp, line 766]

VM Operations (20 events):
Event: 25.606 Executing VM operation: Cleanup
Event: 25.606 Executing VM operation: Cleanup done
Event: 27.606 Executing VM operation: Cleanup
Event: 27.606 Executing VM operation: Cleanup done
Event: 28.607 Executing VM operation: Cleanup
Event: 28.607 Executing VM operation: Cleanup done
Event: 29.607 Executing VM operation: Cleanup
Event: 29.608 Executing VM operation: Cleanup done
Event: 33.610 Executing VM operation: Cleanup
Event: 33.610 Executing VM operation: Cleanup done
Event: 48.619 Executing VM operation: Cleanup
Event: 48.619 Executing VM operation: Cleanup done
Event: 52.620 Executing VM operation: Cleanup
Event: 52.620 Executing VM operation: Cleanup done
Event: 73.630 Executing VM operation: Cleanup
Event: 73.630 Executing VM operation: Cleanup done
Event: 95.637 Executing VM operation: Cleanup
Event: 95.638 Executing VM operation: Cleanup done
Event: 96.638 Executing VM operation: Cleanup
Event: 96.638 Executing VM operation: Cleanup done

Events (20 events):
Event: 8.479 Thread 0x000001bda840e7d0 Thread added: 0x000001bda840e7d0
Event: 8.597 loading class java/lang/Byte$ByteCache
Event: 8.597 loading class java/lang/Byte$ByteCache done
Event: 8.597 loading class java/lang/Short$ShortCache
Event: 8.597 loading class java/lang/Short$ShortCache done
Event: 8.600 Thread 0x000001bda800cf00 Thread added: 0x000001bda800cf00
Event: 8.711 Thread 0x000001bda840e7d0 Thread exited: 0x000001bda840e7d0
Event: 10.782 Thread 0x000001bdb031cac0 Thread added: 0x000001bdb031cac0
Event: 10.810 Thread 0x000001bda800cf00 Thread exited: 0x000001bda800cf00
Event: 11.008 Thread 0x000001bdb031cac0 Thread exited: 0x000001bdb031cac0
Event: 161.206 loading class jdk/internal/misc/Signal$1
Event: 161.206 loading class jdk/internal/misc/Signal$1 done
Event: 161.206 Thread 0x000001bda800ad50 Thread added: 0x000001bda800ad50
Event: 161.207 Thread 0x000001bda800a3b0 Thread added: 0x000001bda800a3b0
Event: 161.207 Thread 0x000001bda800a880 Thread added: 0x000001bda800a880
Event: 161.207 Thread 0x000001bda800d3d0 Thread added: 0x000001bda800d3d0
Event: 161.207 Thread 0x000001bda800b220 Thread added: 0x000001bda800b220
Event: 161.207 Thread 0x000001bda800a880 Thread exited: 0x000001bda800a880
Event: 161.207 Thread 0x000001bda800d3d0 Thread exited: 0x000001bda800d3d0
Event: 161.208 Thread 0x000001bda800b220 Thread exited: 0x000001bda800b220


Dynamic libraries:
0x00007ff720050000 - 0x00007ff720060000 	C:\Program Files\Java\jdk-17.0.1\bin\java.exe
0x00007ffa7f810000 - 0x00007ffa7fa05000 	C:\Windows\SYSTEM32\ntdll.dll
0x00007ffa7f120000 - 0x00007ffa7f1dd000 	C:\Windows\System32\KERNEL32.DLL
0x00007ffa7d1c0000 - 0x00007ffa7d48d000 	C:\Windows\System32\KERNELBASE.dll
0x00007ffa7d760000 - 0x00007ffa7d860000 	C:\Windows\System32\ucrtbase.dll
0x00007ffa75bc0000 - 0x00007ffa75bda000 	C:\Program Files\Java\jdk-17.0.1\bin\VCRUNTIME140.dll
0x00007ffa779d0000 - 0x00007ffa779e8000 	C:\Program Files\Java\jdk-17.0.1\bin\jli.dll
0x00007ffa7e7c0000 - 0x00007ffa7e86e000 	C:\Windows\System32\ADVAPI32.dll
0x00007ffa7d990000 - 0x00007ffa7da2e000 	C:\Windows\System32\msvcrt.dll
0x00007ffa7da30000 - 0x00007ffa7dacc000 	C:\Windows\System32\sechost.dll
0x00007ffa7d860000 - 0x00007ffa7d985000 	C:\Windows\System32\RPCRT4.dll
0x00007ffa7e8d0000 - 0x00007ffa7ea70000 	C:\Windows\System32\USER32.dll
0x00007ffa7d160000 - 0x00007ffa7d182000 	C:\Windows\System32\win32u.dll
0x00007ffa66690000 - 0x00007ffa6692a000 	C:\Windows\WinSxS\amd64_microsoft.windows.common-controls_6595b64144ccf1df_6.0.19041.1110_none_60b5254171f9507e\COMCTL32.dll
0x00007ffa7ea70000 - 0x00007ffa7ea9a000 	C:\Windows\System32\GDI32.dll
0x00007ffa7cf20000 - 0x00007ffa7d02b000 	C:\Windows\System32\gdi32full.dll
0x00007ffa7d0c0000 - 0x00007ffa7d15d000 	C:\Windows\System32\msvcp_win.dll
0x00007ffa76cd0000 - 0x00007ffa76cda000 	C:\Windows\SYSTEM32\VERSION.dll
0x00007ffa7e540000 - 0x00007ffa7e570000 	C:\Windows\System32\IMM32.DLL
0x00007ffa78de0000 - 0x00007ffa78dec000 	C:\Program Files\Java\jdk-17.0.1\bin\vcruntime140_1.dll
0x00007ffa707b0000 - 0x00007ffa7083d000 	C:\Program Files\Java\jdk-17.0.1\bin\msvcp140.dll
0x00007ffa105b0000 - 0x00007ffa1116e000 	C:\Program Files\Java\jdk-17.0.1\bin\server\jvm.dll
0x00007ffa7e530000 - 0x00007ffa7e538000 	C:\Windows\System32\PSAPI.DLL
0x00007ffa77890000 - 0x00007ffa778b7000 	C:\Windows\SYSTEM32\WINMM.dll
0x00007ffa5c730000 - 0x00007ffa5c739000 	C:\Windows\SYSTEM32\WSOCK32.dll
0x00007ffa7ef20000 - 0x00007ffa7ef8b000 	C:\Windows\System32\WS2_32.dll
0x00007ffa7ae00000 - 0x00007ffa7ae12000 	C:\Windows\SYSTEM32\kernel.appcore.dll
0x00007ffa78110000 - 0x00007ffa7811a000 	C:\Program Files\Java\jdk-17.0.1\bin\jimage.dll
0x00007ffa74d00000 - 0x00007ffa74ee4000 	C:\Windows\SYSTEM32\DBGHELP.DLL
0x00007ffa5c620000 - 0x00007ffa5c64c000 	C:\Windows\SYSTEM32\dbgcore.DLL
0x00007ffa7d030000 - 0x00007ffa7d0b2000 	C:\Windows\System32\bcryptPrimitives.dll
0x00007ffa75b80000 - 0x00007ffa75b8e000 	C:\Program Files\Java\jdk-17.0.1\bin\instrument.dll
0x00007ffa75b90000 - 0x00007ffa75bb5000 	C:\Program Files\Java\jdk-17.0.1\bin\java.dll
0x00007ffa70620000 - 0x00007ffa706f6000 	C:\Program Files\Java\jdk-17.0.1\bin\svml.dll
0x00007ffa7dd10000 - 0x00007ffa7e454000 	C:\Windows\System32\SHELL32.dll
0x00007ffa7b000000 - 0x00007ffa7b794000 	C:\Windows\SYSTEM32\windows.storage.dll
0x00007ffa7f2c0000 - 0x00007ffa7f614000 	C:\Windows\System32\combase.dll
0x00007ffa7c980000 - 0x00007ffa7c9ac000 	C:\Windows\SYSTEM32\Wldp.dll
0x00007ffa7dbe0000 - 0x00007ffa7dc8d000 	C:\Windows\System32\SHCORE.dll
0x00007ffa7dcb0000 - 0x00007ffa7dd05000 	C:\Windows\System32\shlwapi.dll
0x00007ffa7ce60000 - 0x00007ffa7ce7f000 	C:\Windows\SYSTEM32\profapi.dll
0x00007ffa70790000 - 0x00007ffa707a9000 	C:\Program Files\Java\jdk-17.0.1\bin\net.dll
0x00007ffa74360000 - 0x00007ffa7446a000 	C:\Windows\SYSTEM32\WINHTTP.dll
0x00007ffa7c6a0000 - 0x00007ffa7c70a000 	C:\Windows\system32\mswsock.dll
0x00007ffa70770000 - 0x00007ffa70785000 	C:\Program Files\Java\jdk-17.0.1\bin\nio.dll
0x00007ffa70750000 - 0x00007ffa70768000 	C:\Program Files\Java\jdk-17.0.1\bin\zip.dll
0x00007ffa70730000 - 0x00007ffa7074a000 	C:\Program Files\JetBrains\IntelliJ IDEA 2021.2.3\bin\breakgen64.dll
0x000001bd831e0000 - 0x000001bd831e3000 	C:\Users\nbalj\.openjfx\cache\17.0.0.1\api-ms-win-core-console-l1-1-0.dll
0x000001bd831f0000 - 0x000001bd831f3000 	C:\Users\nbalj\.openjfx\cache\17.0.0.1\api-ms-win-core-console-l1-2-0.dll
0x000001bd83200000 - 0x000001bd83203000 	C:\Users\nbalj\.openjfx\cache\17.0.0.1\api-ms-win-core-datetime-l1-1-0.dll
0x000001bd83210000 - 0x000001bd83213000 	C:\Users\nbalj\.openjfx\cache\17.0.0.1\api-ms-win-core-debug-l1-1-0.dll
0x000001bd83220000 - 0x000001bd83223000 	C:\Users\nbalj\.openjfx\cache\17.0.0.1\api-ms-win-core-errorhandling-l1-1-0.dll
0x000001bd83230000 - 0x000001bd83234000 	C:\Users\nbalj\.openjfx\cache\17.0.0.1\api-ms-win-core-file-l1-1-0.dll
0x000001bd83240000 - 0x000001bd83243000 	C:\Users\nbalj\.openjfx\cache\17.0.0.1\api-ms-win-core-file-l1-2-0.dll
0x000001bd83250000 - 0x000001bd83253000 	C:\Users\nbalj\.openjfx\cache\17.0.0.1\api-ms-win-core-file-l2-1-0.dll
0x000001bd83260000 - 0x000001bd83263000 	C:\Users\nbalj\.openjfx\cache\17.0.0.1\api-ms-win-core-handle-l1-1-0.dll
0x000001bd83270000 - 0x000001bd83273000 	C:\Users\nbalj\.openjfx\cache\17.0.0.1\api-ms-win-core-heap-l1-1-0.dll
0x000001bda63c0000 - 0x000001bda63c3000 	C:\Users\nbalj\.openjfx\cache\17.0.0.1\api-ms-win-core-interlocked-l1-1-0.dll
0x000001bda63d0000 - 0x000001bda63d3000 	C:\Users\nbalj\.openjfx\cache\17.0.0.1\api-ms-win-core-libraryloader-l1-1-0.dll
0x000001bda63e0000 - 0x000001bda63e3000 	C:\Users\nbalj\.openjfx\cache\17.0.0.1\api-ms-win-core-localization-l1-2-0.dll
0x000001bda63f0000 - 0x000001bda63f3000 	C:\Users\nbalj\.openjfx\cache\17.0.0.1\api-ms-win-core-memory-l1-1-0.dll
0x000001bda88d0000 - 0x000001bda88d3000 	C:\Users\nbalj\.openjfx\cache\17.0.0.1\api-ms-win-core-namedpipe-l1-1-0.dll
0x000001bda88e0000 - 0x000001bda88e3000 	C:\Users\nbalj\.openjfx\cache\17.0.0.1\api-ms-win-core-processenvironment-l1-1-0.dll
0x000001bda88f0000 - 0x000001bda88f3000 	C:\Users\nbalj\.openjfx\cache\17.0.0.1\api-ms-win-core-processthreads-l1-1-0.dll
0x000001bda8900000 - 0x000001bda8903000 	C:\Users\nbalj\.openjfx\cache\17.0.0.1\api-ms-win-core-processthreads-l1-1-1.dll
0x000001bda8910000 - 0x000001bda8913000 	C:\Users\nbalj\.openjfx\cache\17.0.0.1\api-ms-win-core-profile-l1-1-0.dll
0x000001bda8920000 - 0x000001bda8923000 	C:\Users\nbalj\.openjfx\cache\17.0.0.1\api-ms-win-core-rtlsupport-l1-1-0.dll
0x000001bda8930000 - 0x000001bda8933000 	C:\Users\nbalj\.openjfx\cache\17.0.0.1\api-ms-win-core-string-l1-1-0.dll
0x000001bda8940000 - 0x000001bda8943000 	C:\Users\nbalj\.openjfx\cache\17.0.0.1\api-ms-win-core-synch-l1-1-0.dll
0x000001bda8950000 - 0x000001bda8953000 	C:\Users\nbalj\.openjfx\cache\17.0.0.1\api-ms-win-core-synch-l1-2-0.dll
0x000001bda8960000 - 0x000001bda8963000 	C:\Users\nbalj\.openjfx\cache\17.0.0.1\api-ms-win-core-sysinfo-l1-1-0.dll
0x000001bda8970000 - 0x000001bda8973000 	C:\Users\nbalj\.openjfx\cache\17.0.0.1\api-ms-win-core-timezone-l1-1-0.dll
0x000001bda8980000 - 0x000001bda8983000 	C:\Users\nbalj\.openjfx\cache\17.0.0.1\api-ms-win-core-util-l1-1-0.dll
0x000001bda8990000 - 0x000001bda8993000 	C:\Users\nbalj\.openjfx\cache\17.0.0.1\api-ms-win-crt-conio-l1-1-0.dll
0x000001bda89a0000 - 0x000001bda89a4000 	C:\Users\nbalj\.openjfx\cache\17.0.0.1\api-ms-win-crt-convert-l1-1-0.dll
0x000001bda89b0000 - 0x000001bda89b3000 	C:\Users\nbalj\.openjfx\cache\17.0.0.1\api-ms-win-crt-environment-l1-1-0.dll
0x000001bda89c0000 - 0x000001bda89c3000 	C:\Users\nbalj\.openjfx\cache\17.0.0.1\api-ms-win-crt-filesystem-l1-1-0.dll
0x000001bda89d0000 - 0x000001bda89d3000 	C:\Users\nbalj\.openjfx\cache\17.0.0.1\api-ms-win-crt-heap-l1-1-0.dll
0x000001bda89e0000 - 0x000001bda89e3000 	C:\Users\nbalj\.openjfx\cache\17.0.0.1\api-ms-win-crt-locale-l1-1-0.dll
0x000001bda89f0000 - 0x000001bda89f5000 	C:\Users\nbalj\.openjfx\cache\17.0.0.1\api-ms-win-crt-math-l1-1-0.dll
0x000001bda8a00000 - 0x000001bda8a05000 	C:\Users\nbalj\.openjfx\cache\17.0.0.1\api-ms-win-crt-multibyte-l1-1-0.dll
0x000001bda8a10000 - 0x000001bda8a20000 	C:\Users\nbalj\.openjfx\cache\17.0.0.1\api-ms-win-crt-private-l1-1-0.dll
0x000001bda8a20000 - 0x000001bda8a23000 	C:\Users\nbalj\.openjfx\cache\17.0.0.1\api-ms-win-crt-process-l1-1-0.dll
0x000001bda8a30000 - 0x000001bda8a34000 	C:\Users\nbalj\.openjfx\cache\17.0.0.1\api-ms-win-crt-runtime-l1-1-0.dll
0x000001bda8a40000 - 0x000001bda8a44000 	C:\Users\nbalj\.openjfx\cache\17.0.0.1\api-ms-win-crt-stdio-l1-1-0.dll
0x000001bda8a50000 - 0x000001bda8a54000 	C:\Users\nbalj\.openjfx\cache\17.0.0.1\api-ms-win-crt-string-l1-1-0.dll
0x000001bda8a60000 - 0x000001bda8a63000 	C:\Users\nbalj\.openjfx\cache\17.0.0.1\api-ms-win-crt-time-l1-1-0.dll
0x000001bda8a70000 - 0x000001bda8a73000 	C:\Users\nbalj\.openjfx\cache\17.0.0.1\api-ms-win-crt-utility-l1-1-0.dll
0x00007ffa12180000 - 0x00007ffa1227c000 	C:\Users\nbalj\.openjfx\cache\17.0.0.1\ucrtbase.dll
0x00007ffa6e2f0000 - 0x00007ffa6e30a000 	C:\Users\nbalj\.openjfx\cache\17.0.0.1\vcruntime140.dll
0x00007ffa6e540000 - 0x00007ffa6e54c000 	C:\Users\nbalj\.openjfx\cache\17.0.0.1\vcruntime140_1.dll
0x00007ffa57400000 - 0x00007ffa5748d000 	C:\Users\nbalj\.openjfx\cache\17.0.0.1\msvcp140.dll
0x00007ffa44710000 - 0x00007ffa4473a000 	C:\Users\nbalj\.openjfx\cache\17.0.0.1\prism_d3d.dll
0x00007ffa6fb80000 - 0x00007ffa6fd4f000 	C:\Windows\system32\d3d9.dll
0x00007ffa7ab10000 - 0x00007ffa7ab3f000 	C:\Windows\SYSTEM32\dwmapi.dll
0x00007ffa7a830000 - 0x00007ffa7a8ce000 	C:\Windows\system32\uxtheme.dll
0x00007ffa7cb10000 - 0x00007ffa7cb22000 	C:\Windows\SYSTEM32\msasn1.dll
0x00007ffa76820000 - 0x00007ffa76851000 	C:\Windows\SYSTEM32\cryptnet.dll
0x00007ffa7d490000 - 0x00007ffa7d5e6000 	C:\Windows\System32\CRYPT32.dll
0x00007ffa731d0000 - 0x00007ffa73318000 	C:\Windows\SYSTEM32\drvstore.dll
0x00007ffa7ccd0000 - 0x00007ffa7ccfc000 	C:\Windows\SYSTEM32\devobj.dll
0x00007ffa7d5f0000 - 0x00007ffa7d63e000 	C:\Windows\System32\cfgmgr32.dll
0x00007ffa7c8d0000 - 0x00007ffa7c8dc000 	C:\Windows\SYSTEM32\cryptbase.dll
0x00007ffa7d640000 - 0x00007ffa7d6a8000 	C:\Windows\System32\WINTRUST.DLL
0x00007ffa7dc90000 - 0x00007ffa7dcad000 	C:\Windows\System32\imagehlp.dll
0x00007ffa7c8b0000 - 0x00007ffa7c8c8000 	C:\Windows\SYSTEM32\CRYPTSP.dll
0x00007ffa7bfb0000 - 0x00007ffa7bfe4000 	C:\Windows\system32\rsaenh.dll
0x00007ffa7d190000 - 0x00007ffa7d1b7000 	C:\Windows\System32\bcrypt.dll
0x00007ffa44640000 - 0x00007ffa44682000 	C:\Users\nbalj\.openjfx\cache\17.0.0.1\glass.dll
0x00007ffa7f1e0000 - 0x00007ffa7f2bb000 	C:\Windows\System32\COMDLG32.dll
0x00007ffa7ef90000 - 0x00007ffa7f0ba000 	C:\Windows\System32\ole32.dll
0x00007ffa7e460000 - 0x00007ffa7e52d000 	C:\Windows\System32\OLEAUT32.dll
0x00007ffa7e6a0000 - 0x00007ffa7e7b5000 	C:\Windows\System32\MSCTF.dll
0x00007ffa31d10000 - 0x00007ffa31fd7000 	C:\Windows\system32\nvspcap64.dll
0x00007ffa7bbe0000 - 0x00007ffa7bc13000 	C:\Windows\SYSTEM32\ntmarta.dll
0x00007ffa7b7b0000 - 0x00007ffa7b7d3000 	C:\Windows\SYSTEM32\gpapi.dll
0x00007ffa73190000 - 0x00007ffa731cb000 	C:\Windows\SYSTEM32\dxcore.dll
0x00007ffa44600000 - 0x00007ffa44634000 	C:\Users\nbalj\AppData\Local\Temp\jSerialComm\1653140935890-jSerialComm.dll
0x00007ffa7eaa0000 - 0x00007ffa7ef11000 	C:\Windows\System32\SETUPAPI.dll
0x00007ffa445d0000 - 0x00007ffa445fd000 	C:\Users\nbalj\.openjfx\cache\17.0.0.1\javafx_iio.dll
0x00007ffa5d190000 - 0x00007ffa5d1a4000 	C:\Users\nbalj\.openjfx\cache\17.0.0.1\javafx_font.dll
0x00007ffa4c490000 - 0x00007ffa4c70f000 	C:\Windows\SYSTEM32\dwrite.dll
0x00007ffa7e570000 - 0x00007ffa7e619000 	C:\Windows\System32\clbcatq.dll
0x00007ffa765d0000 - 0x00007ffa76784000 	C:\Windows\SYSTEM32\WindowsCodecs.dll
0x00007ffa656e0000 - 0x00007ffa6571e000 	C:\Windows\system32\dataexchange.dll
0x00007ffa79c40000 - 0x00007ffa79e25000 	C:\Windows\system32\dcomp.dll
0x00007ffa78e50000 - 0x00007ffa790b4000 	C:\Windows\system32\d3d11.dll
0x00007ffa7b900000 - 0x00007ffa7b9f3000 	C:\Windows\system32\dxgi.dll

dbghelp: loaded successfully - version: 4.0.5 - missing functions: none
symbol engine: initialized successfully - sym options: 0x614 - pdb path: .;C:\Program Files\Java\jdk-17.0.1\bin;C:\Windows\SYSTEM32;C:\Windows\WinSxS\amd64_microsoft.windows.common-controls_6595b64144ccf1df_6.0.19041.1110_none_60b5254171f9507e;C:\Program Files\Java\jdk-17.0.1\bin\server;C:\Program Files\JetBrains\IntelliJ IDEA 2021.2.3\bin;C:\Users\nbalj\.openjfx\cache\17.0.0.1;C:\Windows\System32\DriverStore\FileRepository\nv_dispi.inf_amd64_c0e159863e7afdde;C:\Users\nbalj\AppData\Local\Temp\jSerialComm;C:\Program Files\Common Files\Microsoft Shared\Ink

VM Arguments:
jvm_args: -javaagent:C:\Program Files\JetBrains\IntelliJ IDEA 2021.2.3\lib\idea_rt.jar=64895:C:\Program Files\JetBrains\IntelliJ IDEA 2021.2.3\bin -Dfile.encoding=UTF-8 --module-path=C:\Users\nbalj\.m2\repository\com\fazecast\jSerialComm\2.9.1\jSerialComm-2.9.1.jar;C:\Users\nbalj\.m2\repository\org\openjfx\javafx-controls\17.0.0.1\javafx-controls-17.0.0.1-win.jar;C:\Users\nbalj\Documents\GitHub\project3-4\CodePC\ProjectGUI\target\classes;C:\Users\nbalj\.m2\repository\org\kordamp\ikonli\ikonli-javafx\12.2.0\ikonli-javafx-12.2.0.jar;C:\Users\nbalj\.m2\repository\org\openjfx\javafx-graphics\17.0.0.1\javafx-graphics-17.0.0.1-win.jar;C:\Users\nbalj\.m2\repository\org\openjfx\javafx-web\17.0.0.1\javafx-web-17.0.0.1-win.jar;C:\Users\nbalj\.m2\repository\org\openjfx\javafx-fxml\17.0.0.1\javafx-fxml-17.0.0.1-win.jar;C:\Users\nbalj\.m2\repository\org\controlsfx\controlsfx\11.1.0\controlsfx-11.1.0.jar;C:\Users\nbalj\.m2\repository\com\dlsc\formsfx\formsfx-core\11.3.2\formsfx-core-11.3.2.jar;C:\Users\nbalj\.m2\repository\org\openjfx\javafx-base\17.0.0.1\javafx-base-17.0.0.1-win.jar;C:\Users\nbalj\.m2\repository\eu\hansolo\tilesfx\11.48\tilesfx-11.48.jar;C:\Users\nbalj\.m2\repository\org\kordamp\ikonli\ikonli-core\12.2.0\ikonli-core-12.2.0.jar;C:\Users\nbalj\.m2\repository\org\kordamp\bootstrapfx\bootstrapfx-core\0.4.0\bootstrapfx-core-0.4.0.jar;C:\Users\nbalj\.m2\repository\org\openjfx\javafx-media\17.0.0.1\javafx-media-17.0.0.1-win.jar;C:\Users\nbalj\.m2\repository\net\synedra\validatorfx\0.1.13\validatorfx-0.1.13.jar -Djdk.module.main=com.example.projectgui 
java_command: com.example.projectgui/com.example.projectgui.HelloApplication
java_class_path (initial): C:\Users\nbalj\.m2\repository\org\openjfx\javafx-controls\17.0.0.1\javafx-controls-17.0.0.1.jar;C:\Users\nbalj\.m2\repository\org\openjfx\javafx-graphics\17.0.0.1\javafx-graphics-17.0.0.1.jar;C:\Users\nbalj\.m2\repository\org\openjfx\javafx-base\17.0.0.1\javafx-base-17.0.0.1.jar;C:\Users\nbalj\.m2\repository\org\openjfx\javafx-fxml\17.0.0.1\javafx-fxml-17.0.0.1.jar;C:\Users\nbalj\.m2\repository\org\openjfx\javafx-web\17.0.0.1\javafx-web-17.0.0.1.jar;C:\Users\nbalj\.m2\repository\org\openjfx\javafx-media\17.0.0.1\javafx-media-17.0.0.1.jar;C:\Users\nbalj\.m2\repository\mysql\mysql-connector-java\8.0.28\mysql-connector-java-8.0.28.jar;C:\Users\nbalj\.m2\repository\com\google\protobuf\protobuf-java\3.11.4\protobuf-java-3.11.4.jar
Launcher Type: SUN_STANDARD

[Global flags]
     intx CICompilerCount                          = 4                                         {product} {ergonomic}
     uint ConcGCThreads                            = 3                                         {product} {ergonomic}
     uint G1ConcRefinementThreads                  = 10                                        {product} {ergonomic}
   size_t G1HeapRegionSize                         = 2097152                                   {product} {ergonomic}
    uintx GCDrainStackTargetSize                   = 64                                        {product} {ergonomic}
   size_t InitialHeapSize                          = 268435456                                 {product} {ergonomic}
   size_t MarkStackSize                            = 4194304                                   {product} {ergonomic}
   size_t MaxHeapSize                              = 4265607168                                {product} {ergonomic}
   size_t MaxNewSize                               = 2558525440                                {product} {ergonomic}
   size_t MinHeapDeltaBytes                        = 2097152                                   {product} {ergonomic}
   size_t MinHeapSize                              = 8388608                                   {product} {ergonomic}
    uintx NonNMethodCodeHeapSize                   = 5839372                                {pd product} {ergonomic}
    uintx NonProfiledCodeHeapSize                  = 122909434                              {pd product} {ergonomic}
    uintx ProfiledCodeHeapSize                     = 122909434                              {pd product} {ergonomic}
    uintx ReservedCodeCacheSize                    = 251658240                              {pd product} {ergonomic}
     bool SegmentedCodeCache                       = true                                      {product} {ergonomic}
   size_t SoftMaxHeapSize                          = 4265607168                             {manageable} {ergonomic}
     bool UseCompressedClassPointers               = true                           {product lp64_product} {ergonomic}
     bool UseCompressedOops                        = true                           {product lp64_product} {ergonomic}
     bool UseG1GC                                  = true                                      {product} {ergonomic}
     bool UseLargePagesIndividualAllocation        = false                                  {pd product} {ergonomic}

Logging:
Log output configuration:
 #0: stdout all=warning uptime,level,tags
 #1: stderr all=off uptime,level,tags

Environment Variables:
JAVA_HOME=C:\Program Files\Java\jdk-17.0.1
PATH=C:\Program Files\Common Files\Oracle\Java\javapath;C:\Program Files (x86)\Common Files\Oracle\Java\javapath;C:\Program Files (x86)\Common Files\Intel\Shared Libraries\redist\intel64_win\compiler;C:\Windows\system32;C:\Windows;C:\Windows\System32\Wbem;C:\Windows\System32\WindowsPowerShell\v1.0\;C:\Windows\System32\OpenSSH\;C:\Program Files\NVIDIA Corporation\NVIDIA NvDLISR;C:\Program Files (x86)\NVIDIA Corporation\PhysX\Common;C:\Program Files\PowerShell\7\;C:\Program Files (x86)\mingw-w64\i686-8.1.0-posix-dwarf-rt_v6-rev0\mingw32\bin;C:\Program Files\Java\jdk-17.0.1;C:\Program Files\dotnet\;C:\Program Files\Git\cmd;C:\Program Files\PuTTY\;C:\Program Files\OpenSSL-Win64\bin;C:\Program Files\Java\jdk-18;C:\Users\nbalj\AppData\Local\Microsoft\WindowsApps;C:\Users\nbalj\AppData\Local\Programs\Microsoft VS Code\bin;C:\Program Files\Inkscape\bin;C:\Program Files\JetBrains\IntelliJ IDEA 2021.2.3\bin;;C:\Users\nbalj\.dotnet\tools;C:\Users\nbalj\AppData\Local\GitHubDesktop\bin
USERNAME=nbalj
OS=Windows_NT
PROCESSOR_IDENTIFIER=AMD64 Family 23 Model 113 Stepping 0, AuthenticAMD



---------------  S Y S T E M  ---------------

OS:
 Windows 10 , 64 bit Build 19041 (10.0.19041.1706)
OS uptime: 7 days 4:25 hours
Hyper-V role detected

CPU: total 12 (initial active 12) (12 cores per cpu, 2 threads per core) family 23 model 113 stepping 0 microcode 0x0, cx8, cmov, fxsr, ht, mmx, 3dnowpref, sse, sse2, sse3, ssse3, sse4a, sse4.1, sse4.2, popcnt, lzcnt, tsc, tscinvbit, avx, avx2, aes, clmul, bmi1, bmi2, adx, sha, fma, vzeroupper, clflush, clflushopt, hv

Memory: 4k page, system-wide physical 16265M (6124M free)
TotalPageFile size 22153M (AvailPageFile size 5509M)
current process WorkingSet (physical memory assigned to process): 243M, peak: 322M
current process commit charge ("private bytes"): 580M, peak: 639M

vm_info: Java HotSpot(TM) 64-Bit Server VM (17.0.1+12-LTS-39) for windows-amd64 JRE (17.0.1+12-LTS-39), built on Sep 27 2021 18:41:35 by "mach5one" with MS VC++ 16.8 (VS2019)

END.
