#
# A fatal error has been detected by the Java Runtime Environment:
#
#  EXCEPTION_ACCESS_VIOLATION (0xc0000005) at pc=0x00007ffa7f873416, pid=30852, tid=23092
#
# JRE version: Java(TM) SE Runtime Environment (17.0.1+12) (build 17.0.1+12-LTS-39)
# Java VM: Java HotSpot(TM) 64-Bit Server VM (17.0.1+12-LTS-39, mixed mode, tiered, compressed oops, compressed class ptrs, g1 gc, windows-amd64)
# Problematic frame:
# C  [ntdll.dll+0x63416]
#
# No core dump will be written. Minidumps are not enabled by default on client versions of Windows
#
# If you would like to submit a bug report, please visit:
#   https://bugreport.java.com/bugreport/crash.jsp
# The crash happened outside the Java Virtual Machine in native code.
# See problematic frame for where to report the bug.
#

---------------  S U M M A R Y ------------

Command Line: -ea -Didea.test.cyclic.buffer.size=1048576 -javaagent:C:\Program Files\JetBrains\IntelliJ IDEA 2021.2.3\lib\idea_rt.jar=63298:C:\Program Files\JetBrains\IntelliJ IDEA 2021.2.3\bin --patch-module=com.example.projectgui=C:/Users/nbalj/Documents/GitHub/project3-4/CodePC/ProjectGUI/target/test-classes --add-reads=com.example.projectgui=ALL-UNNAMED --add-opens=com.example.projectgui/com.example.projectgui=ALL-UNNAMED --add-modules=com.example.projectgui -Dfile.encoding=UTF-8 --module-path=C:\Users\nbalj\.m2\repository\com\dlsc\formsfx\formsfx-core\11.3.2\formsfx-core-11.3.2.jar;C:\Users\nbalj\.m2\repository\org\openjfx\javafx-base\17.0.0.1\javafx-base-17.0.0.1-win.jar;C:\Users\nbalj\.m2\repository\org\openjfx\javafx-controls\17.0.0.1\javafx-controls-17.0.0.1-win.jar;C:\Users\nbalj\.m2\repository\org\kordamp\ikonli\ikonli-javafx\12.2.0\ikonli-javafx-12.2.0.jar;C:\Users\nbalj\.m2\repository\com\fazecast\jSerialComm\2.9.1\jSerialComm-2.9.1.jar;C:\Users\nbalj\Documents\GitHub\project3-4\CodePC\ProjectGUI\target\classes;C:\Users\nbalj\.m2\repository\org\openjfx\javafx-graphics\17.0.0.1\javafx-graphics-17.0.0.1-win.jar;C:\Users\nbalj\.m2\repository\org\openjfx\javafx-fxml\17.0.0.1\javafx-fxml-17.0.0.1-win.jar;C:\Users\nbalj\.m2\repository\org\openjfx\javafx-web\17.0.0.1\javafx-web-17.0.0.1-win.jar;C:\Users\nbalj\.m2\repository\org\controlsfx\controlsfx\11.1.0\controlsfx-11.1.0.jar;C:\Users\nbalj\.m2\repository\net\synedra\validatorfx\0.1.13\validatorfx-0.1.13.jar;C:\Users\nbalj\.m2\repository\eu\hansolo\tilesfx\11.48\tilesfx-11.48.jar;C:\Users\nbalj\.m2\repository\org\openjfx\javafx-media\17.0.0.1\javafx-media-17.0.0.1-win.jar;C:\Users\nbalj\.m2\repository\org\kordamp\bootstrapfx\bootstrapfx-core\0.4.0\bootstrapfx-core-0.4.0.jar;C:\Users\nbalj\.m2\repository\org\kordamp\ikonli\ikonli-core\12.2.0\ikonli-core-12.2.0.jar com.intellij.rt.junit.JUnitStarter -ideVersion5 -junit5 com.example.projectgui.ArduinoControlsTest,analyzeSendData

Host: AMD Ryzen 5 3600 6-Core Processor              , 12 cores, 15G,  Windows 10 , 64 bit Build 19041 (10.0.19041.1706)
Time: Wed May 25 15:53:28 2022 W. Europe Summer Time elapsed time: 5.026306 seconds (0d 0h 0m 5s)

---------------  T H R E A D  ---------------

Current thread (0x000002a97e4547a0):  JavaThread "Thread-2" [_thread_in_native, id=23092, stack(0x000000d29c400000,0x000000d29c500000)]

Stack: [0x000000d29c400000,0x000000d29c500000],  sp=0x000000d29c4fefb0,  free space=1019k
Native frames: (J=compiled Java code, j=interpreted, Vv=VM code, C=native code)
C  [ntdll.dll+0x63416]
C  [ntdll.dll+0x2fcb4]
C  [ntdll.dll+0x2fae2]
C  [1653486804332-jSerialComm.dll+0x3cb2]

Java frames: (J=compiled Java code, j=interpreted, Vv=VM code)
j  com.fazecast.jSerialComm.SerialPort.closePortNative(J)J+0 com.fazecast.jSerialComm
j  com.fazecast.jSerialComm.SerialPort.closePort()Z+29 com.fazecast.jSerialComm
j  com.example.projectgui.ArduinoControls.lambda$setupCommunication$0()V+3 com.example.projectgui
j  com.example.projectgui.ArduinoControls$$Lambda$366+0x00000007c013fdd0.run()V+0 com.example.projectgui
j  java.lang.Thread.run()V+11 java.base@17.0.1
v  ~StubRoutines::call_stub

siginfo: EXCEPTION_ACCESS_VIOLATION (0xc0000005), writing address 0x0000000000000024


Register to memory mapping:

RIP=0x00007ffa7f873416 ntdll.dll
RAX=0x0 is NULL
RBX=0x00007ffa4ad6fd00 1653486804332-jSerialComm.dll
RCX=0x00007ffa4ad6fd00 1653486804332-jSerialComm.dll
RDX=0x00000000fffffffa is an unknown value
RSP=0x000000d29c4fefb0 is pointing into the stack for thread: 0x000002a97e4547a0
RBP=0x000000d29c4ff100 is pointing into the stack for thread: 0x000002a97e4547a0
RSI=0x0 is NULL
RDI=0x0 is NULL
R8 =0x0 is NULL
R9 =0x00007ffa4ad6fd00 1653486804332-jSerialComm.dll
R10=0x0 is NULL
R11=0x0000000000000246 is an unknown value
R12=0x0 is NULL
R13=0x000000d29adae000 points into unknown readable memory: 0x0000000000000000 | 00 00 00 00 00 00 00 00
R14=0x0000000000000001 is an unknown value
R15=0x0 is NULL


Registers:
RAX=0x0000000000000000, RBX=0x00007ffa4ad6fd00, RCX=0x00007ffa4ad6fd00, RDX=0x00000000fffffffa
RSP=0x000000d29c4fefb0, RBP=0x000000d29c4ff100, RSI=0x0000000000000000, RDI=0x0000000000000000
R8 =0x0000000000000000, R9 =0x00007ffa4ad6fd00, R10=0x0000000000000000, R11=0x0000000000000246
R12=0x0000000000000000, R13=0x000000d29adae000, R14=0x0000000000000001, R15=0x0000000000000000
RIP=0x00007ffa7f873416, EFLAGS=0x0000000000010213

Top of Stack: (sp=0x000000d29c4fefb0)
0x000000d29c4fefb0:   ffffffffffffffff 00007ffa4ad6fd00
0x000000d29c4fefc0:   0000000000000000 0000000000000000
0x000000d29c4fefd0:   0000000000000000 0000000000000000
0x000000d29c4fefe0:   0000000000000000 0000000000000000
0x000000d29c4feff0:   0000000000000000 00000000fffffffa
0x000000d29c4ff000:   000000d29adae000 0000000000000000
0x000000d29c4ff010:   0000000000000000 0000000000000000
0x000000d29c4ff020:   0000000000000000 0000000000000000
0x000000d29c4ff030:   0000000000000000 0000000000000000
0x000000d29c4ff040:   0000108a1634aa59 0000000000000000
0x000000d29c4ff050:   000002a97e454700 0000000000000001
0x000000d29c4ff060:   0000000000000001 0000000000000001
0x000000d29c4ff070:   0000000000000000 00007ffa4ad6fd00
0x000000d29c4ff080:   000000d29c4ff100 00007ffa7f83fcb4
0x000000d29c4ff090:   0000000000000000 0000000000000000
0x000000d29c4ff0a0:   00000000fffffffa 0000000000000000 

Instructions: (pc=0x00007ffa7f873416)
0x00007ffa7f873316:   20 e9 ed fe ff ff 48 89 41 18 e9 e4 fe ff ff cc
0x00007ffa7f873326:   cc cc cc cc cc cc cc cc cc cc 80 3d d1 71 10 00
0x00007ffa7f873336:   00 0f 95 c0 c3 cc cc cc cc cc cc cc cc cc cc cc
0x00007ffa7f873346:   cc cc cc cc cc cc cc cc cc cc 48 83 ec 38 8b 05
0x00007ffa7f873356:   d2 57 10 00 89 44 24 20 e8 41 02 00 00 48 83 c4
0x00007ffa7f873366:   38 c3 cc cc cc cc cc cc cc cc 48 89 5c 24 18 55
0x00007ffa7f873376:   56 57 41 54 41 55 41 56 41 57 48 81 ec a0 00 00
0x00007ffa7f873386:   00 48 8b 05 82 f1 11 00 48 33 c4 48 89 84 24 90
0x00007ffa7f873396:   00 00 00 65 4c 8b 2c 25 30 00 00 00 48 8d 05 4f
0x00007ffa7f8733a6:   11 10 00 40 32 ed 89 54 24 48 33 f6 40 88 6c 24
0x00007ffa7f8733b6:   40 4c 89 6c 24 50 48 8b d9 44 8b e6 48 3b c8 0f
0x00007ffa7f8733c6:   84 39 01 00 00 40 38 35 36 71 10 00 0f 85 a8 01
0x00007ffa7f8733d6:   00 00 39 35 4a 71 10 00 0f 85 6a 01 00 00 40 38
0x00007ffa7f8733e6:   35 0d 6c 10 00 48 8d 3d 0e 6c 10 00 48 0f 45 fe
0x00007ffa7f8733f6:   48 39 73 18 0f 84 d2 00 00 00 48 8b 03 48 83 f8
0x00007ffa7f873406:   ff 0f 84 d2 00 00 00 44 8b fe 48 83 f8 ff 74 03
0x00007ffa7f873416:   ff 40 24 4c 8b 73 18 4c 8d 2d d4 10 10 00 bd 22
0x00007ffa7f873426:   17 00 00 e8 22 14 fc ff 85 c0 0f 85 be b2 05 00
0x00007ffa7f873436:   b9 82 03 fe 7f 80 39 00 0f 85 cc b2 05 00 49 83
0x00007ffa7f873446:   fe ff 0f 85 5a b3 05 00 4c 8b cf c7 44 24 20 00
0x00007ffa7f873456:   00 00 00 41 b8 04 00 00 00 48 8d 54 24 48 48 8d
0x00007ffa7f873466:   4b 08 e8 37 01 00 00 3d 02 01 00 00 0f 84 43 b3
0x00007ffa7f873476:   05 00 8b 4b 08 89 4c 24 48 f6 c1 02 75 ca 3d 02
0x00007ffa7f873486:   01 00 00 0f 84 2c b3 05 00 0f b6 6c 24 40 4c 8b
0x00007ffa7f873496:   6c 24 50 85 c0 0f 88 78 b4 05 00 40 84 ed 75 73
0x00007ffa7f8734a6:   48 8b 8c 24 90 00 00 00 48 33 cc e8 7a 8d 02 00
0x00007ffa7f8734b6:   48 8b 9c 24 f0 00 00 00 48 81 c4 a0 00 00 00 41
0x00007ffa7f8734c6:   5f 41 5e 41 5d 41 5c 5f 5e 5d c3 cc 48 8b cb e8
0x00007ffa7f8734d6:   56 05 00 00 e9 21 ff ff ff 8b 4b 20 48 c7 c0 ff
0x00007ffa7f8734e6:   ff ff ff 48 0f ba e1 18 0f 82 19 ff ff ff 48 8b
0x00007ffa7f8734f6:   cb e8 44 e3 fa ff 48 8b 03 e9 09 ff ff ff c6 44
0x00007ffa7f873506:   24 40 01 41 c7 85 60 17 00 00 01 00 00 00 e9 b2 


Stack slot to memory mapping:
stack at sp + 0 slots: 0xffffffffffffffff is an unknown value
stack at sp + 1 slots: 0x00007ffa4ad6fd00 1653486804332-jSerialComm.dll
stack at sp + 2 slots: 0x0 is NULL
stack at sp + 3 slots: 0x0 is NULL
stack at sp + 4 slots: 0x0 is NULL
stack at sp + 5 slots: 0x0 is NULL
stack at sp + 6 slots: 0x0 is NULL
stack at sp + 7 slots: 0x0 is NULL


---------------  P R O C E S S  ---------------

Threads class SMR info:
_java_thread_list=0x000002a97f03c1c0, length=15, elements={
0x000002a959eb4c70, 0x000002a97d840020, 0x000002a97d840ca0, 0x000002a97cfd9490,
0x000002a97d861000, 0x000002a97d8638d0, 0x000002a97d8651a0, 0x000002a97d865d90,
0x000002a97d866740, 0x000002a97d867430, 0x000002a97d9116e0, 0x000002a97e1b04a0,
0x000002a97e2815e0, 0x000002a97e380a00, 0x000002a97e4547a0
}

Java Threads: ( => current thread )
  0x000002a959eb4c70 JavaThread "main" [_thread_blocked, id=14976, stack(0x000000d29b200000,0x000000d29b300000)]
  0x000002a97d840020 JavaThread "Reference Handler" daemon [_thread_blocked, id=25588, stack(0x000000d29b900000,0x000000d29ba00000)]
  0x000002a97d840ca0 JavaThread "Finalizer" daemon [_thread_blocked, id=30552, stack(0x000000d29ba00000,0x000000d29bb00000)]
  0x000002a97cfd9490 JavaThread "Signal Dispatcher" daemon [_thread_blocked, id=17492, stack(0x000000d29bb00000,0x000000d29bc00000)]
  0x000002a97d861000 JavaThread "Attach Listener" daemon [_thread_blocked, id=23312, stack(0x000000d29bc00000,0x000000d29bd00000)]
  0x000002a97d8638d0 JavaThread "Service Thread" daemon [_thread_blocked, id=23504, stack(0x000000d29bd00000,0x000000d29be00000)]
  0x000002a97d8651a0 JavaThread "Monitor Deflation Thread" daemon [_thread_blocked, id=29260, stack(0x000000d29be00000,0x000000d29bf00000)]
  0x000002a97d865d90 JavaThread "C2 CompilerThread0" daemon [_thread_blocked, id=5856, stack(0x000000d29bf00000,0x000000d29c000000)]
  0x000002a97d866740 JavaThread "C1 CompilerThread0" daemon [_thread_blocked, id=15384, stack(0x000000d29c000000,0x000000d29c100000)]
  0x000002a97d867430 JavaThread "Sweeper thread" daemon [_thread_blocked, id=30136, stack(0x000000d29c100000,0x000000d29c200000)]
  0x000002a97d9116e0 JavaThread "Common-Cleaner" daemon [_thread_blocked, id=13540, stack(0x000000d29c200000,0x000000d29c300000)]
  0x000002a97e1b04a0 JavaThread "Monitor Ctrl-Break" daemon [_thread_in_native, id=14900, stack(0x000000d29c500000,0x000000d29c600000)]
  0x000002a97e2815e0 JavaThread "Notification Thread" daemon [_thread_blocked, id=24592, stack(0x000000d29c600000,0x000000d29c700000)]
  0x000002a97e380a00 JavaThread "Thread-1" [_thread_blocked, id=15236, stack(0x000000d29c800000,0x000000d29c900000)]
=>0x000002a97e4547a0 JavaThread "Thread-2" [_thread_in_native, id=23092, stack(0x000000d29c400000,0x000000d29c500000)]

Other Threads:
  0x000002a97cfd83d0 VMThread "VM Thread" [stack: 0x000000d29b800000,0x000000d29b900000] [id=18020]
  0x000002a959f25e10 WatcherThread [stack: 0x000000d29c700000,0x000000d29c800000] [id=17436]
  0x000002a959f04680 GCTaskThread "GC Thread#0" [stack: 0x000000d29b300000,0x000000d29b400000] [id=10724]
  0x000002a97e3d0350 GCTaskThread "GC Thread#1" [stack: 0x000000d29c900000,0x000000d29ca00000] [id=30240]
  0x000002a97e3cfdf0 GCTaskThread "GC Thread#2" [stack: 0x000000d29ca00000,0x000000d29cb00000] [id=20580]
  0x000002a97e3d0600 GCTaskThread "GC Thread#3" [stack: 0x000000d29cb00000,0x000000d29cc00000] [id=18096]
  0x000002a97e3cf080 GCTaskThread "GC Thread#4" [stack: 0x000000d29cc00000,0x000000d29cd00000] [id=9080]
  0x000002a97e3cf5e0 GCTaskThread "GC Thread#5" [stack: 0x000000d29cd00000,0x000000d29ce00000] [id=25732]
  0x000002a959f17330 ConcurrentGCThread "G1 Main Marker" [stack: 0x000000d29b400000,0x000000d29b500000] [id=19000]
  0x000002a959f19400 ConcurrentGCThread "G1 Conc#0" [stack: 0x000000d29b500000,0x000000d29b600000] [id=26276]
  0x000002a959f8dbe0 ConcurrentGCThread "G1 Refine#0" [stack: 0x000000d29b600000,0x000000d29b700000] [id=1548]
  0x000002a959f8e510 ConcurrentGCThread "G1 Service" [stack: 0x000000d29b700000,0x000000d29b800000] [id=9736]

Threads with active compile tasks:

VM state: not at safepoint (normal execution)

VM Mutex/Monitor currently owned by a thread: None

Heap address: 0x00000006c1c00000, size: 4068 MB, Compressed Oops mode: Zero based, Oop shift amount: 3

CDS archive(s) not mapped
Compressed class space mapped at: 0x00000007c0000000-0x0000000800000000, reserved size: 1073741824
Narrow klass base: 0x0000000000000000, Narrow klass shift: 3, Narrow klass range: 0x800000000

GC Precious Log:
 CPUs: 12 total, 12 available
 Memory: 16265M
 Large Page Support: Disabled
 NUMA Support: Disabled
 Compressed Oops: Enabled (Zero based)
 Heap Region Size: 2M
 Heap Min Capacity: 8M
 Heap Initial Capacity: 256M
 Heap Max Capacity: 4068M
 Pre-touch: Disabled
 Parallel Workers: 10
 Concurrent Workers: 3
 Concurrent Refinement Workers: 10
 Periodic GC: Disabled

Heap:
 garbage-first heap   total 262144K, used 5275K [0x00000006c1c00000, 0x00000007c0000000)
  region size 2048K, 4 young (8192K), 2 survivors (4096K)
 Metaspace       used 12977K, committed 13184K, reserved 1064960K
  class space    used 1378K, committed 1472K, reserved 1048576K

Heap Regions: E=young(eden), S=young(survivor), O=old, HS=humongous(starts), HC=humongous(continues), CS=collection set, F=free, OA=open archive, CA=closed archive, TAMS=top-at-mark-start (previous, next)
|   0|0x00000006c1c00000, 0x00000006c1c00000, 0x00000006c1e00000|  0%| F|  |TAMS 0x00000006c1c00000, 0x00000006c1c00000| Untracked 
|   1|0x00000006c1e00000, 0x00000006c1e00000, 0x00000006c2000000|  0%| F|  |TAMS 0x00000006c1e00000, 0x00000006c1e00000| Untracked 
|   2|0x00000006c2000000, 0x00000006c2000000, 0x00000006c2200000|  0%| F|  |TAMS 0x00000006c2000000, 0x00000006c2000000| Untracked 
|   3|0x00000006c2200000, 0x00000006c2200000, 0x00000006c2400000|  0%| F|  |TAMS 0x00000006c2200000, 0x00000006c2200000| Untracked 
|   4|0x00000006c2400000, 0x00000006c2400000, 0x00000006c2600000|  0%| F|  |TAMS 0x00000006c2400000, 0x00000006c2400000| Untracked 
|   5|0x00000006c2600000, 0x00000006c2600000, 0x00000006c2800000|  0%| F|  |TAMS 0x00000006c2600000, 0x00000006c2600000| Untracked 
|   6|0x00000006c2800000, 0x00000006c2800000, 0x00000006c2a00000|  0%| F|  |TAMS 0x00000006c2800000, 0x00000006c2800000| Untracked 
|   7|0x00000006c2a00000, 0x00000006c2a00000, 0x00000006c2c00000|  0%| F|  |TAMS 0x00000006c2a00000, 0x00000006c2a00000| Untracked 
|   8|0x00000006c2c00000, 0x00000006c2c00000, 0x00000006c2e00000|  0%| F|  |TAMS 0x00000006c2c00000, 0x00000006c2c00000| Untracked 
|   9|0x00000006c2e00000, 0x00000006c2e00000, 0x00000006c3000000|  0%| F|  |TAMS 0x00000006c2e00000, 0x00000006c2e00000| Untracked 
|  10|0x00000006c3000000, 0x00000006c3000000, 0x00000006c3200000|  0%| F|  |TAMS 0x00000006c3000000, 0x00000006c3000000| Untracked 
|  11|0x00000006c3200000, 0x00000006c3200000, 0x00000006c3400000|  0%| F|  |TAMS 0x00000006c3200000, 0x00000006c3200000| Untracked 
|  12|0x00000006c3400000, 0x00000006c3400000, 0x00000006c3600000|  0%| F|  |TAMS 0x00000006c3400000, 0x00000006c3400000| Untracked 
|  13|0x00000006c3600000, 0x00000006c3600000, 0x00000006c3800000|  0%| F|  |TAMS 0x00000006c3600000, 0x00000006c3600000| Untracked 
|  14|0x00000006c3800000, 0x00000006c3800000, 0x00000006c3a00000|  0%| F|  |TAMS 0x00000006c3800000, 0x00000006c3800000| Untracked 
|  15|0x00000006c3a00000, 0x00000006c3a00000, 0x00000006c3c00000|  0%| F|  |TAMS 0x00000006c3a00000, 0x00000006c3a00000| Untracked 
|  16|0x00000006c3c00000, 0x00000006c3c00000, 0x00000006c3e00000|  0%| F|  |TAMS 0x00000006c3c00000, 0x00000006c3c00000| Untracked 
|  17|0x00000006c3e00000, 0x00000006c3e00000, 0x00000006c4000000|  0%| F|  |TAMS 0x00000006c3e00000, 0x00000006c3e00000| Untracked 
|  18|0x00000006c4000000, 0x00000006c4000000, 0x00000006c4200000|  0%| F|  |TAMS 0x00000006c4000000, 0x00000006c4000000| Untracked 
|  19|0x00000006c4200000, 0x00000006c4200000, 0x00000006c4400000|  0%| F|  |TAMS 0x00000006c4200000, 0x00000006c4200000| Untracked 
|  20|0x00000006c4400000, 0x00000006c4400000, 0x00000006c4600000|  0%| F|  |TAMS 0x00000006c4400000, 0x00000006c4400000| Untracked 
|  21|0x00000006c4600000, 0x00000006c4600000, 0x00000006c4800000|  0%| F|  |TAMS 0x00000006c4600000, 0x00000006c4600000| Untracked 
|  22|0x00000006c4800000, 0x00000006c4800000, 0x00000006c4a00000|  0%| F|  |TAMS 0x00000006c4800000, 0x00000006c4800000| Untracked 
|  23|0x00000006c4a00000, 0x00000006c4a00000, 0x00000006c4c00000|  0%| F|  |TAMS 0x00000006c4a00000, 0x00000006c4a00000| Untracked 
|  24|0x00000006c4c00000, 0x00000006c4c00000, 0x00000006c4e00000|  0%| F|  |TAMS 0x00000006c4c00000, 0x00000006c4c00000| Untracked 
|  25|0x00000006c4e00000, 0x00000006c4e00000, 0x00000006c5000000|  0%| F|  |TAMS 0x00000006c4e00000, 0x00000006c4e00000| Untracked 
|  26|0x00000006c5000000, 0x00000006c5000000, 0x00000006c5200000|  0%| F|  |TAMS 0x00000006c5000000, 0x00000006c5000000| Untracked 
|  27|0x00000006c5200000, 0x00000006c5200000, 0x00000006c5400000|  0%| F|  |TAMS 0x00000006c5200000, 0x00000006c5200000| Untracked 
|  28|0x00000006c5400000, 0x00000006c5400000, 0x00000006c5600000|  0%| F|  |TAMS 0x00000006c5400000, 0x00000006c5400000| Untracked 
|  29|0x00000006c5600000, 0x00000006c5600000, 0x00000006c5800000|  0%| F|  |TAMS 0x00000006c5600000, 0x00000006c5600000| Untracked 
|  30|0x00000006c5800000, 0x00000006c5800000, 0x00000006c5a00000|  0%| F|  |TAMS 0x00000006c5800000, 0x00000006c5800000| Untracked 
|  31|0x00000006c5a00000, 0x00000006c5a00000, 0x00000006c5c00000|  0%| F|  |TAMS 0x00000006c5a00000, 0x00000006c5a00000| Untracked 
|  32|0x00000006c5c00000, 0x00000006c5c00000, 0x00000006c5e00000|  0%| F|  |TAMS 0x00000006c5c00000, 0x00000006c5c00000| Untracked 
|  33|0x00000006c5e00000, 0x00000006c5e00000, 0x00000006c6000000|  0%| F|  |TAMS 0x00000006c5e00000, 0x00000006c5e00000| Untracked 
|  34|0x00000006c6000000, 0x00000006c6000000, 0x00000006c6200000|  0%| F|  |TAMS 0x00000006c6000000, 0x00000006c6000000| Untracked 
|  35|0x00000006c6200000, 0x00000006c6200000, 0x00000006c6400000|  0%| F|  |TAMS 0x00000006c6200000, 0x00000006c6200000| Untracked 
|  36|0x00000006c6400000, 0x00000006c6400000, 0x00000006c6600000|  0%| F|  |TAMS 0x00000006c6400000, 0x00000006c6400000| Untracked 
|  37|0x00000006c6600000, 0x00000006c6600000, 0x00000006c6800000|  0%| F|  |TAMS 0x00000006c6600000, 0x00000006c6600000| Untracked 
|  38|0x00000006c6800000, 0x00000006c6800000, 0x00000006c6a00000|  0%| F|  |TAMS 0x00000006c6800000, 0x00000006c6800000| Untracked 
|  39|0x00000006c6a00000, 0x00000006c6a00000, 0x00000006c6c00000|  0%| F|  |TAMS 0x00000006c6a00000, 0x00000006c6a00000| Untracked 
|  40|0x00000006c6c00000, 0x00000006c6c00000, 0x00000006c6e00000|  0%| F|  |TAMS 0x00000006c6c00000, 0x00000006c6c00000| Untracked 
|  41|0x00000006c6e00000, 0x00000006c6e00000, 0x00000006c7000000|  0%| F|  |TAMS 0x00000006c6e00000, 0x00000006c6e00000| Untracked 
|  42|0x00000006c7000000, 0x00000006c7000000, 0x00000006c7200000|  0%| F|  |TAMS 0x00000006c7000000, 0x00000006c7000000| Untracked 
|  43|0x00000006c7200000, 0x00000006c7200000, 0x00000006c7400000|  0%| F|  |TAMS 0x00000006c7200000, 0x00000006c7200000| Untracked 
|  44|0x00000006c7400000, 0x00000006c7400000, 0x00000006c7600000|  0%| F|  |TAMS 0x00000006c7400000, 0x00000006c7400000| Untracked 
|  45|0x00000006c7600000, 0x00000006c7600000, 0x00000006c7800000|  0%| F|  |TAMS 0x00000006c7600000, 0x00000006c7600000| Untracked 
|  46|0x00000006c7800000, 0x00000006c7800000, 0x00000006c7a00000|  0%| F|  |TAMS 0x00000006c7800000, 0x00000006c7800000| Untracked 
|  47|0x00000006c7a00000, 0x00000006c7a00000, 0x00000006c7c00000|  0%| F|  |TAMS 0x00000006c7a00000, 0x00000006c7a00000| Untracked 
|  48|0x00000006c7c00000, 0x00000006c7c00000, 0x00000006c7e00000|  0%| F|  |TAMS 0x00000006c7c00000, 0x00000006c7c00000| Untracked 
|  49|0x00000006c7e00000, 0x00000006c7e00000, 0x00000006c8000000|  0%| F|  |TAMS 0x00000006c7e00000, 0x00000006c7e00000| Untracked 
|  50|0x00000006c8000000, 0x00000006c8000000, 0x00000006c8200000|  0%| F|  |TAMS 0x00000006c8000000, 0x00000006c8000000| Untracked 
|  51|0x00000006c8200000, 0x00000006c8200000, 0x00000006c8400000|  0%| F|  |TAMS 0x00000006c8200000, 0x00000006c8200000| Untracked 
|  52|0x00000006c8400000, 0x00000006c8400000, 0x00000006c8600000|  0%| F|  |TAMS 0x00000006c8400000, 0x00000006c8400000| Untracked 
|  53|0x00000006c8600000, 0x00000006c8600000, 0x00000006c8800000|  0%| F|  |TAMS 0x00000006c8600000, 0x00000006c8600000| Untracked 
|  54|0x00000006c8800000, 0x00000006c8800000, 0x00000006c8a00000|  0%| F|  |TAMS 0x00000006c8800000, 0x00000006c8800000| Untracked 
|  55|0x00000006c8a00000, 0x00000006c8a00000, 0x00000006c8c00000|  0%| F|  |TAMS 0x00000006c8a00000, 0x00000006c8a00000| Untracked 
|  56|0x00000006c8c00000, 0x00000006c8c00000, 0x00000006c8e00000|  0%| F|  |TAMS 0x00000006c8c00000, 0x00000006c8c00000| Untracked 
|  57|0x00000006c8e00000, 0x00000006c8e00000, 0x00000006c9000000|  0%| F|  |TAMS 0x00000006c8e00000, 0x00000006c8e00000| Untracked 
|  58|0x00000006c9000000, 0x00000006c9000000, 0x00000006c9200000|  0%| F|  |TAMS 0x00000006c9000000, 0x00000006c9000000| Untracked 
|  59|0x00000006c9200000, 0x00000006c9200000, 0x00000006c9400000|  0%| F|  |TAMS 0x00000006c9200000, 0x00000006c9200000| Untracked 
|  60|0x00000006c9400000, 0x00000006c9400000, 0x00000006c9600000|  0%| F|  |TAMS 0x00000006c9400000, 0x00000006c9400000| Untracked 
|  61|0x00000006c9600000, 0x00000006c9600000, 0x00000006c9800000|  0%| F|  |TAMS 0x00000006c9600000, 0x00000006c9600000| Untracked 
|  62|0x00000006c9800000, 0x00000006c9800000, 0x00000006c9a00000|  0%| F|  |TAMS 0x00000006c9800000, 0x00000006c9800000| Untracked 
|  63|0x00000006c9a00000, 0x00000006c9a00000, 0x00000006c9c00000|  0%| F|  |TAMS 0x00000006c9a00000, 0x00000006c9a00000| Untracked 
|  64|0x00000006c9c00000, 0x00000006c9c00000, 0x00000006c9e00000|  0%| F|  |TAMS 0x00000006c9c00000, 0x00000006c9c00000| Untracked 
|  65|0x00000006c9e00000, 0x00000006c9e00000, 0x00000006ca000000|  0%| F|  |TAMS 0x00000006c9e00000, 0x00000006c9e00000| Untracked 
|  66|0x00000006ca000000, 0x00000006ca000000, 0x00000006ca200000|  0%| F|  |TAMS 0x00000006ca000000, 0x00000006ca000000| Untracked 
|  67|0x00000006ca200000, 0x00000006ca200000, 0x00000006ca400000|  0%| F|  |TAMS 0x00000006ca200000, 0x00000006ca200000| Untracked 
|  68|0x00000006ca400000, 0x00000006ca400000, 0x00000006ca600000|  0%| F|  |TAMS 0x00000006ca400000, 0x00000006ca400000| Untracked 
|  69|0x00000006ca600000, 0x00000006ca600000, 0x00000006ca800000|  0%| F|  |TAMS 0x00000006ca600000, 0x00000006ca600000| Untracked 
|  70|0x00000006ca800000, 0x00000006ca800000, 0x00000006caa00000|  0%| F|  |TAMS 0x00000006ca800000, 0x00000006ca800000| Untracked 
|  71|0x00000006caa00000, 0x00000006caa00000, 0x00000006cac00000|  0%| F|  |TAMS 0x00000006caa00000, 0x00000006caa00000| Untracked 
|  72|0x00000006cac00000, 0x00000006cac00000, 0x00000006cae00000|  0%| F|  |TAMS 0x00000006cac00000, 0x00000006cac00000| Untracked 
|  73|0x00000006cae00000, 0x00000006cae00000, 0x00000006cb000000|  0%| F|  |TAMS 0x00000006cae00000, 0x00000006cae00000| Untracked 
|  74|0x00000006cb000000, 0x00000006cb000000, 0x00000006cb200000|  0%| F|  |TAMS 0x00000006cb000000, 0x00000006cb000000| Untracked 
|  75|0x00000006cb200000, 0x00000006cb200000, 0x00000006cb400000|  0%| F|  |TAMS 0x00000006cb200000, 0x00000006cb200000| Untracked 
|  76|0x00000006cb400000, 0x00000006cb400000, 0x00000006cb600000|  0%| F|  |TAMS 0x00000006cb400000, 0x00000006cb400000| Untracked 
|  77|0x00000006cb600000, 0x00000006cb600000, 0x00000006cb800000|  0%| F|  |TAMS 0x00000006cb600000, 0x00000006cb600000| Untracked 
|  78|0x00000006cb800000, 0x00000006cb800000, 0x00000006cba00000|  0%| F|  |TAMS 0x00000006cb800000, 0x00000006cb800000| Untracked 
|  79|0x00000006cba00000, 0x00000006cba00000, 0x00000006cbc00000|  0%| F|  |TAMS 0x00000006cba00000, 0x00000006cba00000| Untracked 
|  80|0x00000006cbc00000, 0x00000006cbc00000, 0x00000006cbe00000|  0%| F|  |TAMS 0x00000006cbc00000, 0x00000006cbc00000| Untracked 
|  81|0x00000006cbe00000, 0x00000006cbe00000, 0x00000006cc000000|  0%| F|  |TAMS 0x00000006cbe00000, 0x00000006cbe00000| Untracked 
|  82|0x00000006cc000000, 0x00000006cc000000, 0x00000006cc200000|  0%| F|  |TAMS 0x00000006cc000000, 0x00000006cc000000| Untracked 
|  83|0x00000006cc200000, 0x00000006cc200000, 0x00000006cc400000|  0%| F|  |TAMS 0x00000006cc200000, 0x00000006cc200000| Untracked 
|  84|0x00000006cc400000, 0x00000006cc400000, 0x00000006cc600000|  0%| F|  |TAMS 0x00000006cc400000, 0x00000006cc400000| Untracked 
|  85|0x00000006cc600000, 0x00000006cc600000, 0x00000006cc800000|  0%| F|  |TAMS 0x00000006cc600000, 0x00000006cc600000| Untracked 
|  86|0x00000006cc800000, 0x00000006cc800000, 0x00000006cca00000|  0%| F|  |TAMS 0x00000006cc800000, 0x00000006cc800000| Untracked 
|  87|0x00000006cca00000, 0x00000006cca00000, 0x00000006ccc00000|  0%| F|  |TAMS 0x00000006cca00000, 0x00000006cca00000| Untracked 
|  88|0x00000006ccc00000, 0x00000006ccc00000, 0x00000006cce00000|  0%| F|  |TAMS 0x00000006ccc00000, 0x00000006ccc00000| Untracked 
|  89|0x00000006cce00000, 0x00000006cce00000, 0x00000006cd000000|  0%| F|  |TAMS 0x00000006cce00000, 0x00000006cce00000| Untracked 
|  90|0x00000006cd000000, 0x00000006cd000000, 0x00000006cd200000|  0%| F|  |TAMS 0x00000006cd000000, 0x00000006cd000000| Untracked 
|  91|0x00000006cd200000, 0x00000006cd200000, 0x00000006cd400000|  0%| F|  |TAMS 0x00000006cd200000, 0x00000006cd200000| Untracked 
|  92|0x00000006cd400000, 0x00000006cd400000, 0x00000006cd600000|  0%| F|  |TAMS 0x00000006cd400000, 0x00000006cd400000| Untracked 
|  93|0x00000006cd600000, 0x00000006cd600000, 0x00000006cd800000|  0%| F|  |TAMS 0x00000006cd600000, 0x00000006cd600000| Untracked 
|  94|0x00000006cd800000, 0x00000006cd800000, 0x00000006cda00000|  0%| F|  |TAMS 0x00000006cd800000, 0x00000006cd800000| Untracked 
|  95|0x00000006cda00000, 0x00000006cda00000, 0x00000006cdc00000|  0%| F|  |TAMS 0x00000006cda00000, 0x00000006cda00000| Untracked 
|  96|0x00000006cdc00000, 0x00000006cdc00000, 0x00000006cde00000|  0%| F|  |TAMS 0x00000006cdc00000, 0x00000006cdc00000| Untracked 
|  97|0x00000006cde00000, 0x00000006cde00000, 0x00000006ce000000|  0%| F|  |TAMS 0x00000006cde00000, 0x00000006cde00000| Untracked 
|  98|0x00000006ce000000, 0x00000006ce000000, 0x00000006ce200000|  0%| F|  |TAMS 0x00000006ce000000, 0x00000006ce000000| Untracked 
|  99|0x00000006ce200000, 0x00000006ce200000, 0x00000006ce400000|  0%| F|  |TAMS 0x00000006ce200000, 0x00000006ce200000| Untracked 
| 100|0x00000006ce400000, 0x00000006ce400000, 0x00000006ce600000|  0%| F|  |TAMS 0x00000006ce400000, 0x00000006ce400000| Untracked 
| 101|0x00000006ce600000, 0x00000006ce600000, 0x00000006ce800000|  0%| F|  |TAMS 0x00000006ce600000, 0x00000006ce600000| Untracked 
| 102|0x00000006ce800000, 0x00000006ce800000, 0x00000006cea00000|  0%| F|  |TAMS 0x00000006ce800000, 0x00000006ce800000| Untracked 
| 103|0x00000006cea00000, 0x00000006cea00000, 0x00000006cec00000|  0%| F|  |TAMS 0x00000006cea00000, 0x00000006cea00000| Untracked 
| 104|0x00000006cec00000, 0x00000006cec00000, 0x00000006cee00000|  0%| F|  |TAMS 0x00000006cec00000, 0x00000006cec00000| Untracked 
| 105|0x00000006cee00000, 0x00000006cee00000, 0x00000006cf000000|  0%| F|  |TAMS 0x00000006cee00000, 0x00000006cee00000| Untracked 
| 106|0x00000006cf000000, 0x00000006cf000000, 0x00000006cf200000|  0%| F|  |TAMS 0x00000006cf000000, 0x00000006cf000000| Untracked 
| 107|0x00000006cf200000, 0x00000006cf200000, 0x00000006cf400000|  0%| F|  |TAMS 0x00000006cf200000, 0x00000006cf200000| Untracked 
| 108|0x00000006cf400000, 0x00000006cf400000, 0x00000006cf600000|  0%| F|  |TAMS 0x00000006cf400000, 0x00000006cf400000| Untracked 
| 109|0x00000006cf600000, 0x00000006cf600000, 0x00000006cf800000|  0%| F|  |TAMS 0x00000006cf600000, 0x00000006cf600000| Untracked 
| 110|0x00000006cf800000, 0x00000006cf800000, 0x00000006cfa00000|  0%| F|  |TAMS 0x00000006cf800000, 0x00000006cf800000| Untracked 
| 111|0x00000006cfa00000, 0x00000006cfa00000, 0x00000006cfc00000|  0%| F|  |TAMS 0x00000006cfa00000, 0x00000006cfa00000| Untracked 
| 112|0x00000006cfc00000, 0x00000006cfc00000, 0x00000006cfe00000|  0%| F|  |TAMS 0x00000006cfc00000, 0x00000006cfc00000| Untracked 
| 113|0x00000006cfe00000, 0x00000006cfe00000, 0x00000006d0000000|  0%| F|  |TAMS 0x00000006cfe00000, 0x00000006cfe00000| Untracked 
| 114|0x00000006d0000000, 0x00000006d0000000, 0x00000006d0200000|  0%| F|  |TAMS 0x00000006d0000000, 0x00000006d0000000| Untracked 
| 115|0x00000006d0200000, 0x00000006d0326f10, 0x00000006d0400000| 57%| S|CS|TAMS 0x00000006d0200000, 0x00000006d0200000| Complete 
| 116|0x00000006d0400000, 0x00000006d0600000, 0x00000006d0600000|100%| S|CS|TAMS 0x00000006d0400000, 0x00000006d0400000| Complete 
| 117|0x00000006d0600000, 0x00000006d0600000, 0x00000006d0800000|  0%| F|  |TAMS 0x00000006d0600000, 0x00000006d0600000| Untracked 
| 118|0x00000006d0800000, 0x00000006d0800000, 0x00000006d0a00000|  0%| F|  |TAMS 0x00000006d0800000, 0x00000006d0800000| Untracked 
| 119|0x00000006d0a00000, 0x00000006d0a00000, 0x00000006d0c00000|  0%| F|  |TAMS 0x00000006d0a00000, 0x00000006d0a00000| Untracked 
| 120|0x00000006d0c00000, 0x00000006d0c00000, 0x00000006d0e00000|  0%| F|  |TAMS 0x00000006d0c00000, 0x00000006d0c00000| Untracked 
| 121|0x00000006d0e00000, 0x00000006d0e00000, 0x00000006d1000000|  0%| F|  |TAMS 0x00000006d0e00000, 0x00000006d0e00000| Untracked 
| 122|0x00000006d1000000, 0x00000006d1000000, 0x00000006d1200000|  0%| F|  |TAMS 0x00000006d1000000, 0x00000006d1000000| Untracked 
| 123|0x00000006d1200000, 0x00000006d1200000, 0x00000006d1400000|  0%| F|  |TAMS 0x00000006d1200000, 0x00000006d1200000| Untracked 
| 124|0x00000006d1400000, 0x00000006d1400000, 0x00000006d1600000|  0%| F|  |TAMS 0x00000006d1400000, 0x00000006d1400000| Untracked 
| 125|0x00000006d1600000, 0x00000006d1600000, 0x00000006d1800000|  0%| F|  |TAMS 0x00000006d1600000, 0x00000006d1600000| Untracked 
| 126|0x00000006d1800000, 0x00000006d1874908, 0x00000006d1a00000| 22%| E|  |TAMS 0x00000006d1800000, 0x00000006d1800000| Complete 
| 127|0x00000006d1a00000, 0x00000006d1c00000, 0x00000006d1c00000|100%| E|CS|TAMS 0x00000006d1a00000, 0x00000006d1a00000| Complete 

Card table byte_map: [0x000002a971410000,0x000002a971c10000] _byte_map_base: 0x000002a96de02000

Marking Bits (Prev, Next): (CMBitMap*) 0x000002a959f05bb0, (CMBitMap*) 0x000002a959f05bf0
 Prev Bits: [0x000002a972410000, 0x000002a9763a0000)
 Next Bits: [0x000002a9763a0000, 0x000002a97a330000)

Polling page: 0x000002a957e60000

Metaspace:

Usage:
  Non-class:     11.33 MB used.
      Class:      1.35 MB used.
       Both:     12.67 MB used.

Virtual space:
  Non-class space:       16.00 MB reserved,      11.44 MB ( 71%) committed,  2 nodes.
      Class space:        1.00 GB reserved,       1.44 MB ( <1%) committed,  1 nodes.
             Both:        1.02 GB reserved,      12.88 MB (  1%) committed. 

Chunk freelists:
   Non-Class:  464.00 KB
       Class:  2.48 MB
        Both:  2.93 MB

MaxMetaspaceSize: unlimited
CompressedClassSpaceSize: 1.00 GB
Initial GC threshold: 21.00 MB
Current GC threshold: 21.00 MB
CDS: off
MetaspaceReclaimPolicy: balanced
 - commit_granule_bytes: 65536.
 - commit_granule_words: 8192.
 - virtual_space_node_default_size: 1048576.
 - enlarge_chunks_in_place: 1.
 - new_chunks_are_fully_committed: 0.
 - uncommit_free_chunks: 1.
 - use_allocation_guard: 0.
 - handle_deallocations: 1.


Internal statistics:

num_allocs_failed_limit: 0.
num_arena_births: 90.
num_arena_deaths: 0.
num_vsnodes_births: 3.
num_vsnodes_deaths: 0.
num_space_committed: 206.
num_space_uncommitted: 0.
num_chunks_returned_to_freelist: 0.
num_chunks_taken_from_freelist: 278.
num_chunk_merges: 0.
num_chunk_splits: 133.
num_chunks_enlarged: 77.
num_purges: 0.
num_inconsistent_stats: 0.

CodeHeap 'non-profiled nmethods': size=120000Kb used=428Kb max_used=428Kb free=119571Kb
 bounds [0x000002a969190000, 0x000002a969400000, 0x000002a9706c0000]
CodeHeap 'profiled nmethods': size=120000Kb used=2151Kb max_used=2151Kb free=117849Kb
 bounds [0x000002a961c60000, 0x000002a961ed0000, 0x000002a969190000]
CodeHeap 'non-nmethods': size=5760Kb used=1146Kb max_used=1159Kb free=4613Kb
 bounds [0x000002a9616c0000, 0x000002a961930000, 0x000002a961c60000]
 total_blobs=1646 nmethods=1211 adapters=348
 compilation: enabled
              stopped_count=0, restarted_count=0
 full_count=0

Compilation events (20 events):
Event: 5.009 Thread 0x000002a97d866740 1203       3       java.lang.invoke.Invokers::checkExactType (17 bytes)
Event: 5.010 Thread 0x000002a97d866740 nmethod 1203 0x000002a961e6b390 code [0x000002a961e6b540, 0x000002a961e6b748]
Event: 5.010 Thread 0x000002a97d866740 1204       3       java.lang.invoke.Invokers::checkCustomized (23 bytes)
Event: 5.010 Thread 0x000002a97d866740 nmethod 1204 0x000002a961e6b890 code [0x000002a961e6ba40, 0x000002a961e6bc28]
Event: 5.010 Thread 0x000002a97d866740 1208   !   3       java.lang.invoke.BootstrapMethodInvoker::invoke (974 bytes)
Event: 5.010 Thread 0x000002a97d865d90 1211       4       java.lang.String::startsWith (7 bytes)
Event: 5.012 Thread 0x000002a97d865d90 nmethod 1211 0x000002a9691fa890 code [0x000002a9691faa20, 0x000002a9691fabf8]
Event: 5.012 Thread 0x000002a97d865d90 1212       4       com.intellij.rt.execution.junit.MapSerializerUtil$1::escape (124 bytes)
Event: 5.012 Thread 0x000002a97d866740 nmethod 1208 0x000002a961e6bd10 code [0x000002a961e6c5a0, 0x000002a961e739d8]
Event: 5.013 Thread 0x000002a97d866740 1209       3       jdk.internal.org.objectweb.asm.FieldWriter::computeFieldInfoSize (86 bytes)
Event: 5.013 Thread 0x000002a97d866740 nmethod 1209 0x000002a961e76e10 code [0x000002a961e76fe0, 0x000002a961e772d8]
Event: 5.013 Thread 0x000002a97d866740 1210       3       jdk.internal.org.objectweb.asm.FieldWriter::putFieldInfo (269 bytes)
Event: 5.013 Thread 0x000002a97d865d90 nmethod 1212 0x000002a9691fad90 code [0x000002a9691faf20, 0x000002a9691fb078]
Event: 5.013 Thread 0x000002a97d866740 nmethod 1210 0x000002a961e77410 code [0x000002a961e77680, 0x000002a961e78008]
Event: 5.013 Thread 0x000002a97d866740 1205       3       java.lang.invoke.ConstantCallSite::<init> (17 bytes)
Event: 5.013 Thread 0x000002a97d866740 nmethod 1205 0x000002a961e78390 code [0x000002a961e78580, 0x000002a961e78b68]
Event: 5.013 Thread 0x000002a97d866740 1206       3       java.lang.invoke.CallSite::<init> (23 bytes)
Event: 5.014 Thread 0x000002a97d866740 nmethod 1206 0x000002a961e78d90 code [0x000002a961e78f60, 0x000002a961e79468]
Event: 5.014 Thread 0x000002a97d866740 1207       3       java.lang.invoke.MethodHandleNatives$CallSiteContext::make (19 bytes)
Event: 5.014 Thread 0x000002a97d866740 nmethod 1207 0x000002a961e79690 code [0x000002a961e79840, 0x000002a961e79ae8]

GC Heap History (2 events):
Event: 4.787 GC heap before
{Heap before GC invocations=0 (full 0):
 garbage-first heap   total 262144K, used 22528K [0x00000006c1c00000, 0x00000007c0000000)
  region size 2048K, 11 young (22528K), 0 survivors (0K)
 Metaspace       used 11909K, committed 12096K, reserved 1064960K
  class space    used 1277K, committed 1344K, reserved 1048576K
}
Event: 4.790 GC heap after
{Heap after GC invocations=1 (full 0):
 garbage-first heap   total 262144K, used 3227K [0x00000006c1c00000, 0x00000007c0000000)
  region size 2048K, 2 young (4096K), 2 survivors (4096K)
 Metaspace       used 11909K, committed 12096K, reserved 1064960K
  class space    used 1277K, committed 1344K, reserved 1048576K
}

Deoptimization events (20 events):
Event: 4.807 Thread 0x000002a97e380a00 Uncommon trap: trap_request=0xffffff45 fr.pc=0x000002a9691f59f0 relative=0x00000000000003d0
Event: 4.807 Thread 0x000002a97e380a00 Uncommon trap: reason=unstable_if action=reinterpret pc=0x000002a9691f59f0 method=java.lang.AbstractStringBuilder.isLatin1()Z @ 10 c2
Event: 4.807 Thread 0x000002a97e380a00 DEOPT PACKING pc=0x000002a9691f59f0 sp=0x000000d29c8feee0
Event: 4.807 Thread 0x000002a97e380a00 DEOPT UNPACKING pc=0x000002a9617123a3 sp=0x000000d29c8fee60 mode 2
Event: 4.808 Thread 0x000002a97e380a00 Uncommon trap: trap_request=0xffffffde fr.pc=0x000002a96919c500 relative=0x0000000000000060
Event: 4.808 Thread 0x000002a97e380a00 Uncommon trap: reason=class_check action=maybe_recompile pc=0x000002a96919c500 method=java.lang.Character.codePointAt(Ljava/lang/CharSequence;I)I @ 2 c2
Event: 4.808 Thread 0x000002a97e380a00 DEOPT PACKING pc=0x000002a96919c500 sp=0x000000d29c8fed10
Event: 4.808 Thread 0x000002a97e380a00 DEOPT UNPACKING pc=0x000002a9617123a3 sp=0x000000d29c8feca8 mode 2
Event: 4.808 Thread 0x000002a97e380a00 Uncommon trap: trap_request=0xffffffde fr.pc=0x000002a96919c500 relative=0x0000000000000060
Event: 4.808 Thread 0x000002a97e380a00 Uncommon trap: reason=class_check action=maybe_recompile pc=0x000002a96919c500 method=java.lang.Character.codePointAt(Ljava/lang/CharSequence;I)I @ 2 c2
Event: 4.808 Thread 0x000002a97e380a00 DEOPT PACKING pc=0x000002a96919c500 sp=0x000000d29c8fed10
Event: 4.808 Thread 0x000002a97e380a00 DEOPT UNPACKING pc=0x000002a9617123a3 sp=0x000000d29c8feca8 mode 2
Event: 4.808 Thread 0x000002a97e380a00 Uncommon trap: trap_request=0xffffffde fr.pc=0x000002a96919c500 relative=0x0000000000000060
Event: 4.808 Thread 0x000002a97e380a00 Uncommon trap: reason=class_check action=maybe_recompile pc=0x000002a96919c500 method=java.lang.Character.codePointAt(Ljava/lang/CharSequence;I)I @ 2 c2
Event: 4.808 Thread 0x000002a97e380a00 DEOPT PACKING pc=0x000002a96919c500 sp=0x000000d29c8fed10
Event: 4.808 Thread 0x000002a97e380a00 DEOPT UNPACKING pc=0x000002a9617123a3 sp=0x000000d29c8feca8 mode 2
Event: 4.808 Thread 0x000002a97e380a00 Uncommon trap: trap_request=0xffffffde fr.pc=0x000002a96919c500 relative=0x0000000000000060
Event: 4.808 Thread 0x000002a97e380a00 Uncommon trap: reason=class_check action=maybe_recompile pc=0x000002a96919c500 method=java.lang.Character.codePointAt(Ljava/lang/CharSequence;I)I @ 2 c2
Event: 4.808 Thread 0x000002a97e380a00 DEOPT PACKING pc=0x000002a96919c500 sp=0x000000d29c8fed10
Event: 4.808 Thread 0x000002a97e380a00 DEOPT UNPACKING pc=0x000002a9617123a3 sp=0x000000d29c8feca8 mode 2

Classes unloaded (0 events):
No events

Classes redefined (0 events):
No events

Internal exceptions (20 events):
Event: 0.400 Thread 0x000002a959eb4c70 Exception <a 'java/lang/IncompatibleClassChangeError'{0x00000006d0da36b8}: Found class java.lang.Object, but interface was expected> (0x00000006d0da36b8) 
thrown [t:\workspace\open\src\hotspot\share\interpreter\linkResolver.cpp, line 833]
Event: 0.411 Thread 0x000002a959eb4c70 Exception <a 'java/lang/NoSuchMethodError'{0x00000006d0a1c308}: 'int java.lang.invoke.DirectMethodHandle$Holder.invokeStatic(java.lang.Object, java.lang.Object, java.lang.Object, java.lang.Object)'> (0x00000006d0a1c308) 
thrown [t:\workspace\open\src\hotspot\share\interpreter\linkResolver.cpp, line 766]
Event: 0.413 Thread 0x000002a959eb4c70 Exception <a 'java/lang/NoSuchMethodError'{0x00000006d0a3fd28}: 'java.lang.Object java.lang.invoke.DirectMethodHandle$Holder.newInvokeSpecial(java.lang.Object, java.lang.Object, java.lang.Object, java.lang.Object, java.lang.Object, java.lang.Object)'> (0x00000006d0a3fd28) 
thrown [t:\workspace\open\src\hotspot\share\interpreter\linkResolver.cpp, line 766]
Event: 0.430 Thread 0x000002a959eb4c70 Exception <a 'java/lang/NoSuchMethodError'{0x00000006d0b2c718}: 'java.lang.Object java.lang.invoke.DirectMethodHandle$Holder.invokeSpecialIFC(java.lang.Object, java.lang.Object, java.lang.Object, java.lang.Object)'> (0x00000006d0b2c718) 
thrown [t:\workspace\open\src\hotspot\share\interpreter\linkResolver.cpp, line 766]
Event: 0.436 Thread 0x000002a959eb4c70 Exception <a 'java/lang/NoSuchMethodError'{0x00000006d0b946e0}: 'void java.lang.invoke.DirectMethodHandle$Holder.invokeInterface(java.lang.Object, java.lang.Object, java.lang.Object, java.lang.Object, java.lang.Object)'> (0x00000006d0b946e0) 
thrown [t:\workspace\open\src\hotspot\share\interpreter\linkResolver.cpp, line 766]
Event: 0.436 Thread 0x000002a959eb4c70 Exception <a 'java/lang/IncompatibleClassChangeError'{0x00000006d0b97ef0}: Found class java.lang.Object, but interface was expected> (0x00000006d0b97ef0) 
thrown [t:\workspace\open\src\hotspot\share\interpreter\linkResolver.cpp, line 833]
Event: 0.441 Thread 0x000002a959eb4c70 Exception <a 'java/lang/NoSuchMethodError'{0x00000006d0bd0ef8}: 'void java.lang.invoke.DirectMethodHandle$Holder.invokeInterface(java.lang.Object, java.lang.Object, java.lang.Object)'> (0x00000006d0bd0ef8) 
thrown [t:\workspace\open\src\hotspot\share\interpreter\linkResolver.cpp, line 766]
Event: 0.441 Thread 0x000002a959eb4c70 Exception <a 'java/lang/IncompatibleClassChangeError'{0x00000006d0bd42b8}: Found class java.lang.Object, but interface was expected> (0x00000006d0bd42b8) 
thrown [t:\workspace\open\src\hotspot\share\interpreter\linkResolver.cpp, line 833]
Event: 0.449 Thread 0x000002a959eb4c70 Exception <a 'java/lang/NoSuchMethodError'{0x00000006d084a2a8}: 'void java.lang.invoke.DirectMethodHandle$Holder.invokeInterface(java.lang.Object, java.lang.Object, java.lang.Object, java.lang.Object)'> (0x00000006d084a2a8) 
thrown [t:\workspace\open\src\hotspot\share\interpreter\linkResolver.cpp, line 766]
Event: 0.449 Thread 0x000002a959eb4c70 Exception <a 'java/lang/IncompatibleClassChangeError'{0x00000006d084d730}: Found class java.lang.Object, but interface was expected> (0x00000006d084d730) 
thrown [t:\workspace\open\src\hotspot\share\interpreter\linkResolver.cpp, line 833]
Event: 0.451 Thread 0x000002a959eb4c70 Exception <a 'java/lang/NoSuchMethodError'{0x00000006d0875400}: 'java.lang.Object java.lang.invoke.DirectMethodHandle$Holder.invokeVirtual(java.lang.Object, java.lang.Object, java.lang.Object)'> (0x00000006d0875400) 
thrown [t:\workspace\open\src\hotspot\share\interpreter\linkResolver.cpp, line 766]
Event: 0.460 Thread 0x000002a959eb4c70 Exception <a 'java/lang/NoSuchMethodError'{0x00000006d08f5310}: 'java.lang.Object java.lang.invoke.Invokers$Holder.invokeExact_MT(java.lang.Object, java.lang.Object, java.lang.Object, java.lang.Object, java.lang.Object, java.lang.Object)'> (0x00000006d08f5310) 
thrown [t:\workspace\open\src\hotspot\share\interpreter\linkResolver.cpp, line 766]
Event: 0.461 Thread 0x000002a959eb4c70 Exception <a 'java/lang/NoSuchMethodError'{0x00000006d0904dd8}: 'int java.lang.invoke.DirectMethodHandle$Holder.invokeStatic(java.lang.Object, java.lang.Object, java.lang.Object, java.lang.Object, java.lang.Object)'> (0x00000006d0904dd8) 
thrown [t:\workspace\open\src\hotspot\share\interpreter\linkResolver.cpp, line 766]
Event: 0.479 Thread 0x000002a959eb4c70 Exception <a 'java/lang/NoSuchMethodError'{0x00000006d06079a0}: 'int java.lang.invoke.DirectMethodHandle$Holder.invokeStaticInit(java.lang.Object, java.lang.Object, java.lang.Object)'> (0x00000006d06079a0) 
thrown [t:\workspace\open\src\hotspot\share\interpreter\linkResolver.cpp, line 766]
Event: 0.495 Thread 0x000002a959eb4c70 Exception <a 'java/lang/NoSuchMethodError'{0x00000006d06db7c8}: 'java.lang.Object java.lang.invoke.DirectMethodHandle$Holder.newInvokeSpecial(java.lang.Object, java.lang.Object, java.lang.Object, java.lang.Object, java.lang.Object, java.lang.Object, java.lang.Object)'> (0x00000006d06db7c8) 
thrown [t:\workspace\open\src\hotspot\share\interpreter\linkResolver.cpp, line 766]
Event: 0.495 Thread 0x000002a959eb4c70 Exception <a 'java/lang/NoSuchMethodError'{0x00000006d06e0380}: 'java.lang.Object java.lang.invoke.Invokers$Holder.linkToTargetMethod(java.lang.Object, java.lang.Object, java.lang.Object, java.lang.Object, java.lang.Object, java.lang.Object, java.lang.Object)'> (0x00000006d06e0380) 
thrown [t:\workspace\open\src\hotspot\share\interpreter\linkResolver.cpp, line 766]
Event: 0.495 Thread 0x000002a959eb4c70 Exception <a 'java/lang/NoSuchMethodError'{0x00000006d06eba08}: 'java.lang.Object java.lang.invoke.DirectMethodHandle$Holder.invokeInterface(java.lang.Object, java.lang.Object, java.lang.Object, java.lang.Object, java.lang.Object)'> (0x00000006d06eba08) 
thrown [t:\workspace\open\src\hotspot\share\interpreter\linkResolver.cpp, line 766]
Event: 0.496 Thread 0x000002a959eb4c70 Exception <a 'java/lang/IncompatibleClassChangeError'{0x00000006d06ef800}: Found class java.lang.Object, but interface was expected> (0x00000006d06ef800) 
thrown [t:\workspace\open\src\hotspot\share\interpreter\linkResolver.cpp, line 833]
Event: 0.507 Thread 0x000002a959eb4c70 Exception <a 'sun/nio/fs/WindowsException'{0x00000006d07919a0}> (0x00000006d07919a0) 
thrown [t:\workspace\open\src\hotspot\share\prims\jni.cpp, line 516]
Event: 4.786 Thread 0x000002a959eb4c70 Exception <a 'sun/nio/fs/WindowsException'{0x00000006d07c4980}> (0x00000006d07c4980) 
thrown [t:\workspace\open\src\hotspot\share\prims\jni.cpp, line 516]

VM Operations (20 events):
Event: 0.197 Executing VM operation: HandshakeAllThreads
Event: 0.197 Executing VM operation: HandshakeAllThreads done
Event: 0.197 Executing VM operation: HandshakeAllThreads
Event: 0.197 Executing VM operation: HandshakeAllThreads done
Event: 0.219 Executing VM operation: HandshakeAllThreads
Event: 0.220 Executing VM operation: HandshakeAllThreads done
Event: 0.258 Executing VM operation: HandshakeAllThreads
Event: 0.258 Executing VM operation: HandshakeAllThreads done
Event: 0.320 Executing VM operation: HandshakeAllThreads
Event: 0.320 Executing VM operation: HandshakeAllThreads done
Event: 0.437 Executing VM operation: ICBufferFull
Event: 0.437 Executing VM operation: ICBufferFull done
Event: 0.497 Executing VM operation: HandshakeAllThreads
Event: 0.497 Executing VM operation: HandshakeAllThreads done
Event: 0.505 Executing VM operation: HandshakeAllThreads
Event: 0.505 Executing VM operation: HandshakeAllThreads done
Event: 1.519 Executing VM operation: Cleanup
Event: 1.519 Executing VM operation: Cleanup done
Event: 4.787 Executing VM operation: G1CollectForAllocation
Event: 4.790 Executing VM operation: G1CollectForAllocation done

Events (20 events):
Event: 5.015 loading class java/util/concurrent/ForkJoinPool$1 done
Event: 5.015 loading class java/util/concurrent/ForkJoinPool$DefaultCommonPoolForkJoinWorkerThreadFactory
Event: 5.015 loading class java/util/concurrent/ForkJoinPool$DefaultCommonPoolForkJoinWorkerThreadFactory done
Event: 5.015 loading class java/util/concurrent/ForkJoinPool$WorkQueue
Event: 5.015 loading class java/util/concurrent/ForkJoinPool$WorkQueue done
Event: 5.015 loading class java/util/concurrent/CompletableFuture$Completion
Event: 5.015 loading class java/util/concurrent/CompletableFuture$AsynchronousCompletionTask
Event: 5.016 loading class java/util/concurrent/CompletableFuture$AsynchronousCompletionTask done
Event: 5.016 loading class java/util/concurrent/ForkJoinTask
Event: 5.016 loading class java/util/concurrent/ForkJoinTask done
Event: 5.016 loading class java/util/concurrent/CompletableFuture$Completion done
Event: 5.016 loading class java/util/IdentityHashMap$KeyIterator
Event: 5.017 loading class java/util/IdentityHashMap$IdentityHashMapIterator
Event: 5.017 loading class java/util/IdentityHashMap$IdentityHashMapIterator done
Event: 5.017 loading class java/util/IdentityHashMap$KeyIterator done
Event: 5.017 Thread 0x000002a97e4542d0 Thread added: 0x000002a97e4542d0
Event: 5.017 Thread 0x000002a97e4547a0 Thread added: 0x000002a97e4547a0
Event: 5.017 Thread 0x000002a97e463720 Thread added: 0x000002a97e463720
Event: 5.017 Thread 0x000002a97e4542d0 Thread exited: 0x000002a97e4542d0
Event: 5.017 Thread 0x000002a97e463720 Thread exited: 0x000002a97e463720


Dynamic libraries:
0x00007ff7532a0000 - 0x00007ff7532b0000 	C:\Program Files\Java\jdk-17.0.1\bin\java.exe
0x00007ffa7f810000 - 0x00007ffa7fa05000 	C:\Windows\SYSTEM32\ntdll.dll
0x00007ffa7f120000 - 0x00007ffa7f1dd000 	C:\Windows\System32\KERNEL32.DLL
0x00007ffa7d1c0000 - 0x00007ffa7d48d000 	C:\Windows\System32\KERNELBASE.dll
0x00007ffa7d760000 - 0x00007ffa7d860000 	C:\Windows\System32\ucrtbase.dll
0x00007ffa6e620000 - 0x00007ffa6e638000 	C:\Program Files\Java\jdk-17.0.1\bin\jli.dll
0x00007ffa6e600000 - 0x00007ffa6e61a000 	C:\Program Files\Java\jdk-17.0.1\bin\VCRUNTIME140.dll
0x00007ffa7e7c0000 - 0x00007ffa7e86e000 	C:\Windows\System32\ADVAPI32.dll
0x00007ffa7d990000 - 0x00007ffa7da2e000 	C:\Windows\System32\msvcrt.dll
0x00007ffa7da30000 - 0x00007ffa7dacc000 	C:\Windows\System32\sechost.dll
0x00007ffa7d860000 - 0x00007ffa7d985000 	C:\Windows\System32\RPCRT4.dll
0x00007ffa7e8d0000 - 0x00007ffa7ea70000 	C:\Windows\System32\USER32.dll
0x00007ffa66690000 - 0x00007ffa6692a000 	C:\Windows\WinSxS\amd64_microsoft.windows.common-controls_6595b64144ccf1df_6.0.19041.1110_none_60b5254171f9507e\COMCTL32.dll
0x00007ffa7d160000 - 0x00007ffa7d182000 	C:\Windows\System32\win32u.dll
0x00007ffa7ea70000 - 0x00007ffa7ea9a000 	C:\Windows\System32\GDI32.dll
0x00007ffa7cf20000 - 0x00007ffa7d02b000 	C:\Windows\System32\gdi32full.dll
0x00007ffa76cd0000 - 0x00007ffa76cda000 	C:\Windows\SYSTEM32\VERSION.dll
0x00007ffa7d0c0000 - 0x00007ffa7d15d000 	C:\Windows\System32\msvcp_win.dll
0x00007ffa7e540000 - 0x00007ffa7e570000 	C:\Windows\System32\IMM32.DLL
0x00007ffa6f6f0000 - 0x00007ffa6f6fc000 	C:\Program Files\Java\jdk-17.0.1\bin\vcruntime140_1.dll
0x00007ffa4ae90000 - 0x00007ffa4af1d000 	C:\Program Files\Java\jdk-17.0.1\bin\msvcp140.dll
0x00007ff9e2250000 - 0x00007ff9e2e0e000 	C:\Program Files\Java\jdk-17.0.1\bin\server\jvm.dll
0x00007ffa7e530000 - 0x00007ffa7e538000 	C:\Windows\System32\PSAPI.DLL
0x00007ffa5c730000 - 0x00007ffa5c739000 	C:\Windows\SYSTEM32\WSOCK32.dll
0x00007ffa77890000 - 0x00007ffa778b7000 	C:\Windows\SYSTEM32\WINMM.dll
0x00007ffa7ef20000 - 0x00007ffa7ef8b000 	C:\Windows\System32\WS2_32.dll
0x00007ffa7ae00000 - 0x00007ffa7ae12000 	C:\Windows\SYSTEM32\kernel.appcore.dll
0x00007ffa6e5f0000 - 0x00007ffa6e5fa000 	C:\Program Files\Java\jdk-17.0.1\bin\jimage.dll
0x00007ffa74d00000 - 0x00007ffa74ee4000 	C:\Windows\SYSTEM32\DBGHELP.DLL
0x00007ffa5c620000 - 0x00007ffa5c64c000 	C:\Windows\SYSTEM32\dbgcore.DLL
0x00007ffa7d030000 - 0x00007ffa7d0b2000 	C:\Windows\System32\bcryptPrimitives.dll
0x00007ffa4ae20000 - 0x00007ffa4ae2e000 	C:\Program Files\Java\jdk-17.0.1\bin\instrument.dll
0x00007ffa6e380000 - 0x00007ffa6e3a5000 	C:\Program Files\Java\jdk-17.0.1\bin\java.dll
0x00007ff9e5750000 - 0x00007ff9e5826000 	C:\Program Files\Java\jdk-17.0.1\bin\svml.dll
0x00007ffa7dd10000 - 0x00007ffa7e454000 	C:\Windows\System32\SHELL32.dll
0x00007ffa7b000000 - 0x00007ffa7b794000 	C:\Windows\SYSTEM32\windows.storage.dll
0x00007ffa7f2c0000 - 0x00007ffa7f614000 	C:\Windows\System32\combase.dll
0x00007ffa7c980000 - 0x00007ffa7c9ac000 	C:\Windows\SYSTEM32\Wldp.dll
0x00007ffa7dbe0000 - 0x00007ffa7dc8d000 	C:\Windows\System32\SHCORE.dll
0x00007ffa7dcb0000 - 0x00007ffa7dd05000 	C:\Windows\System32\shlwapi.dll
0x00007ffa7ce60000 - 0x00007ffa7ce7f000 	C:\Windows\SYSTEM32\profapi.dll
0x00007ffa4ae70000 - 0x00007ffa4ae89000 	C:\Program Files\Java\jdk-17.0.1\bin\net.dll
0x00007ffa74360000 - 0x00007ffa7446a000 	C:\Windows\SYSTEM32\WINHTTP.dll
0x00007ffa7c6a0000 - 0x00007ffa7c70a000 	C:\Windows\system32\mswsock.dll
0x00007ffa4ae50000 - 0x00007ffa4ae65000 	C:\Program Files\Java\jdk-17.0.1\bin\nio.dll
0x00007ffa4ae30000 - 0x00007ffa4ae48000 	C:\Program Files\Java\jdk-17.0.1\bin\zip.dll
0x00007ffa4ae00000 - 0x00007ffa4ae1a000 	C:\Program Files\JetBrains\IntelliJ IDEA 2021.2.3\bin\breakgen64.dll
0x00007ffa4ad40000 - 0x00007ffa4ad74000 	C:\Users\nbalj\AppData\Local\Temp\jSerialComm\1653486804332-jSerialComm.dll
0x00007ffa7eaa0000 - 0x00007ffa7ef11000 	C:\Windows\System32\SETUPAPI.dll
0x00007ffa7d5f0000 - 0x00007ffa7d63e000 	C:\Windows\System32\cfgmgr32.dll
0x00007ffa7d190000 - 0x00007ffa7d1b7000 	C:\Windows\System32\bcrypt.dll
0x00007ffa7ccd0000 - 0x00007ffa7ccfc000 	C:\Windows\SYSTEM32\DEVOBJ.dll
0x00007ffa7d640000 - 0x00007ffa7d6a8000 	C:\Windows\System32\WINTRUST.dll
0x00007ffa7d490000 - 0x00007ffa7d5e6000 	C:\Windows\System32\CRYPT32.dll
0x00007ffa7cb10000 - 0x00007ffa7cb22000 	C:\Windows\SYSTEM32\MSASN1.dll

dbghelp: loaded successfully - version: 4.0.5 - missing functions: none
symbol engine: initialized successfully - sym options: 0x614 - pdb path: .;C:\Program Files\Java\jdk-17.0.1\bin;C:\Windows\SYSTEM32;C:\Windows\WinSxS\amd64_microsoft.windows.common-controls_6595b64144ccf1df_6.0.19041.1110_none_60b5254171f9507e;C:\Program Files\Java\jdk-17.0.1\bin\server;C:\Program Files\JetBrains\IntelliJ IDEA 2021.2.3\bin;C:\Users\nbalj\AppData\Local\Temp\jSerialComm

VM Arguments:
jvm_args: -ea -Didea.test.cyclic.buffer.size=1048576 -javaagent:C:\Program Files\JetBrains\IntelliJ IDEA 2021.2.3\lib\idea_rt.jar=63298:C:\Program Files\JetBrains\IntelliJ IDEA 2021.2.3\bin --patch-module=com.example.projectgui=C:/Users/nbalj/Documents/GitHub/project3-4/CodePC/ProjectGUI/target/test-classes --add-reads=com.example.projectgui=ALL-UNNAMED --add-opens=com.example.projectgui/com.example.projectgui=ALL-UNNAMED --add-modules=com.example.projectgui -Dfile.encoding=UTF-8 --module-path=C:\Users\nbalj\.m2\repository\com\dlsc\formsfx\formsfx-core\11.3.2\formsfx-core-11.3.2.jar;C:\Users\nbalj\.m2\repository\org\openjfx\javafx-base\17.0.0.1\javafx-base-17.0.0.1-win.jar;C:\Users\nbalj\.m2\repository\org\openjfx\javafx-controls\17.0.0.1\javafx-controls-17.0.0.1-win.jar;C:\Users\nbalj\.m2\repository\org\kordamp\ikonli\ikonli-javafx\12.2.0\ikonli-javafx-12.2.0.jar;C:\Users\nbalj\.m2\repository\com\fazecast\jSerialComm\2.9.1\jSerialComm-2.9.1.jar;C:\Users\nbalj\Documents\GitHub\project3-4\CodePC\ProjectGUI\target\classes;C:\Users\nbalj\.m2\repository\org\openjfx\javafx-graphics\17.0.0.1\javafx-graphics-17.0.0.1-win.jar;C:\Users\nbalj\.m2\repository\org\openjfx\javafx-fxml\17.0.0.1\javafx-fxml-17.0.0.1-win.jar;C:\Users\nbalj\.m2\repository\org\openjfx\javafx-web\17.0.0.1\javafx-web-17.0.0.1-win.jar;C:\Users\nbalj\.m2\repository\org\controlsfx\controlsfx\11.1.0\controlsfx-11.1.0.jar;C:\Users\nbalj\.m2\repository\net\synedra\validatorfx\0.1.13\validatorfx-0.1.13.jar;C:\Users\nbalj\.m2\repository\eu\hansolo\tilesfx\11.48\tilesfx-11.48.jar;C:\Users\nbalj\.m2\repository\org\openjfx\javafx-media\17.0.0.1\javafx-media-17.0.0.1-win.jar;C:\Users\nbalj\.m2\repository\org\kordamp\bootstrapfx\bootstrapfx-core\0.4.0\bootstrapfx-core-0.4.0.jar;C:\Users\nbalj\.m2\repository\org\kordamp\ikonli\ikonli-core\12.2.0\ikonli-core-12.2.0.jar 
java_command: com.intellij.rt.junit.JUnitStarter -ideVersion5 -junit5 com.example.projectgui.ArduinoControlsTest,analyzeSendData
java_class_path (initial): C:\Users\nbalj\.m2\repository\org\junit\platform\junit-platform-launcher\1.7.1\junit-platform-launcher-1.7.1.jar;C:\Program Files\JetBrains\IntelliJ IDEA 2021.2.3\lib\idea_rt.jar;C:\Program Files\JetBrains\IntelliJ IDEA 2021.2.3\plugins\junit\lib\junit5-rt.jar;C:\Program Files\JetBrains\IntelliJ IDEA 2021.2.3\plugins\junit\lib\junit-rt.jar;C:\Users\nbalj\Documents\GitHub\project3-4\CodePC\ProjectGUI\target\test-classes;C:\Users\nbalj\.m2\repository\org\openjfx\javafx-controls\17.0.0.1\javafx-controls-17.0.0.1.jar;C:\Users\nbalj\.m2\repository\org\openjfx\javafx-graphics\17.0.0.1\javafx-graphics-17.0.0.1.jar;C:\Users\nbalj\.m2\repository\org\openjfx\javafx-base\17.0.0.1\javafx-base-17.0.0.1.jar;C:\Users\nbalj\.m2\repository\org\openjfx\javafx-fxml\17.0.0.1\javafx-fxml-17.0.0.1.jar;C:\Users\nbalj\.m2\repository\org\openjfx\javafx-web\17.0.0.1\javafx-web-17.0.0.1.jar;C:\Users\nbalj\.m2\repository\org\openjfx\javafx-media\17.0.0.1\javafx-media-17.0.0.1.jar;C:\Users\nbalj\.m2\repository\org\junit\jupiter\junit-jupiter-api\5.7.1\junit-jupiter-api-5.7.1.jar;C:\Users\nbalj\.m2\repository\org\apiguardian\apiguardian-api\1.1.0\apiguardian-api-1.1.0.jar;C:\Users\nbalj\.m2\repository\org\opentest4j\opentest4j\1.2.0\opentest4j-1.2.0.jar;C:\Users\nbalj\.m2\repository\org\junit\platform\junit-platform-commons\1.7.1\junit-platform-commons-1.7.1.jar;C:\Users\nbalj\.m2\repository\org\junit\jupiter\junit-jupiter-engine\5.7.1\junit-jupiter-engine-5.7.1.jar;C:\Users\nbalj\.m2\repository\org\junit\platform\junit-platform-engine\1.7.1\junit-platform-engine-1.7.1.jar;C:\Users\nbalj\.m2\repository\mysql\mysql-connector-java\8.0.28\mysql-connector-java-8.0.28.jar;C:\Users\nbalj\.m2\repository\com\google\protobuf\protobuf-java\3.11.4\protobuf-java-3.11.4.jar
Launcher Type: SUN_STANDARD

[Global flags]
     intx CICompilerCount                          = 4                                         {product} {ergonomic}
     uint ConcGCThreads                            = 3                                         {product} {ergonomic}
     uint G1ConcRefinementThreads                  = 10                                        {product} {ergonomic}
   size_t G1HeapRegionSize                         = 2097152                                   {product} {ergonomic}
    uintx GCDrainStackTargetSize                   = 64                                        {product} {ergonomic}
   size_t InitialHeapSize                          = 268435456                                 {product} {ergonomic}
   size_t MarkStackSize                            = 4194304                                   {product} {ergonomic}
   size_t MaxHeapSize                              = 4265607168                                {product} {ergonomic}
   size_t MaxNewSize                               = 2558525440                                {product} {ergonomic}
   size_t MinHeapDeltaBytes                        = 2097152                                   {product} {ergonomic}
   size_t MinHeapSize                              = 8388608                                   {product} {ergonomic}
    uintx NonNMethodCodeHeapSize                   = 5839372                                {pd product} {ergonomic}
    uintx NonProfiledCodeHeapSize                  = 122909434                              {pd product} {ergonomic}
    uintx ProfiledCodeHeapSize                     = 122909434                              {pd product} {ergonomic}
    uintx ReservedCodeCacheSize                    = 251658240                              {pd product} {ergonomic}
     bool SegmentedCodeCache                       = true                                      {product} {ergonomic}
   size_t SoftMaxHeapSize                          = 4265607168                             {manageable} {ergonomic}
     bool UseCompressedClassPointers               = true                           {product lp64_product} {ergonomic}
     bool UseCompressedOops                        = true                           {product lp64_product} {ergonomic}
     bool UseG1GC                                  = true                                      {product} {ergonomic}
     bool UseLargePagesIndividualAllocation        = false                                  {pd product} {ergonomic}

Logging:
Log output configuration:
 #0: stdout all=warning uptime,level,tags
 #1: stderr all=off uptime,level,tags

Environment Variables:
JAVA_HOME=C:\Program Files\Java\jdk-17.0.1
PATH=C:\Program Files\Common Files\Oracle\Java\javapath;C:\Program Files (x86)\Common Files\Oracle\Java\javapath;C:\Program Files (x86)\Common Files\Intel\Shared Libraries\redist\intel64_win\compiler;C:\Windows\system32;C:\Windows;C:\Windows\System32\Wbem;C:\Windows\System32\WindowsPowerShell\v1.0\;C:\Windows\System32\OpenSSH\;C:\Program Files\NVIDIA Corporation\NVIDIA NvDLISR;C:\Program Files (x86)\NVIDIA Corporation\PhysX\Common;C:\Program Files\PowerShell\7\;C:\Program Files (x86)\mingw-w64\i686-8.1.0-posix-dwarf-rt_v6-rev0\mingw32\bin;C:\Program Files\Java\jdk-17.0.1;C:\Program Files\dotnet\;C:\Program Files\Git\cmd;C:\Program Files\PuTTY\;C:\Program Files\OpenSSL-Win64\bin;C:\Program Files\Java\jdk-18;C:\Users\nbalj\AppData\Local\Microsoft\WindowsApps;C:\Users\nbalj\AppData\Local\Programs\Microsoft VS Code\bin;C:\Program Files\Inkscape\bin;C:\Program Files\JetBrains\IntelliJ IDEA 2021.2.3\bin;;C:\Users\nbalj\.dotnet\tools;C:\Users\nbalj\AppData\Local\GitHubDesktop\bin
USERNAME=nbalj
OS=Windows_NT
PROCESSOR_IDENTIFIER=AMD64 Family 23 Model 113 Stepping 0, AuthenticAMD



---------------  S Y S T E M  ---------------

OS:
 Windows 10 , 64 bit Build 19041 (10.0.19041.1706)
OS uptime: 11 days 4:27 hours
Hyper-V role detected

CPU: total 12 (initial active 12) (12 cores per cpu, 2 threads per core) family 23 model 113 stepping 0 microcode 0x0, cx8, cmov, fxsr, ht, mmx, 3dnowpref, sse, sse2, sse3, ssse3, sse4a, sse4.1, sse4.2, popcnt, lzcnt, tsc, tscinvbit, avx, avx2, aes, clmul, bmi1, bmi2, adx, sha, fma, vzeroupper, clflush, clflushopt, hv

Memory: 4k page, system-wide physical 16265M (5849M free)
TotalPageFile size 22153M (AvailPageFile size 4063M)
current process WorkingSet (physical memory assigned to process): 75M, peak: 75M
current process commit charge ("private bytes"): 359M, peak: 359M

vm_info: Java HotSpot(TM) 64-Bit Server VM (17.0.1+12-LTS-39) for windows-amd64 JRE (17.0.1+12-LTS-39), built on Sep 27 2021 18:41:35 by "mach5one" with MS VC++ 16.8 (VS2019)

END.
