#
# A fatal error has been detected by the Java Runtime Environment:
#
#  EXCEPTION_ACCESS_VIOLATION (0xc0000005) at pc=0x00007ffa7f873416, pid=20936, tid=27700
#
# JRE version: Java(TM) SE Runtime Environment (17.0.1+12) (build 17.0.1+12-LTS-39)
# Java VM: Java HotSpot(TM) 64-Bit Server VM (17.0.1+12-LTS-39, mixed mode, sharing, tiered, compressed oops, compressed class ptrs, g1 gc, windows-amd64)
# Problematic frame:
# C  [ntdll.dll+0x63416]
#
# No core dump will be written. Minidumps are not enabled by default on client versions of Windows
#
# If you would like to submit a bug report, please visit:
#   https://bugreport.java.com/bugreport/crash.jsp
# The crash happened outside the Java Virtual Machine in native code.
# See problematic frame for where to report the bug.
#

---------------  S U M M A R Y ------------

Command Line: -javaagent:C:\Program Files\JetBrains\IntelliJ IDEA 2021.2.3\lib\idea_rt.jar=54976:C:\Program Files\JetBrains\IntelliJ IDEA 2021.2.3\bin -Dfile.encoding=UTF-8 --module-path=C:\Users\nbalj\.m2\repository\com\fazecast\jSerialComm\2.9.1\jSerialComm-2.9.1.jar;C:\Users\nbalj\.m2\repository\org\openjfx\javafx-controls\17.0.0.1\javafx-controls-17.0.0.1-win.jar;C:\Users\nbalj\Documents\GitHub\project3-4\CodePC\ProjectGUI\target\classes;C:\Users\nbalj\.m2\repository\org\kordamp\ikonli\ikonli-javafx\12.2.0\ikonli-javafx-12.2.0.jar;C:\Users\nbalj\.m2\repository\org\openjfx\javafx-graphics\17.0.0.1\javafx-graphics-17.0.0.1-win.jar;C:\Users\nbalj\.m2\repository\org\openjfx\javafx-web\17.0.0.1\javafx-web-17.0.0.1-win.jar;C:\Users\nbalj\.m2\repository\org\openjfx\javafx-fxml\17.0.0.1\javafx-fxml-17.0.0.1-win.jar;C:\Users\nbalj\.m2\repository\org\controlsfx\controlsfx\11.1.0\controlsfx-11.1.0.jar;C:\Users\nbalj\.m2\repository\com\dlsc\formsfx\formsfx-core\11.3.2\formsfx-core-11.3.2.jar;C:\Users\nbalj\.m2\repository\org\openjfx\javafx-base\17.0.0.1\javafx-base-17.0.0.1-win.jar;C:\Users\nbalj\.m2\repository\eu\hansolo\tilesfx\11.48\tilesfx-11.48.jar;C:\Users\nbalj\.m2\repository\org\kordamp\ikonli\ikonli-core\12.2.0\ikonli-core-12.2.0.jar;C:\Users\nbalj\.m2\repository\org\kordamp\bootstrapfx\bootstrapfx-core\0.4.0\bootstrapfx-core-0.4.0.jar;C:\Users\nbalj\.m2\repository\org\openjfx\javafx-media\17.0.0.1\javafx-media-17.0.0.1-win.jar;C:\Users\nbalj\.m2\repository\net\synedra\validatorfx\0.1.13\validatorfx-0.1.13.jar -Djdk.module.main=com.example.projectgui com.example.projectgui/com.example.projectgui.HelloApplication

Host: AMD Ryzen 5 3600 6-Core Processor              , 12 cores, 15G,  Windows 10 , 64 bit Build 19041 (10.0.19041.1706)
Time: Sat May 21 14:48:47 2022 W. Europe Summer Time elapsed time: 72.139000 seconds (0d 0h 1m 12s)

---------------  T H R E A D  ---------------

Current thread (0x0000010b89b488f0):  JavaThread "Thread-5" [_thread_in_native, id=27700, stack(0x000000049c100000,0x000000049c200000)]

Stack: [0x000000049c100000,0x000000049c200000],  sp=0x000000049c1fee50,  free space=1019k
Native frames: (J=compiled Java code, j=interpreted, Vv=VM code, C=native code)
C  [ntdll.dll+0x63416]
C  [ntdll.dll+0x2fcb4]
C  [ntdll.dll+0x2fae2]
C  [1653137255992-jSerialComm.dll+0x3cb2]

Java frames: (J=compiled Java code, j=interpreted, Vv=VM code)
j  com.fazecast.jSerialComm.SerialPort.closePortNative(J)J+0 com.fazecast.jSerialComm
j  com.fazecast.jSerialComm.SerialPort.closePort()Z+29 com.fazecast.jSerialComm
j  com.example.projectgui.ArduinoControls.lambda$setupCommunication$0()V+3 com.example.projectgui
j  com.example.projectgui.ArduinoControls$$Lambda$148+0x0000000800cbaca8.run()V+0 com.example.projectgui
j  java.lang.Thread.run()V+11 java.base@17.0.1
v  ~StubRoutines::call_stub

siginfo: EXCEPTION_ACCESS_VIOLATION (0xc0000005), writing address 0x0000000000000024


Register to memory mapping:

RIP=0x00007ffa7f873416 ntdll.dll
RAX=0x0 is NULL
RBX=0x00007ffa4464fd00 1653137255992-jSerialComm.dll
RCX=0x00007ffa4464fd00 1653137255992-jSerialComm.dll
RDX=0x00000000fffffffa is an unknown value
RSP=0x000000049c1fee50 is pointing into the stack for thread: 0x0000010b89b488f0
RBP=0x000000049c1ff000 is pointing into the stack for thread: 0x0000010b89b488f0
RSI=0x0 is NULL
RDI=0x0 is NULL
R8 =0x0 is NULL
R9 =0x00007ffa4464fd00 1653137255992-jSerialComm.dll
R10=0x0 is NULL
R11=0x0000000000000246 is an unknown value
R12=0x0 is NULL
R13=0x000000049bf98000 points into unknown readable memory: 0x0000000000000000 | 00 00 00 00 00 00 00 00
R14=0x0000000000000001 is an unknown value
R15=0x0 is NULL


Registers:
RAX=0x0000000000000000, RBX=0x00007ffa4464fd00, RCX=0x00007ffa4464fd00, RDX=0x00000000fffffffa
RSP=0x000000049c1fee50, RBP=0x000000049c1ff000, RSI=0x0000000000000000, RDI=0x0000000000000000
R8 =0x0000000000000000, R9 =0x00007ffa4464fd00, R10=0x0000000000000000, R11=0x0000000000000246
R12=0x0000000000000000, R13=0x000000049bf98000, R14=0x0000000000000001, R15=0x0000000000000000
RIP=0x00007ffa7f873416, EFLAGS=0x0000000000010213

Top of Stack: (sp=0x000000049c1fee50)
0x000000049c1fee50:   ffffffffffffffff 00007ffa4464fd00
0x000000049c1fee60:   0000000000000000 0000000000000000
0x000000049c1fee70:   0000000000000000 0000000000000000
0x000000049c1fee80:   0000000000000000 0000000000000000
0x000000049c1fee90:   0000000000000000 00000000fffffffa
0x000000049c1feea0:   000000049bf98000 0000000000000000
0x000000049c1feeb0:   0000000000000000 0000000000000000
0x000000049c1feec0:   0000000000000000 0000000000000000
0x000000049c1feed0:   0000000000000000 0000000000000000
0x000000049c1feee0:   0000df1271e124ea 0000000000000000
0x000000049c1feef0:   0000010b89b48800 0000000000000001
0x000000049c1fef00:   0000000000000001 0000000000000001
0x000000049c1fef10:   0000000000000000 00007ffa4464fd00
0x000000049c1fef20:   000000049c1ff000 00007ffa7f83fcb4
0x000000049c1fef30:   0000000000000000 0000000000000000
0x000000049c1fef40:   00000000fffffffa 0000000000000000 

Instructions: (pc=0x00007ffa7f873416)
0x00007ffa7f873316:   20 e9 ed fe ff ff 48 89 41 18 e9 e4 fe ff ff cc
0x00007ffa7f873326:   cc cc cc cc cc cc cc cc cc cc 80 3d d1 71 10 00
0x00007ffa7f873336:   00 0f 95 c0 c3 cc cc cc cc cc cc cc cc cc cc cc
0x00007ffa7f873346:   cc cc cc cc cc cc cc cc cc cc 48 83 ec 38 8b 05
0x00007ffa7f873356:   d2 57 10 00 89 44 24 20 e8 41 02 00 00 48 83 c4
0x00007ffa7f873366:   38 c3 cc cc cc cc cc cc cc cc 48 89 5c 24 18 55
0x00007ffa7f873376:   56 57 41 54 41 55 41 56 41 57 48 81 ec a0 00 00
0x00007ffa7f873386:   00 48 8b 05 82 f1 11 00 48 33 c4 48 89 84 24 90
0x00007ffa7f873396:   00 00 00 65 4c 8b 2c 25 30 00 00 00 48 8d 05 4f
0x00007ffa7f8733a6:   11 10 00 40 32 ed 89 54 24 48 33 f6 40 88 6c 24
0x00007ffa7f8733b6:   40 4c 89 6c 24 50 48 8b d9 44 8b e6 48 3b c8 0f
0x00007ffa7f8733c6:   84 39 01 00 00 40 38 35 36 71 10 00 0f 85 a8 01
0x00007ffa7f8733d6:   00 00 39 35 4a 71 10 00 0f 85 6a 01 00 00 40 38
0x00007ffa7f8733e6:   35 0d 6c 10 00 48 8d 3d 0e 6c 10 00 48 0f 45 fe
0x00007ffa7f8733f6:   48 39 73 18 0f 84 d2 00 00 00 48 8b 03 48 83 f8
0x00007ffa7f873406:   ff 0f 84 d2 00 00 00 44 8b fe 48 83 f8 ff 74 03
0x00007ffa7f873416:   ff 40 24 4c 8b 73 18 4c 8d 2d d4 10 10 00 bd 22
0x00007ffa7f873426:   17 00 00 e8 22 14 fc ff 85 c0 0f 85 be b2 05 00
0x00007ffa7f873436:   b9 82 03 fe 7f 80 39 00 0f 85 cc b2 05 00 49 83
0x00007ffa7f873446:   fe ff 0f 85 5a b3 05 00 4c 8b cf c7 44 24 20 00
0x00007ffa7f873456:   00 00 00 41 b8 04 00 00 00 48 8d 54 24 48 48 8d
0x00007ffa7f873466:   4b 08 e8 37 01 00 00 3d 02 01 00 00 0f 84 43 b3
0x00007ffa7f873476:   05 00 8b 4b 08 89 4c 24 48 f6 c1 02 75 ca 3d 02
0x00007ffa7f873486:   01 00 00 0f 84 2c b3 05 00 0f b6 6c 24 40 4c 8b
0x00007ffa7f873496:   6c 24 50 85 c0 0f 88 78 b4 05 00 40 84 ed 75 73
0x00007ffa7f8734a6:   48 8b 8c 24 90 00 00 00 48 33 cc e8 7a 8d 02 00
0x00007ffa7f8734b6:   48 8b 9c 24 f0 00 00 00 48 81 c4 a0 00 00 00 41
0x00007ffa7f8734c6:   5f 41 5e 41 5d 41 5c 5f 5e 5d c3 cc 48 8b cb e8
0x00007ffa7f8734d6:   56 05 00 00 e9 21 ff ff ff 8b 4b 20 48 c7 c0 ff
0x00007ffa7f8734e6:   ff ff ff 48 0f ba e1 18 0f 82 19 ff ff ff 48 8b
0x00007ffa7f8734f6:   cb e8 44 e3 fa ff 48 8b 03 e9 09 ff ff ff c6 44
0x00007ffa7f873506:   24 40 01 41 c7 85 60 17 00 00 01 00 00 00 e9 b2 


Stack slot to memory mapping:
stack at sp + 0 slots: 0xffffffffffffffff is an unknown value
stack at sp + 1 slots: 0x00007ffa4464fd00 1653137255992-jSerialComm.dll
stack at sp + 2 slots: 0x0 is NULL
stack at sp + 3 slots: 0x0 is NULL
stack at sp + 4 slots: 0x0 is NULL
stack at sp + 5 slots: 0x0 is NULL
stack at sp + 6 slots: 0x0 is NULL
stack at sp + 7 slots: 0x0 is NULL


---------------  P R O C E S S  ---------------

Threads class SMR info:
_java_thread_list=0x0000010b88a2cdf0, length=25, elements={
0x0000010be25f27b0, 0x0000010bff77c1b0, 0x0000010bff781350, 0x0000010bff790f20,
0x0000010bff7917e0, 0x0000010bff792190, 0x0000010bff792b40, 0x0000010bff79b8e0,
0x0000010b88920dd0, 0x0000010b88935bc0, 0x0000010b889f4930, 0x0000010b88cfe8e0,
0x0000010b88fb29f0, 0x0000010b896d1d20, 0x0000010b896e9f30, 0x0000010b89ae4bf0,
0x0000010b89b20850, 0x0000010b89b49290, 0x0000010b89b48420, 0x0000010b89b49760,
0x0000010b89b4aaa0, 0x0000010b89b49c30, 0x0000010b89b4a100, 0x0000010b89b48dc0,
0x0000010b89b488f0
}

Java Threads: ( => current thread )
  0x0000010be25f27b0 JavaThread "main" [_thread_blocked, id=23800, stack(0x000000049c300000,0x000000049c400000)]
  0x0000010bff77c1b0 JavaThread "Reference Handler" daemon [_thread_blocked, id=27856, stack(0x000000049ca00000,0x000000049cb00000)]
  0x0000010bff781350 JavaThread "Finalizer" daemon [_thread_blocked, id=22656, stack(0x000000049cb00000,0x000000049cc00000)]
  0x0000010bff790f20 JavaThread "Signal Dispatcher" daemon [_thread_blocked, id=13348, stack(0x000000049cc00000,0x000000049cd00000)]
  0x0000010bff7917e0 JavaThread "Attach Listener" daemon [_thread_blocked, id=26724, stack(0x000000049cd00000,0x000000049ce00000)]
  0x0000010bff792190 JavaThread "Service Thread" daemon [_thread_blocked, id=916, stack(0x000000049ce00000,0x000000049cf00000)]
  0x0000010bff792b40 JavaThread "Monitor Deflation Thread" daemon [_thread_blocked, id=22604, stack(0x000000049cf00000,0x000000049d000000)]
  0x0000010bff79b8e0 JavaThread "C2 CompilerThread0" daemon [_thread_blocked, id=15600, stack(0x000000049d000000,0x000000049d100000)]
  0x0000010b88920dd0 JavaThread "C1 CompilerThread0" daemon [_thread_blocked, id=26436, stack(0x000000049d100000,0x000000049d200000)]
  0x0000010b88935bc0 JavaThread "Sweeper thread" daemon [_thread_blocked, id=24456, stack(0x000000049d200000,0x000000049d300000)]
  0x0000010b889f4930 JavaThread "Common-Cleaner" daemon [_thread_blocked, id=28072, stack(0x000000049d300000,0x000000049d400000)]
  0x0000010b88cfe8e0 JavaThread "Monitor Ctrl-Break" daemon [_thread_in_native, id=25080, stack(0x000000049d600000,0x000000049d700000)]
  0x0000010b88fb29f0 JavaThread "Notification Thread" daemon [_thread_blocked, id=21624, stack(0x000000049d700000,0x000000049d800000)]
  0x0000010b896d1d20 JavaThread "InvokeLaterDispatcher" daemon [_thread_blocked, id=14252, stack(0x000000049db00000,0x000000049dc00000)]
  0x0000010b896e9f30 JavaThread "JavaFX Application Thread" [_thread_in_native, id=17224, stack(0x000000049dc00000,0x000000049dd00000)]
  0x0000010b89ae4bf0 JavaThread "JavaFX-Launcher" [_thread_blocked, id=19580, stack(0x000000049d500000,0x000000049d600000)]
  0x0000010b89b20850 JavaThread "Thread-2" daemon [_thread_in_native, id=7184, stack(0x000000049d400000,0x000000049d500000)]
  0x0000010b89b49290 JavaThread "Thread-4" [_thread_blocked, id=20908, stack(0x000000049e330000,0x000000049e430000)]
  0x0000010b89b48420 JavaThread "Prism Font Disposer" daemon [_thread_blocked, id=16192, stack(0x000000049e830000,0x000000049e930000)]
  0x0000010b89b49760 JavaThread "Cleaner-0" daemon [_thread_blocked, id=31364, stack(0x000000049ea30000,0x000000049eb30000)]
  0x0000010b89b4aaa0 JavaThread "Timer-1" [_thread_blocked, id=27296, stack(0x000000049f340000,0x000000049f440000)]
  0x0000010b89b49c30 JavaThread "Timer-2" [_thread_blocked, id=28980, stack(0x000000049da00000,0x000000049db00000)]
  0x0000010b89b4a100 JavaThread "Thread-10" [_thread_blocked, id=11992, stack(0x000000049e930000,0x000000049ea30000)]
  0x0000010b89b48dc0 JavaThread "SIGINT handler" daemon [_thread_blocked, id=15596, stack(0x000000049c000000,0x000000049c100000)]
=>0x0000010b89b488f0 JavaThread "Thread-5" [_thread_in_native, id=27700, stack(0x000000049c100000,0x000000049c200000)]

Other Threads:
  0x0000010bff778a60 VMThread "VM Thread" [stack: 0x000000049c900000,0x000000049ca00000] [id=14744]
  0x0000010be265ec90 WatcherThread [stack: 0x000000049d800000,0x000000049d900000] [id=21888]
  0x0000010be2640120 GCTaskThread "GC Thread#0" [stack: 0x000000049c400000,0x000000049c500000] [id=28140]
  0x0000010b89b20d20 GCTaskThread "GC Thread#1" [stack: 0x000000049de30000,0x000000049df30000] [id=11176]
  0x0000010b89ab05b0 GCTaskThread "GC Thread#2" [stack: 0x000000049df30000,0x000000049e030000] [id=19380]
  0x0000010b88aa8040 GCTaskThread "GC Thread#3" [stack: 0x000000049e030000,0x000000049e130000] [id=30760]
  0x0000010b89ae7da0 GCTaskThread "GC Thread#4" [stack: 0x000000049e130000,0x000000049e230000] [id=14836]
  0x0000010b89b33a50 GCTaskThread "GC Thread#5" [stack: 0x000000049e230000,0x000000049e330000] [id=24288]
  0x0000010b92646ce0 GCTaskThread "GC Thread#6" [stack: 0x000000049eb40000,0x000000049ec40000] [id=30060]
  0x0000010b9230ab50 GCTaskThread "GC Thread#7" [stack: 0x000000049ec40000,0x000000049ed40000] [id=13008]
  0x0000010b89d38330 GCTaskThread "GC Thread#8" [stack: 0x000000049ed40000,0x000000049ee40000] [id=12604]
  0x0000010b89d38b40 GCTaskThread "GC Thread#9" [stack: 0x000000049ee40000,0x000000049ef40000] [id=21076]
  0x0000010be2650ea0 ConcurrentGCThread "G1 Main Marker" [stack: 0x000000049c500000,0x000000049c600000] [id=11332]
  0x0000010be26518b0 ConcurrentGCThread "G1 Conc#0" [stack: 0x000000049c600000,0x000000049c700000] [id=14784]
  0x0000010bff6344f0 ConcurrentGCThread "G1 Refine#0" [stack: 0x000000049c700000,0x000000049c800000] [id=23420]
  0x0000010b923d1f20 ConcurrentGCThread "G1 Refine#1" [stack: 0x000000049ef40000,0x000000049f040000] [id=31224]
  0x0000010b8a4a01d0 ConcurrentGCThread "G1 Refine#2" [stack: 0x000000049f040000,0x000000049f140000] [id=9780]
  0x0000010b894fe1f0 ConcurrentGCThread "G1 Refine#3" [stack: 0x000000049f140000,0x000000049f240000] [id=17020]
  0x0000010be26cd460 ConcurrentGCThread "G1 Service" [stack: 0x000000049c800000,0x000000049c900000] [id=28976]

Threads with active compile tasks:

VM state: not at safepoint (normal execution)

VM Mutex/Monitor currently owned by a thread: None

Heap address: 0x0000000701c00000, size: 4068 MB, Compressed Oops mode: Zero based, Oop shift amount: 3

CDS archive(s) mapped at: [0x0000000800000000-0x0000000800bc0000-0x0000000800bc0000), size 12320768, SharedBaseAddress: 0x0000000800000000, ArchiveRelocationMode: 0.
Compressed class space mapped at: 0x0000000800c00000-0x0000000840c00000, reserved size: 1073741824
Narrow klass base: 0x0000000800000000, Narrow klass shift: 0, Narrow klass range: 0x100000000

GC Precious Log:
 CPUs: 12 total, 12 available
 Memory: 16265M
 Large Page Support: Disabled
 NUMA Support: Disabled
 Compressed Oops: Enabled (Zero based)
 Heap Region Size: 2M
 Heap Min Capacity: 8M
 Heap Initial Capacity: 256M
 Heap Max Capacity: 4068M
 Pre-touch: Disabled
 Parallel Workers: 10
 Concurrent Workers: 3
 Concurrent Refinement Workers: 10
 Periodic GC: Disabled

Heap:
 garbage-first heap   total 262144K, used 238186K [0x0000000701c00000, 0x0000000800000000)
  region size 2048K, 69 young (141312K), 4 survivors (8192K)
 Metaspace       used 16666K, committed 16960K, reserved 1064960K
  class space    used 2268K, committed 2432K, reserved 1048576K

Heap Regions: E=young(eden), S=young(survivor), O=old, HS=humongous(starts), HC=humongous(continues), CS=collection set, F=free, OA=open archive, CA=closed archive, TAMS=top-at-mark-start (previous, next)
|   0|0x0000000701c00000, 0x0000000701e00000, 0x0000000701e00000|100%|HS|  |TAMS 0x0000000701c00000, 0x0000000701c00000| Complete 
|   1|0x0000000701e00000, 0x0000000702000000, 0x0000000702000000|100%|HC|  |TAMS 0x0000000701e00000, 0x0000000701e00000| Complete 
|   2|0x0000000702000000, 0x0000000702200000, 0x0000000702200000|100%|HC|  |TAMS 0x0000000702000000, 0x0000000702000000| Complete 
|   3|0x0000000702200000, 0x0000000702400000, 0x0000000702400000|100%|HC|  |TAMS 0x0000000702200000, 0x0000000702200000| Complete 
|   4|0x0000000702400000, 0x0000000702600000, 0x0000000702600000|100%|HC|  |TAMS 0x0000000702400000, 0x0000000702400000| Complete 
|   5|0x0000000702600000, 0x0000000702800000, 0x0000000702800000|100%|HC|  |TAMS 0x0000000702600000, 0x0000000702600000| Complete 
|   6|0x0000000702800000, 0x0000000702a00000, 0x0000000702a00000|100%|HC|  |TAMS 0x0000000702800000, 0x0000000702800000| Complete 
|   7|0x0000000702a00000, 0x0000000702c00000, 0x0000000702c00000|100%|HC|  |TAMS 0x0000000702a00000, 0x0000000702a00000| Complete 
|   8|0x0000000702c00000, 0x0000000702e00000, 0x0000000702e00000|100%|HC|  |TAMS 0x0000000702c00000, 0x0000000702c00000| Complete 
|   9|0x0000000702e00000, 0x0000000703000000, 0x0000000703000000|100%|HC|  |TAMS 0x0000000702e00000, 0x0000000702e00000| Complete 
|  10|0x0000000703000000, 0x0000000703200000, 0x0000000703200000|100%|HC|  |TAMS 0x0000000703000000, 0x0000000703000000| Complete 
|  11|0x0000000703200000, 0x0000000703400000, 0x0000000703400000|100%|HC|  |TAMS 0x0000000703200000, 0x0000000703200000| Complete 
|  12|0x0000000703400000, 0x0000000703600000, 0x0000000703600000|100%|HS|  |TAMS 0x0000000703400000, 0x0000000703400000| Complete 
|  13|0x0000000703600000, 0x0000000703800000, 0x0000000703800000|100%|HC|  |TAMS 0x0000000703600000, 0x0000000703600000| Complete 
|  14|0x0000000703800000, 0x0000000703a00000, 0x0000000703a00000|100%|HC|  |TAMS 0x0000000703800000, 0x0000000703800000| Complete 
|  15|0x0000000703a00000, 0x0000000703c00000, 0x0000000703c00000|100%|HC|  |TAMS 0x0000000703a00000, 0x0000000703a00000| Complete 
|  16|0x0000000703c00000, 0x0000000703e00000, 0x0000000703e00000|100%|HC|  |TAMS 0x0000000703c00000, 0x0000000703c00000| Complete 
|  17|0x0000000703e00000, 0x0000000704000000, 0x0000000704000000|100%|HC|  |TAMS 0x0000000703e00000, 0x0000000703e00000| Complete 
|  18|0x0000000704000000, 0x0000000704200000, 0x0000000704200000|100%|HC|  |TAMS 0x0000000704000000, 0x0000000704000000| Complete 
|  19|0x0000000704200000, 0x0000000704400000, 0x0000000704400000|100%|HC|  |TAMS 0x0000000704200000, 0x0000000704200000| Complete 
|  20|0x0000000704400000, 0x0000000704600000, 0x0000000704600000|100%|HC|  |TAMS 0x0000000704400000, 0x0000000704400000| Complete 
|  21|0x0000000704600000, 0x0000000704800000, 0x0000000704800000|100%|HC|  |TAMS 0x0000000704600000, 0x0000000704600000| Complete 
|  22|0x0000000704800000, 0x0000000704a00000, 0x0000000704a00000|100%|HC|  |TAMS 0x0000000704800000, 0x0000000704800000| Complete 
|  23|0x0000000704a00000, 0x0000000704c00000, 0x0000000704c00000|100%|HC|  |TAMS 0x0000000704a00000, 0x0000000704a00000| Complete 
|  24|0x0000000704c00000, 0x0000000704c00000, 0x0000000704e00000|  0%| F|  |TAMS 0x0000000704c00000, 0x0000000704c00000| Untracked 
|  25|0x0000000704e00000, 0x0000000704ff8400, 0x0000000705000000| 98%| O|  |TAMS 0x0000000704e00000, 0x0000000704ff8400| Untracked 
|  26|0x0000000705000000, 0x0000000705200000, 0x0000000705200000|100%|HS|  |TAMS 0x0000000705000000, 0x0000000705000000| Complete 
|  27|0x0000000705200000, 0x0000000705400000, 0x0000000705400000|100%|HC|  |TAMS 0x0000000705200000, 0x0000000705200000| Complete 
|  28|0x0000000705400000, 0x0000000705600000, 0x0000000705600000|100%|HC|  |TAMS 0x0000000705400000, 0x0000000705400000| Complete 
|  29|0x0000000705600000, 0x0000000705800000, 0x0000000705800000|100%|HC|  |TAMS 0x0000000705600000, 0x0000000705600000| Complete 
|  30|0x0000000705800000, 0x0000000705a00000, 0x0000000705a00000|100%|HC|  |TAMS 0x0000000705800000, 0x0000000705800000| Complete 
|  31|0x0000000705a00000, 0x0000000705c00000, 0x0000000705c00000|100%|HC|  |TAMS 0x0000000705a00000, 0x0000000705a00000| Complete 
|  32|0x0000000705c00000, 0x0000000705e00000, 0x0000000705e00000|100%|HC|  |TAMS 0x0000000705c00000, 0x0000000705c00000| Complete 
|  33|0x0000000705e00000, 0x0000000706000000, 0x0000000706000000|100%|HC|  |TAMS 0x0000000705e00000, 0x0000000705e00000| Complete 
|  34|0x0000000706000000, 0x0000000706200000, 0x0000000706200000|100%|HC|  |TAMS 0x0000000706000000, 0x0000000706000000| Complete 
|  35|0x0000000706200000, 0x0000000706400000, 0x0000000706400000|100%|HC|  |TAMS 0x0000000706200000, 0x0000000706200000| Complete 
|  36|0x0000000706400000, 0x0000000706600000, 0x0000000706600000|100%|HC|  |TAMS 0x0000000706400000, 0x0000000706400000| Complete 
|  37|0x0000000706600000, 0x0000000706800000, 0x0000000706800000|100%|HC|  |TAMS 0x0000000706600000, 0x0000000706600000| Complete 
|  38|0x0000000706800000, 0x0000000706a00000, 0x0000000706a00000|100%|HS|  |TAMS 0x0000000706800000, 0x0000000706a00000| Complete 
|  39|0x0000000706a00000, 0x0000000706c00000, 0x0000000706c00000|100%|HS|  |TAMS 0x0000000706a00000, 0x0000000706c00000| Complete 
|  40|0x0000000706c00000, 0x0000000706e00000, 0x0000000706e00000|100%|HC|  |TAMS 0x0000000706c00000, 0x0000000706e00000| Complete 
|  41|0x0000000706e00000, 0x0000000707000000, 0x0000000707000000|100%|HC|  |TAMS 0x0000000706e00000, 0x0000000707000000| Complete 
|  42|0x0000000707000000, 0x0000000707200000, 0x0000000707200000|100%|HC|  |TAMS 0x0000000707000000, 0x0000000707200000| Complete 
|  43|0x0000000707200000, 0x0000000707400000, 0x0000000707400000|100%|HC|  |TAMS 0x0000000707200000, 0x0000000707400000| Complete 
|  44|0x0000000707400000, 0x0000000707600000, 0x0000000707600000|100%|HC|  |TAMS 0x0000000707400000, 0x0000000707600000| Complete 
|  45|0x0000000707600000, 0x0000000707800000, 0x0000000707800000|100%|HC|  |TAMS 0x0000000707600000, 0x0000000707800000| Complete 
|  46|0x0000000707800000, 0x0000000707a00000, 0x0000000707a00000|100%|HC|  |TAMS 0x0000000707800000, 0x0000000707a00000| Complete 
|  47|0x0000000707a00000, 0x0000000707c00000, 0x0000000707c00000|100%|HC|  |TAMS 0x0000000707a00000, 0x0000000707c00000| Complete 
|  48|0x0000000707c00000, 0x0000000707e00000, 0x0000000707e00000|100%|HC|  |TAMS 0x0000000707c00000, 0x0000000707e00000| Complete 
|  49|0x0000000707e00000, 0x0000000708000000, 0x0000000708000000|100%|HC|  |TAMS 0x0000000707e00000, 0x0000000708000000| Complete 
|  50|0x0000000708000000, 0x0000000708200000, 0x0000000708200000|100%|HC|  |TAMS 0x0000000708000000, 0x0000000708200000| Complete 
|  51|0x0000000708200000, 0x0000000708200000, 0x0000000708400000|  0%| F|  |TAMS 0x0000000708200000, 0x0000000708200000| Untracked 
|  52|0x0000000708400000, 0x0000000708400000, 0x0000000708600000|  0%| F|  |TAMS 0x0000000708400000, 0x0000000708400000| Untracked 
|  53|0x0000000708600000, 0x0000000708600000, 0x0000000708800000|  0%| F|  |TAMS 0x0000000708600000, 0x0000000708600000| Untracked 
|  54|0x0000000708800000, 0x0000000708800000, 0x0000000708a00000|  0%| F|  |TAMS 0x0000000708800000, 0x0000000708800000| Untracked 
|  55|0x0000000708a00000, 0x0000000708a00000, 0x0000000708c00000|  0%| F|  |TAMS 0x0000000708a00000, 0x0000000708a00000| Untracked 
|  56|0x0000000708c00000, 0x0000000708c00000, 0x0000000708e00000|  0%| F|  |TAMS 0x0000000708c00000, 0x0000000708c00000| Untracked 
|  57|0x0000000708e00000, 0x0000000708e00000, 0x0000000709000000|  0%| F|  |TAMS 0x0000000708e00000, 0x0000000708e00000| Untracked 
|  58|0x0000000709000000, 0x0000000709000000, 0x0000000709200000|  0%| F|  |TAMS 0x0000000709000000, 0x0000000709000000| Untracked 
|  59|0x0000000709200000, 0x00000007093ec0c8, 0x0000000709400000| 96%| E|  |TAMS 0x0000000709200000, 0x0000000709200000| Complete 
|  60|0x0000000709400000, 0x0000000709600000, 0x0000000709600000|100%| E|CS|TAMS 0x0000000709400000, 0x0000000709400000| Complete 
|  61|0x0000000709600000, 0x0000000709800000, 0x0000000709800000|100%| E|CS|TAMS 0x0000000709600000, 0x0000000709600000| Complete 
|  62|0x0000000709800000, 0x0000000709a00000, 0x0000000709a00000|100%| E|CS|TAMS 0x0000000709800000, 0x0000000709800000| Complete 
|  63|0x0000000709a00000, 0x0000000709c00000, 0x0000000709c00000|100%| E|CS|TAMS 0x0000000709a00000, 0x0000000709a00000| Complete 
|  64|0x0000000709c00000, 0x0000000709e00000, 0x0000000709e00000|100%| E|CS|TAMS 0x0000000709c00000, 0x0000000709c00000| Complete 
|  65|0x0000000709e00000, 0x000000070a000000, 0x000000070a000000|100%| E|CS|TAMS 0x0000000709e00000, 0x0000000709e00000| Complete 
|  66|0x000000070a000000, 0x000000070a200000, 0x000000070a200000|100%| E|CS|TAMS 0x000000070a000000, 0x000000070a000000| Complete 
|  67|0x000000070a200000, 0x000000070a400000, 0x000000070a400000|100%| E|CS|TAMS 0x000000070a200000, 0x000000070a200000| Complete 
|  68|0x000000070a400000, 0x000000070a600000, 0x000000070a600000|100%| E|CS|TAMS 0x000000070a400000, 0x000000070a400000| Complete 
|  69|0x000000070a600000, 0x000000070a800000, 0x000000070a800000|100%| E|CS|TAMS 0x000000070a600000, 0x000000070a600000| Complete 
|  70|0x000000070a800000, 0x000000070aa00000, 0x000000070aa00000|100%| E|  |TAMS 0x000000070a800000, 0x000000070a800000| Complete 
|  71|0x000000070aa00000, 0x000000070ac00000, 0x000000070ac00000|100%| E|CS|TAMS 0x000000070aa00000, 0x000000070aa00000| Complete 
|  72|0x000000070ac00000, 0x000000070ae00000, 0x000000070ae00000|100%| E|CS|TAMS 0x000000070ac00000, 0x000000070ac00000| Complete 
|  73|0x000000070ae00000, 0x000000070b000000, 0x000000070b000000|100%| E|CS|TAMS 0x000000070ae00000, 0x000000070ae00000| Complete 
|  74|0x000000070b000000, 0x000000070b200000, 0x000000070b200000|100%| E|CS|TAMS 0x000000070b000000, 0x000000070b000000| Complete 
|  75|0x000000070b200000, 0x000000070b400000, 0x000000070b400000|100%| E|CS|TAMS 0x000000070b200000, 0x000000070b200000| Complete 
|  76|0x000000070b400000, 0x000000070b600000, 0x000000070b600000|100%| E|CS|TAMS 0x000000070b400000, 0x000000070b400000| Complete 
|  77|0x000000070b600000, 0x000000070b800000, 0x000000070b800000|100%| E|CS|TAMS 0x000000070b600000, 0x000000070b600000| Complete 
|  78|0x000000070b800000, 0x000000070ba00000, 0x000000070ba00000|100%| E|CS|TAMS 0x000000070b800000, 0x000000070b800000| Complete 
|  79|0x000000070ba00000, 0x000000070bc00000, 0x000000070bc00000|100%| E|CS|TAMS 0x000000070ba00000, 0x000000070ba00000| Complete 
|  80|0x000000070bc00000, 0x000000070be00000, 0x000000070be00000|100%| E|CS|TAMS 0x000000070bc00000, 0x000000070bc00000| Complete 
|  81|0x000000070be00000, 0x000000070c000000, 0x000000070c000000|100%| E|CS|TAMS 0x000000070be00000, 0x000000070be00000| Complete 
|  82|0x000000070c000000, 0x000000070c200000, 0x000000070c200000|100%| E|CS|TAMS 0x000000070c000000, 0x000000070c000000| Complete 
|  83|0x000000070c200000, 0x000000070c400000, 0x000000070c400000|100%| E|CS|TAMS 0x000000070c200000, 0x000000070c200000| Complete 
|  84|0x000000070c400000, 0x000000070c600000, 0x000000070c600000|100%| E|CS|TAMS 0x000000070c400000, 0x000000070c400000| Complete 
|  85|0x000000070c600000, 0x000000070c6a2470, 0x000000070c800000| 31%| S|CS|TAMS 0x000000070c600000, 0x000000070c600000| Complete 
|  86|0x000000070c800000, 0x000000070ca00000, 0x000000070ca00000|100%| S|CS|TAMS 0x000000070c800000, 0x000000070c800000| Complete 
|  87|0x000000070ca00000, 0x000000070cc00000, 0x000000070cc00000|100%| S|CS|TAMS 0x000000070ca00000, 0x000000070ca00000| Complete 
|  88|0x000000070cc00000, 0x000000070ce00000, 0x000000070ce00000|100%| S|CS|TAMS 0x000000070cc00000, 0x000000070cc00000| Complete 
|  89|0x000000070ce00000, 0x000000070d000000, 0x000000070d000000|100%| E|CS|TAMS 0x000000070ce00000, 0x000000070ce00000| Complete 
|  90|0x000000070d000000, 0x000000070d200000, 0x000000070d200000|100%| E|CS|TAMS 0x000000070d000000, 0x000000070d000000| Complete 
|  91|0x000000070d200000, 0x000000070d400000, 0x000000070d400000|100%| E|CS|TAMS 0x000000070d200000, 0x000000070d200000| Complete 
|  92|0x000000070d400000, 0x000000070d600000, 0x000000070d600000|100%| E|CS|TAMS 0x000000070d400000, 0x000000070d400000| Complete 
|  93|0x000000070d600000, 0x000000070d800000, 0x000000070d800000|100%| E|CS|TAMS 0x000000070d600000, 0x000000070d600000| Complete 
|  94|0x000000070d800000, 0x000000070da00000, 0x000000070da00000|100%| E|CS|TAMS 0x000000070d800000, 0x000000070d800000| Complete 
|  95|0x000000070da00000, 0x000000070dc00000, 0x000000070dc00000|100%| E|CS|TAMS 0x000000070da00000, 0x000000070da00000| Complete 
|  96|0x000000070dc00000, 0x000000070de00000, 0x000000070de00000|100%| E|CS|TAMS 0x000000070dc00000, 0x000000070dc00000| Complete 
|  97|0x000000070de00000, 0x000000070e000000, 0x000000070e000000|100%| E|CS|TAMS 0x000000070de00000, 0x000000070de00000| Complete 
|  98|0x000000070e000000, 0x000000070e200000, 0x000000070e200000|100%| E|CS|TAMS 0x000000070e000000, 0x000000070e000000| Complete 
|  99|0x000000070e200000, 0x000000070e400000, 0x000000070e400000|100%| E|CS|TAMS 0x000000070e200000, 0x000000070e200000| Complete 
| 100|0x000000070e400000, 0x000000070e600000, 0x000000070e600000|100%| E|CS|TAMS 0x000000070e400000, 0x000000070e400000| Complete 
| 101|0x000000070e600000, 0x000000070e800000, 0x000000070e800000|100%| E|CS|TAMS 0x000000070e600000, 0x000000070e600000| Complete 
| 102|0x000000070e800000, 0x000000070ea00000, 0x000000070ea00000|100%| E|CS|TAMS 0x000000070e800000, 0x000000070e800000| Complete 
| 103|0x000000070ea00000, 0x000000070ec00000, 0x000000070ec00000|100%| E|CS|TAMS 0x000000070ea00000, 0x000000070ea00000| Complete 
| 104|0x000000070ec00000, 0x000000070ee00000, 0x000000070ee00000|100%| E|CS|TAMS 0x000000070ec00000, 0x000000070ec00000| Complete 
| 105|0x000000070ee00000, 0x000000070f000000, 0x000000070f000000|100%| E|CS|TAMS 0x000000070ee00000, 0x000000070ee00000| Complete 
| 106|0x000000070f000000, 0x000000070f200000, 0x000000070f200000|100%| E|CS|TAMS 0x000000070f000000, 0x000000070f000000| Complete 
| 107|0x000000070f200000, 0x000000070f400000, 0x000000070f400000|100%| E|CS|TAMS 0x000000070f200000, 0x000000070f200000| Complete 
| 108|0x000000070f400000, 0x000000070f600000, 0x000000070f600000|100%| E|CS|TAMS 0x000000070f400000, 0x000000070f400000| Complete 
| 109|0x000000070f600000, 0x000000070f800000, 0x000000070f800000|100%| E|CS|TAMS 0x000000070f600000, 0x000000070f600000| Complete 
| 110|0x000000070f800000, 0x000000070fa00000, 0x000000070fa00000|100%| E|CS|TAMS 0x000000070f800000, 0x000000070f800000| Complete 
| 111|0x000000070fa00000, 0x000000070fc00000, 0x000000070fc00000|100%| E|CS|TAMS 0x000000070fa00000, 0x000000070fa00000| Complete 
| 112|0x000000070fc00000, 0x000000070fe00000, 0x000000070fe00000|100%| E|CS|TAMS 0x000000070fc00000, 0x000000070fc00000| Complete 
| 113|0x000000070fe00000, 0x0000000710000000, 0x0000000710000000|100%| E|CS|TAMS 0x000000070fe00000, 0x000000070fe00000| Complete 
| 114|0x0000000710000000, 0x0000000710200000, 0x0000000710200000|100%| E|CS|TAMS 0x0000000710000000, 0x0000000710000000| Complete 
| 115|0x0000000710200000, 0x0000000710400000, 0x0000000710400000|100%| E|CS|TAMS 0x0000000710200000, 0x0000000710200000| Complete 
| 116|0x0000000710400000, 0x0000000710600000, 0x0000000710600000|100%| E|CS|TAMS 0x0000000710400000, 0x0000000710400000| Complete 
| 117|0x0000000710600000, 0x0000000710800000, 0x0000000710800000|100%| E|CS|TAMS 0x0000000710600000, 0x0000000710600000| Complete 
| 118|0x0000000710800000, 0x0000000710a00000, 0x0000000710a00000|100%| E|CS|TAMS 0x0000000710800000, 0x0000000710800000| Complete 
| 119|0x0000000710a00000, 0x0000000710c00000, 0x0000000710c00000|100%| E|CS|TAMS 0x0000000710a00000, 0x0000000710a00000| Complete 
| 120|0x0000000710c00000, 0x0000000710e00000, 0x0000000710e00000|100%| E|CS|TAMS 0x0000000710c00000, 0x0000000710c00000| Complete 
| 121|0x0000000710e00000, 0x0000000711000000, 0x0000000711000000|100%| E|CS|TAMS 0x0000000710e00000, 0x0000000710e00000| Complete 
| 122|0x0000000711000000, 0x0000000711200000, 0x0000000711200000|100%| E|CS|TAMS 0x0000000711000000, 0x0000000711000000| Complete 
| 123|0x0000000711200000, 0x0000000711400000, 0x0000000711400000|100%| E|CS|TAMS 0x0000000711200000, 0x0000000711200000| Complete 
| 124|0x0000000711400000, 0x0000000711600000, 0x0000000711600000|100%| E|CS|TAMS 0x0000000711400000, 0x0000000711400000| Complete 
| 125|0x0000000711600000, 0x0000000711800000, 0x0000000711800000|100%| E|CS|TAMS 0x0000000711600000, 0x0000000711600000| Complete 
| 126|0x0000000711800000, 0x0000000711a00000, 0x0000000711a00000|100%| E|CS|TAMS 0x0000000711800000, 0x0000000711800000| Complete 
| 127|0x0000000711a00000, 0x0000000711c00000, 0x0000000711c00000|100%| E|CS|TAMS 0x0000000711a00000, 0x0000000711a00000| Complete 

Card table byte_map: [0x0000010bfba60000,0x0000010bfc260000] _byte_map_base: 0x0000010bf8252000

Marking Bits (Prev, Next): (CMBitMap*) 0x0000010be2640730, (CMBitMap*) 0x0000010be2640770
 Prev Bits: [0x0000010b80000000, 0x0000010b83f90000)
 Next Bits: [0x0000010b83f90000, 0x0000010b87f20000)

Polling page: 0x0000010be26d0000

Metaspace:

Usage:
  Non-class:     14.06 MB used.
      Class:      2.22 MB used.
       Both:     16.28 MB used.

Virtual space:
  Non-class space:       16.00 MB reserved,      14.19 MB ( 89%) committed,  2 nodes.
      Class space:        1.00 GB reserved,       2.38 MB ( <1%) committed,  1 nodes.
             Both:        1.02 GB reserved,      16.56 MB (  2%) committed. 

Chunk freelists:
   Non-Class:  1.52 MB
       Class:  1.67 MB
        Both:  3.18 MB

MaxMetaspaceSize: unlimited
CompressedClassSpaceSize: 1.00 GB
Initial GC threshold: 21.00 MB
Current GC threshold: 21.00 MB
CDS: on
MetaspaceReclaimPolicy: balanced
 - commit_granule_bytes: 65536.
 - commit_granule_words: 8192.
 - virtual_space_node_default_size: 1048576.
 - enlarge_chunks_in_place: 1.
 - new_chunks_are_fully_committed: 0.
 - uncommit_free_chunks: 1.
 - use_allocation_guard: 0.
 - handle_deallocations: 1.


Internal statistics:

num_allocs_failed_limit: 0.
num_arena_births: 260.
num_arena_deaths: 0.
num_vsnodes_births: 3.
num_vsnodes_deaths: 0.
num_space_committed: 265.
num_space_uncommitted: 0.
num_chunks_returned_to_freelist: 0.
num_chunks_taken_from_freelist: 792.
num_chunk_merges: 0.
num_chunk_splits: 543.
num_chunks_enlarged: 408.
num_purges: 0.
num_inconsistent_stats: 0.

CodeHeap 'non-profiled nmethods': size=120000Kb used=1704Kb max_used=1704Kb free=118295Kb
 bounds [0x0000010bf30a0000, 0x0000010bf3310000, 0x0000010bfa5d0000]
CodeHeap 'profiled nmethods': size=120000Kb used=7955Kb max_used=7955Kb free=112044Kb
 bounds [0x0000010bebb70000, 0x0000010bec340000, 0x0000010bf30a0000]
CodeHeap 'non-nmethods': size=5760Kb used=1447Kb max_used=1485Kb free=4312Kb
 bounds [0x0000010beb5d0000, 0x0000010beb840000, 0x0000010bebb70000]
 total_blobs=4588 nmethods=3775 adapters=723
 compilation: enabled
              stopped_count=0, restarted_count=0
 full_count=0

Compilation events (20 events):
Event: 66.874 Thread 0x0000010bff79b8e0 nmethod 3766 0x0000010bf3244310 code [0x0000010bf32444a0, 0x0000010bf3244708]
Event: 68.104 Thread 0x0000010bff79b8e0 3767       4       java.util.concurrent.locks.AbstractQueuedSynchronizer$ConditionObject::doSignal (54 bytes)
Event: 68.107 Thread 0x0000010bff79b8e0 nmethod 3767 0x0000010bf3244910 code [0x0000010bf3244aa0, 0x0000010bf3245078]
Event: 68.856 Thread 0x0000010bff79b8e0 3768   !   4       java.util.concurrent.LinkedBlockingDeque::offerLast (53 bytes)
Event: 68.865 Thread 0x0000010bff79b8e0 nmethod 3768 0x0000010bf3245290 code [0x0000010bf3245460, 0x0000010bf3246268]
Event: 68.865 Thread 0x0000010bff79b8e0 3769       4       com.sun.glass.ui.win.WinApplication::submitForLaterInvocation (6 bytes)
Event: 68.866 Thread 0x0000010bff79b8e0 nmethod 3769 0x0000010bf3246890 code [0x0000010bf3246a20, 0x0000010bf3246ac8]
Event: 70.680 Thread 0x0000010bff79b8e0 3770       4       com.sun.javafx.tk.quantum.QuantumToolkit::postPulse (133 bytes)
Event: 70.683 Thread 0x0000010bff79b8e0 nmethod 3770 0x0000010bf3246b90 code [0x0000010bf3246d60, 0x0000010bf3247448]
Event: 70.840 Thread 0x0000010b88920dd0 3771       3       java.io.BufferedOutputStream::flushBuffer (29 bytes)
Event: 70.840 Thread 0x0000010b88920dd0 nmethod 3771 0x0000010bec332590 code [0x0000010bec332740, 0x0000010bec332988]
Event: 71.832 Thread 0x0000010bff79b8e0 3772       4       java.lang.Object::wait (6 bytes)
Event: 71.833 Thread 0x0000010bff79b8e0 nmethod 3772 0x0000010bf3247910 code [0x0000010bf3247aa0, 0x0000010bf3247b48]
Event: 71.864 Thread 0x0000010bff79b8e0 3773   !   4       java.util.concurrent.LinkedBlockingDeque::takeFirst (47 bytes)
Event: 71.883 Thread 0x0000010bff79b8e0 nmethod 3773 0x0000010bf3247c10 code [0x0000010bf3247e00, 0x0000010bf3249588]
Event: 72.133 Thread 0x0000010b88920dd0 3774       3       java.lang.invoke.MethodHandles$Lookup::findConstructor (61 bytes)
Event: 72.133 Thread 0x0000010b88920dd0 nmethod 3774 0x0000010bec332a90 code [0x0000010bec332d00, 0x0000010bec333538]
Event: 72.133 Thread 0x0000010b88920dd0 3775       3       java.lang.invoke.MethodHandles$Lookup::getDirectConstructor (10 bytes)
Event: 72.133 Thread 0x0000010b88920dd0 nmethod 3775 0x0000010bec333890 code [0x0000010bec333a20, 0x0000010bec333b68]
Event: 72.133 Thread 0x0000010b88920dd0 3777       3       java.lang.invoke.MethodHandle::asTypeUncached (59 bytes)

GC Heap History (6 events):
Event: 0.521 GC heap before
{Heap before GC invocations=0 (full 0):
 garbage-first heap   total 262144K, used 20480K [0x0000000701c00000, 0x0000000800000000)
  region size 2048K, 11 young (22528K), 0 survivors (0K)
 Metaspace       used 4694K, committed 4864K, reserved 1056768K
  class space    used 522K, committed 576K, reserved 1048576K
}
Event: 0.523 GC heap after
{Heap after GC invocations=1 (full 0):
 garbage-first heap   total 262144K, used 2970K [0x0000000701c00000, 0x0000000800000000)
  region size 2048K, 2 young (4096K), 2 survivors (4096K)
 Metaspace       used 4694K, committed 4864K, reserved 1056768K
  class space    used 522K, committed 576K, reserved 1048576K
}
Event: 7.791 GC heap before
{Heap before GC invocations=1 (full 0):
 garbage-first heap   total 262144K, used 88986K [0x0000000701c00000, 0x0000000800000000)
  region size 2048K, 20 young (40960K), 2 survivors (4096K)
 Metaspace       used 13868K, committed 14144K, reserved 1064960K
  class space    used 1863K, committed 1984K, reserved 1048576K
}
Event: 7.796 GC heap after
{Heap after GC invocations=2 (full 0):
 garbage-first heap   total 262144K, used 59361K [0x0000000701c00000, 0x0000000800000000)
  region size 2048K, 3 young (6144K), 3 survivors (6144K)
 Metaspace       used 13868K, committed 14144K, reserved 1064960K
  class space    used 1863K, committed 1984K, reserved 1048576K
}
Event: 18.735 GC heap before
{Heap before GC invocations=2 (full 0):
 garbage-first heap   total 262144K, used 180193K [0x0000000701c00000, 0x0000000800000000)
  region size 2048K, 39 young (79872K), 3 survivors (6144K)
 Metaspace       used 16046K, committed 16320K, reserved 1064960K
  class space    used 2259K, committed 2432K, reserved 1048576K
}
Event: 18.738 GC heap after
{Heap after GC invocations=3 (full 0):
 garbage-first heap   total 262144K, used 35434K [0x0000000701c00000, 0x0000000800000000)
  region size 2048K, 4 young (8192K), 4 survivors (8192K)
 Metaspace       used 16046K, committed 16320K, reserved 1064960K
  class space    used 2259K, committed 2432K, reserved 1048576K
}

Deoptimization events (20 events):
Event: 72.132 Thread 0x0000010b89b4b440 Uncommon trap: trap_request=0xffffff45 fr.pc=0x0000010bf320df44 relative=0x0000000000000144
Event: 72.132 Thread 0x0000010b89b4b440 Uncommon trap: reason=unstable_if action=reinterpret pc=0x0000010bf320df44 method=java.util.concurrent.locks.ReentrantLock$NonfairSync.initialTryLock()Z @ 10 c2
Event: 72.132 Thread 0x0000010b89b4b440 DEOPT PACKING pc=0x0000010bf320df44 sp=0x000000049f53ef60
Event: 72.132 Thread 0x0000010b89b4b440 DEOPT UNPACKING pc=0x0000010beb6223a3 sp=0x000000049f53ef08 mode 2
Event: 72.132 Thread 0x0000010b89b4b440 Uncommon trap: trap_request=0xffffff45 fr.pc=0x0000010bf31f8948 relative=0x00000000000000c8
Event: 72.132 Thread 0x0000010b89b4b440 Uncommon trap: reason=unstable_if action=reinterpret pc=0x0000010bf31f8948 method=java.util.concurrent.locks.ReentrantLock$Sync.tryRelease(I)Z @ 26 c2
Event: 72.132 Thread 0x0000010b89b4b440 DEOPT PACKING pc=0x0000010bf31f8948 sp=0x000000049f53ef60
Event: 72.132 Thread 0x0000010b88c5cc80 Uncommon trap: trap_request=0xffffff45 fr.pc=0x0000010bf32427c0 relative=0x00000000000004c0
Event: 72.132 Thread 0x0000010b89b4b440 DEOPT UNPACKING pc=0x0000010beb6223a3 sp=0x000000049f53ef00 mode 2
Event: 72.132 Thread 0x0000010b88c5cc80 Uncommon trap: reason=unstable_if action=reinterpret pc=0x0000010bf32427c0 method=java.util.concurrent.locks.AbstractQueuedSynchronizer$ConditionNode.isReleasable()Z @ 14 c2
Event: 72.132 Thread 0x0000010b88c5cc80 DEOPT PACKING pc=0x0000010bf32427c0 sp=0x000000049d9ff460
Event: 72.132 Thread 0x0000010b88c5cc80 DEOPT UNPACKING pc=0x0000010beb6223a3 sp=0x000000049d9ff288 mode 2
Event: 72.132 Thread 0x0000010b88c5cc80 Uncommon trap: trap_request=0xffffff45 fr.pc=0x0000010bf3229648 relative=0x0000000000000048
Event: 72.132 Thread 0x0000010b88c5cc80 Uncommon trap: reason=unstable_if action=reinterpret pc=0x0000010bf3229648 method=java.lang.Thread.interrupted()Z @ 10 c2
Event: 72.132 Thread 0x0000010b88c5cc80 DEOPT PACKING pc=0x0000010bf3229648 sp=0x000000049d9ff410
Event: 72.132 Thread 0x0000010b88c5cc80 DEOPT UNPACKING pc=0x0000010beb6223a3 sp=0x000000049d9ff3a0 mode 2
Event: 72.132 Thread 0x0000010b88c5cc80 Uncommon trap: trap_request=0xffffff45 fr.pc=0x0000010bf323c9ac relative=0x0000000000000e2c
Event: 72.132 Thread 0x0000010b88c5cc80 Uncommon trap: reason=unstable_if action=reinterpret pc=0x0000010bf323c9ac method=java.util.concurrent.locks.AbstractQueuedSynchronizer.acquire(Ljava/util/concurrent/locks/AbstractQueuedSynchronizer$Node;IZZZJ)I @ 155 c2
Event: 72.132 Thread 0x0000010b88c5cc80 DEOPT PACKING pc=0x0000010bf323c9ac sp=0x000000049d9ff340
Event: 72.132 Thread 0x0000010b88c5cc80 DEOPT UNPACKING pc=0x0000010beb6223a3 sp=0x000000049d9ff320 mode 2

Classes unloaded (0 events):
No events

Classes redefined (0 events):
No events

Internal exceptions (20 events):
Event: 5.093 Thread 0x0000010b896e9f30 Exception <a 'java/lang/NoSuchMethodError'{0x0000000710b18c20}: 'void java.lang.invoke.DirectMethodHandle$Holder.invokeStaticInit(java.lang.Object, java.lang.Object)'> (0x0000000710b18c20) 
thrown [t:\workspace\open\src\hotspot\share\interpreter\linkResolver.cpp, line 766]
Event: 5.138 Thread 0x0000010b896e9f30 Implicit null exception at 0x0000010bf30c9258 to 0x0000010bf30c92ee
Event: 5.141 Thread 0x0000010b896e9f30 Implicit null exception at 0x0000010bf311f934 to 0x0000010bf311fe24
Event: 5.147 Thread 0x0000010b896e9f30 Implicit null exception at 0x0000010bf311828b to 0x0000010bf31186b4
Event: 5.147 Thread 0x0000010b896e9f30 Implicit null exception at 0x0000010bf30c378f to 0x0000010bf30c3809
Event: 5.217 Thread 0x0000010b896e9f30 Exception <a 'java/lang/NoSuchMethodError'{0x000000070fca7ea8}: 'java.lang.Object java.lang.invoke.DirectMethodHandle$Holder.invokeInterface(java.lang.Object, java.lang.Object, java.lang.Object)'> (0x000000070fca7ea8) 
thrown [t:\workspace\open\src\hotspot\share\interpreter\linkResolver.cpp, line 766]
Event: 5.218 Thread 0x0000010b896e9f30 Exception <a 'java/lang/IncompatibleClassChangeError'{0x000000070fcab830}: Found class java.lang.Object, but interface was expected> (0x000000070fcab830) 
thrown [t:\workspace\open\src\hotspot\share\interpreter\linkResolver.cpp, line 833]
Event: 5.252 Thread 0x0000010b896e9f30 Exception <a 'java/lang/NoSuchMethodError'{0x000000070fa94700}: 'java.lang.Object java.lang.invoke.DirectMethodHandle$Holder.newInvokeSpecial(java.lang.Object, java.lang.Object, int)'> (0x000000070fa94700) 
thrown [t:\workspace\open\src\hotspot\share\interpreter\linkResolver.cpp, line 766]
Event: 5.272 Thread 0x0000010b88c5cc80 Exception <a 'java/lang/NoSuchMethodError'{0x000000070fb45a90}: 'int java.lang.invoke.DirectMethodHandle$Holder.invokeStaticInit(java.lang.Object, java.lang.Object)'> (0x000000070fb45a90) 
thrown [t:\workspace\open\src\hotspot\share\interpreter\linkResolver.cpp, line 766]
Event: 7.625 Thread 0x0000010b896e9f30 Exception <a 'java/lang/NoSuchMethodError'{0x000000070f451b00}: 'long java.lang.invoke.DirectMethodHandle$Holder.invokeStatic(java.lang.Object, java.lang.Object, java.lang.Object)'> (0x000000070f451b00) 
thrown [t:\workspace\open\src\hotspot\share\interpreter\linkResolver.cpp, line 766]
Event: 7.625 Thread 0x0000010b896e9f30 Exception <a 'java/lang/NoSuchMethodError'{0x000000070f4552a8}: 'long java.lang.invoke.DirectMethodHandle$Holder.invokeStaticInit(java.lang.Object, java.lang.Object, java.lang.Object)'> (0x000000070f4552a8) 
thrown [t:\workspace\open\src\hotspot\share\interpreter\linkResolver.cpp, line 766]
Event: 7.626 Thread 0x0000010b896e9f30 Exception <a 'java/lang/NoSuchMethodError'{0x000000070f46d0f0}: 'java.lang.Object java.lang.invoke.DirectMethodHandle$Holder.newInvokeSpecial(java.lang.Object, java.lang.Object, long)'> (0x000000070f46d0f0) 
thrown [t:\workspace\open\src\hotspot\share\interpreter\linkResolver.cpp, line 766]
Event: 7.627 Thread 0x0000010b896e9f30 Exception <a 'java/lang/NoSuchMethodError'{0x000000070f470c60}: 'java.lang.Object java.lang.invoke.Invokers$Holder.linkToTargetMethod(java.lang.Object, long, java.lang.Object)'> (0x000000070f470c60) 
thrown [t:\workspace\open\src\hotspot\share\interpreter\linkResolver.cpp, line 766]
Event: 7.716 Thread 0x0000010b896e9f30 Exception <a 'java/lang/NoSuchMethodError'{0x000000070f4834d0}: 'java.lang.Object java.lang.invoke.DirectMethodHandle$Holder.newInvokeSpecial(java.lang.Object, java.lang.Object, int, int, int, int, int, java.lang.Object)'> (0x000000070f4834d0) 
thrown [t:\workspace\open\src\hotspot\share\interpreter\linkResolver.cpp, line 766]
Event: 7.717 Thread 0x0000010b896e9f30 Exception <a 'java/lang/NoSuchMethodError'{0x000000070f4964b0}: 'java.lang.Object java.lang.invoke.DirectMethodHandle$Holder.newInvokeSpecial(java.lang.Object, java.lang.Object, java.lang.Object, int, int, int, int, int)'> (0x000000070f4964b0) 
thrown [t:\workspace\open\src\hotspot\share\interpreter\linkResolver.cpp, line 766]
Event: 7.717 Thread 0x0000010b896e9f30 Exception <a 'java/lang/NoSuchMethodError'{0x000000070f49dd10}: 'java.lang.Object java.lang.invoke.Invokers$Holder.linkToTargetMethod(java.lang.Object, java.lang.Object, int, int, int, int, int, java.lang.Object)'> (0x000000070f49dd10) 
thrown [t:\workspace\open\src\hotspot\share\interpreter\linkResolver.cpp, line 766]
Event: 12.113 Thread 0x0000010b896e9f30 Exception <a 'java/lang/ClassNotFoundException'{0x000000070d65a638}: com/sun/javafx/scene/control/skin/resources/controls> (0x000000070d65a638) 
thrown [t:\workspace\open\src\hotspot\share\prims\jni.cpp, line 535]
Event: 12.114 Thread 0x0000010b896e9f30 Exception <a 'java/lang/ClassNotFoundException'{0x000000070d6685c0}: com/sun/javafx/scene/control/skin/resources/controls_en> (0x000000070d6685c0) 
thrown [t:\workspace\open\src\hotspot\share\prims\jni.cpp, line 535]
Event: 12.114 Thread 0x0000010b896e9f30 Exception <a 'java/lang/ClassNotFoundException'{0x000000070d6695d8}: com/sun/javafx/scene/control/skin/resources/controls_en_GB> (0x000000070d6695d8) 
thrown [t:\workspace\open\src\hotspot\share\prims\jni.cpp, line 535]
Event: 12.133 Thread 0x0000010b896e9f30 Exception <a 'java/lang/NoSuchMethodError'{0x000000070d7debf8}: 'void java.lang.invoke.DirectMethodHandle$Holder.invokeSpecial(java.lang.Object, java.lang.Object, java.lang.Object, java.lang.Object, java.lang.Object, java.lang.Object)'> (0x000000070d7debf8) 
thrown [t:\workspace\open\src\hotspot\share\interpreter\linkResolver.cpp, line 766]

VM Operations (20 events):
Event: 45.749 Executing VM operation: Cleanup
Event: 45.749 Executing VM operation: Cleanup done
Event: 46.750 Executing VM operation: Cleanup
Event: 46.750 Executing VM operation: Cleanup done
Event: 52.753 Executing VM operation: Cleanup
Event: 52.753 Executing VM operation: Cleanup done
Event: 55.754 Executing VM operation: Cleanup
Event: 55.754 Executing VM operation: Cleanup done
Event: 57.755 Executing VM operation: Cleanup
Event: 57.755 Executing VM operation: Cleanup done
Event: 58.755 Executing VM operation: Cleanup
Event: 58.755 Executing VM operation: Cleanup done
Event: 64.169 Executing VM operation: HandshakeAllThreads
Event: 64.169 Executing VM operation: HandshakeAllThreads done
Event: 64.169 Executing VM operation: Cleanup
Event: 64.169 Executing VM operation: Cleanup done
Event: 66.168 Executing VM operation: Cleanup
Event: 66.169 Executing VM operation: Cleanup done
Event: 67.169 Executing VM operation: Cleanup
Event: 67.169 Executing VM operation: Cleanup done

Events (20 events):
Event: 12.424 Thread 0x0000010b92225400 Thread exited: 0x0000010b92225400
Event: 12.424 Thread 0x0000010b88a31370 Thread exited: 0x0000010b88a31370
Event: 16.315 Thread 0x0000010b88983120 Thread added: 0x0000010b88983120
Event: 18.726 Thread 0x0000010b89b4aaa0 Thread added: 0x0000010b89b4aaa0
Event: 18.738 Thread 0x0000010b89b4b440 Thread exited: 0x0000010b89b4b440
Event: 18.853 Thread 0x0000010b88983120 Thread exited: 0x0000010b88983120
Event: 18.855 Thread 0x0000010b89b49c30 Thread added: 0x0000010b89b49c30
Event: 26.895 Thread 0x0000010b89b49c30 Thread exited: 0x0000010b89b49c30
Event: 34.679 Thread 0x0000010b89b49c30 Thread added: 0x0000010b89b49c30
Event: 34.812 Thread 0x0000010b89b4a100 Thread added: 0x0000010b89b4a100
Event: 72.131 loading class jdk/internal/misc/Signal$1
Event: 72.131 loading class jdk/internal/misc/Signal$1 done
Event: 72.131 Thread 0x0000010b89b48dc0 Thread added: 0x0000010b89b48dc0
Event: 72.131 Thread 0x0000010b89b488f0 Thread added: 0x0000010b89b488f0
Event: 72.131 Thread 0x0000010b89b4a5d0 Thread added: 0x0000010b89b4a5d0
Event: 72.131 Thread 0x0000010b89b4af70 Thread added: 0x0000010b89b4af70
Event: 72.132 Thread 0x0000010b89b4b440 Thread added: 0x0000010b89b4b440
Event: 72.132 Thread 0x0000010b89b4a5d0 Thread exited: 0x0000010b89b4a5d0
Event: 72.132 Thread 0x0000010b89b4af70 Thread exited: 0x0000010b89b4af70
Event: 72.133 Thread 0x0000010b89b4b440 Thread exited: 0x0000010b89b4b440


Dynamic libraries:
0x00007ff720050000 - 0x00007ff720060000 	C:\Program Files\Java\jdk-17.0.1\bin\java.exe
0x00007ffa7f810000 - 0x00007ffa7fa05000 	C:\Windows\SYSTEM32\ntdll.dll
0x00007ffa7f120000 - 0x00007ffa7f1dd000 	C:\Windows\System32\KERNEL32.DLL
0x00007ffa7d1c0000 - 0x00007ffa7d48d000 	C:\Windows\System32\KERNELBASE.dll
0x00007ffa7d760000 - 0x00007ffa7d860000 	C:\Windows\System32\ucrtbase.dll
0x00007ffa75bc0000 - 0x00007ffa75bda000 	C:\Program Files\Java\jdk-17.0.1\bin\VCRUNTIME140.dll
0x00007ffa779d0000 - 0x00007ffa779e8000 	C:\Program Files\Java\jdk-17.0.1\bin\jli.dll
0x00007ffa7e7c0000 - 0x00007ffa7e86e000 	C:\Windows\System32\ADVAPI32.dll
0x00007ffa7d990000 - 0x00007ffa7da2e000 	C:\Windows\System32\msvcrt.dll
0x00007ffa7da30000 - 0x00007ffa7dacc000 	C:\Windows\System32\sechost.dll
0x00007ffa7d860000 - 0x00007ffa7d985000 	C:\Windows\System32\RPCRT4.dll
0x00007ffa7e8d0000 - 0x00007ffa7ea70000 	C:\Windows\System32\USER32.dll
0x00007ffa66690000 - 0x00007ffa6692a000 	C:\Windows\WinSxS\amd64_microsoft.windows.common-controls_6595b64144ccf1df_6.0.19041.1110_none_60b5254171f9507e\COMCTL32.dll
0x00007ffa7d160000 - 0x00007ffa7d182000 	C:\Windows\System32\win32u.dll
0x00007ffa7ea70000 - 0x00007ffa7ea9a000 	C:\Windows\System32\GDI32.dll
0x00007ffa7cf20000 - 0x00007ffa7d02b000 	C:\Windows\System32\gdi32full.dll
0x00007ffa76cd0000 - 0x00007ffa76cda000 	C:\Windows\SYSTEM32\VERSION.dll
0x00007ffa7d0c0000 - 0x00007ffa7d15d000 	C:\Windows\System32\msvcp_win.dll
0x00007ffa7e540000 - 0x00007ffa7e570000 	C:\Windows\System32\IMM32.DLL
0x00007ffa78de0000 - 0x00007ffa78dec000 	C:\Program Files\Java\jdk-17.0.1\bin\vcruntime140_1.dll
0x00007ffa707b0000 - 0x00007ffa7083d000 	C:\Program Files\Java\jdk-17.0.1\bin\msvcp140.dll
0x00007ffa105b0000 - 0x00007ffa1116e000 	C:\Program Files\Java\jdk-17.0.1\bin\server\jvm.dll
0x00007ffa7e530000 - 0x00007ffa7e538000 	C:\Windows\System32\PSAPI.DLL
0x00007ffa77890000 - 0x00007ffa778b7000 	C:\Windows\SYSTEM32\WINMM.dll
0x00007ffa5c730000 - 0x00007ffa5c739000 	C:\Windows\SYSTEM32\WSOCK32.dll
0x00007ffa7ef20000 - 0x00007ffa7ef8b000 	C:\Windows\System32\WS2_32.dll
0x00007ffa7ae00000 - 0x00007ffa7ae12000 	C:\Windows\SYSTEM32\kernel.appcore.dll
0x00007ffa78110000 - 0x00007ffa7811a000 	C:\Program Files\Java\jdk-17.0.1\bin\jimage.dll
0x00007ffa74d00000 - 0x00007ffa74ee4000 	C:\Windows\SYSTEM32\DBGHELP.DLL
0x00007ffa5c620000 - 0x00007ffa5c64c000 	C:\Windows\SYSTEM32\dbgcore.DLL
0x00007ffa7d030000 - 0x00007ffa7d0b2000 	C:\Windows\System32\bcryptPrimitives.dll
0x00007ffa75bb0000 - 0x00007ffa75bbe000 	C:\Program Files\Java\jdk-17.0.1\bin\instrument.dll
0x00007ffa70780000 - 0x00007ffa707a5000 	C:\Program Files\Java\jdk-17.0.1\bin\java.dll
0x00007ffa44660000 - 0x00007ffa44736000 	C:\Program Files\Java\jdk-17.0.1\bin\svml.dll
0x00007ffa7dd10000 - 0x00007ffa7e454000 	C:\Windows\System32\SHELL32.dll
0x00007ffa7b000000 - 0x00007ffa7b794000 	C:\Windows\SYSTEM32\windows.storage.dll
0x00007ffa7f2c0000 - 0x00007ffa7f614000 	C:\Windows\System32\combase.dll
0x00007ffa7c980000 - 0x00007ffa7c9ac000 	C:\Windows\SYSTEM32\Wldp.dll
0x00007ffa7dbe0000 - 0x00007ffa7dc8d000 	C:\Windows\System32\SHCORE.dll
0x00007ffa7dcb0000 - 0x00007ffa7dd05000 	C:\Windows\System32\shlwapi.dll
0x00007ffa7ce60000 - 0x00007ffa7ce7f000 	C:\Windows\SYSTEM32\profapi.dll
0x00007ffa70760000 - 0x00007ffa70779000 	C:\Program Files\Java\jdk-17.0.1\bin\net.dll
0x00007ffa74360000 - 0x00007ffa7446a000 	C:\Windows\SYSTEM32\WINHTTP.dll
0x00007ffa7c6a0000 - 0x00007ffa7c70a000 	C:\Windows\system32\mswsock.dll
0x00007ffa70740000 - 0x00007ffa70755000 	C:\Program Files\Java\jdk-17.0.1\bin\nio.dll
0x00007ffa70720000 - 0x00007ffa70738000 	C:\Program Files\Java\jdk-17.0.1\bin\zip.dll
0x00007ffa70670000 - 0x00007ffa7068a000 	C:\Program Files\JetBrains\IntelliJ IDEA 2021.2.3\bin\breakgen64.dll
0x0000010b87f40000 - 0x0000010b87f43000 	C:\Users\nbalj\.openjfx\cache\17.0.0.1\api-ms-win-core-console-l1-1-0.dll
0x0000010b87f50000 - 0x0000010b87f53000 	C:\Users\nbalj\.openjfx\cache\17.0.0.1\api-ms-win-core-console-l1-2-0.dll
0x0000010b87f60000 - 0x0000010b87f63000 	C:\Users\nbalj\.openjfx\cache\17.0.0.1\api-ms-win-core-datetime-l1-1-0.dll
0x0000010b87f70000 - 0x0000010b87f73000 	C:\Users\nbalj\.openjfx\cache\17.0.0.1\api-ms-win-core-debug-l1-1-0.dll
0x0000010b87f80000 - 0x0000010b87f83000 	C:\Users\nbalj\.openjfx\cache\17.0.0.1\api-ms-win-core-errorhandling-l1-1-0.dll
0x0000010b87f90000 - 0x0000010b87f94000 	C:\Users\nbalj\.openjfx\cache\17.0.0.1\api-ms-win-core-file-l1-1-0.dll
0x0000010b87fa0000 - 0x0000010b87fa3000 	C:\Users\nbalj\.openjfx\cache\17.0.0.1\api-ms-win-core-file-l1-2-0.dll
0x0000010b87fb0000 - 0x0000010b87fb3000 	C:\Users\nbalj\.openjfx\cache\17.0.0.1\api-ms-win-core-file-l2-1-0.dll
0x0000010b87fc0000 - 0x0000010b87fc3000 	C:\Users\nbalj\.openjfx\cache\17.0.0.1\api-ms-win-core-handle-l1-1-0.dll
0x0000010b87fd0000 - 0x0000010b87fd3000 	C:\Users\nbalj\.openjfx\cache\17.0.0.1\api-ms-win-core-heap-l1-1-0.dll
0x0000010b87fe0000 - 0x0000010b87fe3000 	C:\Users\nbalj\.openjfx\cache\17.0.0.1\api-ms-win-core-interlocked-l1-1-0.dll
0x0000010b87ff0000 - 0x0000010b87ff3000 	C:\Users\nbalj\.openjfx\cache\17.0.0.1\api-ms-win-core-libraryloader-l1-1-0.dll
0x0000010b8a4d0000 - 0x0000010b8a4d3000 	C:\Users\nbalj\.openjfx\cache\17.0.0.1\api-ms-win-core-localization-l1-2-0.dll
0x0000010b8a4e0000 - 0x0000010b8a4e3000 	C:\Users\nbalj\.openjfx\cache\17.0.0.1\api-ms-win-core-memory-l1-1-0.dll
0x0000010b8a4f0000 - 0x0000010b8a4f3000 	C:\Users\nbalj\.openjfx\cache\17.0.0.1\api-ms-win-core-namedpipe-l1-1-0.dll
0x0000010b8a500000 - 0x0000010b8a503000 	C:\Users\nbalj\.openjfx\cache\17.0.0.1\api-ms-win-core-processenvironment-l1-1-0.dll
0x0000010b8a510000 - 0x0000010b8a513000 	C:\Users\nbalj\.openjfx\cache\17.0.0.1\api-ms-win-core-processthreads-l1-1-0.dll
0x0000010b8a520000 - 0x0000010b8a523000 	C:\Users\nbalj\.openjfx\cache\17.0.0.1\api-ms-win-core-processthreads-l1-1-1.dll
0x0000010b8a530000 - 0x0000010b8a533000 	C:\Users\nbalj\.openjfx\cache\17.0.0.1\api-ms-win-core-profile-l1-1-0.dll
0x0000010b8a540000 - 0x0000010b8a543000 	C:\Users\nbalj\.openjfx\cache\17.0.0.1\api-ms-win-core-rtlsupport-l1-1-0.dll
0x0000010b8a550000 - 0x0000010b8a553000 	C:\Users\nbalj\.openjfx\cache\17.0.0.1\api-ms-win-core-string-l1-1-0.dll
0x0000010b8a560000 - 0x0000010b8a563000 	C:\Users\nbalj\.openjfx\cache\17.0.0.1\api-ms-win-core-synch-l1-1-0.dll
0x0000010b8a570000 - 0x0000010b8a573000 	C:\Users\nbalj\.openjfx\cache\17.0.0.1\api-ms-win-core-synch-l1-2-0.dll
0x0000010b8a580000 - 0x0000010b8a583000 	C:\Users\nbalj\.openjfx\cache\17.0.0.1\api-ms-win-core-sysinfo-l1-1-0.dll
0x0000010b8a590000 - 0x0000010b8a593000 	C:\Users\nbalj\.openjfx\cache\17.0.0.1\api-ms-win-core-timezone-l1-1-0.dll
0x0000010b8a5a0000 - 0x0000010b8a5a3000 	C:\Users\nbalj\.openjfx\cache\17.0.0.1\api-ms-win-core-util-l1-1-0.dll
0x0000010b8a5b0000 - 0x0000010b8a5b3000 	C:\Users\nbalj\.openjfx\cache\17.0.0.1\api-ms-win-crt-conio-l1-1-0.dll
0x0000010b8a5c0000 - 0x0000010b8a5c4000 	C:\Users\nbalj\.openjfx\cache\17.0.0.1\api-ms-win-crt-convert-l1-1-0.dll
0x0000010b8a5d0000 - 0x0000010b8a5d3000 	C:\Users\nbalj\.openjfx\cache\17.0.0.1\api-ms-win-crt-environment-l1-1-0.dll
0x0000010b8a5e0000 - 0x0000010b8a5e3000 	C:\Users\nbalj\.openjfx\cache\17.0.0.1\api-ms-win-crt-filesystem-l1-1-0.dll
0x0000010b8a5f0000 - 0x0000010b8a5f3000 	C:\Users\nbalj\.openjfx\cache\17.0.0.1\api-ms-win-crt-heap-l1-1-0.dll
0x0000010b8a600000 - 0x0000010b8a603000 	C:\Users\nbalj\.openjfx\cache\17.0.0.1\api-ms-win-crt-locale-l1-1-0.dll
0x0000010b8a610000 - 0x0000010b8a615000 	C:\Users\nbalj\.openjfx\cache\17.0.0.1\api-ms-win-crt-math-l1-1-0.dll
0x0000010b8a620000 - 0x0000010b8a625000 	C:\Users\nbalj\.openjfx\cache\17.0.0.1\api-ms-win-crt-multibyte-l1-1-0.dll
0x0000010b8a630000 - 0x0000010b8a640000 	C:\Users\nbalj\.openjfx\cache\17.0.0.1\api-ms-win-crt-private-l1-1-0.dll
0x0000010b8a640000 - 0x0000010b8a643000 	C:\Users\nbalj\.openjfx\cache\17.0.0.1\api-ms-win-crt-process-l1-1-0.dll
0x0000010b8a650000 - 0x0000010b8a654000 	C:\Users\nbalj\.openjfx\cache\17.0.0.1\api-ms-win-crt-runtime-l1-1-0.dll
0x0000010b8a660000 - 0x0000010b8a664000 	C:\Users\nbalj\.openjfx\cache\17.0.0.1\api-ms-win-crt-stdio-l1-1-0.dll
0x0000010b8a670000 - 0x0000010b8a674000 	C:\Users\nbalj\.openjfx\cache\17.0.0.1\api-ms-win-crt-string-l1-1-0.dll
0x0000010b8a680000 - 0x0000010b8a683000 	C:\Users\nbalj\.openjfx\cache\17.0.0.1\api-ms-win-crt-time-l1-1-0.dll
0x0000010b8a690000 - 0x0000010b8a693000 	C:\Users\nbalj\.openjfx\cache\17.0.0.1\api-ms-win-crt-utility-l1-1-0.dll
0x00007ffa3ba20000 - 0x00007ffa3bb1c000 	C:\Users\nbalj\.openjfx\cache\17.0.0.1\ucrtbase.dll
0x00007ffa70630000 - 0x00007ffa7064a000 	C:\Users\nbalj\.openjfx\cache\17.0.0.1\vcruntime140.dll
0x00007ffa70620000 - 0x00007ffa7062c000 	C:\Users\nbalj\.openjfx\cache\17.0.0.1\vcruntime140_1.dll
0x00007ffa24c10000 - 0x00007ffa24c9d000 	C:\Users\nbalj\.openjfx\cache\17.0.0.1\msvcp140.dll
0x00007ffa6e2e0000 - 0x00007ffa6e30a000 	C:\Users\nbalj\.openjfx\cache\17.0.0.1\prism_d3d.dll
0x00007ffa6fb80000 - 0x00007ffa6fd4f000 	C:\Windows\system32\d3d9.dll
0x00007ffa7ab10000 - 0x00007ffa7ab3f000 	C:\Windows\SYSTEM32\dwmapi.dll
0x00007ffa7a830000 - 0x00007ffa7a8ce000 	C:\Windows\system32\uxtheme.dll
0x00007ffa7cb10000 - 0x00007ffa7cb22000 	C:\Windows\SYSTEM32\msasn1.dll
0x00007ffa76820000 - 0x00007ffa76851000 	C:\Windows\SYSTEM32\cryptnet.dll
0x00007ffa7d490000 - 0x00007ffa7d5e6000 	C:\Windows\System32\CRYPT32.dll
0x00007ffa731d0000 - 0x00007ffa73318000 	C:\Windows\SYSTEM32\drvstore.dll
0x00007ffa7ccd0000 - 0x00007ffa7ccfc000 	C:\Windows\SYSTEM32\devobj.dll
0x00007ffa7d5f0000 - 0x00007ffa7d63e000 	C:\Windows\System32\cfgmgr32.dll
0x00007ffa7c8d0000 - 0x00007ffa7c8dc000 	C:\Windows\SYSTEM32\cryptbase.dll
0x00007ffa7d640000 - 0x00007ffa7d6a8000 	C:\Windows\System32\WINTRUST.DLL
0x00007ffa7dc90000 - 0x00007ffa7dcad000 	C:\Windows\System32\imagehlp.dll
0x00007ffa7c8b0000 - 0x00007ffa7c8c8000 	C:\Windows\SYSTEM32\CRYPTSP.dll
0x00007ffa7bfb0000 - 0x00007ffa7bfe4000 	C:\Windows\system32\rsaenh.dll
0x00007ffa7d190000 - 0x00007ffa7d1b7000 	C:\Windows\System32\bcrypt.dll
0x00007ffa57400000 - 0x00007ffa57442000 	C:\Users\nbalj\.openjfx\cache\17.0.0.1\glass.dll
0x00007ffa7f1e0000 - 0x00007ffa7f2bb000 	C:\Windows\System32\COMDLG32.dll
0x00007ffa7ef90000 - 0x00007ffa7f0ba000 	C:\Windows\System32\ole32.dll
0x00007ffa7e460000 - 0x00007ffa7e52d000 	C:\Windows\System32\OLEAUT32.dll
0x00007ffa7e6a0000 - 0x00007ffa7e7b5000 	C:\Windows\System32\MSCTF.dll
0x00007ffa31d10000 - 0x00007ffa31fd7000 	C:\Windows\system32\nvspcap64.dll
0x00007ffa7bbe0000 - 0x00007ffa7bc13000 	C:\Windows\SYSTEM32\ntmarta.dll
0x00007ffa7b7b0000 - 0x00007ffa7b7d3000 	C:\Windows\SYSTEM32\gpapi.dll
0x00007ffa73190000 - 0x00007ffa731cb000 	C:\Windows\SYSTEM32\dxcore.dll
0x00007ffa44620000 - 0x00007ffa44654000 	C:\Users\nbalj\AppData\Local\Temp\jSerialComm\1653137255992-jSerialComm.dll
0x00007ffa7eaa0000 - 0x00007ffa7ef11000 	C:\Windows\System32\SETUPAPI.dll
0x00007ffa445b0000 - 0x00007ffa445dd000 	C:\Users\nbalj\.openjfx\cache\17.0.0.1\javafx_iio.dll
0x00007ffa5d190000 - 0x00007ffa5d1a4000 	C:\Users\nbalj\.openjfx\cache\17.0.0.1\javafx_font.dll
0x00007ffa4c490000 - 0x00007ffa4c70f000 	C:\Windows\SYSTEM32\dwrite.dll
0x00007ffa7e570000 - 0x00007ffa7e619000 	C:\Windows\System32\clbcatq.dll
0x00007ffa765d0000 - 0x00007ffa76784000 	C:\Windows\SYSTEM32\WindowsCodecs.dll
0x00007ffa656e0000 - 0x00007ffa6571e000 	C:\Windows\system32\dataexchange.dll
0x00007ffa78e50000 - 0x00007ffa790b4000 	C:\Windows\system32\d3d11.dll
0x00007ffa79c40000 - 0x00007ffa79e25000 	C:\Windows\system32\dcomp.dll
0x00007ffa7b900000 - 0x00007ffa7b9f3000 	C:\Windows\system32\dxgi.dll

dbghelp: loaded successfully - version: 4.0.5 - missing functions: none
symbol engine: initialized successfully - sym options: 0x614 - pdb path: .;C:\Program Files\Java\jdk-17.0.1\bin;C:\Windows\SYSTEM32;C:\Windows\WinSxS\amd64_microsoft.windows.common-controls_6595b64144ccf1df_6.0.19041.1110_none_60b5254171f9507e;C:\Program Files\Java\jdk-17.0.1\bin\server;C:\Program Files\JetBrains\IntelliJ IDEA 2021.2.3\bin;C:\Users\nbalj\.openjfx\cache\17.0.0.1;C:\Windows\System32\DriverStore\FileRepository\nv_dispi.inf_amd64_c0e159863e7afdde;C:\Users\nbalj\AppData\Local\Temp\jSerialComm;C:\Program Files\Common Files\Microsoft Shared\Ink

VM Arguments:
jvm_args: -javaagent:C:\Program Files\JetBrains\IntelliJ IDEA 2021.2.3\lib\idea_rt.jar=54976:C:\Program Files\JetBrains\IntelliJ IDEA 2021.2.3\bin -Dfile.encoding=UTF-8 --module-path=C:\Users\nbalj\.m2\repository\com\fazecast\jSerialComm\2.9.1\jSerialComm-2.9.1.jar;C:\Users\nbalj\.m2\repository\org\openjfx\javafx-controls\17.0.0.1\javafx-controls-17.0.0.1-win.jar;C:\Users\nbalj\Documents\GitHub\project3-4\CodePC\ProjectGUI\target\classes;C:\Users\nbalj\.m2\repository\org\kordamp\ikonli\ikonli-javafx\12.2.0\ikonli-javafx-12.2.0.jar;C:\Users\nbalj\.m2\repository\org\openjfx\javafx-graphics\17.0.0.1\javafx-graphics-17.0.0.1-win.jar;C:\Users\nbalj\.m2\repository\org\openjfx\javafx-web\17.0.0.1\javafx-web-17.0.0.1-win.jar;C:\Users\nbalj\.m2\repository\org\openjfx\javafx-fxml\17.0.0.1\javafx-fxml-17.0.0.1-win.jar;C:\Users\nbalj\.m2\repository\org\controlsfx\controlsfx\11.1.0\controlsfx-11.1.0.jar;C:\Users\nbalj\.m2\repository\com\dlsc\formsfx\formsfx-core\11.3.2\formsfx-core-11.3.2.jar;C:\Users\nbalj\.m2\repository\org\openjfx\javafx-base\17.0.0.1\javafx-base-17.0.0.1-win.jar;C:\Users\nbalj\.m2\repository\eu\hansolo\tilesfx\11.48\tilesfx-11.48.jar;C:\Users\nbalj\.m2\repository\org\kordamp\ikonli\ikonli-core\12.2.0\ikonli-core-12.2.0.jar;C:\Users\nbalj\.m2\repository\org\kordamp\bootstrapfx\bootstrapfx-core\0.4.0\bootstrapfx-core-0.4.0.jar;C:\Users\nbalj\.m2\repository\org\openjfx\javafx-media\17.0.0.1\javafx-media-17.0.0.1-win.jar;C:\Users\nbalj\.m2\repository\net\synedra\validatorfx\0.1.13\validatorfx-0.1.13.jar -Djdk.module.main=com.example.projectgui 
java_command: com.example.projectgui/com.example.projectgui.HelloApplication
java_class_path (initial): C:\Users\nbalj\.m2\repository\org\openjfx\javafx-controls\17.0.0.1\javafx-controls-17.0.0.1.jar;C:\Users\nbalj\.m2\repository\org\openjfx\javafx-graphics\17.0.0.1\javafx-graphics-17.0.0.1.jar;C:\Users\nbalj\.m2\repository\org\openjfx\javafx-base\17.0.0.1\javafx-base-17.0.0.1.jar;C:\Users\nbalj\.m2\repository\org\openjfx\javafx-fxml\17.0.0.1\javafx-fxml-17.0.0.1.jar;C:\Users\nbalj\.m2\repository\org\openjfx\javafx-web\17.0.0.1\javafx-web-17.0.0.1.jar;C:\Users\nbalj\.m2\repository\org\openjfx\javafx-media\17.0.0.1\javafx-media-17.0.0.1.jar;C:\Users\nbalj\.m2\repository\mysql\mysql-connector-java\8.0.28\mysql-connector-java-8.0.28.jar;C:\Users\nbalj\.m2\repository\com\google\protobuf\protobuf-java\3.11.4\protobuf-java-3.11.4.jar
Launcher Type: SUN_STANDARD

[Global flags]
     intx CICompilerCount                          = 4                                         {product} {ergonomic}
     uint ConcGCThreads                            = 3                                         {product} {ergonomic}
     uint G1ConcRefinementThreads                  = 10                                        {product} {ergonomic}
   size_t G1HeapRegionSize                         = 2097152                                   {product} {ergonomic}
    uintx GCDrainStackTargetSize                   = 64                                        {product} {ergonomic}
   size_t InitialHeapSize                          = 268435456                                 {product} {ergonomic}
   size_t MarkStackSize                            = 4194304                                   {product} {ergonomic}
   size_t MaxHeapSize                              = 4265607168                                {product} {ergonomic}
   size_t MaxNewSize                               = 2558525440                                {product} {ergonomic}
   size_t MinHeapDeltaBytes                        = 2097152                                   {product} {ergonomic}
   size_t MinHeapSize                              = 8388608                                   {product} {ergonomic}
    uintx NonNMethodCodeHeapSize                   = 5839372                                {pd product} {ergonomic}
    uintx NonProfiledCodeHeapSize                  = 122909434                              {pd product} {ergonomic}
    uintx ProfiledCodeHeapSize                     = 122909434                              {pd product} {ergonomic}
    uintx ReservedCodeCacheSize                    = 251658240                              {pd product} {ergonomic}
     bool SegmentedCodeCache                       = true                                      {product} {ergonomic}
   size_t SoftMaxHeapSize                          = 4265607168                             {manageable} {ergonomic}
     bool UseCompressedClassPointers               = true                           {product lp64_product} {ergonomic}
     bool UseCompressedOops                        = true                           {product lp64_product} {ergonomic}
     bool UseG1GC                                  = true                                      {product} {ergonomic}
     bool UseLargePagesIndividualAllocation        = false                                  {pd product} {ergonomic}

Logging:
Log output configuration:
 #0: stdout all=warning uptime,level,tags
 #1: stderr all=off uptime,level,tags

Environment Variables:
JAVA_HOME=C:\Program Files\Java\jdk-17.0.1
PATH=C:\Program Files\Common Files\Oracle\Java\javapath;C:\Program Files (x86)\Common Files\Oracle\Java\javapath;C:\Program Files (x86)\Common Files\Intel\Shared Libraries\redist\intel64_win\compiler;C:\Windows\system32;C:\Windows;C:\Windows\System32\Wbem;C:\Windows\System32\WindowsPowerShell\v1.0\;C:\Windows\System32\OpenSSH\;C:\Program Files\NVIDIA Corporation\NVIDIA NvDLISR;C:\Program Files (x86)\NVIDIA Corporation\PhysX\Common;C:\Program Files\PowerShell\7\;C:\Program Files (x86)\mingw-w64\i686-8.1.0-posix-dwarf-rt_v6-rev0\mingw32\bin;C:\Program Files\Java\jdk-17.0.1;C:\Program Files\dotnet\;C:\Program Files\Git\cmd;C:\Program Files\PuTTY\;C:\Program Files\OpenSSL-Win64\bin;C:\Program Files\Java\jdk-18;C:\Users\nbalj\AppData\Local\Microsoft\WindowsApps;C:\Users\nbalj\AppData\Local\Programs\Microsoft VS Code\bin;C:\Program Files\Inkscape\bin;C:\Program Files\JetBrains\IntelliJ IDEA 2021.2.3\bin;;C:\Users\nbalj\.dotnet\tools;C:\Users\nbalj\AppData\Local\GitHubDesktop\bin
USERNAME=nbalj
OS=Windows_NT
PROCESSOR_IDENTIFIER=AMD64 Family 23 Model 113 Stepping 0, AuthenticAMD



---------------  S Y S T E M  ---------------

OS:
 Windows 10 , 64 bit Build 19041 (10.0.19041.1706)
OS uptime: 7 days 3:22 hours
Hyper-V role detected

CPU: total 12 (initial active 12) (12 cores per cpu, 2 threads per core) family 23 model 113 stepping 0 microcode 0x0, cx8, cmov, fxsr, ht, mmx, 3dnowpref, sse, sse2, sse3, ssse3, sse4a, sse4.1, sse4.2, popcnt, lzcnt, tsc, tscinvbit, avx, avx2, aes, clmul, bmi1, bmi2, adx, sha, fma, vzeroupper, clflush, clflushopt, hv

Memory: 4k page, system-wide physical 16265M (6658M free)
TotalPageFile size 22153M (AvailPageFile size 6940M)
current process WorkingSet (physical memory assigned to process): 362M, peak: 424M
current process commit charge ("private bytes"): 647M, peak: 726M

vm_info: Java HotSpot(TM) 64-Bit Server VM (17.0.1+12-LTS-39) for windows-amd64 JRE (17.0.1+12-LTS-39), built on Sep 27 2021 18:41:35 by "mach5one" with MS VC++ 16.8 (VS2019)

END.
