#
# A fatal error has been detected by the Java Runtime Environment:
#
#  EXCEPTION_ACCESS_VIOLATION (0xc0000005) at pc=0x00007ff801b13416, pid=22244, tid=14004
#
# JRE version: OpenJDK Runtime Environment Temurin-17.0.1+12 (17.0.1+12) (build 17.0.1+12)
# Java VM: OpenJDK 64-Bit Server VM Temurin-17.0.1+12 (17.0.1+12, mixed mode, sharing, tiered, compressed oops, compressed class ptrs, g1 gc, windows-amd64)
# Problematic frame:
# C  [ntdll.dll+0x63416]
#
# No core dump will be written. Minidumps are not enabled by default on client versions of Windows
#
# If you would like to submit a bug report, please visit:
#   https://github.com/adoptium/adoptium-support/issues
# The crash happened outside the Java Virtual Machine in native code.
# See problematic frame for where to report the bug.
#

---------------  S U M M A R Y ------------

Command Line: -javaagent:C:\Program Files\JetBrains\IntelliJ IDEA 2021.2.3\lib\idea_rt.jar=49312:C:\Program Files\JetBrains\IntelliJ IDEA 2021.2.3\bin -Dfile.encoding=UTF-8 --module-path=C:\Users\nbalj\.m2\repository\org\openjfx\javafx-media\17.0.0.1\javafx-media-17.0.0.1-win.jar;C:\Users\nbalj\.m2\repository\org\openjfx\javafx-web\17.0.0.1\javafx-web-17.0.0.1-win.jar;C:\Users\nbalj\.m2\repository\org\openjfx\javafx-fxml\17.0.0.1\javafx-fxml-17.0.0.1-win.jar;C:\Users\nbalj\.m2\repository\net\synedra\validatorfx\0.1.13\validatorfx-0.1.13.jar;C:\Users\nbalj\.m2\repository\org\openjfx\javafx-base\17.0.0.1\javafx-base-17.0.0.1-win.jar;C:\Users\nbalj\.m2\repository\com\dlsc\formsfx\formsfx-core\11.3.2\formsfx-core-11.3.2.jar;C:\Users\nbalj\.m2\repository\org\controlsfx\controlsfx\11.1.0\controlsfx-11.1.0.jar;C:\Users\nbalj\.m2\repository\eu\hansolo\tilesfx\11.48\tilesfx-11.48.jar;C:\Users\nbalj\.m2\repository\org\kordamp\bootstrapfx\bootstrapfx-core\0.4.0\bootstrapfx-core-0.4.0.jar;C:\Users\nbalj\.m2\repository\org\kordamp\ikonli\ikonli-core\12.2.0\ikonli-core-12.2.0.jar;C:\Users\nbalj\Documents\GitHub\project3-4\CodePC\ProjectGUI\target\classes;C:\Users\nbalj\.m2\repository\org\openjfx\javafx-controls\17.0.0.1\javafx-controls-17.0.0.1-win.jar;C:\Users\nbalj\.m2\repository\org\openjfx\javafx-graphics\17.0.0.1\javafx-graphics-17.0.0.1-win.jar;C:\Users\nbalj\.m2\repository\org\kordamp\ikonli\ikonli-javafx\12.2.0\ikonli-javafx-12.2.0.jar;C:\Users\nbalj\.m2\repository\com\fazecast\jSerialComm\2.9.1\jSerialComm-2.9.1.jar -Djdk.module.main=com.example.projectgui com.example.projectgui/com.example.projectgui.HelloApplication

Host: AMD Ryzen 7 4800H with Radeon Graphics         , 16 cores, 15G,  Windows 10 , 64 bit Build 19041 (10.0.19041.1645)
Time: Thu May 19 16:40:58 2022 W. Europe Summer Time elapsed time: 32.998728 seconds (0d 0h 0m 32s)

---------------  T H R E A D  ---------------

Current thread (0x000002dd21327ae0):  JavaThread "Thread-5" [_thread_in_native, id=14004, stack(0x000000ec43200000,0x000000ec43300000)]

Stack: [0x000000ec43200000,0x000000ec43300000],  sp=0x000000ec432feef0,  free space=1019k
Native frames: (J=compiled Java code, j=interpreted, Vv=VM code, C=native code)
C  [ntdll.dll+0x63416]
C  [ntdll.dll+0x2fcb4]
C  [ntdll.dll+0x2fae2]
C  [1652971226437-jSerialComm.dll+0x3cb2]

Java frames: (J=compiled Java code, j=interpreted, Vv=VM code)
j  com.fazecast.jSerialComm.SerialPort.closePortNative(J)J+0 com.fazecast.jSerialComm
j  com.fazecast.jSerialComm.SerialPort.closePort()Z+29 com.fazecast.jSerialComm
j  com.example.projectgui.ArduinoControls.lambda$setupCommunication$0()V+3 com.example.projectgui
j  com.example.projectgui.ArduinoControls$$Lambda$151+0x0000000800cbac98.run()V+0 com.example.projectgui
j  java.lang.Thread.run()V+11 java.base@17.0.1
v  ~StubRoutines::call_stub

siginfo: EXCEPTION_ACCESS_VIOLATION (0xc0000005), writing address 0x0000000000000024


Register to memory mapping:

RIP=0x00007ff801b13416 ntdll.dll
RAX=0x0 is NULL
RBX=0x00007fffcf20fd00 1652971226437-jSerialComm.dll
RCX=0x00007fffcf20fd00 1652971226437-jSerialComm.dll
RDX=0x00000000fffffffa is an unknown value
RSP=0x000000ec432feef0 is pointing into the stack for thread: 0x000002dd21327ae0
RBP=0x000000ec432ff100 is pointing into the stack for thread: 0x000002dd21327ae0
RSI=0x0 is NULL
RDI=0x0 is NULL
R8 =0x0 is NULL
R9 =0x00007fffcf20fd00 1652971226437-jSerialComm.dll
R10=0x0000fddbb7a189ce is an unknown value
R11=0x0000fddbb7a186dc is an unknown value
R12=0x0 is NULL
R13=0x000000ec3ffc5000 points into unknown readable memory: 0x0000000000000000 | 00 00 00 00 00 00 00 00
R14=0x0000000000000001 is an unknown value
R15=0x0 is NULL


Registers:
RAX=0x0000000000000000, RBX=0x00007fffcf20fd00, RCX=0x00007fffcf20fd00, RDX=0x00000000fffffffa
RSP=0x000000ec432feef0, RBP=0x000000ec432ff100, RSI=0x0000000000000000, RDI=0x0000000000000000
R8 =0x0000000000000000, R9 =0x00007fffcf20fd00, R10=0x0000fddbb7a189ce, R11=0x0000fddbb7a186dc
R12=0x0000000000000000, R13=0x000000ec3ffc5000, R14=0x0000000000000001, R15=0x0000000000000000
RIP=0x00007ff801b13416, EFLAGS=0x0000000000010213

Top of Stack: (sp=0x000000ec432feef0)
0x000000ec432feef0:   ffffffffffffffff 00007fffcf20fd00
0x000000ec432fef00:   0000000000000000 0000000000000000
0x000000ec432fef10:   0000000000000000 0000000000000000
0x000000ec432fef20:   0000000000000000 0000000000000000
0x000000ec432fef30:   0000000000000000 00000000fffffffa
0x000000ec432fef40:   000000ec3ffc5000 0000000000000000
0x000000ec432fef50:   0000000000000000 0000000000000000
0x000000ec432fef60:   0000000000000000 0000000000000000
0x000000ec432fef70:   0000000000000000 0000000000000000
0x000000ec432fef80:   0000571534d92515 0000000000000000
0x000000ec432fef90:   000002dd21327a00 0000000000000001
0x000000ec432fefa0:   0000000000000001 0000000000000001
0x000000ec432fefb0:   0000000000000000 00007fffcf20fd00
0x000000ec432fefc0:   000000ec432ff100 00007ff801adfcb4
0x000000ec432fefd0:   0000000000000000 0000000000000000
0x000000ec432fefe0:   00000000fffffffa 0000000000000000 

Instructions: (pc=0x00007ff801b13416)
0x00007ff801b13316:   20 e9 ed fe ff ff 48 89 41 18 e9 e4 fe ff ff cc
0x00007ff801b13326:   cc cc cc cc cc cc cc cc cc cc 80 3d d1 71 10 00
0x00007ff801b13336:   00 0f 95 c0 c3 cc cc cc cc cc cc cc cc cc cc cc
0x00007ff801b13346:   cc cc cc cc cc cc cc cc cc cc 48 83 ec 38 8b 05
0x00007ff801b13356:   d2 57 10 00 89 44 24 20 e8 41 02 00 00 48 83 c4
0x00007ff801b13366:   38 c3 cc cc cc cc cc cc cc cc 48 89 5c 24 18 55
0x00007ff801b13376:   56 57 41 54 41 55 41 56 41 57 48 81 ec a0 00 00
0x00007ff801b13386:   00 48 8b 05 82 f1 11 00 48 33 c4 48 89 84 24 90
0x00007ff801b13396:   00 00 00 65 4c 8b 2c 25 30 00 00 00 48 8d 05 4f
0x00007ff801b133a6:   11 10 00 40 32 ed 89 54 24 48 33 f6 40 88 6c 24
0x00007ff801b133b6:   40 4c 89 6c 24 50 48 8b d9 44 8b e6 48 3b c8 0f
0x00007ff801b133c6:   84 39 01 00 00 40 38 35 36 71 10 00 0f 85 a8 01
0x00007ff801b133d6:   00 00 39 35 4a 71 10 00 0f 85 6a 01 00 00 40 38
0x00007ff801b133e6:   35 0d 6c 10 00 48 8d 3d 0e 6c 10 00 48 0f 45 fe
0x00007ff801b133f6:   48 39 73 18 0f 84 d2 00 00 00 48 8b 03 48 83 f8
0x00007ff801b13406:   ff 0f 84 d2 00 00 00 44 8b fe 48 83 f8 ff 74 03
0x00007ff801b13416:   ff 40 24 4c 8b 73 18 4c 8d 2d d4 10 10 00 bd 22
0x00007ff801b13426:   17 00 00 e8 22 14 fc ff 85 c0 0f 85 be b2 05 00
0x00007ff801b13436:   b9 82 03 fe 7f 80 39 00 0f 85 cc b2 05 00 49 83
0x00007ff801b13446:   fe ff 0f 85 5a b3 05 00 4c 8b cf c7 44 24 20 00
0x00007ff801b13456:   00 00 00 41 b8 04 00 00 00 48 8d 54 24 48 48 8d
0x00007ff801b13466:   4b 08 e8 37 01 00 00 3d 02 01 00 00 0f 84 43 b3
0x00007ff801b13476:   05 00 8b 4b 08 89 4c 24 48 f6 c1 02 75 ca 3d 02
0x00007ff801b13486:   01 00 00 0f 84 2c b3 05 00 0f b6 6c 24 40 4c 8b
0x00007ff801b13496:   6c 24 50 85 c0 0f 88 78 b4 05 00 40 84 ed 75 73
0x00007ff801b134a6:   48 8b 8c 24 90 00 00 00 48 33 cc e8 7a 8d 02 00
0x00007ff801b134b6:   48 8b 9c 24 f0 00 00 00 48 81 c4 a0 00 00 00 41
0x00007ff801b134c6:   5f 41 5e 41 5d 41 5c 5f 5e 5d c3 cc 48 8b cb e8
0x00007ff801b134d6:   56 05 00 00 e9 21 ff ff ff 8b 4b 20 48 c7 c0 ff
0x00007ff801b134e6:   ff ff ff 48 0f ba e1 18 0f 82 19 ff ff ff 48 8b
0x00007ff801b134f6:   cb e8 44 e3 fa ff 48 8b 03 e9 09 ff ff ff c6 44
0x00007ff801b13506:   24 40 01 41 c7 85 60 17 00 00 01 00 00 00 e9 b2 


Stack slot to memory mapping:
stack at sp + 0 slots: 0xffffffffffffffff is an unknown value
stack at sp + 1 slots: 0x00007fffcf20fd00 1652971226437-jSerialComm.dll
stack at sp + 2 slots: 0x0 is NULL
stack at sp + 3 slots: 0x0 is NULL
stack at sp + 4 slots: 0x0 is NULL
stack at sp + 5 slots: 0x0 is NULL
stack at sp + 6 slots: 0x0 is NULL
stack at sp + 7 slots: 0x0 is NULL


---------------  P R O C E S S  ---------------

Threads class SMR info:
_java_thread_list=0x000002dd2164fdf0, length=23, elements={
0x000002dd7b1821b0, 0x000002dd20730d10, 0x000002dd20731980, 0x000002dd207443a0,
0x000002dd20744d50, 0x000002dd20745700, 0x000002dd2074e4c0, 0x000002dd207526a0,
0x000002dd20755150, 0x000002dd20766300, 0x000002dd20718250, 0x000002dd21959be0,
0x000002dd219e8a60, 0x000002dd21bfb9f0, 0x000002dd21c1f470, 0x000002dd21ea6fd0,
0x000002dd22075be0, 0x000002dd2124d920, 0x000002dd21325e00, 0x000002dd21325460,
0x000002dd213262d0, 0x000002dd21327fb0, 0x000002dd21327ae0
}

Java Threads: ( => current thread )
  0x000002dd7b1821b0 JavaThread "main" [_thread_blocked, id=9288, stack(0x000000ec40300000,0x000000ec40400000)]
  0x000002dd20730d10 JavaThread "Reference Handler" daemon [_thread_blocked, id=14412, stack(0x000000ec40a00000,0x000000ec40b00000)]
  0x000002dd20731980 JavaThread "Finalizer" daemon [_thread_blocked, id=23380, stack(0x000000ec40b00000,0x000000ec40c00000)]
  0x000002dd207443a0 JavaThread "Signal Dispatcher" daemon [_thread_blocked, id=4252, stack(0x000000ec40c00000,0x000000ec40d00000)]
  0x000002dd20744d50 JavaThread "Attach Listener" daemon [_thread_blocked, id=12004, stack(0x000000ec40d00000,0x000000ec40e00000)]
  0x000002dd20745700 JavaThread "Service Thread" daemon [_thread_blocked, id=9556, stack(0x000000ec40e00000,0x000000ec40f00000)]
  0x000002dd2074e4c0 JavaThread "Monitor Deflation Thread" daemon [_thread_blocked, id=25820, stack(0x000000ec40f00000,0x000000ec41000000)]
  0x000002dd207526a0 JavaThread "C2 CompilerThread0" daemon [_thread_blocked, id=4952, stack(0x000000ec41000000,0x000000ec41100000)]
  0x000002dd20755150 JavaThread "C1 CompilerThread0" daemon [_thread_blocked, id=24912, stack(0x000000ec41100000,0x000000ec41200000)]
  0x000002dd20766300 JavaThread "Sweeper thread" daemon [_thread_blocked, id=1048, stack(0x000000ec41200000,0x000000ec41300000)]
  0x000002dd20718250 JavaThread "Common-Cleaner" daemon [_thread_blocked, id=24036, stack(0x000000ec41300000,0x000000ec41400000)]
  0x000002dd21959be0 JavaThread "Monitor Ctrl-Break" daemon [_thread_in_native, id=24824, stack(0x000000ec41b00000,0x000000ec41c00000)]
  0x000002dd219e8a60 JavaThread "Notification Thread" daemon [_thread_blocked, id=25860, stack(0x000000ec41c00000,0x000000ec41d00000)]
  0x000002dd21bfb9f0 JavaThread "InvokeLaterDispatcher" daemon [_thread_blocked, id=26208, stack(0x000000ec41800000,0x000000ec41900000)]
  0x000002dd21c1f470 JavaThread "JavaFX Application Thread" [_thread_in_native, id=21648, stack(0x000000ec41f00000,0x000000ec42000000)]
  0x000002dd21ea6fd0 JavaThread "Thread-1" daemon [_thread_in_native, id=18384, stack(0x000000ec42a00000,0x000000ec42b00000)]
  0x000002dd22075be0 JavaThread "JavaFX-Launcher" [_thread_blocked, id=12196, stack(0x000000ec43000000,0x000000ec43100000)]
  0x000002dd2124d920 JavaThread "Thread-4" [_thread_blocked, id=12220, stack(0x000000ec41600000,0x000000ec41700000)]
  0x000002dd21325e00 JavaThread "Prism Font Disposer" daemon [_thread_blocked, id=3100, stack(0x000000ec43400000,0x000000ec43500000)]
  0x000002dd21325460 JavaThread "Cleaner-0" daemon [_thread_blocked, id=11136, stack(0x000000ec43600000,0x000000ec43700000)]
  0x000002dd213262d0 JavaThread "Timer-0" [_thread_blocked, id=8224, stack(0x000000ec41500000,0x000000ec41600000)]
  0x000002dd21327fb0 JavaThread "SIGINT handler" daemon [_thread_blocked, id=3596, stack(0x000000ec41400000,0x000000ec41500000)]
=>0x000002dd21327ae0 JavaThread "Thread-5" [_thread_in_native, id=14004, stack(0x000000ec43200000,0x000000ec43300000)]

Other Threads:
  0x000002dd207291f0 VMThread "VM Thread" [stack: 0x000000ec40900000,0x000000ec40a00000] [id=16896]
  0x000002dd7b1f0790 WatcherThread [stack: 0x000000ec41d00000,0x000000ec41e00000] [id=22192]
  0x000002dd7b1cf6a0 GCTaskThread "GC Thread#0" [stack: 0x000000ec40400000,0x000000ec40500000] [id=26204]
  0x000002dd22082660 GCTaskThread "GC Thread#1" [stack: 0x000000ec42b00000,0x000000ec42c00000] [id=25716]
  0x000002dd22082910 GCTaskThread "GC Thread#2" [stack: 0x000000ec42c00000,0x000000ec42d00000] [id=20292]
  0x000002dd2208abd0 GCTaskThread "GC Thread#3" [stack: 0x000000ec42d00000,0x000000ec42e00000] [id=2288]
  0x000002dd2208ae80 GCTaskThread "GC Thread#4" [stack: 0x000000ec42e00000,0x000000ec42f00000] [id=25632]
  0x000002dd220a5510 GCTaskThread "GC Thread#5" [stack: 0x000000ec42f00000,0x000000ec43000000] [id=15264]
  0x000002dd28dc6030 GCTaskThread "GC Thread#6" [stack: 0x000000ec43300000,0x000000ec43400000] [id=18516]
  0x000002dd28dc5010 GCTaskThread "GC Thread#7" [stack: 0x000000ec43700000,0x000000ec43800000] [id=13236]
  0x000002dd28dc52c0 GCTaskThread "GC Thread#8" [stack: 0x000000ec43800000,0x000000ec43900000] [id=12592]
  0x000002dd28dc5570 GCTaskThread "GC Thread#9" [stack: 0x000000ec43900000,0x000000ec43a00000] [id=26532]
  0x000002dd28dc5820 GCTaskThread "GC Thread#10" [stack: 0x000000ec43a00000,0x000000ec43b00000] [id=428]
  0x000002dd28dc6840 GCTaskThread "GC Thread#11" [stack: 0x000000ec43b00000,0x000000ec43c00000] [id=25264]
  0x000002dd28dc5ad0 GCTaskThread "GC Thread#12" [stack: 0x000000ec43c00000,0x000000ec43d00000] [id=15156]
  0x000002dd7b1dfcb0 ConcurrentGCThread "G1 Main Marker" [stack: 0x000000ec40500000,0x000000ec40600000] [id=26604]
  0x000002dd7b1e1e70 ConcurrentGCThread "G1 Conc#0" [stack: 0x000000ec40600000,0x000000ec40700000] [id=14140]
  0x000002dd205f34e0 ConcurrentGCThread "G1 Refine#0" [stack: 0x000000ec40700000,0x000000ec40800000] [id=22112]
  0x000002dd217ec840 ConcurrentGCThread "G1 Refine#1" [stack: 0x000000ec43d00000,0x000000ec43e00000] [id=14600]
  0x000002dd205f3ca0 ConcurrentGCThread "G1 Service" [stack: 0x000000ec40800000,0x000000ec40900000] [id=22856]

Threads with active compile tasks:

VM state: not at safepoint (normal execution)

VM Mutex/Monitor currently owned by a thread: None

Heap address: 0x0000000709200000, size: 3950 MB, Compressed Oops mode: Zero based, Oop shift amount: 3

CDS archive(s) mapped at: [0x0000000800000000-0x0000000800bc0000-0x0000000800bc0000), size 12320768, SharedBaseAddress: 0x0000000800000000, ArchiveRelocationMode: 0.
Compressed class space mapped at: 0x0000000800c00000-0x0000000840c00000, reserved size: 1073741824
Narrow klass base: 0x0000000800000000, Narrow klass shift: 0, Narrow klass range: 0x100000000

GC Precious Log:
 CPUs: 16 total, 16 available
 Memory: 15792M
 Large Page Support: Disabled
 NUMA Support: Disabled
 Compressed Oops: Enabled (Zero based)
 Heap Region Size: 2M
 Heap Min Capacity: 8M
 Heap Initial Capacity: 248M
 Heap Max Capacity: 3950M
 Pre-touch: Disabled
 Parallel Workers: 13
 Concurrent Workers: 3
 Concurrent Refinement Workers: 13
 Periodic GC: Disabled

Heap:
 garbage-first heap   total 253952K, used 125319K [0x0000000709200000, 0x0000000800000000)
  region size 2048K, 37 young (75776K), 3 survivors (6144K)
 Metaspace       used 15177K, committed 15360K, reserved 1064960K
  class space    used 1928K, committed 2048K, reserved 1048576K

Heap Regions: E=young(eden), S=young(survivor), O=old, HS=humongous(starts), HC=humongous(continues), CS=collection set, F=free, OA=open archive, CA=closed archive, TAMS=top-at-mark-start (previous, next)
|   0|0x0000000709200000, 0x0000000709400000, 0x0000000709400000|100%|HS|  |TAMS 0x0000000709200000, 0x0000000709200000| Complete 
|   1|0x0000000709400000, 0x0000000709600000, 0x0000000709600000|100%|HC|  |TAMS 0x0000000709400000, 0x0000000709400000| Complete 
|   2|0x0000000709600000, 0x0000000709800000, 0x0000000709800000|100%|HC|  |TAMS 0x0000000709600000, 0x0000000709600000| Complete 
|   3|0x0000000709800000, 0x0000000709a00000, 0x0000000709a00000|100%|HC|  |TAMS 0x0000000709800000, 0x0000000709800000| Complete 
|   4|0x0000000709a00000, 0x0000000709c00000, 0x0000000709c00000|100%|HC|  |TAMS 0x0000000709a00000, 0x0000000709a00000| Complete 
|   5|0x0000000709c00000, 0x0000000709e00000, 0x0000000709e00000|100%|HC|  |TAMS 0x0000000709c00000, 0x0000000709c00000| Complete 
|   6|0x0000000709e00000, 0x000000070a000000, 0x000000070a000000|100%|HC|  |TAMS 0x0000000709e00000, 0x0000000709e00000| Complete 
|   7|0x000000070a000000, 0x000000070a200000, 0x000000070a200000|100%|HC|  |TAMS 0x000000070a000000, 0x000000070a000000| Complete 
|   8|0x000000070a200000, 0x000000070a400000, 0x000000070a400000|100%|HC|  |TAMS 0x000000070a200000, 0x000000070a200000| Complete 
|   9|0x000000070a400000, 0x000000070a600000, 0x000000070a600000|100%|HC|  |TAMS 0x000000070a400000, 0x000000070a400000| Complete 
|  10|0x000000070a600000, 0x000000070a800000, 0x000000070a800000|100%|HC|  |TAMS 0x000000070a600000, 0x000000070a600000| Complete 
|  11|0x000000070a800000, 0x000000070aa00000, 0x000000070aa00000|100%|HC|  |TAMS 0x000000070a800000, 0x000000070a800000| Complete 
|  12|0x000000070aa00000, 0x000000070ac00000, 0x000000070ac00000|100%|HS|  |TAMS 0x000000070aa00000, 0x000000070aa00000| Complete 
|  13|0x000000070ac00000, 0x000000070ae00000, 0x000000070ae00000|100%|HS|  |TAMS 0x000000070ac00000, 0x000000070ac00000| Complete 
|  14|0x000000070ae00000, 0x000000070b000000, 0x000000070b000000|100%|HC|  |TAMS 0x000000070ae00000, 0x000000070ae00000| Complete 
|  15|0x000000070b000000, 0x000000070b200000, 0x000000070b200000|100%|HC|  |TAMS 0x000000070b000000, 0x000000070b000000| Complete 
|  16|0x000000070b200000, 0x000000070b400000, 0x000000070b400000|100%|HC|  |TAMS 0x000000070b200000, 0x000000070b200000| Complete 
|  17|0x000000070b400000, 0x000000070b600000, 0x000000070b600000|100%|HC|  |TAMS 0x000000070b400000, 0x000000070b400000| Complete 
|  18|0x000000070b600000, 0x000000070b800000, 0x000000070b800000|100%|HC|  |TAMS 0x000000070b600000, 0x000000070b600000| Complete 
|  19|0x000000070b800000, 0x000000070ba00000, 0x000000070ba00000|100%|HC|  |TAMS 0x000000070b800000, 0x000000070b800000| Complete 
|  20|0x000000070ba00000, 0x000000070bc00000, 0x000000070bc00000|100%|HC|  |TAMS 0x000000070ba00000, 0x000000070ba00000| Complete 
|  21|0x000000070bc00000, 0x000000070be00000, 0x000000070be00000|100%|HC|  |TAMS 0x000000070bc00000, 0x000000070bc00000| Complete 
|  22|0x000000070be00000, 0x000000070c000000, 0x000000070c000000|100%|HC|  |TAMS 0x000000070be00000, 0x000000070be00000| Complete 
|  23|0x000000070c000000, 0x000000070c200000, 0x000000070c200000|100%|HC|  |TAMS 0x000000070c000000, 0x000000070c000000| Complete 
|  24|0x000000070c200000, 0x000000070c400000, 0x000000070c400000|100%|HC|  |TAMS 0x000000070c200000, 0x000000070c200000| Complete 
|  25|0x000000070c400000, 0x000000070c600000, 0x000000070c600000|100%| O|  |TAMS 0x000000070c400000, 0x000000070c400000| Untracked 
|  26|0x000000070c600000, 0x000000070c661e00, 0x000000070c800000| 19%| O|  |TAMS 0x000000070c600000, 0x000000070c600000| Untracked 
|  27|0x000000070c800000, 0x000000070c800000, 0x000000070ca00000|  0%| F|  |TAMS 0x000000070c800000, 0x000000070c800000| Untracked 
|  28|0x000000070ca00000, 0x000000070ca00000, 0x000000070cc00000|  0%| F|  |TAMS 0x000000070ca00000, 0x000000070ca00000| Untracked 
|  29|0x000000070cc00000, 0x000000070cc00000, 0x000000070ce00000|  0%| F|  |TAMS 0x000000070cc00000, 0x000000070cc00000| Untracked 
|  30|0x000000070ce00000, 0x000000070ce00000, 0x000000070d000000|  0%| F|  |TAMS 0x000000070ce00000, 0x000000070ce00000| Untracked 
|  31|0x000000070d000000, 0x000000070d000000, 0x000000070d200000|  0%| F|  |TAMS 0x000000070d000000, 0x000000070d000000| Untracked 
|  32|0x000000070d200000, 0x000000070d200000, 0x000000070d400000|  0%| F|  |TAMS 0x000000070d200000, 0x000000070d200000| Untracked 
|  33|0x000000070d400000, 0x000000070d400000, 0x000000070d600000|  0%| F|  |TAMS 0x000000070d400000, 0x000000070d400000| Untracked 
|  34|0x000000070d600000, 0x000000070d600000, 0x000000070d800000|  0%| F|  |TAMS 0x000000070d600000, 0x000000070d600000| Untracked 
|  35|0x000000070d800000, 0x000000070d800000, 0x000000070da00000|  0%| F|  |TAMS 0x000000070d800000, 0x000000070d800000| Untracked 
|  36|0x000000070da00000, 0x000000070da00000, 0x000000070dc00000|  0%| F|  |TAMS 0x000000070da00000, 0x000000070da00000| Untracked 
|  37|0x000000070dc00000, 0x000000070dc00000, 0x000000070de00000|  0%| F|  |TAMS 0x000000070dc00000, 0x000000070dc00000| Untracked 
|  38|0x000000070de00000, 0x000000070de00000, 0x000000070e000000|  0%| F|  |TAMS 0x000000070de00000, 0x000000070de00000| Untracked 
|  39|0x000000070e000000, 0x000000070e000000, 0x000000070e200000|  0%| F|  |TAMS 0x000000070e000000, 0x000000070e000000| Untracked 
|  40|0x000000070e200000, 0x000000070e200000, 0x000000070e400000|  0%| F|  |TAMS 0x000000070e200000, 0x000000070e200000| Untracked 
|  41|0x000000070e400000, 0x000000070e400000, 0x000000070e600000|  0%| F|  |TAMS 0x000000070e400000, 0x000000070e400000| Untracked 
|  42|0x000000070e600000, 0x000000070e600000, 0x000000070e800000|  0%| F|  |TAMS 0x000000070e600000, 0x000000070e600000| Untracked 
|  43|0x000000070e800000, 0x000000070e800000, 0x000000070ea00000|  0%| F|  |TAMS 0x000000070e800000, 0x000000070e800000| Untracked 
|  44|0x000000070ea00000, 0x000000070ea00000, 0x000000070ec00000|  0%| F|  |TAMS 0x000000070ea00000, 0x000000070ea00000| Untracked 
|  45|0x000000070ec00000, 0x000000070ec00000, 0x000000070ee00000|  0%| F|  |TAMS 0x000000070ec00000, 0x000000070ec00000| Untracked 
|  46|0x000000070ee00000, 0x000000070ee00000, 0x000000070f000000|  0%| F|  |TAMS 0x000000070ee00000, 0x000000070ee00000| Untracked 
|  47|0x000000070f000000, 0x000000070f000000, 0x000000070f200000|  0%| F|  |TAMS 0x000000070f000000, 0x000000070f000000| Untracked 
|  48|0x000000070f200000, 0x000000070f200000, 0x000000070f400000|  0%| F|  |TAMS 0x000000070f200000, 0x000000070f200000| Untracked 
|  49|0x000000070f400000, 0x000000070f400000, 0x000000070f600000|  0%| F|  |TAMS 0x000000070f400000, 0x000000070f400000| Untracked 
|  50|0x000000070f600000, 0x000000070f600000, 0x000000070f800000|  0%| F|  |TAMS 0x000000070f600000, 0x000000070f600000| Untracked 
|  51|0x000000070f800000, 0x000000070f800000, 0x000000070fa00000|  0%| F|  |TAMS 0x000000070f800000, 0x000000070f800000| Untracked 
|  52|0x000000070fa00000, 0x000000070fa00000, 0x000000070fc00000|  0%| F|  |TAMS 0x000000070fa00000, 0x000000070fa00000| Untracked 
|  53|0x000000070fc00000, 0x000000070fc00000, 0x000000070fe00000|  0%| F|  |TAMS 0x000000070fc00000, 0x000000070fc00000| Untracked 
|  54|0x000000070fe00000, 0x000000070fe00000, 0x0000000710000000|  0%| F|  |TAMS 0x000000070fe00000, 0x000000070fe00000| Untracked 
|  55|0x0000000710000000, 0x0000000710000000, 0x0000000710200000|  0%| F|  |TAMS 0x0000000710000000, 0x0000000710000000| Untracked 
|  56|0x0000000710200000, 0x0000000710200000, 0x0000000710400000|  0%| F|  |TAMS 0x0000000710200000, 0x0000000710200000| Untracked 
|  57|0x0000000710400000, 0x0000000710400000, 0x0000000710600000|  0%| F|  |TAMS 0x0000000710400000, 0x0000000710400000| Untracked 
|  58|0x0000000710600000, 0x0000000710600000, 0x0000000710800000|  0%| F|  |TAMS 0x0000000710600000, 0x0000000710600000| Untracked 
|  59|0x0000000710800000, 0x0000000710800000, 0x0000000710a00000|  0%| F|  |TAMS 0x0000000710800000, 0x0000000710800000| Untracked 
|  60|0x0000000710a00000, 0x0000000710a00000, 0x0000000710c00000|  0%| F|  |TAMS 0x0000000710a00000, 0x0000000710a00000| Untracked 
|  61|0x0000000710c00000, 0x0000000710c00000, 0x0000000710e00000|  0%| F|  |TAMS 0x0000000710c00000, 0x0000000710c00000| Untracked 
|  62|0x0000000710e00000, 0x0000000710e00000, 0x0000000711000000|  0%| F|  |TAMS 0x0000000710e00000, 0x0000000710e00000| Untracked 
|  63|0x0000000711000000, 0x0000000711000000, 0x0000000711200000|  0%| F|  |TAMS 0x0000000711000000, 0x0000000711000000| Untracked 
|  64|0x0000000711200000, 0x0000000711200000, 0x0000000711400000|  0%| F|  |TAMS 0x0000000711200000, 0x0000000711200000| Untracked 
|  65|0x0000000711400000, 0x0000000711400000, 0x0000000711600000|  0%| F|  |TAMS 0x0000000711400000, 0x0000000711400000| Untracked 
|  66|0x0000000711600000, 0x0000000711600000, 0x0000000711800000|  0%| F|  |TAMS 0x0000000711600000, 0x0000000711600000| Untracked 
|  67|0x0000000711800000, 0x0000000711800000, 0x0000000711a00000|  0%| F|  |TAMS 0x0000000711800000, 0x0000000711800000| Untracked 
|  68|0x0000000711a00000, 0x0000000711a00000, 0x0000000711c00000|  0%| F|  |TAMS 0x0000000711a00000, 0x0000000711a00000| Untracked 
|  69|0x0000000711c00000, 0x0000000711c00000, 0x0000000711e00000|  0%| F|  |TAMS 0x0000000711c00000, 0x0000000711c00000| Untracked 
|  70|0x0000000711e00000, 0x0000000711e00000, 0x0000000712000000|  0%| F|  |TAMS 0x0000000711e00000, 0x0000000711e00000| Untracked 
|  71|0x0000000712000000, 0x0000000712000000, 0x0000000712200000|  0%| F|  |TAMS 0x0000000712000000, 0x0000000712000000| Untracked 
|  72|0x0000000712200000, 0x0000000712200000, 0x0000000712400000|  0%| F|  |TAMS 0x0000000712200000, 0x0000000712200000| Untracked 
|  73|0x0000000712400000, 0x0000000712400000, 0x0000000712600000|  0%| F|  |TAMS 0x0000000712400000, 0x0000000712400000| Untracked 
|  74|0x0000000712600000, 0x0000000712600000, 0x0000000712800000|  0%| F|  |TAMS 0x0000000712600000, 0x0000000712600000| Untracked 
|  75|0x0000000712800000, 0x0000000712800000, 0x0000000712a00000|  0%| F|  |TAMS 0x0000000712800000, 0x0000000712800000| Untracked 
|  76|0x0000000712a00000, 0x0000000712a00000, 0x0000000712c00000|  0%| F|  |TAMS 0x0000000712a00000, 0x0000000712a00000| Untracked 
|  77|0x0000000712c00000, 0x0000000712c00000, 0x0000000712e00000|  0%| F|  |TAMS 0x0000000712c00000, 0x0000000712c00000| Untracked 
|  78|0x0000000712e00000, 0x0000000712e00000, 0x0000000713000000|  0%| F|  |TAMS 0x0000000712e00000, 0x0000000712e00000| Untracked 
|  79|0x0000000713000000, 0x0000000713000000, 0x0000000713200000|  0%| F|  |TAMS 0x0000000713000000, 0x0000000713000000| Untracked 
|  80|0x0000000713200000, 0x0000000713200000, 0x0000000713400000|  0%| F|  |TAMS 0x0000000713200000, 0x0000000713200000| Untracked 
|  81|0x0000000713400000, 0x0000000713400000, 0x0000000713600000|  0%| F|  |TAMS 0x0000000713400000, 0x0000000713400000| Untracked 
|  82|0x0000000713600000, 0x0000000713600000, 0x0000000713800000|  0%| F|  |TAMS 0x0000000713600000, 0x0000000713600000| Untracked 
|  83|0x0000000713800000, 0x0000000713800000, 0x0000000713a00000|  0%| F|  |TAMS 0x0000000713800000, 0x0000000713800000| Untracked 
|  84|0x0000000713a00000, 0x0000000713a00000, 0x0000000713c00000|  0%| F|  |TAMS 0x0000000713a00000, 0x0000000713a00000| Untracked 
|  85|0x0000000713c00000, 0x0000000713c00000, 0x0000000713e00000|  0%| F|  |TAMS 0x0000000713c00000, 0x0000000713c00000| Untracked 
|  86|0x0000000713e00000, 0x0000000713e00000, 0x0000000714000000|  0%| F|  |TAMS 0x0000000713e00000, 0x0000000713e00000| Untracked 
|  87|0x0000000714000000, 0x0000000714200000, 0x0000000714200000|100%| E|  |TAMS 0x0000000714000000, 0x0000000714000000| Complete 
|  88|0x0000000714200000, 0x0000000714400000, 0x0000000714400000|100%| E|CS|TAMS 0x0000000714200000, 0x0000000714200000| Complete 
|  89|0x0000000714400000, 0x0000000714600000, 0x0000000714600000|100%| E|CS|TAMS 0x0000000714400000, 0x0000000714400000| Complete 
|  90|0x0000000714600000, 0x0000000714800000, 0x0000000714800000|100%| E|CS|TAMS 0x0000000714600000, 0x0000000714600000| Complete 
|  91|0x0000000714800000, 0x0000000714a00000, 0x0000000714a00000|100%| E|CS|TAMS 0x0000000714800000, 0x0000000714800000| Complete 
|  92|0x0000000714a00000, 0x0000000714c00000, 0x0000000714c00000|100%| E|CS|TAMS 0x0000000714a00000, 0x0000000714a00000| Complete 
|  93|0x0000000714c00000, 0x0000000714e00000, 0x0000000714e00000|100%| E|  |TAMS 0x0000000714c00000, 0x0000000714c00000| Complete 
|  94|0x0000000714e00000, 0x0000000715000000, 0x0000000715000000|100%| E|CS|TAMS 0x0000000714e00000, 0x0000000714e00000| Complete 
|  95|0x0000000715000000, 0x0000000715200000, 0x0000000715200000|100%| E|CS|TAMS 0x0000000715000000, 0x0000000715000000| Complete 
|  96|0x0000000715200000, 0x0000000715400000, 0x0000000715400000|100%| E|CS|TAMS 0x0000000715200000, 0x0000000715200000| Complete 
|  97|0x0000000715400000, 0x0000000715600000, 0x0000000715600000|100%| E|CS|TAMS 0x0000000715400000, 0x0000000715400000| Complete 
|  98|0x0000000715600000, 0x0000000715800000, 0x0000000715800000|100%| E|CS|TAMS 0x0000000715600000, 0x0000000715600000| Complete 
|  99|0x0000000715800000, 0x0000000715a00000, 0x0000000715a00000|100%| E|CS|TAMS 0x0000000715800000, 0x0000000715800000| Complete 
| 100|0x0000000715a00000, 0x0000000715c00000, 0x0000000715c00000|100%| S|CS|TAMS 0x0000000715a00000, 0x0000000715a00000| Complete 
| 101|0x0000000715c00000, 0x0000000715e00000, 0x0000000715e00000|100%| S|CS|TAMS 0x0000000715c00000, 0x0000000715c00000| Complete 
| 102|0x0000000715e00000, 0x0000000716000000, 0x0000000716000000|100%| S|CS|TAMS 0x0000000715e00000, 0x0000000715e00000| Complete 
| 103|0x0000000716000000, 0x0000000716200000, 0x0000000716200000|100%| E|CS|TAMS 0x0000000716000000, 0x0000000716000000| Complete 
| 104|0x0000000716200000, 0x0000000716400000, 0x0000000716400000|100%| E|CS|TAMS 0x0000000716200000, 0x0000000716200000| Complete 
| 105|0x0000000716400000, 0x0000000716600000, 0x0000000716600000|100%| E|CS|TAMS 0x0000000716400000, 0x0000000716400000| Complete 
| 106|0x0000000716600000, 0x0000000716800000, 0x0000000716800000|100%| E|CS|TAMS 0x0000000716600000, 0x0000000716600000| Complete 
| 107|0x0000000716800000, 0x0000000716a00000, 0x0000000716a00000|100%| E|CS|TAMS 0x0000000716800000, 0x0000000716800000| Complete 
| 108|0x0000000716a00000, 0x0000000716c00000, 0x0000000716c00000|100%| E|CS|TAMS 0x0000000716a00000, 0x0000000716a00000| Complete 
| 109|0x0000000716c00000, 0x0000000716e00000, 0x0000000716e00000|100%| E|CS|TAMS 0x0000000716c00000, 0x0000000716c00000| Complete 
| 110|0x0000000716e00000, 0x0000000717000000, 0x0000000717000000|100%| E|CS|TAMS 0x0000000716e00000, 0x0000000716e00000| Complete 
| 111|0x0000000717000000, 0x0000000717200000, 0x0000000717200000|100%| E|CS|TAMS 0x0000000717000000, 0x0000000717000000| Complete 
| 112|0x0000000717200000, 0x0000000717400000, 0x0000000717400000|100%| E|CS|TAMS 0x0000000717200000, 0x0000000717200000| Complete 
| 113|0x0000000717400000, 0x0000000717600000, 0x0000000717600000|100%| E|CS|TAMS 0x0000000717400000, 0x0000000717400000| Complete 
| 114|0x0000000717600000, 0x0000000717800000, 0x0000000717800000|100%| E|CS|TAMS 0x0000000717600000, 0x0000000717600000| Complete 
| 115|0x0000000717800000, 0x0000000717a00000, 0x0000000717a00000|100%| E|CS|TAMS 0x0000000717800000, 0x0000000717800000| Complete 
| 116|0x0000000717a00000, 0x0000000717c00000, 0x0000000717c00000|100%| E|CS|TAMS 0x0000000717a00000, 0x0000000717a00000| Complete 
| 117|0x0000000717c00000, 0x0000000717e00000, 0x0000000717e00000|100%| E|CS|TAMS 0x0000000717c00000, 0x0000000717c00000| Complete 
| 118|0x0000000717e00000, 0x0000000718000000, 0x0000000718000000|100%| E|CS|TAMS 0x0000000717e00000, 0x0000000717e00000| Complete 
| 119|0x0000000718000000, 0x0000000718200000, 0x0000000718200000|100%| E|CS|TAMS 0x0000000718000000, 0x0000000718000000| Complete 
| 120|0x0000000718200000, 0x0000000718400000, 0x0000000718400000|100%| E|CS|TAMS 0x0000000718200000, 0x0000000718200000| Complete 
| 121|0x0000000718400000, 0x0000000718600000, 0x0000000718600000|100%| E|CS|TAMS 0x0000000718400000, 0x0000000718400000| Complete 
| 122|0x0000000718600000, 0x0000000718800000, 0x0000000718800000|100%| E|CS|TAMS 0x0000000718600000, 0x0000000718600000| Complete 
| 123|0x0000000718800000, 0x0000000718a00000, 0x0000000718a00000|100%| E|CS|TAMS 0x0000000718800000, 0x0000000718800000| Complete 

Card table byte_map: [0x000002dd7e1f0000,0x000002dd7e9b0000] _byte_map_base: 0x000002dd7a9a7000

Marking Bits (Prev, Next): (CMBitMap*) 0x000002dd7b1cfcb0, (CMBitMap*) 0x000002dd7b1cfcf0
 Prev Bits: [0x000002dd169f0000, 0x000002dd1a7a8000)
 Next Bits: [0x000002dd1a7b0000, 0x000002dd1e568000)

Polling page: 0x000002dd7b260000

Metaspace:

Usage:
  Non-class:     12.94 MB used.
      Class:      1.88 MB used.
       Both:     14.82 MB used.

Virtual space:
  Non-class space:       16.00 MB reserved,      13.00 MB ( 81%) committed,  2 nodes.
      Class space:        1.00 GB reserved,       2.00 MB ( <1%) committed,  1 nodes.
             Both:        1.02 GB reserved,      15.00 MB (  1%) committed. 

Chunk freelists:
   Non-Class:  2.56 MB
       Class:  2.03 MB
        Both:  4.59 MB

MaxMetaspaceSize: unlimited
CompressedClassSpaceSize: 1.00 GB
Initial GC threshold: 21.00 MB
Current GC threshold: 21.00 MB
CDS: on
MetaspaceReclaimPolicy: balanced
 - commit_granule_bytes: 65536.
 - commit_granule_words: 8192.
 - virtual_space_node_default_size: 1048576.
 - enlarge_chunks_in_place: 1.
 - new_chunks_are_fully_committed: 0.
 - uncommit_free_chunks: 1.
 - use_allocation_guard: 0.
 - handle_deallocations: 1.


Internal statistics:

num_allocs_failed_limit: 0.
num_arena_births: 200.
num_arena_deaths: 0.
num_vsnodes_births: 3.
num_vsnodes_deaths: 0.
num_space_committed: 240.
num_space_uncommitted: 0.
num_chunks_returned_to_freelist: 0.
num_chunks_taken_from_freelist: 638.
num_chunk_merges: 0.
num_chunk_splits: 442.
num_chunks_enlarged: 354.
num_purges: 0.
num_inconsistent_stats: 0.

CodeHeap 'non-profiled nmethods': size=119168Kb used=1217Kb max_used=1217Kb free=117950Kb
 bounds [0x000002dd0f590000, 0x000002dd0f800000, 0x000002dd169f0000]
CodeHeap 'profiled nmethods': size=119104Kb used=7118Kb max_used=7118Kb free=111985Kb
 bounds [0x000002dd08140000, 0x000002dd08840000, 0x000002dd0f590000]
CodeHeap 'non-nmethods': size=7488Kb used=1435Kb max_used=3173Kb free=6052Kb
 bounds [0x000002dd079f0000, 0x000002dd07d60000, 0x000002dd08140000]
 total_blobs=4108 nmethods=3309 adapters=710
 compilation: enabled
              stopped_count=0, restarted_count=0
 full_count=0

Compilation events (20 events):
Event: 30.172 Thread 0x000002dd207526a0 3300       4       java.security.AccessController::checkContext (49 bytes)
Event: 30.174 Thread 0x000002dd207526a0 nmethod 3300 0x000002dd0f6bc210 code [0x000002dd0f6bc380, 0x000002dd0f6bc418]
Event: 30.348 Thread 0x000002dd21a3faf0 3301       3       javafx.scene.layout.GridPane::getNodeHgrow (17 bytes)
Event: 30.348 Thread 0x000002dd21a12670 3303       3       javafx.scene.layout.GridPane::getNodeVgrow (17 bytes)
Event: 30.348 Thread 0x000002dd20755150 3302       3       javafx.scene.layout.GridPane::getHgrow (10 bytes)
Event: 30.350 Thread 0x000002dd21a3faf0 nmethod 3301 0x000002dd0882f710 code [0x000002dd0882f940, 0x000002dd08830498]
Event: 30.350 Thread 0x000002dd21a12670 nmethod 3303 0x000002dd08830790 code [0x000002dd088309c0, 0x000002dd08831518]
Event: 30.350 Thread 0x000002dd21a3faf0 3304       3       javafx.scene.layout.GridPane::getVgrow (10 bytes)
Event: 30.350 Thread 0x000002dd20755150 nmethod 3302 0x000002dd08831810 code [0x000002dd08831a40, 0x000002dd088324b8]
Event: 30.352 Thread 0x000002dd21a3faf0 nmethod 3304 0x000002dd08832790 code [0x000002dd088329c0, 0x000002dd08833438]
Event: 30.409 Thread 0x000002dd207526a0 3305       4       javafx.scene.layout.GridPane$CompositeSize::getProportionalMinOrMaxSize (201 bytes)
Event: 30.414 Thread 0x000002dd207526a0 nmethod 3305 0x000002dd0f6bc510 code [0x000002dd0f6bc6a0, 0x000002dd0f6bc8b8]
Event: 31.244 Thread 0x000002dd207526a0 3306       4       java.util.WeakHashMap::put (160 bytes)
Event: 31.267 Thread 0x000002dd207526a0 nmethod 3306 0x000002dd0f6bcb90 code [0x000002dd0f6bcd40, 0x000002dd0f6bd4f8]
Event: 31.692 Thread 0x000002dd207526a0 3307       4       java.util.WeakHashMap::putAll (133 bytes)
Event: 31.813 Thread 0x000002dd207526a0 nmethod 3307 0x000002dd0f6bd810 code [0x000002dd0f6bda20, 0x000002dd0f6befd0]
Event: 32.556 Thread 0x000002dd207526a0 3308       4       java.util.ArrayList::grow (60 bytes)
Event: 32.569 Thread 0x000002dd207526a0 nmethod 3308 0x000002dd0f6bf890 code [0x000002dd0f6bfa20, 0x000002dd0f6c0088]
Event: 32.893 Thread 0x000002dd207526a0 3309       4       com.sun.javafx.sg.prism.NGNode::renderForcedContent (1 bytes)
Event: 32.893 Thread 0x000002dd207526a0 nmethod 3309 0x000002dd0f6c0290 code [0x000002dd0f6c0400, 0x000002dd0f6c0478]

GC Heap History (4 events):
Event: 0.844 GC heap before
{Heap before GC invocations=0 (full 0):
 garbage-first heap   total 253952K, used 22528K [0x0000000709200000, 0x0000000800000000)
  region size 2048K, 11 young (22528K), 0 survivors (0K)
 Metaspace       used 4486K, committed 4672K, reserved 1056768K
  class space    used 485K, committed 576K, reserved 1048576K
}
Event: 0.847 GC heap after
{Heap after GC invocations=1 (full 0):
 garbage-first heap   total 253952K, used 2963K [0x0000000709200000, 0x0000000800000000)
  region size 2048K, 2 young (4096K), 2 survivors (4096K)
 Metaspace       used 4486K, committed 4672K, reserved 1056768K
  class space    used 485K, committed 576K, reserved 1048576K
}
Event: 9.752 GC heap before
{Heap before GC invocations=1 (full 0):
 garbage-first heap   total 253952K, used 91027K [0x0000000709200000, 0x0000000800000000)
  region size 2048K, 21 young (43008K), 2 survivors (4096K)
 Metaspace       used 14085K, committed 14336K, reserved 1064960K
  class space    used 1877K, committed 1984K, reserved 1048576K
}
Event: 9.765 GC heap after
{Heap after GC invocations=2 (full 0):
 garbage-first heap   total 253952K, used 59783K [0x0000000709200000, 0x0000000800000000)
  region size 2048K, 3 young (6144K), 3 survivors (6144K)
 Metaspace       used 14085K, committed 14336K, reserved 1064960K
  class space    used 1877K, committed 1984K, reserved 1048576K
}

Deoptimization events (20 events):
Event: 9.805 Thread 0x000002dd21c1f470 DEOPT PACKING pc=0x000002dd0855a745 sp=0x000000ec41ffb320
Event: 9.805 Thread 0x000002dd21c1f470 DEOPT UNPACKING pc=0x000002dd07a42b43 sp=0x000000ec41ffa7b8 mode 0
Event: 9.805 Thread 0x000002dd21c1f470 DEOPT PACKING pc=0x000002dd0855a745 sp=0x000000ec41ffb320
Event: 9.805 Thread 0x000002dd21c1f470 DEOPT UNPACKING pc=0x000002dd07a42b43 sp=0x000000ec41ffa7b8 mode 0
Event: 9.805 Thread 0x000002dd21c1f470 DEOPT PACKING pc=0x000002dd0855a745 sp=0x000000ec41ffb320
Event: 9.805 Thread 0x000002dd21c1f470 DEOPT UNPACKING pc=0x000002dd07a42b43 sp=0x000000ec41ffa7b8 mode 0
Event: 9.805 Thread 0x000002dd21c1f470 DEOPT PACKING pc=0x000002dd0855a745 sp=0x000000ec41ffb320
Event: 9.805 Thread 0x000002dd21c1f470 DEOPT UNPACKING pc=0x000002dd07a42b43 sp=0x000000ec41ffa7b8 mode 0
Event: 9.863 Thread 0x000002dd21c1f470 DEOPT PACKING pc=0x000002dd0856437f sp=0x000000ec41ffb3d0
Event: 9.863 Thread 0x000002dd21c1f470 DEOPT UNPACKING pc=0x000002dd07a42b43 sp=0x000000ec41ffa860 mode 0
Event: 9.864 Thread 0x000002dd21c1f470 Uncommon trap: trap_request=0xffffff45 fr.pc=0x000002dd0f672950 relative=0x00000000000006b0
Event: 9.864 Thread 0x000002dd21c1f470 Uncommon trap: reason=unstable_if action=reinterpret pc=0x000002dd0f672950 method=com.sun.javafx.image.impl.ByteBgra$ToByteBgraPreConv.doConvert([BII[BIIII)V @ 31 c2
Event: 9.864 Thread 0x000002dd21c1f470 DEOPT PACKING pc=0x000002dd0f672950 sp=0x000000ec41ffb390
Event: 9.864 Thread 0x000002dd21c1f470 DEOPT UNPACKING pc=0x000002dd07a423a3 sp=0x000000ec41ffb360 mode 2
Event: 9.929 Thread 0x000002dd21c1f470 DEOPT PACKING pc=0x000002dd0856561b sp=0x000000ec41ffb3d0
Event: 9.929 Thread 0x000002dd21c1f470 DEOPT UNPACKING pc=0x000002dd07a42b43 sp=0x000000ec41ffa860 mode 0
Event: 9.930 Thread 0x000002dd21c1f470 Uncommon trap: trap_request=0xffffff45 fr.pc=0x000002dd0f674a98 relative=0x0000000000000c78
Event: 9.930 Thread 0x000002dd21c1f470 Uncommon trap: reason=unstable_if action=reinterpret pc=0x000002dd0f674a98 method=com.sun.javafx.image.impl.BaseByteToByteConverter$FourByteReorderer.doConvert([BII[BIIII)V @ 31 c2
Event: 9.930 Thread 0x000002dd21c1f470 DEOPT PACKING pc=0x000002dd0f674a98 sp=0x000000ec41ffb390
Event: 9.930 Thread 0x000002dd21c1f470 DEOPT UNPACKING pc=0x000002dd07a423a3 sp=0x000000ec41ffb360 mode 2

Classes unloaded (0 events):
No events

Classes redefined (0 events):
No events

Internal exceptions (20 events):
Event: 5.332 Thread 0x000002dd21c1f470 Exception <a 'sun/nio/fs/WindowsException'{0x00000007180abfb0}> (0x00000007180abfb0) 
thrown [e:\jenkins\tmp\workspace\build\src\src\hotspot\share\prims\jni.cpp, line 516]
Event: 5.414 Thread 0x000002dd21c1f470 Exception <a 'sun/nio/fs/WindowsException'{0x0000000717ef2ff0}> (0x0000000717ef2ff0) 
thrown [e:\jenkins\tmp\workspace\build\src\src\hotspot\share\prims\jni.cpp, line 516]
Event: 5.439 Thread 0x000002dd21c1f470 Exception <a 'sun/nio/fs/WindowsException'{0x0000000717f4bcc0}> (0x0000000717f4bcc0) 
thrown [e:\jenkins\tmp\workspace\build\src\src\hotspot\share\prims\jni.cpp, line 516]
Event: 5.448 Thread 0x000002dd21c1f470 Exception <a 'java/lang/NoSuchMethodError'{0x0000000717f5a788}: 'java.lang.Object java.lang.invoke.DirectMethodHandle$Holder.invokeStatic(java.lang.Object, int, java.lang.Object)'> (0x0000000717f5a788) 
thrown [e:\jenkins\tmp\workspace\build\src\src\hotspot\share\interpreter\linkResolver.cpp, line 766]
Event: 5.454 Thread 0x000002dd21c1f470 Exception <a 'java/lang/ClassNotFoundException'{0x0000000717f6da68}: sun/util/logging/resources/spi/loggingProvider> (0x0000000717f6da68) 
thrown [e:\jenkins\tmp\workspace\build\src\src\hotspot\share\classfile\systemDictionary.cpp, line 256]
Event: 5.740 Thread 0x000002dd21c1f470 Exception <a 'java/lang/ClassNotFoundException'{0x0000000717ab1308}: com/sun/glass/ui/win/themes> (0x0000000717ab1308) 
thrown [e:\jenkins\tmp\workspace\build\src\src\hotspot\share\prims\jni.cpp, line 535]
Event: 5.741 Thread 0x000002dd21c1f470 Exception <a 'java/lang/ClassNotFoundException'{0x0000000717ab95a0}: com/sun/glass/ui/win/themes_en> (0x0000000717ab95a0) 
thrown [e:\jenkins\tmp\workspace\build\src\src\hotspot\share\prims\jni.cpp, line 535]
Event: 5.741 Thread 0x000002dd21c1f470 Exception <a 'java/lang/ClassNotFoundException'{0x0000000717ac15e8}: com/sun/glass/ui/win/themes_en_GB> (0x0000000717ac15e8) 
thrown [e:\jenkins\tmp\workspace\build\src\src\hotspot\share\prims\jni.cpp, line 535]
Event: 5.834 Thread 0x000002dd21c1f470 Exception <a 'java/lang/NoSuchMethodError'{0x00000007177d1df0}: 'void java.lang.invoke.DirectMethodHandle$Holder.invokeStaticInit(java.lang.Object, java.lang.Object)'> (0x00000007177d1df0) 
thrown [e:\jenkins\tmp\workspace\build\src\src\hotspot\share\interpreter\linkResolver.cpp, line 766]
Event: 5.960 Thread 0x000002dd21c1f470 Implicit null exception at 0x000002dd0f60fdb4 to 0x000002dd0f610470
Event: 5.974 Thread 0x000002dd21c1f470 Implicit null exception at 0x000002dd0f60d20f to 0x000002dd0f60d654
Event: 5.975 Thread 0x000002dd21c1f470 Implicit null exception at 0x000002dd0f5b380f to 0x000002dd0f5b3889
Event: 6.128 Thread 0x000002dd21c1f470 Exception <a 'java/lang/NoSuchMethodError'{0x0000000716955460}: 'java.lang.Object java.lang.invoke.DirectMethodHandle$Holder.invokeInterface(java.lang.Object, java.lang.Object, java.lang.Object)'> (0x0000000716955460) 
thrown [e:\jenkins\tmp\workspace\build\src\src\hotspot\share\interpreter\linkResolver.cpp, line 766]
Event: 6.129 Thread 0x000002dd21c1f470 Exception <a 'java/lang/IncompatibleClassChangeError'{0x0000000716958de8}: Found class java.lang.Object, but interface was expected> (0x0000000716958de8) 
thrown [e:\jenkins\tmp\workspace\build\src\src\hotspot\share\interpreter\linkResolver.cpp, line 833]
Event: 6.212 Thread 0x000002dd21c1f470 Exception <a 'java/lang/NoSuchMethodError'{0x0000000716741308}: 'java.lang.Object java.lang.invoke.DirectMethodHandle$Holder.newInvokeSpecial(java.lang.Object, java.lang.Object, int)'> (0x0000000716741308) 
thrown [e:\jenkins\tmp\workspace\build\src\src\hotspot\share\interpreter\linkResolver.cpp, line 766]
Event: 6.259 Thread 0x000002dd211e8590 Exception <a 'java/lang/NoSuchMethodError'{0x00000007167afdd8}: 'int java.lang.invoke.DirectMethodHandle$Holder.invokeStaticInit(java.lang.Object, java.lang.Object)'> (0x00000007167afdd8) 
thrown [e:\jenkins\tmp\workspace\build\src\src\hotspot\share\interpreter\linkResolver.cpp, line 766]
Event: 9.535 Thread 0x000002dd21c1f470 Exception <a 'java/lang/NoSuchMethodError'{0x00000007163fe408}: 'long java.lang.invoke.DirectMethodHandle$Holder.invokeStatic(java.lang.Object, java.lang.Object, java.lang.Object)'> (0x00000007163fe408) 
thrown [e:\jenkins\tmp\workspace\build\src\src\hotspot\share\interpreter\linkResolver.cpp, line 766]
Event: 9.536 Thread 0x000002dd21c1f470 Exception <a 'java/lang/NoSuchMethodError'{0x0000000716002398}: 'long java.lang.invoke.DirectMethodHandle$Holder.invokeStaticInit(java.lang.Object, java.lang.Object, java.lang.Object)'> (0x0000000716002398) 
thrown [e:\jenkins\tmp\workspace\build\src\src\hotspot\share\interpreter\linkResolver.cpp, line 766]
Event: 9.542 Thread 0x000002dd21c1f470 Exception <a 'java/lang/NoSuchMethodError'{0x0000000716019fa0}: 'java.lang.Object java.lang.invoke.DirectMethodHandle$Holder.newInvokeSpecial(java.lang.Object, java.lang.Object, long)'> (0x0000000716019fa0) 
thrown [e:\jenkins\tmp\workspace\build\src\src\hotspot\share\interpreter\linkResolver.cpp, line 766]
Event: 9.543 Thread 0x000002dd21c1f470 Exception <a 'java/lang/NoSuchMethodError'{0x000000071601db10}: 'java.lang.Object java.lang.invoke.Invokers$Holder.linkToTargetMethod(java.lang.Object, long, java.lang.Object)'> (0x000000071601db10) 
thrown [e:\jenkins\tmp\workspace\build\src\src\hotspot\share\interpreter\linkResolver.cpp, line 766]

VM Operations (20 events):
Event: 15.966 Executing VM operation: Cleanup
Event: 15.966 Executing VM operation: Cleanup done
Event: 16.966 Executing VM operation: Cleanup
Event: 16.967 Executing VM operation: Cleanup done
Event: 19.968 Executing VM operation: Cleanup
Event: 19.968 Executing VM operation: Cleanup done
Event: 21.969 Executing VM operation: Cleanup
Event: 21.969 Executing VM operation: Cleanup done
Event: 23.969 Executing VM operation: Cleanup
Event: 23.969 Executing VM operation: Cleanup done
Event: 24.969 Executing VM operation: Cleanup
Event: 24.969 Executing VM operation: Cleanup done
Event: 26.970 Executing VM operation: Cleanup
Event: 26.971 Executing VM operation: Cleanup done
Event: 28.972 Executing VM operation: Cleanup
Event: 28.972 Executing VM operation: Cleanup done
Event: 29.973 Executing VM operation: Cleanup
Event: 29.973 Executing VM operation: Cleanup done
Event: 32.974 Executing VM operation: Cleanup
Event: 32.976 Executing VM operation: Cleanup done

Events (20 events):
Event: 15.998 Thread 0x000002dd22039330 Thread added: 0x000002dd22039330
Event: 15.998 Thread 0x000002dd22039840 Thread added: 0x000002dd22039840
Event: 17.101 Thread 0x000002dd22039840 Thread exited: 0x000002dd22039840
Event: 21.406 Thread 0x000002dd22039330 Thread exited: 0x000002dd22039330
Event: 24.254 Thread 0x000002dd211fb020 Thread exited: 0x000002dd211fb020
Event: 28.799 Thread 0x000002dd21a12670 Thread added: 0x000002dd21a12670
Event: 28.799 Thread 0x000002dd21a3faf0 Thread added: 0x000002dd21a3faf0
Event: 28.800 Thread 0x000002dd21a40410 Thread added: 0x000002dd21a40410
Event: 30.172 Thread 0x000002dd21a40410 Thread exited: 0x000002dd21a40410
Event: 31.244 Thread 0x000002dd21a3faf0 Thread exited: 0x000002dd21a3faf0
Event: 31.692 Thread 0x000002dd21a12670 Thread exited: 0x000002dd21a12670
Event: 32.970 loading class jdk/internal/misc/Signal$1
Event: 32.970 loading class jdk/internal/misc/Signal$1 done
Event: 32.971 Thread 0x000002dd21327fb0 Thread added: 0x000002dd21327fb0
Event: 32.972 Thread 0x000002dd21327ae0 Thread added: 0x000002dd21327ae0
Event: 32.973 Thread 0x000002dd21325930 Thread added: 0x000002dd21325930
Event: 32.973 Thread 0x000002dd21328480 Thread added: 0x000002dd21328480
Event: 32.973 Thread 0x000002dd21324ac0 Thread added: 0x000002dd21324ac0
Event: 32.976 Thread 0x000002dd21328480 Thread exited: 0x000002dd21328480
Event: 32.976 Thread 0x000002dd21324ac0 Thread exited: 0x000002dd21324ac0


Dynamic libraries:
0x00007ff770e70000 - 0x00007ff770e7e000 	C:\Program Files\Eclipse Adoptium\jdk-17.0.1.12-hotspot\bin\java.exe
0x00007ff801ab0000 - 0x00007ff801ca5000 	C:\Windows\SYSTEM32\ntdll.dll
0x00007ff8009b0000 - 0x00007ff800a6e000 	C:\Windows\System32\KERNEL32.DLL
0x00007fffff280000 - 0x00007fffff548000 	C:\Windows\System32\KERNELBASE.dll
0x00007fffff980000 - 0x00007fffffa80000 	C:\Windows\System32\ucrtbase.dll
0x00007ffffad10000 - 0x00007ffffad28000 	C:\Program Files\Eclipse Adoptium\jdk-17.0.1.12-hotspot\bin\jli.dll
0x00007ffff8a90000 - 0x00007ffff8aa9000 	C:\Program Files\Eclipse Adoptium\jdk-17.0.1.12-hotspot\bin\VCRUNTIME140.dll
0x00007ff800380000 - 0x00007ff800520000 	C:\Windows\System32\USER32.dll
0x00007fffea470000 - 0x00007fffea70a000 	C:\Windows\WinSxS\amd64_microsoft.windows.common-controls_6595b64144ccf1df_6.0.19041.1110_none_60b5254171f9507e\COMCTL32.dll
0x00007fffff5e0000 - 0x00007fffff602000 	C:\Windows\System32\win32u.dll
0x00007ff800030000 - 0x00007ff80005a000 	C:\Windows\System32\GDI32.dll
0x00007ff800170000 - 0x00007ff80020e000 	C:\Windows\System32\msvcrt.dll
0x00007fffff6c0000 - 0x00007fffff7cb000 	C:\Windows\System32\gdi32full.dll
0x00007fffff1e0000 - 0x00007fffff27d000 	C:\Windows\System32\msvcp_win.dll
0x00007ff800210000 - 0x00007ff800240000 	C:\Windows\System32\IMM32.DLL
0x00007ffffad00000 - 0x00007ffffad0c000 	C:\Program Files\Eclipse Adoptium\jdk-17.0.1.12-hotspot\bin\vcruntime140_1.dll
0x00007fffeec50000 - 0x00007fffeece1000 	C:\Program Files\Eclipse Adoptium\jdk-17.0.1.12-hotspot\bin\msvcp140.dll
0x00007fff744e0000 - 0x00007fff75126000 	C:\Program Files\Eclipse Adoptium\jdk-17.0.1.12-hotspot\bin\server\jvm.dll
0x00007fffffaf0000 - 0x00007fffffb9e000 	C:\Windows\System32\ADVAPI32.dll
0x00007ff8011d0000 - 0x00007ff80126c000 	C:\Windows\System32\sechost.dll
0x00007ff800880000 - 0x00007ff8009a5000 	C:\Windows\System32\RPCRT4.dll
0x00007ff8011c0000 - 0x00007ff8011c8000 	C:\Windows\System32\PSAPI.DLL
0x00007fffe6270000 - 0x00007fffe6279000 	C:\Windows\SYSTEM32\WSOCK32.dll
0x00007ffff9690000 - 0x00007ffff96b7000 	C:\Windows\SYSTEM32\WINMM.dll
0x00007ffff8750000 - 0x00007ffff875a000 	C:\Windows\SYSTEM32\VERSION.dll
0x00007ff801350000 - 0x00007ff8013bb000 	C:\Windows\System32\WS2_32.dll
0x00007ffffda70000 - 0x00007ffffda82000 	C:\Windows\SYSTEM32\kernel.appcore.dll
0x00007fffface0000 - 0x00007ffffacea000 	C:\Program Files\Eclipse Adoptium\jdk-17.0.1.12-hotspot\bin\jimage.dll
0x00007ffffd7f0000 - 0x00007ffffd9d4000 	C:\Windows\SYSTEM32\DBGHELP.DLL
0x00007ffff3d90000 - 0x00007ffff3dbc000 	C:\Windows\SYSTEM32\dbgcore.DLL
0x00007fffff550000 - 0x00007fffff5d2000 	C:\Windows\System32\bcryptPrimitives.dll
0x00007ffffa540000 - 0x00007ffffa54e000 	C:\Program Files\Eclipse Adoptium\jdk-17.0.1.12-hotspot\bin\instrument.dll
0x00007ffff0bf0000 - 0x00007ffff0c15000 	C:\Program Files\Eclipse Adoptium\jdk-17.0.1.12-hotspot\bin\java.dll
0x00007fffeeb70000 - 0x00007fffeec46000 	C:\Program Files\Eclipse Adoptium\jdk-17.0.1.12-hotspot\bin\svml.dll
0x00007ff800a70000 - 0x00007ff8011b4000 	C:\Windows\System32\SHELL32.dll
0x00007ffffcf90000 - 0x00007ffffd724000 	C:\Windows\SYSTEM32\windows.storage.dll
0x00007ff800520000 - 0x00007ff800874000 	C:\Windows\System32\combase.dll
0x00007ffffec30000 - 0x00007ffffec5c000 	C:\Windows\SYSTEM32\Wldp.dll
0x00007ff801890000 - 0x00007ff80193d000 	C:\Windows\System32\SHCORE.dll
0x00007ff8013c0000 - 0x00007ff801415000 	C:\Windows\System32\shlwapi.dll
0x00007fffff100000 - 0x00007fffff11f000 	C:\Windows\SYSTEM32\profapi.dll
0x00007ffff4850000 - 0x00007ffff4869000 	C:\Program Files\Eclipse Adoptium\jdk-17.0.1.12-hotspot\bin\net.dll
0x00007ffffa6e0000 - 0x00007ffffa7ea000 	C:\Windows\SYSTEM32\WINHTTP.dll
0x00007ffffe990000 - 0x00007ffffe9fa000 	C:\Windows\system32\mswsock.dll
0x00007ffff0930000 - 0x00007ffff0945000 	C:\Program Files\Eclipse Adoptium\jdk-17.0.1.12-hotspot\bin\nio.dll
0x00007ffff07d0000 - 0x00007ffff07e8000 	C:\Program Files\Eclipse Adoptium\jdk-17.0.1.12-hotspot\bin\zip.dll
0x00007ffff07b0000 - 0x00007ffff07ca000 	C:\Program Files\JetBrains\IntelliJ IDEA 2021.2.3\bin\breakgen64.dll
0x000002dd20790000 - 0x000002dd20793000 	C:\Users\nbalj\.openjfx\cache\17.0.0.1\api-ms-win-core-console-l1-1-0.dll
0x000002dd207a0000 - 0x000002dd207a3000 	C:\Users\nbalj\.openjfx\cache\17.0.0.1\api-ms-win-core-console-l1-2-0.dll
0x000002dd207b0000 - 0x000002dd207b3000 	C:\Users\nbalj\.openjfx\cache\17.0.0.1\api-ms-win-core-datetime-l1-1-0.dll
0x000002dd207c0000 - 0x000002dd207c3000 	C:\Users\nbalj\.openjfx\cache\17.0.0.1\api-ms-win-core-debug-l1-1-0.dll
0x000002dd207d0000 - 0x000002dd207d3000 	C:\Users\nbalj\.openjfx\cache\17.0.0.1\api-ms-win-core-errorhandling-l1-1-0.dll
0x000002dd207e0000 - 0x000002dd207e4000 	C:\Users\nbalj\.openjfx\cache\17.0.0.1\api-ms-win-core-file-l1-1-0.dll
0x000002dd207f0000 - 0x000002dd207f3000 	C:\Users\nbalj\.openjfx\cache\17.0.0.1\api-ms-win-core-file-l1-2-0.dll
0x000002dd22cd0000 - 0x000002dd22cd3000 	C:\Users\nbalj\.openjfx\cache\17.0.0.1\api-ms-win-core-file-l2-1-0.dll
0x000002dd22ce0000 - 0x000002dd22ce3000 	C:\Users\nbalj\.openjfx\cache\17.0.0.1\api-ms-win-core-handle-l1-1-0.dll
0x000002dd22cf0000 - 0x000002dd22cf3000 	C:\Users\nbalj\.openjfx\cache\17.0.0.1\api-ms-win-core-heap-l1-1-0.dll
0x000002dd22d00000 - 0x000002dd22d03000 	C:\Users\nbalj\.openjfx\cache\17.0.0.1\api-ms-win-core-interlocked-l1-1-0.dll
0x000002dd22d10000 - 0x000002dd22d13000 	C:\Users\nbalj\.openjfx\cache\17.0.0.1\api-ms-win-core-libraryloader-l1-1-0.dll
0x000002dd22d20000 - 0x000002dd22d23000 	C:\Users\nbalj\.openjfx\cache\17.0.0.1\api-ms-win-core-localization-l1-2-0.dll
0x000002dd22d30000 - 0x000002dd22d33000 	C:\Users\nbalj\.openjfx\cache\17.0.0.1\api-ms-win-core-memory-l1-1-0.dll
0x000002dd22d40000 - 0x000002dd22d43000 	C:\Users\nbalj\.openjfx\cache\17.0.0.1\api-ms-win-core-namedpipe-l1-1-0.dll
0x000002dd22d50000 - 0x000002dd22d53000 	C:\Users\nbalj\.openjfx\cache\17.0.0.1\api-ms-win-core-processenvironment-l1-1-0.dll
0x000002dd22d60000 - 0x000002dd22d63000 	C:\Users\nbalj\.openjfx\cache\17.0.0.1\api-ms-win-core-processthreads-l1-1-0.dll
0x000002dd22d70000 - 0x000002dd22d73000 	C:\Users\nbalj\.openjfx\cache\17.0.0.1\api-ms-win-core-processthreads-l1-1-1.dll
0x000002dd22d80000 - 0x000002dd22d83000 	C:\Users\nbalj\.openjfx\cache\17.0.0.1\api-ms-win-core-profile-l1-1-0.dll
0x000002dd22d90000 - 0x000002dd22d93000 	C:\Users\nbalj\.openjfx\cache\17.0.0.1\api-ms-win-core-rtlsupport-l1-1-0.dll
0x000002dd22da0000 - 0x000002dd22da3000 	C:\Users\nbalj\.openjfx\cache\17.0.0.1\api-ms-win-core-string-l1-1-0.dll
0x000002dd22db0000 - 0x000002dd22db3000 	C:\Users\nbalj\.openjfx\cache\17.0.0.1\api-ms-win-core-synch-l1-1-0.dll
0x000002dd22dc0000 - 0x000002dd22dc3000 	C:\Users\nbalj\.openjfx\cache\17.0.0.1\api-ms-win-core-synch-l1-2-0.dll
0x000002dd22dd0000 - 0x000002dd22dd3000 	C:\Users\nbalj\.openjfx\cache\17.0.0.1\api-ms-win-core-sysinfo-l1-1-0.dll
0x000002dd22de0000 - 0x000002dd22de3000 	C:\Users\nbalj\.openjfx\cache\17.0.0.1\api-ms-win-core-timezone-l1-1-0.dll
0x000002dd22df0000 - 0x000002dd22df3000 	C:\Users\nbalj\.openjfx\cache\17.0.0.1\api-ms-win-core-util-l1-1-0.dll
0x000002dd22e00000 - 0x000002dd22e03000 	C:\Users\nbalj\.openjfx\cache\17.0.0.1\api-ms-win-crt-conio-l1-1-0.dll
0x000002dd22e10000 - 0x000002dd22e14000 	C:\Users\nbalj\.openjfx\cache\17.0.0.1\api-ms-win-crt-convert-l1-1-0.dll
0x000002dd22e20000 - 0x000002dd22e23000 	C:\Users\nbalj\.openjfx\cache\17.0.0.1\api-ms-win-crt-environment-l1-1-0.dll
0x000002dd22e30000 - 0x000002dd22e33000 	C:\Users\nbalj\.openjfx\cache\17.0.0.1\api-ms-win-crt-filesystem-l1-1-0.dll
0x000002dd22e40000 - 0x000002dd22e43000 	C:\Users\nbalj\.openjfx\cache\17.0.0.1\api-ms-win-crt-heap-l1-1-0.dll
0x000002dd22e50000 - 0x000002dd22e53000 	C:\Users\nbalj\.openjfx\cache\17.0.0.1\api-ms-win-crt-locale-l1-1-0.dll
0x000002dd22e60000 - 0x000002dd22e65000 	C:\Users\nbalj\.openjfx\cache\17.0.0.1\api-ms-win-crt-math-l1-1-0.dll
0x000002dd22e70000 - 0x000002dd22e75000 	C:\Users\nbalj\.openjfx\cache\17.0.0.1\api-ms-win-crt-multibyte-l1-1-0.dll
0x000002dd22e80000 - 0x000002dd22e90000 	C:\Users\nbalj\.openjfx\cache\17.0.0.1\api-ms-win-crt-private-l1-1-0.dll
0x000002dd22e90000 - 0x000002dd22e93000 	C:\Users\nbalj\.openjfx\cache\17.0.0.1\api-ms-win-crt-process-l1-1-0.dll
0x000002dd22ea0000 - 0x000002dd22ea4000 	C:\Users\nbalj\.openjfx\cache\17.0.0.1\api-ms-win-crt-runtime-l1-1-0.dll
0x000002dd22eb0000 - 0x000002dd22eb4000 	C:\Users\nbalj\.openjfx\cache\17.0.0.1\api-ms-win-crt-stdio-l1-1-0.dll
0x000002dd22ec0000 - 0x000002dd22ec4000 	C:\Users\nbalj\.openjfx\cache\17.0.0.1\api-ms-win-crt-string-l1-1-0.dll
0x000002dd22ed0000 - 0x000002dd22ed3000 	C:\Users\nbalj\.openjfx\cache\17.0.0.1\api-ms-win-crt-time-l1-1-0.dll
0x000002dd22ee0000 - 0x000002dd22ee3000 	C:\Users\nbalj\.openjfx\cache\17.0.0.1\api-ms-win-crt-utility-l1-1-0.dll
0x00007fffccb60000 - 0x00007fffccc5c000 	C:\Users\nbalj\.openjfx\cache\17.0.0.1\ucrtbase.dll
0x00007fffed3e0000 - 0x00007fffed3fa000 	C:\Users\nbalj\.openjfx\cache\17.0.0.1\vcruntime140.dll
0x00007ffff0780000 - 0x00007ffff078c000 	C:\Users\nbalj\.openjfx\cache\17.0.0.1\vcruntime140_1.dll
0x00007fffc3830000 - 0x00007fffc38bd000 	C:\Users\nbalj\.openjfx\cache\17.0.0.1\msvcp140.dll
0x00007fffe9a50000 - 0x00007fffe9a7a000 	C:\Users\nbalj\.openjfx\cache\17.0.0.1\prism_d3d.dll
0x00007fffeccd0000 - 0x00007fffece9f000 	C:\Windows\system32\d3d9.dll
0x00007ffffcc80000 - 0x00007ffffccaf000 	C:\Windows\SYSTEM32\dwmapi.dll
0x00007ffffc7c0000 - 0x00007ffffc85e000 	C:\Windows\system32\uxtheme.dll
0x00007ff801940000 - 0x00007ff801a6a000 	C:\Windows\System32\ole32.dll
0x00007ff801420000 - 0x00007ff80188a000 	C:\Windows\System32\SETUPAPI.dll
0x00007fffff930000 - 0x00007fffff97e000 	C:\Windows\System32\cfgmgr32.dll
0x00007fffff1b0000 - 0x00007fffff1d7000 	C:\Windows\System32\bcrypt.dll
0x00007fffdef00000 - 0x00007fffdef42000 	C:\Users\nbalj\.openjfx\cache\17.0.0.1\glass.dll
0x00007ffffff10000 - 0x00007ffffffeb000 	C:\Windows\System32\COMDLG32.dll
0x00007fffffba0000 - 0x00007fffffc6d000 	C:\Windows\System32\OLEAUT32.dll
0x00007ff800260000 - 0x00007ff800375000 	C:\Windows\System32\MSCTF.dll
0x00007ffff87a0000 - 0x00007ffff87db000 	C:\Windows\SYSTEM32\dxcore.dll
0x00007fffcf1e0000 - 0x00007fffcf214000 	C:\Users\nbalj\AppData\Local\Temp\jSerialComm\1652971226437-jSerialComm.dll
0x00007ffffef70000 - 0x00007ffffef9c000 	C:\Windows\SYSTEM32\DEVOBJ.dll
0x00007fffffa80000 - 0x00007fffffae8000 	C:\Windows\System32\WINTRUST.dll
0x00007fffff7d0000 - 0x00007fffff926000 	C:\Windows\System32\CRYPT32.dll
0x00007ffffedb0000 - 0x00007ffffedc2000 	C:\Windows\SYSTEM32\MSASN1.dll
0x00007fffe7580000 - 0x00007fffe75ad000 	C:\Users\nbalj\.openjfx\cache\17.0.0.1\javafx_iio.dll
0x00007fffed400000 - 0x00007fffed414000 	C:\Users\nbalj\.openjfx\cache\17.0.0.1\javafx_font.dll
0x00007fffe95d0000 - 0x00007fffe984f000 	C:\Windows\SYSTEM32\dwrite.dll
0x00007ff8000c0000 - 0x00007ff800169000 	C:\Windows\System32\clbcatq.dll
0x00007ffff9140000 - 0x00007ffff92f4000 	C:\Windows\SYSTEM32\WindowsCodecs.dll
0x00007fffed790000 - 0x00007fffed7ce000 	C:\Windows\system32\dataexchange.dll
0x00007ffffb3a0000 - 0x00007ffffb604000 	C:\Windows\system32\d3d11.dll
0x00007ffffbbd0000 - 0x00007ffffbdb5000 	C:\Windows\system32\dcomp.dll
0x00007ffffdae0000 - 0x00007ffffdbd3000 	C:\Windows\system32\dxgi.dll
0x00007ffff8de0000 - 0x00007ffff8fe1000 	C:\Windows\system32\twinapi.appcore.dll
0x00007fffcccc0000 - 0x00007fffcccf4000 	C:\Program Files\Common Files\Microsoft Shared\Ink\rtscom.dll
0x00007fffebb30000 - 0x00007fffebc29000 	C:\Windows\SYSTEM32\textinputframework.dll
0x00007ffffc4a0000 - 0x00007ffffc592000 	C:\Windows\System32\CoreMessaging.dll
0x00007ffffbdc0000 - 0x00007ffffc11e000 	C:\Windows\System32\CoreUIComponents.dll
0x00007ffffded0000 - 0x00007ffffdf03000 	C:\Windows\SYSTEM32\ntmarta.dll
0x00007ffffade0000 - 0x00007ffffaf34000 	C:\Windows\SYSTEM32\wintypes.dll

dbghelp: loaded successfully - version: 4.0.5 - missing functions: none
symbol engine: initialized successfully - sym options: 0x614 - pdb path: .;C:\Program Files\Eclipse Adoptium\jdk-17.0.1.12-hotspot\bin;C:\Windows\SYSTEM32;C:\Windows\WinSxS\amd64_microsoft.windows.common-controls_6595b64144ccf1df_6.0.19041.1110_none_60b5254171f9507e;C:\Program Files\Eclipse Adoptium\jdk-17.0.1.12-hotspot\bin\server;C:\Program Files\JetBrains\IntelliJ IDEA 2021.2.3\bin;C:\Users\nbalj\.openjfx\cache\17.0.0.1;C:\Windows\System32\DriverStore\FileRepository\u0376545.inf_amd64_87c724e1cb953643\B376543;C:\Users\nbalj\AppData\Local\Temp\jSerialComm;C:\Program Files\Common Files\Microsoft Shared\Ink

VM Arguments:
jvm_args: -javaagent:C:\Program Files\JetBrains\IntelliJ IDEA 2021.2.3\lib\idea_rt.jar=49312:C:\Program Files\JetBrains\IntelliJ IDEA 2021.2.3\bin -Dfile.encoding=UTF-8 --module-path=C:\Users\nbalj\.m2\repository\org\openjfx\javafx-media\17.0.0.1\javafx-media-17.0.0.1-win.jar;C:\Users\nbalj\.m2\repository\org\openjfx\javafx-web\17.0.0.1\javafx-web-17.0.0.1-win.jar;C:\Users\nbalj\.m2\repository\org\openjfx\javafx-fxml\17.0.0.1\javafx-fxml-17.0.0.1-win.jar;C:\Users\nbalj\.m2\repository\net\synedra\validatorfx\0.1.13\validatorfx-0.1.13.jar;C:\Users\nbalj\.m2\repository\org\openjfx\javafx-base\17.0.0.1\javafx-base-17.0.0.1-win.jar;C:\Users\nbalj\.m2\repository\com\dlsc\formsfx\formsfx-core\11.3.2\formsfx-core-11.3.2.jar;C:\Users\nbalj\.m2\repository\org\controlsfx\controlsfx\11.1.0\controlsfx-11.1.0.jar;C:\Users\nbalj\.m2\repository\eu\hansolo\tilesfx\11.48\tilesfx-11.48.jar;C:\Users\nbalj\.m2\repository\org\kordamp\bootstrapfx\bootstrapfx-core\0.4.0\bootstrapfx-core-0.4.0.jar;C:\Users\nbalj\.m2\repository\org\kordamp\ikonli\ikonli-core\12.2.0\ikonli-core-12.2.0.jar;C:\Users\nbalj\Documents\GitHub\project3-4\CodePC\ProjectGUI\target\classes;C:\Users\nbalj\.m2\repository\org\openjfx\javafx-controls\17.0.0.1\javafx-controls-17.0.0.1-win.jar;C:\Users\nbalj\.m2\repository\org\openjfx\javafx-graphics\17.0.0.1\javafx-graphics-17.0.0.1-win.jar;C:\Users\nbalj\.m2\repository\org\kordamp\ikonli\ikonli-javafx\12.2.0\ikonli-javafx-12.2.0.jar;C:\Users\nbalj\.m2\repository\com\fazecast\jSerialComm\2.9.1\jSerialComm-2.9.1.jar -Djdk.module.main=com.example.projectgui 
java_command: com.example.projectgui/com.example.projectgui.HelloApplication
java_class_path (initial): C:\Users\nbalj\.m2\repository\org\openjfx\javafx-controls\17.0.0.1\javafx-controls-17.0.0.1.jar;C:\Users\nbalj\.m2\repository\org\openjfx\javafx-graphics\17.0.0.1\javafx-graphics-17.0.0.1.jar;C:\Users\nbalj\.m2\repository\org\openjfx\javafx-base\17.0.0.1\javafx-base-17.0.0.1.jar;C:\Users\nbalj\.m2\repository\org\openjfx\javafx-fxml\17.0.0.1\javafx-fxml-17.0.0.1.jar;C:\Users\nbalj\.m2\repository\org\openjfx\javafx-web\17.0.0.1\javafx-web-17.0.0.1.jar;C:\Users\nbalj\.m2\repository\org\openjfx\javafx-media\17.0.0.1\javafx-media-17.0.0.1.jar;C:\Users\nbalj\.m2\repository\mysql\mysql-connector-java\8.0.28\mysql-connector-java-8.0.28.jar;C:\Users\nbalj\.m2\repository\com\google\protobuf\protobuf-java\3.11.4\protobuf-java-3.11.4.jar
Launcher Type: SUN_STANDARD

[Global flags]
     intx CICompilerCount                          = 12                                        {product} {ergonomic}
     uint ConcGCThreads                            = 3                                         {product} {ergonomic}
     uint G1ConcRefinementThreads                  = 13                                        {product} {ergonomic}
   size_t G1HeapRegionSize                         = 2097152                                   {product} {ergonomic}
    uintx GCDrainStackTargetSize                   = 64                                        {product} {ergonomic}
   size_t InitialHeapSize                          = 260046848                                 {product} {ergonomic}
   size_t MarkStackSize                            = 4194304                                   {product} {ergonomic}
   size_t MaxHeapSize                              = 4141875200                                {product} {ergonomic}
   size_t MaxNewSize                               = 2485125120                                {product} {ergonomic}
   size_t MinHeapDeltaBytes                        = 2097152                                   {product} {ergonomic}
   size_t MinHeapSize                              = 8388608                                   {product} {ergonomic}
    uintx NonNMethodCodeHeapSize                   = 7602480                                {pd product} {ergonomic}
    uintx NonProfiledCodeHeapSize                  = 122027880                              {pd product} {ergonomic}
    uintx ProfiledCodeHeapSize                     = 122027880                              {pd product} {ergonomic}
    uintx ReservedCodeCacheSize                    = 251658240                              {pd product} {ergonomic}
     bool SegmentedCodeCache                       = true                                      {product} {ergonomic}
   size_t SoftMaxHeapSize                          = 4141875200                             {manageable} {ergonomic}
     bool UseCompressedClassPointers               = true                           {product lp64_product} {ergonomic}
     bool UseCompressedOops                        = true                           {product lp64_product} {ergonomic}
     bool UseG1GC                                  = true                                      {product} {ergonomic}
     bool UseLargePagesIndividualAllocation        = false                                  {pd product} {ergonomic}

Logging:
Log output configuration:
 #0: stdout all=warning uptime,level,tags
 #1: stderr all=off uptime,level,tags

Environment Variables:
PATH=C:\Program Files\Eclipse Adoptium\jdk-17.0.1.12-hotspot\bin;C:\Program Files (x86)\Common Files\Oracle\Java\javapath;C:\Windows\system32;C:\Windows;C:\Windows\System32\Wbem;C:\Windows\System32\WindowsPowerShell\v1.0\;C:\Windows\System32\OpenSSH\;C:\Program Files (x86)\NVIDIA Corporation\PhysX\Common;C:\Program Files (x86)\mingw-w64\i686-8.1.0-posix-dwarf-rt_v6-rev0\mingw32\bin;C:\Program Files\dotnet\;C:\Program Files\Git\cmd;C:\Program Files\MySQL\MySQL Shell 8.0\bin\;C:\Users\nbalj\AppData\Local\Microsoft\WindowsApps;C:\Users\nbalj\AppData\Local\Programs\Microsoft VS Code\bin;C:\Program Files\Inkscape\bin;C:\Program Files\JetBrains\IntelliJ IDEA 2021.2.3\bin;;C:\Users\nbalj\.dotnet\tools;C:\Users\nbalj\AppData\Local\GitHubDesktop\bin
USERNAME=nbalj
OS=Windows_NT
PROCESSOR_IDENTIFIER=AMD64 Family 23 Model 96 Stepping 1, AuthenticAMD



---------------  S Y S T E M  ---------------

OS:
 Windows 10 , 64 bit Build 19041 (10.0.19041.1645)
OS uptime: 7 days 3:31 hours

CPU: total 16 (initial active 16) (16 cores per cpu, 2 threads per core) family 23 model 96 stepping 1 microcode 0x0, cx8, cmov, fxsr, ht, mmx, 3dnowpref, sse, sse2, sse3, ssse3, sse4a, sse4.1, sse4.2, popcnt, lzcnt, tsc, tscinvbit, avx, avx2, aes, clmul, bmi1, bmi2, adx, sha, fma, vzeroupper, clflush, clflushopt

Memory: 4k page, system-wide physical 15792M (5981M free)
TotalPageFile size 20105M (AvailPageFile size 3266M)
current process WorkingSet (physical memory assigned to process): 274M, peak: 331M
current process commit charge ("private bytes"): 550M, peak: 611M

vm_info: OpenJDK 64-Bit Server VM (17.0.1+12) for windows-amd64 JRE (17.0.1+12), built on Oct 20 2021 07:42:55 by "" with MS VC++ 16.7 (VS2019)

END.
