#
# A fatal error has been detected by the Java Runtime Environment:
#
#  EXCEPTION_ACCESS_VIOLATION (0xc0000005) at pc=0x00007ff801b13416, pid=23232, tid=10616
#
# JRE version: OpenJDK Runtime Environment Temurin-17.0.1+12 (17.0.1+12) (build 17.0.1+12)
# Java VM: OpenJDK 64-Bit Server VM Temurin-17.0.1+12 (17.0.1+12, mixed mode, sharing, tiered, compressed oops, compressed class ptrs, g1 gc, windows-amd64)
# Problematic frame:
# C  [ntdll.dll+0x63416]
#
# No core dump will be written. Minidumps are not enabled by default on client versions of Windows
#
# If you would like to submit a bug report, please visit:
#   https://github.com/adoptium/adoptium-support/issues
# The crash happened outside the Java Virtual Machine in native code.
# See problematic frame for where to report the bug.
#

---------------  S U M M A R Y ------------

Command Line: -javaagent:C:\Program Files\JetBrains\IntelliJ IDEA 2021.2.3\lib\idea_rt.jar=62611:C:\Program Files\JetBrains\IntelliJ IDEA 2021.2.3\bin -Dfile.encoding=UTF-8 --module-path=C:\Users\nbalj\.m2\repository\org\openjfx\javafx-web\17.0.0.1\javafx-web-17.0.0.1-win.jar;C:\Users\nbalj\.m2\repository\com\fazecast\jSerialComm\2.9.1\jSerialComm-2.9.1.jar;C:\Users\nbalj\.m2\repository\net\synedra\validatorfx\0.1.13\validatorfx-0.1.13.jar;C:\Users\nbalj\.m2\repository\org\controlsfx\controlsfx\11.1.0\controlsfx-11.1.0.jar;C:\Users\nbalj\.m2\repository\org\kordamp\ikonli\ikonli-core\12.2.0\ikonli-core-12.2.0.jar;C:\Users\nbalj\.m2\repository\org\kordamp\bootstrapfx\bootstrapfx-core\0.4.0\bootstrapfx-core-0.4.0.jar;C:\Users\nbalj\.m2\repository\com\dlsc\formsfx\formsfx-core\11.3.2\formsfx-core-11.3.2.jar;C:\Users\nbalj\.m2\repository\org\openjfx\javafx-media\17.0.0.1\javafx-media-17.0.0.1-win.jar;C:\Users\nbalj\Documents\GitHub\project3-4\CodePC\ProjectGUI\target\classes;C:\Users\nbalj\.m2\repository\org\kordamp\ikonli\ikonli-javafx\12.2.0\ikonli-javafx-12.2.0.jar;C:\Users\nbalj\.m2\repository\org\openjfx\javafx-fxml\17.0.0.1\javafx-fxml-17.0.0.1-win.jar;C:\Users\nbalj\.m2\repository\org\openjfx\javafx-controls\17.0.0.1\javafx-controls-17.0.0.1-win.jar;C:\Users\nbalj\.m2\repository\org\openjfx\javafx-graphics\17.0.0.1\javafx-graphics-17.0.0.1-win.jar;C:\Users\nbalj\.m2\repository\eu\hansolo\tilesfx\11.48\tilesfx-11.48.jar;C:\Users\nbalj\.m2\repository\org\openjfx\javafx-base\17.0.0.1\javafx-base-17.0.0.1-win.jar -Djdk.module.main=com.example.projectgui com.example.projectgui/com.example.projectgui.HelloApplication

Host: AMD Ryzen 7 4800H with Radeon Graphics         , 16 cores, 15G,  Windows 10 , 64 bit Build 19041 (10.0.19041.1645)
Time: Thu May 19 15:14:49 2022 W. Europe Summer Time elapsed time: 114.990067 seconds (0d 0h 1m 54s)

---------------  T H R E A D  ---------------

Current thread (0x00000243c396be70):  JavaThread "Thread-5" [_thread_in_native, id=10616, stack(0x000000e589a00000,0x000000e589b00000)]

Stack: [0x000000e589a00000,0x000000e589b00000],  sp=0x000000e589afed40,  free space=1019k
Native frames: (J=compiled Java code, j=interpreted, Vv=VM code, C=native code)
C  [ntdll.dll+0x63416]
C  [ntdll.dll+0x2fcb4]
C  [ntdll.dll+0x2fae2]
C  [1652965975225-jSerialComm.dll+0x3cb2]

Java frames: (J=compiled Java code, j=interpreted, Vv=VM code)
j  com.fazecast.jSerialComm.SerialPort.closePortNative(J)J+0 com.fazecast.jSerialComm
j  com.fazecast.jSerialComm.SerialPort.closePort()Z+29 com.fazecast.jSerialComm
j  com.example.projectgui.ArduinoControls.lambda$setupCommunication$0()V+3 com.example.projectgui
j  com.example.projectgui.ArduinoControls$$Lambda$151+0x0000000800cbac98.run()V+0 com.example.projectgui
j  java.lang.Thread.run()V+11 java.base@17.0.1
v  ~StubRoutines::call_stub

siginfo: EXCEPTION_ACCESS_VIOLATION (0xc0000005), writing address 0x0000000000000024


Register to memory mapping:

RIP=0x00007ff801b13416 ntdll.dll
RAX=0x0 is NULL
RBX=0x00007fffcc92fd00 1652965975225-jSerialComm.dll
RCX=0x00007fffcc92fd00 1652965975225-jSerialComm.dll
RDX=0x00000000fffffffa is an unknown value
RSP=0x000000e589afed40 is pointing into the stack for thread: 0x00000243c396be70
RBP=0x000000e589afef00 is pointing into the stack for thread: 0x00000243c396be70
RSI=0x0 is NULL
RDI=0x0 is NULL
R8 =0x0 is NULL
R9 =0x00007fffcc92fd00 1652965975225-jSerialComm.dll
R10=0x0000f0400cf5353c is an unknown value
R11=0x0000f0400cf5334f is an unknown value
R12=0x0 is NULL
R13=0x000000e589686000 points into unknown readable memory: 0x0000000000000000 | 00 00 00 00 00 00 00 00
R14=0x0000000000000001 is an unknown value
R15=0x0 is NULL


Registers:
RAX=0x0000000000000000, RBX=0x00007fffcc92fd00, RCX=0x00007fffcc92fd00, RDX=0x00000000fffffffa
RSP=0x000000e589afed40, RBP=0x000000e589afef00, RSI=0x0000000000000000, RDI=0x0000000000000000
R8 =0x0000000000000000, R9 =0x00007fffcc92fd00, R10=0x0000f0400cf5353c, R11=0x0000f0400cf5334f
R12=0x0000000000000000, R13=0x000000e589686000, R14=0x0000000000000001, R15=0x0000000000000000
RIP=0x00007ff801b13416, EFLAGS=0x0000000000010213

Top of Stack: (sp=0x000000e589afed40)
0x000000e589afed40:   ffffffffffffffff 00007fffcc92fd00
0x000000e589afed50:   0000000000000000 0000000000000000
0x000000e589afed60:   0000000000000000 0000000000000000
0x000000e589afed70:   0000000000000000 0000000000000000
0x000000e589afed80:   0000000000000000 00000000fffffffa
0x000000e589afed90:   000000e589686000 0000000000000000
0x000000e589afeda0:   0000000000000000 0000000000000000
0x000000e589afedb0:   0000000000000000 0000000000000000
0x000000e589afedc0:   0000000000000000 0000000000000000
0x000000e589afedd0:   000077f5e4cea84a 0000000000000000
0x000000e589afede0:   00000243c396be00 0000000000000001
0x000000e589afedf0:   0000000000000001 0000000000000001
0x000000e589afee00:   0000000000000000 00007fffcc92fd00
0x000000e589afee10:   000000e589afef00 00007ff801adfcb4
0x000000e589afee20:   0000000000000000 0000000000000000
0x000000e589afee30:   00000000fffffffa 0000000000000000 

Instructions: (pc=0x00007ff801b13416)
0x00007ff801b13316:   20 e9 ed fe ff ff 48 89 41 18 e9 e4 fe ff ff cc
0x00007ff801b13326:   cc cc cc cc cc cc cc cc cc cc 80 3d d1 71 10 00
0x00007ff801b13336:   00 0f 95 c0 c3 cc cc cc cc cc cc cc cc cc cc cc
0x00007ff801b13346:   cc cc cc cc cc cc cc cc cc cc 48 83 ec 38 8b 05
0x00007ff801b13356:   d2 57 10 00 89 44 24 20 e8 41 02 00 00 48 83 c4
0x00007ff801b13366:   38 c3 cc cc cc cc cc cc cc cc 48 89 5c 24 18 55
0x00007ff801b13376:   56 57 41 54 41 55 41 56 41 57 48 81 ec a0 00 00
0x00007ff801b13386:   00 48 8b 05 82 f1 11 00 48 33 c4 48 89 84 24 90
0x00007ff801b13396:   00 00 00 65 4c 8b 2c 25 30 00 00 00 48 8d 05 4f
0x00007ff801b133a6:   11 10 00 40 32 ed 89 54 24 48 33 f6 40 88 6c 24
0x00007ff801b133b6:   40 4c 89 6c 24 50 48 8b d9 44 8b e6 48 3b c8 0f
0x00007ff801b133c6:   84 39 01 00 00 40 38 35 36 71 10 00 0f 85 a8 01
0x00007ff801b133d6:   00 00 39 35 4a 71 10 00 0f 85 6a 01 00 00 40 38
0x00007ff801b133e6:   35 0d 6c 10 00 48 8d 3d 0e 6c 10 00 48 0f 45 fe
0x00007ff801b133f6:   48 39 73 18 0f 84 d2 00 00 00 48 8b 03 48 83 f8
0x00007ff801b13406:   ff 0f 84 d2 00 00 00 44 8b fe 48 83 f8 ff 74 03
0x00007ff801b13416:   ff 40 24 4c 8b 73 18 4c 8d 2d d4 10 10 00 bd 22
0x00007ff801b13426:   17 00 00 e8 22 14 fc ff 85 c0 0f 85 be b2 05 00
0x00007ff801b13436:   b9 82 03 fe 7f 80 39 00 0f 85 cc b2 05 00 49 83
0x00007ff801b13446:   fe ff 0f 85 5a b3 05 00 4c 8b cf c7 44 24 20 00
0x00007ff801b13456:   00 00 00 41 b8 04 00 00 00 48 8d 54 24 48 48 8d
0x00007ff801b13466:   4b 08 e8 37 01 00 00 3d 02 01 00 00 0f 84 43 b3
0x00007ff801b13476:   05 00 8b 4b 08 89 4c 24 48 f6 c1 02 75 ca 3d 02
0x00007ff801b13486:   01 00 00 0f 84 2c b3 05 00 0f b6 6c 24 40 4c 8b
0x00007ff801b13496:   6c 24 50 85 c0 0f 88 78 b4 05 00 40 84 ed 75 73
0x00007ff801b134a6:   48 8b 8c 24 90 00 00 00 48 33 cc e8 7a 8d 02 00
0x00007ff801b134b6:   48 8b 9c 24 f0 00 00 00 48 81 c4 a0 00 00 00 41
0x00007ff801b134c6:   5f 41 5e 41 5d 41 5c 5f 5e 5d c3 cc 48 8b cb e8
0x00007ff801b134d6:   56 05 00 00 e9 21 ff ff ff 8b 4b 20 48 c7 c0 ff
0x00007ff801b134e6:   ff ff ff 48 0f ba e1 18 0f 82 19 ff ff ff 48 8b
0x00007ff801b134f6:   cb e8 44 e3 fa ff 48 8b 03 e9 09 ff ff ff c6 44
0x00007ff801b13506:   24 40 01 41 c7 85 60 17 00 00 01 00 00 00 e9 b2 


Stack slot to memory mapping:
stack at sp + 0 slots: 0xffffffffffffffff is an unknown value
stack at sp + 1 slots: 0x00007fffcc92fd00 1652965975225-jSerialComm.dll
stack at sp + 2 slots: 0x0 is NULL
stack at sp + 3 slots: 0x0 is NULL
stack at sp + 4 slots: 0x0 is NULL
stack at sp + 5 slots: 0x0 is NULL
stack at sp + 6 slots: 0x0 is NULL
stack at sp + 7 slots: 0x0 is NULL


---------------  P R O C E S S  ---------------

Threads class SMR info:
_java_thread_list=0x00000243caf52390, length=22, elements={
0x000002439edb2570, 0x00000243c2421a10, 0x00000243c2422680, 0x00000243c2437390,
0x00000243c2438c60, 0x00000243c2439610, 0x00000243c2439fc0, 0x00000243c243aca0,
0x00000243c2440c80, 0x00000243c2441a70, 0x00000243c24082e0, 0x00000243c3bf9a60,
0x00000243c3387bf0, 0x00000243c3d5a910, 0x00000243c3d75f50, 0x00000243c41bcaf0,
0x00000243c41ef810, 0x00000243c315ee90, 0x00000243c3f0ea80, 0x00000243cab876f0,
0x00000243c396e9c0, 0x00000243c396be70
}

Java Threads: ( => current thread )
  0x000002439edb2570 JavaThread "main" [_thread_blocked, id=4488, stack(0x000000e589b00000,0x000000e589c00000)]
  0x00000243c2421a10 JavaThread "Reference Handler" daemon [_thread_blocked, id=17876, stack(0x000000e58a200000,0x000000e58a300000)]
  0x00000243c2422680 JavaThread "Finalizer" daemon [_thread_blocked, id=23484, stack(0x000000e58a300000,0x000000e58a400000)]
  0x00000243c2437390 JavaThread "Signal Dispatcher" daemon [_thread_blocked, id=18820, stack(0x000000e58a400000,0x000000e58a500000)]
  0x00000243c2438c60 JavaThread "Attach Listener" daemon [_thread_blocked, id=19064, stack(0x000000e58a500000,0x000000e58a600000)]
  0x00000243c2439610 JavaThread "Service Thread" daemon [_thread_blocked, id=9856, stack(0x000000e58a600000,0x000000e58a700000)]
  0x00000243c2439fc0 JavaThread "Monitor Deflation Thread" daemon [_thread_blocked, id=8216, stack(0x000000e58a700000,0x000000e58a800000)]
  0x00000243c243aca0 JavaThread "C2 CompilerThread0" daemon [_thread_blocked, id=12908, stack(0x000000e58a800000,0x000000e58a900000)]
  0x00000243c2440c80 JavaThread "C1 CompilerThread0" daemon [_thread_blocked, id=4820, stack(0x000000e58a900000,0x000000e58aa00000)]
  0x00000243c2441a70 JavaThread "Sweeper thread" daemon [_thread_blocked, id=10516, stack(0x000000e58aa00000,0x000000e58ab00000)]
  0x00000243c24082e0 JavaThread "Common-Cleaner" daemon [_thread_blocked, id=7116, stack(0x000000e58ac00000,0x000000e58ad00000)]
  0x00000243c3bf9a60 JavaThread "Monitor Ctrl-Break" daemon [_thread_in_native, id=3800, stack(0x000000e58b400000,0x000000e58b500000)]
  0x00000243c3387bf0 JavaThread "Notification Thread" daemon [_thread_blocked, id=16408, stack(0x000000e58b500000,0x000000e58b600000)]
  0x00000243c3d5a910 JavaThread "InvokeLaterDispatcher" daemon [_thread_blocked, id=4004, stack(0x000000e58b700000,0x000000e58b800000)]
  0x00000243c3d75f50 JavaThread "JavaFX Application Thread" [_thread_in_native, id=9468, stack(0x000000e58b800000,0x000000e58b900000)]
  0x00000243c41bcaf0 JavaThread "Thread-1" daemon [_thread_in_native, id=12072, stack(0x000000e58c300000,0x000000e58c400000)]
  0x00000243c41ef810 JavaThread "JavaFX-Launcher" [_thread_blocked, id=11300, stack(0x000000e58c900000,0x000000e58ca00000)]
  0x00000243c315ee90 JavaThread "Thread-4" [_thread_blocked, id=11180, stack(0x000000e58ae00000,0x000000e58af00000)]
  0x00000243c3f0ea80 JavaThread "Prism Font Disposer" daemon [_thread_blocked, id=13424, stack(0x000000e58cd00000,0x000000e58ce00000)]
  0x00000243cab876f0 JavaThread "Cleaner-0" daemon [_thread_blocked, id=21584, stack(0x000000e58ce00000,0x000000e58cf00000)]
  0x00000243c396e9c0 JavaThread "SIGINT handler" daemon [_thread_blocked, id=6260, stack(0x000000e589800000,0x000000e589900000)]
=>0x00000243c396be70 JavaThread "Thread-5" [_thread_in_native, id=10616, stack(0x000000e589a00000,0x000000e589b00000)]

Other Threads:
  0x00000243c2419af0 VMThread "VM Thread" [stack: 0x000000e58a100000,0x000000e58a200000] [id=20868]
  0x00000243c3c916b0 WatcherThread [stack: 0x000000e58b600000,0x000000e58b700000] [id=20128]
  0x000002439edffa60 GCTaskThread "GC Thread#0" [stack: 0x000000e589c00000,0x000000e589d00000] [id=20176]
  0x00000243c41c7e20 GCTaskThread "GC Thread#1" [stack: 0x000000e58c400000,0x000000e58c500000] [id=17904]
  0x00000243c41c3460 GCTaskThread "GC Thread#2" [stack: 0x000000e58c500000,0x000000e58c600000] [id=21564]
  0x00000243c41c3f30 GCTaskThread "GC Thread#3" [stack: 0x000000e58c600000,0x000000e58c700000] [id=17952]
  0x00000243c41c45f0 GCTaskThread "GC Thread#4" [stack: 0x000000e58c700000,0x000000e58c800000] [id=15564]
  0x00000243c4204d30 GCTaskThread "GC Thread#5" [stack: 0x000000e58c800000,0x000000e58c900000] [id=4248]
  0x00000243c3f11070 GCTaskThread "GC Thread#6" [stack: 0x000000e58af00000,0x000000e58b000000] [id=7920]
  0x00000243c3c831a0 GCTaskThread "GC Thread#7" [stack: 0x000000e58b000000,0x000000e58b100000] [id=9608]
  0x000002439cc58090 GCTaskThread "GC Thread#8" [stack: 0x000000e58cf00000,0x000000e58d000000] [id=4752]
  0x00000243c36de5e0 GCTaskThread "GC Thread#9" [stack: 0x000000e58d000000,0x000000e58d100000] [id=12640]
  0x00000243c36de890 GCTaskThread "GC Thread#10" [stack: 0x000000e58d100000,0x000000e58d200000] [id=22744]
  0x00000243c3dd0850 GCTaskThread "GC Thread#11" [stack: 0x000000e58d200000,0x000000e58d300000] [id=16836]
  0x00000243c3dd02f0 GCTaskThread "GC Thread#12" [stack: 0x000000e58d300000,0x000000e58d400000] [id=11524]
  0x000002439ee10070 ConcurrentGCThread "G1 Main Marker" [stack: 0x000000e589d00000,0x000000e589e00000] [id=7576]
  0x000002439ee11a90 ConcurrentGCThread "G1 Conc#0" [stack: 0x000000e589e00000,0x000000e589f00000] [id=19304]
  0x00000243c22e30e0 ConcurrentGCThread "G1 Refine#0" [stack: 0x000000e589f00000,0x000000e58a000000] [id=15188]
  0x00000243c336c3d0 ConcurrentGCThread "G1 Refine#1" [stack: 0x000000e58d400000,0x000000e58d500000] [id=24048]
  0x00000243c336c6b0 ConcurrentGCThread "G1 Refine#2" [stack: 0x000000e58d500000,0x000000e58d600000] [id=4348]
  0x00000243c336b850 ConcurrentGCThread "G1 Refine#3" [stack: 0x000000e589900000,0x000000e589a00000] [id=19392]
  0x00000243c336c990 ConcurrentGCThread "G1 Refine#4" [stack: 0x000000e58ad00000,0x000000e58ae00000] [id=21152]
  0x000002439ee82cb0 ConcurrentGCThread "G1 Service" [stack: 0x000000e58a000000,0x000000e58a100000] [id=14872]

Threads with active compile tasks:

VM state: not at safepoint (normal execution)

VM Mutex/Monitor currently owned by a thread: None

Heap address: 0x0000000709200000, size: 3950 MB, Compressed Oops mode: Zero based, Oop shift amount: 3

CDS archive(s) mapped at: [0x0000000800000000-0x0000000800bc0000-0x0000000800bc0000), size 12320768, SharedBaseAddress: 0x0000000800000000, ArchiveRelocationMode: 0.
Compressed class space mapped at: 0x0000000800c00000-0x0000000840c00000, reserved size: 1073741824
Narrow klass base: 0x0000000800000000, Narrow klass shift: 0, Narrow klass range: 0x100000000

GC Precious Log:
 CPUs: 16 total, 16 available
 Memory: 15792M
 Large Page Support: Disabled
 NUMA Support: Disabled
 Compressed Oops: Enabled (Zero based)
 Heap Region Size: 2M
 Heap Min Capacity: 8M
 Heap Initial Capacity: 248M
 Heap Max Capacity: 3950M
 Pre-touch: Disabled
 Parallel Workers: 13
 Concurrent Workers: 3
 Concurrent Refinement Workers: 13
 Periodic GC: Disabled

Heap:
 garbage-first heap   total 253952K, used 37530K [0x0000000709200000, 0x0000000800000000)
  region size 2048K, 5 young (10240K), 3 survivors (6144K)
 Metaspace       used 14051K, committed 14336K, reserved 1064960K
  class space    used 1876K, committed 1984K, reserved 1048576K

Heap Regions: E=young(eden), S=young(survivor), O=old, HS=humongous(starts), HC=humongous(continues), CS=collection set, F=free, OA=open archive, CA=closed archive, TAMS=top-at-mark-start (previous, next)
|   0|0x0000000709200000, 0x0000000709400000, 0x0000000709400000|100%|HS|  |TAMS 0x0000000709200000, 0x0000000709200000| Complete 
|   1|0x0000000709400000, 0x0000000709600000, 0x0000000709600000|100%|HC|  |TAMS 0x0000000709400000, 0x0000000709400000| Complete 
|   2|0x0000000709600000, 0x0000000709800000, 0x0000000709800000|100%|HC|  |TAMS 0x0000000709600000, 0x0000000709600000| Complete 
|   3|0x0000000709800000, 0x0000000709a00000, 0x0000000709a00000|100%|HC|  |TAMS 0x0000000709800000, 0x0000000709800000| Complete 
|   4|0x0000000709a00000, 0x0000000709c00000, 0x0000000709c00000|100%|HC|  |TAMS 0x0000000709a00000, 0x0000000709a00000| Complete 
|   5|0x0000000709c00000, 0x0000000709e00000, 0x0000000709e00000|100%|HC|  |TAMS 0x0000000709c00000, 0x0000000709c00000| Complete 
|   6|0x0000000709e00000, 0x000000070a000000, 0x000000070a000000|100%|HC|  |TAMS 0x0000000709e00000, 0x0000000709e00000| Complete 
|   7|0x000000070a000000, 0x000000070a200000, 0x000000070a200000|100%|HC|  |TAMS 0x000000070a000000, 0x000000070a000000| Complete 
|   8|0x000000070a200000, 0x000000070a400000, 0x000000070a400000|100%|HC|  |TAMS 0x000000070a200000, 0x000000070a200000| Complete 
|   9|0x000000070a400000, 0x000000070a600000, 0x000000070a600000|100%|HC|  |TAMS 0x000000070a400000, 0x000000070a400000| Complete 
|  10|0x000000070a600000, 0x000000070a800000, 0x000000070a800000|100%|HC|  |TAMS 0x000000070a600000, 0x000000070a600000| Complete 
|  11|0x000000070a800000, 0x000000070aa00000, 0x000000070aa00000|100%|HC|  |TAMS 0x000000070a800000, 0x000000070a800000| Complete 
|  12|0x000000070aa00000, 0x000000070ac00000, 0x000000070ac00000|100%|HS|  |TAMS 0x000000070aa00000, 0x000000070aa00000| Complete 
|  13|0x000000070ac00000, 0x000000070ae00000, 0x000000070ae00000|100%| O|  |TAMS 0x000000070ac00000, 0x000000070ac00000| Untracked 
|  14|0x000000070ae00000, 0x000000070aea6800, 0x000000070b000000| 32%| O|  |TAMS 0x000000070ae00000, 0x000000070ae00000| Untracked 
|  15|0x000000070b000000, 0x000000070b000000, 0x000000070b200000|  0%| F|  |TAMS 0x000000070b000000, 0x000000070b000000| Untracked 
|  16|0x000000070b200000, 0x000000070b200000, 0x000000070b400000|  0%| F|  |TAMS 0x000000070b200000, 0x000000070b200000| Untracked 
|  17|0x000000070b400000, 0x000000070b400000, 0x000000070b600000|  0%| F|  |TAMS 0x000000070b400000, 0x000000070b400000| Untracked 
|  18|0x000000070b600000, 0x000000070b600000, 0x000000070b800000|  0%| F|  |TAMS 0x000000070b600000, 0x000000070b600000| Untracked 
|  19|0x000000070b800000, 0x000000070b800000, 0x000000070ba00000|  0%| F|  |TAMS 0x000000070b800000, 0x000000070b800000| Untracked 
|  20|0x000000070ba00000, 0x000000070ba00000, 0x000000070bc00000|  0%| F|  |TAMS 0x000000070ba00000, 0x000000070ba00000| Untracked 
|  21|0x000000070bc00000, 0x000000070bc00000, 0x000000070be00000|  0%| F|  |TAMS 0x000000070bc00000, 0x000000070bc00000| Untracked 
|  22|0x000000070be00000, 0x000000070be00000, 0x000000070c000000|  0%| F|  |TAMS 0x000000070be00000, 0x000000070be00000| Untracked 
|  23|0x000000070c000000, 0x000000070c000000, 0x000000070c200000|  0%| F|  |TAMS 0x000000070c000000, 0x000000070c000000| Untracked 
|  24|0x000000070c200000, 0x000000070c200000, 0x000000070c400000|  0%| F|  |TAMS 0x000000070c200000, 0x000000070c200000| Untracked 
|  25|0x000000070c400000, 0x000000070c400000, 0x000000070c600000|  0%| F|  |TAMS 0x000000070c400000, 0x000000070c400000| Untracked 
|  26|0x000000070c600000, 0x000000070c600000, 0x000000070c800000|  0%| F|  |TAMS 0x000000070c600000, 0x000000070c600000| Untracked 
|  27|0x000000070c800000, 0x000000070c800000, 0x000000070ca00000|  0%| F|  |TAMS 0x000000070c800000, 0x000000070c800000| Untracked 
|  28|0x000000070ca00000, 0x000000070ca00000, 0x000000070cc00000|  0%| F|  |TAMS 0x000000070ca00000, 0x000000070ca00000| Untracked 
|  29|0x000000070cc00000, 0x000000070cc00000, 0x000000070ce00000|  0%| F|  |TAMS 0x000000070cc00000, 0x000000070cc00000| Untracked 
|  30|0x000000070ce00000, 0x000000070ce00000, 0x000000070d000000|  0%| F|  |TAMS 0x000000070ce00000, 0x000000070ce00000| Untracked 
|  31|0x000000070d000000, 0x000000070d000000, 0x000000070d200000|  0%| F|  |TAMS 0x000000070d000000, 0x000000070d000000| Untracked 
|  32|0x000000070d200000, 0x000000070d200000, 0x000000070d400000|  0%| F|  |TAMS 0x000000070d200000, 0x000000070d200000| Untracked 
|  33|0x000000070d400000, 0x000000070d400000, 0x000000070d600000|  0%| F|  |TAMS 0x000000070d400000, 0x000000070d400000| Untracked 
|  34|0x000000070d600000, 0x000000070d600000, 0x000000070d800000|  0%| F|  |TAMS 0x000000070d600000, 0x000000070d600000| Untracked 
|  35|0x000000070d800000, 0x000000070d800000, 0x000000070da00000|  0%| F|  |TAMS 0x000000070d800000, 0x000000070d800000| Untracked 
|  36|0x000000070da00000, 0x000000070da00000, 0x000000070dc00000|  0%| F|  |TAMS 0x000000070da00000, 0x000000070da00000| Untracked 
|  37|0x000000070dc00000, 0x000000070dc00000, 0x000000070de00000|  0%| F|  |TAMS 0x000000070dc00000, 0x000000070dc00000| Untracked 
|  38|0x000000070de00000, 0x000000070de00000, 0x000000070e000000|  0%| F|  |TAMS 0x000000070de00000, 0x000000070de00000| Untracked 
|  39|0x000000070e000000, 0x000000070e000000, 0x000000070e200000|  0%| F|  |TAMS 0x000000070e000000, 0x000000070e000000| Untracked 
|  40|0x000000070e200000, 0x000000070e200000, 0x000000070e400000|  0%| F|  |TAMS 0x000000070e200000, 0x000000070e200000| Untracked 
|  41|0x000000070e400000, 0x000000070e400000, 0x000000070e600000|  0%| F|  |TAMS 0x000000070e400000, 0x000000070e400000| Untracked 
|  42|0x000000070e600000, 0x000000070e600000, 0x000000070e800000|  0%| F|  |TAMS 0x000000070e600000, 0x000000070e600000| Untracked 
|  43|0x000000070e800000, 0x000000070e800000, 0x000000070ea00000|  0%| F|  |TAMS 0x000000070e800000, 0x000000070e800000| Untracked 
|  44|0x000000070ea00000, 0x000000070ea00000, 0x000000070ec00000|  0%| F|  |TAMS 0x000000070ea00000, 0x000000070ea00000| Untracked 
|  45|0x000000070ec00000, 0x000000070ec00000, 0x000000070ee00000|  0%| F|  |TAMS 0x000000070ec00000, 0x000000070ec00000| Untracked 
|  46|0x000000070ee00000, 0x000000070ee00000, 0x000000070f000000|  0%| F|  |TAMS 0x000000070ee00000, 0x000000070ee00000| Untracked 
|  47|0x000000070f000000, 0x000000070f000000, 0x000000070f200000|  0%| F|  |TAMS 0x000000070f000000, 0x000000070f000000| Untracked 
|  48|0x000000070f200000, 0x000000070f200000, 0x000000070f400000|  0%| F|  |TAMS 0x000000070f200000, 0x000000070f200000| Untracked 
|  49|0x000000070f400000, 0x000000070f400000, 0x000000070f600000|  0%| F|  |TAMS 0x000000070f400000, 0x000000070f400000| Untracked 
|  50|0x000000070f600000, 0x000000070f600000, 0x000000070f800000|  0%| F|  |TAMS 0x000000070f600000, 0x000000070f600000| Untracked 
|  51|0x000000070f800000, 0x000000070f800000, 0x000000070fa00000|  0%| F|  |TAMS 0x000000070f800000, 0x000000070f800000| Untracked 
|  52|0x000000070fa00000, 0x000000070fa00000, 0x000000070fc00000|  0%| F|  |TAMS 0x000000070fa00000, 0x000000070fa00000| Untracked 
|  53|0x000000070fc00000, 0x000000070fc00000, 0x000000070fe00000|  0%| F|  |TAMS 0x000000070fc00000, 0x000000070fc00000| Untracked 
|  54|0x000000070fe00000, 0x000000070fe00000, 0x0000000710000000|  0%| F|  |TAMS 0x000000070fe00000, 0x000000070fe00000| Untracked 
|  55|0x0000000710000000, 0x0000000710000000, 0x0000000710200000|  0%| F|  |TAMS 0x0000000710000000, 0x0000000710000000| Untracked 
|  56|0x0000000710200000, 0x0000000710200000, 0x0000000710400000|  0%| F|  |TAMS 0x0000000710200000, 0x0000000710200000| Untracked 
|  57|0x0000000710400000, 0x0000000710400000, 0x0000000710600000|  0%| F|  |TAMS 0x0000000710400000, 0x0000000710400000| Untracked 
|  58|0x0000000710600000, 0x0000000710600000, 0x0000000710800000|  0%| F|  |TAMS 0x0000000710600000, 0x0000000710600000| Untracked 
|  59|0x0000000710800000, 0x0000000710800000, 0x0000000710a00000|  0%| F|  |TAMS 0x0000000710800000, 0x0000000710800000| Untracked 
|  60|0x0000000710a00000, 0x0000000710a00000, 0x0000000710c00000|  0%| F|  |TAMS 0x0000000710a00000, 0x0000000710a00000| Untracked 
|  61|0x0000000710c00000, 0x0000000710c00000, 0x0000000710e00000|  0%| F|  |TAMS 0x0000000710c00000, 0x0000000710c00000| Untracked 
|  62|0x0000000710e00000, 0x0000000710e00000, 0x0000000711000000|  0%| F|  |TAMS 0x0000000710e00000, 0x0000000710e00000| Untracked 
|  63|0x0000000711000000, 0x0000000711000000, 0x0000000711200000|  0%| F|  |TAMS 0x0000000711000000, 0x0000000711000000| Untracked 
|  64|0x0000000711200000, 0x0000000711200000, 0x0000000711400000|  0%| F|  |TAMS 0x0000000711200000, 0x0000000711200000| Untracked 
|  65|0x0000000711400000, 0x0000000711400000, 0x0000000711600000|  0%| F|  |TAMS 0x0000000711400000, 0x0000000711400000| Untracked 
|  66|0x0000000711600000, 0x0000000711600000, 0x0000000711800000|  0%| F|  |TAMS 0x0000000711600000, 0x0000000711600000| Untracked 
|  67|0x0000000711800000, 0x0000000711800000, 0x0000000711a00000|  0%| F|  |TAMS 0x0000000711800000, 0x0000000711800000| Untracked 
|  68|0x0000000711a00000, 0x0000000711a00000, 0x0000000711c00000|  0%| F|  |TAMS 0x0000000711a00000, 0x0000000711a00000| Untracked 
|  69|0x0000000711c00000, 0x0000000711c00000, 0x0000000711e00000|  0%| F|  |TAMS 0x0000000711c00000, 0x0000000711c00000| Untracked 
|  70|0x0000000711e00000, 0x0000000711e00000, 0x0000000712000000|  0%| F|  |TAMS 0x0000000711e00000, 0x0000000711e00000| Untracked 
|  71|0x0000000712000000, 0x0000000712000000, 0x0000000712200000|  0%| F|  |TAMS 0x0000000712000000, 0x0000000712000000| Untracked 
|  72|0x0000000712200000, 0x0000000712200000, 0x0000000712400000|  0%| F|  |TAMS 0x0000000712200000, 0x0000000712200000| Untracked 
|  73|0x0000000712400000, 0x0000000712400000, 0x0000000712600000|  0%| F|  |TAMS 0x0000000712400000, 0x0000000712400000| Untracked 
|  74|0x0000000712600000, 0x0000000712600000, 0x0000000712800000|  0%| F|  |TAMS 0x0000000712600000, 0x0000000712600000| Untracked 
|  75|0x0000000712800000, 0x0000000712800000, 0x0000000712a00000|  0%| F|  |TAMS 0x0000000712800000, 0x0000000712800000| Untracked 
|  76|0x0000000712a00000, 0x0000000712a00000, 0x0000000712c00000|  0%| F|  |TAMS 0x0000000712a00000, 0x0000000712a00000| Untracked 
|  77|0x0000000712c00000, 0x0000000712c00000, 0x0000000712e00000|  0%| F|  |TAMS 0x0000000712c00000, 0x0000000712c00000| Untracked 
|  78|0x0000000712e00000, 0x0000000712e00000, 0x0000000713000000|  0%| F|  |TAMS 0x0000000712e00000, 0x0000000712e00000| Untracked 
|  79|0x0000000713000000, 0x0000000713000000, 0x0000000713200000|  0%| F|  |TAMS 0x0000000713000000, 0x0000000713000000| Untracked 
|  80|0x0000000713200000, 0x0000000713200000, 0x0000000713400000|  0%| F|  |TAMS 0x0000000713200000, 0x0000000713200000| Untracked 
|  81|0x0000000713400000, 0x0000000713400000, 0x0000000713600000|  0%| F|  |TAMS 0x0000000713400000, 0x0000000713400000| Untracked 
|  82|0x0000000713600000, 0x0000000713600000, 0x0000000713800000|  0%| F|  |TAMS 0x0000000713600000, 0x0000000713600000| Untracked 
|  83|0x0000000713800000, 0x0000000713800000, 0x0000000713a00000|  0%| F|  |TAMS 0x0000000713800000, 0x0000000713800000| Untracked 
|  84|0x0000000713a00000, 0x0000000713a00000, 0x0000000713c00000|  0%| F|  |TAMS 0x0000000713a00000, 0x0000000713a00000| Untracked 
|  85|0x0000000713c00000, 0x0000000713c00000, 0x0000000713e00000|  0%| F|  |TAMS 0x0000000713c00000, 0x0000000713c00000| Untracked 
|  86|0x0000000713e00000, 0x0000000713e00000, 0x0000000714000000|  0%| F|  |TAMS 0x0000000713e00000, 0x0000000713e00000| Untracked 
|  87|0x0000000714000000, 0x0000000714000000, 0x0000000714200000|  0%| F|  |TAMS 0x0000000714000000, 0x0000000714000000| Untracked 
|  88|0x0000000714200000, 0x0000000714200000, 0x0000000714400000|  0%| F|  |TAMS 0x0000000714200000, 0x0000000714200000| Untracked 
|  89|0x0000000714400000, 0x0000000714400000, 0x0000000714600000|  0%| F|  |TAMS 0x0000000714400000, 0x0000000714400000| Untracked 
|  90|0x0000000714600000, 0x0000000714600000, 0x0000000714800000|  0%| F|  |TAMS 0x0000000714600000, 0x0000000714600000| Untracked 
|  91|0x0000000714800000, 0x0000000714800000, 0x0000000714a00000|  0%| F|  |TAMS 0x0000000714800000, 0x0000000714800000| Untracked 
|  92|0x0000000714a00000, 0x0000000714a00000, 0x0000000714c00000|  0%| F|  |TAMS 0x0000000714a00000, 0x0000000714a00000| Untracked 
|  93|0x0000000714c00000, 0x0000000714c00000, 0x0000000714e00000|  0%| F|  |TAMS 0x0000000714c00000, 0x0000000714c00000| Untracked 
|  94|0x0000000714e00000, 0x0000000714e00000, 0x0000000715000000|  0%| F|  |TAMS 0x0000000714e00000, 0x0000000714e00000| Untracked 
|  95|0x0000000715000000, 0x0000000715000000, 0x0000000715200000|  0%| F|  |TAMS 0x0000000715000000, 0x0000000715000000| Untracked 
|  96|0x0000000715200000, 0x0000000715200000, 0x0000000715400000|  0%| F|  |TAMS 0x0000000715200000, 0x0000000715200000| Untracked 
|  97|0x0000000715400000, 0x0000000715400000, 0x0000000715600000|  0%| F|  |TAMS 0x0000000715400000, 0x0000000715400000| Untracked 
|  98|0x0000000715600000, 0x0000000715600000, 0x0000000715800000|  0%| F|  |TAMS 0x0000000715600000, 0x0000000715600000| Untracked 
|  99|0x0000000715800000, 0x0000000715800000, 0x0000000715a00000|  0%| F|  |TAMS 0x0000000715800000, 0x0000000715800000| Untracked 
| 100|0x0000000715a00000, 0x0000000715c00000, 0x0000000715c00000|100%| S|CS|TAMS 0x0000000715a00000, 0x0000000715a00000| Complete 
| 101|0x0000000715c00000, 0x0000000715e00000, 0x0000000715e00000|100%| S|CS|TAMS 0x0000000715c00000, 0x0000000715c00000| Complete 
| 102|0x0000000715e00000, 0x0000000716000000, 0x0000000716000000|100%| S|CS|TAMS 0x0000000715e00000, 0x0000000715e00000| Complete 
| 103|0x0000000716000000, 0x0000000716000000, 0x0000000716200000|  0%| F|  |TAMS 0x0000000716000000, 0x0000000716000000| Untracked 
| 104|0x0000000716200000, 0x0000000716200000, 0x0000000716400000|  0%| F|  |TAMS 0x0000000716200000, 0x0000000716200000| Untracked 
| 105|0x0000000716400000, 0x0000000716400000, 0x0000000716600000|  0%| F|  |TAMS 0x0000000716400000, 0x0000000716400000| Untracked 
| 106|0x0000000716600000, 0x0000000716600000, 0x0000000716800000|  0%| F|  |TAMS 0x0000000716600000, 0x0000000716600000| Untracked 
| 107|0x0000000716800000, 0x0000000716800000, 0x0000000716a00000|  0%| F|  |TAMS 0x0000000716800000, 0x0000000716800000| Untracked 
| 108|0x0000000716a00000, 0x0000000716a00000, 0x0000000716c00000|  0%| F|  |TAMS 0x0000000716a00000, 0x0000000716a00000| Untracked 
| 109|0x0000000716c00000, 0x0000000716c00000, 0x0000000716e00000|  0%| F|  |TAMS 0x0000000716c00000, 0x0000000716c00000| Untracked 
| 110|0x0000000716e00000, 0x0000000716e00000, 0x0000000717000000|  0%| F|  |TAMS 0x0000000716e00000, 0x0000000716e00000| Untracked 
| 111|0x0000000717000000, 0x0000000717000000, 0x0000000717200000|  0%| F|  |TAMS 0x0000000717000000, 0x0000000717000000| Untracked 
| 112|0x0000000717200000, 0x0000000717200000, 0x0000000717400000|  0%| F|  |TAMS 0x0000000717200000, 0x0000000717200000| Untracked 
| 113|0x0000000717400000, 0x0000000717400000, 0x0000000717600000|  0%| F|  |TAMS 0x0000000717400000, 0x0000000717400000| Untracked 
| 114|0x0000000717600000, 0x0000000717600000, 0x0000000717800000|  0%| F|  |TAMS 0x0000000717600000, 0x0000000717600000| Untracked 
| 115|0x0000000717800000, 0x0000000717800000, 0x0000000717a00000|  0%| F|  |TAMS 0x0000000717800000, 0x0000000717800000| Untracked 
| 116|0x0000000717a00000, 0x0000000717a00000, 0x0000000717c00000|  0%| F|  |TAMS 0x0000000717a00000, 0x0000000717a00000| Untracked 
| 117|0x0000000717c00000, 0x0000000717c00000, 0x0000000717e00000|  0%| F|  |TAMS 0x0000000717c00000, 0x0000000717c00000| Untracked 
| 118|0x0000000717e00000, 0x0000000717e00000, 0x0000000718000000|  0%| F|  |TAMS 0x0000000717e00000, 0x0000000717e00000| Untracked 
| 119|0x0000000718000000, 0x0000000718000000, 0x0000000718200000|  0%| F|  |TAMS 0x0000000718000000, 0x0000000718000000| Untracked 
| 120|0x0000000718200000, 0x0000000718200000, 0x0000000718400000|  0%| F|  |TAMS 0x0000000718200000, 0x0000000718200000| Untracked 
| 121|0x0000000718400000, 0x0000000718400000, 0x0000000718600000|  0%| F|  |TAMS 0x0000000718400000, 0x0000000718400000| Untracked 
| 122|0x0000000718600000, 0x0000000718700800, 0x0000000718800000| 50%| E|  |TAMS 0x0000000718600000, 0x0000000718600000| Complete 
| 123|0x0000000718800000, 0x0000000718a00000, 0x0000000718a00000|100%| E|CS|TAMS 0x0000000718800000, 0x0000000718800000| Complete 

Card table byte_map: [0x00000243b68d0000,0x00000243b7090000] _byte_map_base: 0x00000243b3087000

Marking Bits (Prev, Next): (CMBitMap*) 0x000002439ee00070, (CMBitMap*) 0x000002439ee000b0
 Prev Bits: [0x00000243b7850000, 0x00000243bb608000)
 Next Bits: [0x00000243bb610000, 0x00000243bf3c8000)

Polling page: 0x000002439e590000

Metaspace:

Usage:
  Non-class:     11.89 MB used.
      Class:      1.83 MB used.
       Both:     13.72 MB used.

Virtual space:
  Non-class space:       16.00 MB reserved,      12.06 MB ( 75%) committed,  2 nodes.
      Class space:        1.00 GB reserved,       1.94 MB ( <1%) committed,  1 nodes.
             Both:        1.02 GB reserved,      14.00 MB (  1%) committed. 

Chunk freelists:
   Non-Class:  3.48 MB
       Class:  2.07 MB
        Both:  5.56 MB

MaxMetaspaceSize: unlimited
CompressedClassSpaceSize: 1.00 GB
Initial GC threshold: 21.00 MB
Current GC threshold: 21.00 MB
CDS: on
MetaspaceReclaimPolicy: balanced
 - commit_granule_bytes: 65536.
 - commit_granule_words: 8192.
 - virtual_space_node_default_size: 1048576.
 - enlarge_chunks_in_place: 1.
 - new_chunks_are_fully_committed: 0.
 - uncommit_free_chunks: 1.
 - use_allocation_guard: 0.
 - handle_deallocations: 1.


Internal statistics:

num_allocs_failed_limit: 0.
num_arena_births: 198.
num_arena_deaths: 0.
num_vsnodes_births: 3.
num_vsnodes_deaths: 0.
num_space_committed: 224.
num_space_uncommitted: 0.
num_chunks_returned_to_freelist: 0.
num_chunks_taken_from_freelist: 599.
num_chunk_merges: 0.
num_chunk_splits: 412.
num_chunks_enlarged: 324.
num_purges: 0.
num_inconsistent_stats: 0.

CodeHeap 'non-profiled nmethods': size=119168Kb used=920Kb max_used=920Kb free=118247Kb
 bounds [0x00000243ae420000, 0x00000243ae690000, 0x00000243b5880000]
CodeHeap 'profiled nmethods': size=119104Kb used=4095Kb max_used=4095Kb free=115008Kb
 bounds [0x00000243a6fd0000, 0x00000243a73d0000, 0x00000243ae420000]
CodeHeap 'non-nmethods': size=7488Kb used=1428Kb max_used=3191Kb free=6059Kb
 bounds [0x00000243a6880000, 0x00000243a6bf0000, 0x00000243a6fd0000]
 total_blobs=3010 nmethods=2215 adapters=707
 compilation: enabled
              stopped_count=0, restarted_count=0
 full_count=0

Compilation events (20 events):
Event: 7.981 Thread 0x00000243c308b120 2205       1       javafx.scene.layout.CornerRadii::getBottomLeftVerticalRadius (5 bytes)
Event: 7.981 Thread 0x00000243c2440c80 nmethod 2203 0x00000243ae503410 code [0x00000243ae5035a0, 0x00000243ae503678]
Event: 7.981 Thread 0x00000243c308aa80 nmethod 2202 0x00000243ae503710 code [0x00000243ae5038a0, 0x00000243ae503978]
Event: 7.981 Thread 0x00000243c2440c80 2206       1       javafx.scene.layout.CornerRadii::getBottomLeftHorizontalRadius (5 bytes)
Event: 7.981 Thread 0x00000243c315d860 nmethod 2204 0x00000243ae503a10 code [0x00000243ae503ba0, 0x00000243ae503c78]
Event: 7.981 Thread 0x00000243c308b120 nmethod 2205 0x00000243ae503d10 code [0x00000243ae503ea0, 0x00000243ae503f78]
Event: 7.981 Thread 0x00000243c2440c80 nmethod 2206 0x00000243ae504010 code [0x00000243ae5041a0, 0x00000243ae504278]
Event: 7.983 Thread 0x00000243c308b120 2207       1       com.sun.prism.impl.BaseGraphics::getCameraNoClone (5 bytes)
Event: 7.983 Thread 0x00000243c2440c80 2208       1       com.sun.prism.impl.BaseGraphics::isState3D (5 bytes)
Event: 7.983 Thread 0x00000243c308b120 nmethod 2207 0x00000243ae504310 code [0x00000243ae5044a0, 0x00000243ae504578]
Event: 7.983 Thread 0x00000243c2440c80 nmethod 2208 0x00000243ae504610 code [0x00000243ae5047a0, 0x00000243ae504878]
Event: 7.983 Thread 0x00000243c308b120 2209       3       java.util.concurrent.locks.AbstractQueuedSynchronizer$ConditionNode::isReleasable (23 bytes)
Event: 7.983 Thread 0x00000243c308b120 nmethod 2209 0x00000243a73cb210 code [0x00000243a73cb3a0, 0x00000243a73cb618]
Event: 86.652 Thread 0x00000243c243aca0 2210       4       com.sun.javafx.tk.quantum.QuantumToolkit::postPulse (133 bytes)
Event: 86.654 Thread 0x00000243c243aca0 nmethod 2210 0x00000243ae504910 code [0x00000243ae504ae0, 0x00000243ae505088]
Event: 86.732 Thread 0x00000243c243aca0 2211       4       com.sun.javafx.tk.quantum.QuantumToolkit$$Lambda$104/0x0000000800c38678::run (8 bytes)
Event: 86.734 Thread 0x00000243c243aca0 nmethod 2211 0x00000243ae505410 code [0x00000243ae5055e0, 0x00000243ae505bb0]
Event: 114.979 Thread 0x00000243c2440c80 2212   !   3       java.lang.ref.ReferenceQueue::remove (125 bytes)
Event: 114.979 Thread 0x00000243c2440c80 nmethod 2212 0x00000243a73cb710 code [0x00000243a73cb920, 0x00000243a73cc0b8]
Event: 114.979 Thread 0x00000243c2440c80 2217   !   3       java.util.concurrent.ConcurrentHashMap::replaceNode (437 bytes)

GC Heap History (4 events):
Event: 0.731 GC heap before
{Heap before GC invocations=0 (full 0):
 garbage-first heap   total 253952K, used 20480K [0x0000000709200000, 0x0000000800000000)
  region size 2048K, 11 young (22528K), 0 survivors (0K)
 Metaspace       used 4498K, committed 4736K, reserved 1056768K
  class space    used 487K, committed 576K, reserved 1048576K
}
Event: 0.734 GC heap after
{Heap after GC invocations=1 (full 0):
 garbage-first heap   total 253952K, used 3062K [0x0000000709200000, 0x0000000800000000)
  region size 2048K, 2 young (4096K), 2 survivors (4096K)
 Metaspace       used 4498K, committed 4736K, reserved 1056768K
  class space    used 487K, committed 576K, reserved 1048576K
}
Event: 114.973 GC heap before
{Heap before GC invocations=1 (full 0):
 garbage-first heap   total 253952K, used 68598K [0x0000000709200000, 0x0000000800000000)
  region size 2048K, 21 young (43008K), 2 survivors (4096K)
 Metaspace       used 14040K, committed 14272K, reserved 1064960K
  class space    used 1874K, committed 1984K, reserved 1048576K
}
Event: 114.978 GC heap after
{Heap after GC invocations=2 (full 0):
 garbage-first heap   total 253952K, used 35482K [0x0000000709200000, 0x0000000800000000)
  region size 2048K, 3 young (6144K), 3 survivors (6144K)
 Metaspace       used 14040K, committed 14272K, reserved 1064960K
  class space    used 1874K, committed 1984K, reserved 1048576K
}

Deoptimization events (20 events):
Event: 6.355 Thread 0x00000243c3cef7e0 DEOPT PACKING pc=0x00000243a736d6ca sp=0x000000e58b1fddb0
Event: 6.355 Thread 0x00000243c3cef7e0 DEOPT UNPACKING pc=0x00000243a68d2b43 sp=0x000000e58b1fd1e8 mode 0
Event: 6.356 Thread 0x00000243c3cef7e0 DEOPT PACKING pc=0x00000243a736d6ca sp=0x000000e58b1fddb0
Event: 6.356 Thread 0x00000243c3cef7e0 DEOPT UNPACKING pc=0x00000243a68d2b43 sp=0x000000e58b1fd1e8 mode 0
Event: 6.357 Thread 0x00000243c3cef7e0 DEOPT PACKING pc=0x00000243a736d6ca sp=0x000000e58b1fddb0
Event: 6.357 Thread 0x00000243c3cef7e0 DEOPT UNPACKING pc=0x00000243a68d2b43 sp=0x000000e58b1fd1e8 mode 0
Event: 6.676 Thread 0x00000243c3cef7e0 DEOPT PACKING pc=0x00000243a736db6c sp=0x000000e58b1fddb0
Event: 6.676 Thread 0x00000243c3cef7e0 DEOPT UNPACKING pc=0x00000243a68d2b43 sp=0x000000e58b1fd1e8 mode 0
Event: 6.676 Thread 0x00000243c3cef7e0 DEOPT PACKING pc=0x00000243a736d6ca sp=0x000000e58b1fddb0
Event: 6.676 Thread 0x00000243c3cef7e0 DEOPT UNPACKING pc=0x00000243a68d2b43 sp=0x000000e58b1fd1e8 mode 0
Event: 6.677 Thread 0x00000243c3cef7e0 DEOPT PACKING pc=0x00000243a736d6ca sp=0x000000e58b1fddb0
Event: 6.677 Thread 0x00000243c3cef7e0 DEOPT UNPACKING pc=0x00000243a68d2b43 sp=0x000000e58b1fd1e8 mode 0
Event: 6.679 Thread 0x00000243c3cef7e0 DEOPT PACKING pc=0x00000243a736d6ca sp=0x000000e58b1fddb0
Event: 6.679 Thread 0x00000243c3cef7e0 DEOPT UNPACKING pc=0x00000243a68d2b43 sp=0x000000e58b1fd1e8 mode 0
Event: 6.679 Thread 0x00000243c3cef7e0 DEOPT PACKING pc=0x00000243a736d6ca sp=0x000000e58b1fddb0
Event: 6.679 Thread 0x00000243c3cef7e0 DEOPT UNPACKING pc=0x00000243a68d2b43 sp=0x000000e58b1fd1e8 mode 0
Event: 6.750 Thread 0x00000243c3d75f50 Uncommon trap: trap_request=0xffffff45 fr.pc=0x00000243ae42cb38 relative=0x0000000000000038
Event: 6.750 Thread 0x00000243c3d75f50 Uncommon trap: reason=unstable_if action=reinterpret pc=0x00000243ae42cb38 method=java.util.Objects.requireNonNull(Ljava/lang/Object;)Ljava/lang/Object; @ 1 c2
Event: 6.750 Thread 0x00000243c3d75f50 DEOPT PACKING pc=0x00000243ae42cb38 sp=0x000000e58b8fc4d0
Event: 6.750 Thread 0x00000243c3d75f50 DEOPT UNPACKING pc=0x00000243a68d23a3 sp=0x000000e58b8fc470 mode 2

Classes unloaded (0 events):
No events

Classes redefined (0 events):
No events

Internal exceptions (20 events):
Event: 5.365 Thread 0x00000243c3d75f50 Exception <a 'java/lang/ClassNotFoundException'{0x0000000717a7d9d0}: com/sun/glass/ui/win/themes> (0x0000000717a7d9d0) 
thrown [e:\jenkins\tmp\workspace\build\src\src\hotspot\share\prims\jni.cpp, line 535]
Event: 5.366 Thread 0x00000243c3d75f50 Exception <a 'java/lang/ClassNotFoundException'{0x0000000717a85c68}: com/sun/glass/ui/win/themes_en> (0x0000000717a85c68) 
thrown [e:\jenkins\tmp\workspace\build\src\src\hotspot\share\prims\jni.cpp, line 535]
Event: 5.366 Thread 0x00000243c3d75f50 Exception <a 'java/lang/ClassNotFoundException'{0x0000000717a8e200}: com/sun/glass/ui/win/themes_en_GB> (0x0000000717a8e200) 
thrown [e:\jenkins\tmp\workspace\build\src\src\hotspot\share\prims\jni.cpp, line 535]
Event: 5.429 Thread 0x00000243c3d75f50 Exception <a 'java/lang/NoSuchMethodError'{0x000000071779ee18}: 'void java.lang.invoke.DirectMethodHandle$Holder.invokeStaticInit(java.lang.Object, java.lang.Object)'> (0x000000071779ee18) 
thrown [e:\jenkins\tmp\workspace\build\src\src\hotspot\share\interpreter\linkResolver.cpp, line 766]
Event: 5.503 Thread 0x00000243c3d75f50 Implicit null exception at 0x00000243ae4986d8 to 0x00000243ae49876e
Event: 5.508 Thread 0x00000243c3d75f50 Implicit null exception at 0x00000243ae4a378b to 0x00000243ae4a3d80
Event: 5.518 Thread 0x00000243c3d75f50 Implicit null exception at 0x00000243ae49f68f to 0x00000243ae49fad8
Event: 5.519 Thread 0x00000243c3d75f50 Implicit null exception at 0x00000243ae44420f to 0x00000243ae444289
Event: 5.629 Thread 0x00000243c3d75f50 Exception <a 'java/lang/NoSuchMethodError'{0x00000007169253f8}: 'java.lang.Object java.lang.invoke.DirectMethodHandle$Holder.invokeInterface(java.lang.Object, java.lang.Object, java.lang.Object)'> (0x00000007169253f8) 
thrown [e:\jenkins\tmp\workspace\build\src\src\hotspot\share\interpreter\linkResolver.cpp, line 766]
Event: 5.629 Thread 0x00000243c3d75f50 Exception <a 'java/lang/IncompatibleClassChangeError'{0x0000000716928d80}: Found class java.lang.Object, but interface was expected> (0x0000000716928d80) 
thrown [e:\jenkins\tmp\workspace\build\src\src\hotspot\share\interpreter\linkResolver.cpp, line 833]
Event: 5.687 Thread 0x00000243c3d75f50 Exception <a 'java/lang/NoSuchMethodError'{0x0000000716712380}: 'java.lang.Object java.lang.invoke.DirectMethodHandle$Holder.newInvokeSpecial(java.lang.Object, java.lang.Object, int)'> (0x0000000716712380) 
thrown [e:\jenkins\tmp\workspace\build\src\src\hotspot\share\interpreter\linkResolver.cpp, line 766]
Event: 5.712 Thread 0x00000243c3cef7e0 Exception <a 'java/lang/NoSuchMethodError'{0x00000007167c8b30}: 'int java.lang.invoke.DirectMethodHandle$Holder.invokeStaticInit(java.lang.Object, java.lang.Object)'> (0x00000007167c8b30) 
thrown [e:\jenkins\tmp\workspace\build\src\src\hotspot\share\interpreter\linkResolver.cpp, line 766]
Event: 6.670 Thread 0x00000243c3d75f50 Exception <a 'java/lang/NoSuchMethodError'{0x000000071639e8b8}: 'long java.lang.invoke.DirectMethodHandle$Holder.invokeStatic(java.lang.Object, java.lang.Object, java.lang.Object)'> (0x000000071639e8b8) 
thrown [e:\jenkins\tmp\workspace\build\src\src\hotspot\share\interpreter\linkResolver.cpp, line 766]
Event: 6.670 Thread 0x00000243c3d75f50 Exception <a 'java/lang/NoSuchMethodError'{0x00000007163a2060}: 'long java.lang.invoke.DirectMethodHandle$Holder.invokeStaticInit(java.lang.Object, java.lang.Object, java.lang.Object)'> (0x00000007163a2060) 
thrown [e:\jenkins\tmp\workspace\build\src\src\hotspot\share\interpreter\linkResolver.cpp, line 766]
Event: 6.673 Thread 0x00000243c3d75f50 Exception <a 'java/lang/NoSuchMethodError'{0x00000007163ba180}: 'java.lang.Object java.lang.invoke.DirectMethodHandle$Holder.newInvokeSpecial(java.lang.Object, java.lang.Object, long)'> (0x00000007163ba180) 
thrown [e:\jenkins\tmp\workspace\build\src\src\hotspot\share\interpreter\linkResolver.cpp, line 766]
Event: 6.673 Thread 0x00000243c3d75f50 Exception <a 'java/lang/NoSuchMethodError'{0x00000007163bdcf0}: 'java.lang.Object java.lang.invoke.Invokers$Holder.linkToTargetMethod(java.lang.Object, long, java.lang.Object)'> (0x00000007163bdcf0) 
thrown [e:\jenkins\tmp\workspace\build\src\src\hotspot\share\interpreter\linkResolver.cpp, line 766]
Event: 6.750 Thread 0x00000243c3d75f50 Exception <a 'sun/nio/fs/WindowsException'{0x00000007163c98b8}> (0x00000007163c98b8) 
thrown [e:\jenkins\tmp\workspace\build\src\src\hotspot\share\prims\jni.cpp, line 516]
Event: 6.750 Thread 0x00000243c3d75f50 Exception <a 'java/lang/reflect/InvocationTargetException'{0x00000007163ca690}> (0x00000007163ca690) 
thrown [e:\jenkins\tmp\workspace\build\src\src\hotspot\share\runtime\reflection.cpp, line 1121]
Event: 7.537 Thread 0x00000243c3d75f50 Exception <a 'sun/nio/fs/WindowsException'{0x00000007163eb570}> (0x00000007163eb570) 
thrown [e:\jenkins\tmp\workspace\build\src\src\hotspot\share\prims\jni.cpp, line 516]
Event: 7.537 Thread 0x00000243c3d75f50 Exception <a 'java/lang/reflect/InvocationTargetException'{0x00000007163ec348}> (0x00000007163ec348) 
thrown [e:\jenkins\tmp\workspace\build\src\src\hotspot\share\runtime\reflection.cpp, line 1121]

VM Operations (20 events):
Event: 0.731 Executing VM operation: G1CollectForAllocation
Event: 0.734 Executing VM operation: G1CollectForAllocation done
Event: 2.734 Executing VM operation: Cleanup
Event: 2.734 Executing VM operation: Cleanup done
Event: 5.055 Executing VM operation: HandshakeAllThreads
Event: 5.056 Executing VM operation: HandshakeAllThreads done
Event: 5.388 Executing VM operation: HandshakeAllThreads
Event: 5.388 Executing VM operation: HandshakeAllThreads done
Event: 5.388 Executing VM operation: Cleanup
Event: 5.388 Executing VM operation: Cleanup done
Event: 5.660 Executing VM operation: ICBufferFull
Event: 5.660 Executing VM operation: ICBufferFull done
Event: 6.660 Executing VM operation: Cleanup
Event: 6.660 Executing VM operation: Cleanup done
Event: 7.660 Executing VM operation: Cleanup
Event: 7.660 Executing VM operation: Cleanup done
Event: 9.660 Executing VM operation: Cleanup
Event: 9.661 Executing VM operation: Cleanup done
Event: 114.973 Executing VM operation: G1CollectForAllocation
Event: 114.979 Executing VM operation: G1CollectForAllocation done

Events (20 events):
Event: 6.282 Thread 0x00000243c446b7d0 Thread exited: 0x00000243c446b7d0
Event: 6.655 loading class java/io/UnsupportedEncodingException
Event: 6.655 loading class java/io/UnsupportedEncodingException done
Event: 6.751 loading class java/lang/Throwable$WrappedPrintStream
Event: 6.751 loading class java/lang/Throwable$PrintStreamOrWriter
Event: 6.751 loading class java/lang/Throwable$PrintStreamOrWriter done
Event: 6.751 loading class java/lang/Throwable$WrappedPrintStream done
Event: 12.983 Thread 0x00000243c308aa80 Thread exited: 0x00000243c308aa80
Event: 12.983 Thread 0x00000243c315d860 Thread exited: 0x00000243c315d860
Event: 17.983 Thread 0x00000243c308b120 Thread exited: 0x00000243c308b120
Event: 114.972 loading class jdk/internal/misc/Signal$1
Event: 114.972 loading class jdk/internal/misc/Signal$1 done
Event: 114.973 Thread 0x00000243c396e9c0 Thread added: 0x00000243c396e9c0
Event: 114.973 Thread 0x00000243c396c810 Thread added: 0x00000243c396c810
Event: 114.973 Thread 0x00000243c396be70 Thread added: 0x00000243c396be70
Event: 114.973 Thread 0x00000243c396cce0 Thread added: 0x00000243c396cce0
Event: 114.973 Thread 0x00000243c396ee90 Thread added: 0x00000243c396ee90
Event: 114.979 Thread 0x00000243c396c810 Thread exited: 0x00000243c396c810
Event: 114.979 Thread 0x00000243c396ee90 Thread exited: 0x00000243c396ee90
Event: 114.980 Thread 0x00000243c396cce0 Thread exited: 0x00000243c396cce0


Dynamic libraries:
0x00007ff770e70000 - 0x00007ff770e7e000 	C:\Program Files\Eclipse Adoptium\jdk-17.0.1.12-hotspot\bin\java.exe
0x00007ff801ab0000 - 0x00007ff801ca5000 	C:\Windows\SYSTEM32\ntdll.dll
0x00007ff8009b0000 - 0x00007ff800a6e000 	C:\Windows\System32\KERNEL32.DLL
0x00007fffff280000 - 0x00007fffff548000 	C:\Windows\System32\KERNELBASE.dll
0x00007fffff980000 - 0x00007fffffa80000 	C:\Windows\System32\ucrtbase.dll
0x00007ffffad10000 - 0x00007ffffad29000 	C:\Program Files\Eclipse Adoptium\jdk-17.0.1.12-hotspot\bin\VCRUNTIME140.dll
0x00007ffff8a90000 - 0x00007ffff8aa8000 	C:\Program Files\Eclipse Adoptium\jdk-17.0.1.12-hotspot\bin\jli.dll
0x00007ff800380000 - 0x00007ff800520000 	C:\Windows\System32\USER32.dll
0x00007fffea470000 - 0x00007fffea70a000 	C:\Windows\WinSxS\amd64_microsoft.windows.common-controls_6595b64144ccf1df_6.0.19041.1110_none_60b5254171f9507e\COMCTL32.dll
0x00007fffff5e0000 - 0x00007fffff602000 	C:\Windows\System32\win32u.dll
0x00007ff800170000 - 0x00007ff80020e000 	C:\Windows\System32\msvcrt.dll
0x00007ff800030000 - 0x00007ff80005a000 	C:\Windows\System32\GDI32.dll
0x00007fffff6c0000 - 0x00007fffff7cb000 	C:\Windows\System32\gdi32full.dll
0x00007fffff1e0000 - 0x00007fffff27d000 	C:\Windows\System32\msvcp_win.dll
0x00007ff800210000 - 0x00007ff800240000 	C:\Windows\System32\IMM32.DLL
0x00007ffffad00000 - 0x00007ffffad0c000 	C:\Program Files\Eclipse Adoptium\jdk-17.0.1.12-hotspot\bin\vcruntime140_1.dll
0x00007fffeec50000 - 0x00007fffeece1000 	C:\Program Files\Eclipse Adoptium\jdk-17.0.1.12-hotspot\bin\msvcp140.dll
0x00007fff744e0000 - 0x00007fff75126000 	C:\Program Files\Eclipse Adoptium\jdk-17.0.1.12-hotspot\bin\server\jvm.dll
0x00007fffffaf0000 - 0x00007fffffb9e000 	C:\Windows\System32\ADVAPI32.dll
0x00007ff8011d0000 - 0x00007ff80126c000 	C:\Windows\System32\sechost.dll
0x00007ff800880000 - 0x00007ff8009a5000 	C:\Windows\System32\RPCRT4.dll
0x00007ff8011c0000 - 0x00007ff8011c8000 	C:\Windows\System32\PSAPI.DLL
0x00007ffff9690000 - 0x00007ffff96b7000 	C:\Windows\SYSTEM32\WINMM.dll
0x00007fffe6270000 - 0x00007fffe6279000 	C:\Windows\SYSTEM32\WSOCK32.dll
0x00007ffff8750000 - 0x00007ffff875a000 	C:\Windows\SYSTEM32\VERSION.dll
0x00007ff801350000 - 0x00007ff8013bb000 	C:\Windows\System32\WS2_32.dll
0x00007ffffda70000 - 0x00007ffffda82000 	C:\Windows\SYSTEM32\kernel.appcore.dll
0x00007fffface0000 - 0x00007ffffacea000 	C:\Program Files\Eclipse Adoptium\jdk-17.0.1.12-hotspot\bin\jimage.dll
0x00007ffffd7f0000 - 0x00007ffffd9d4000 	C:\Windows\SYSTEM32\DBGHELP.DLL
0x00007ffff3d90000 - 0x00007ffff3dbc000 	C:\Windows\SYSTEM32\dbgcore.DLL
0x00007fffff550000 - 0x00007fffff5d2000 	C:\Windows\System32\bcryptPrimitives.dll
0x00007ffffa540000 - 0x00007ffffa54e000 	C:\Program Files\Eclipse Adoptium\jdk-17.0.1.12-hotspot\bin\instrument.dll
0x00007ffff0bf0000 - 0x00007ffff0c15000 	C:\Program Files\Eclipse Adoptium\jdk-17.0.1.12-hotspot\bin\java.dll
0x00007fffeeb70000 - 0x00007fffeec46000 	C:\Program Files\Eclipse Adoptium\jdk-17.0.1.12-hotspot\bin\svml.dll
0x00007ff800a70000 - 0x00007ff8011b4000 	C:\Windows\System32\SHELL32.dll
0x00007ffffcf90000 - 0x00007ffffd724000 	C:\Windows\SYSTEM32\windows.storage.dll
0x00007ff800520000 - 0x00007ff800874000 	C:\Windows\System32\combase.dll
0x00007ffffec30000 - 0x00007ffffec5c000 	C:\Windows\SYSTEM32\Wldp.dll
0x00007ff801890000 - 0x00007ff80193d000 	C:\Windows\System32\SHCORE.dll
0x00007ff8013c0000 - 0x00007ff801415000 	C:\Windows\System32\shlwapi.dll
0x00007fffff100000 - 0x00007fffff11f000 	C:\Windows\SYSTEM32\profapi.dll
0x00007ffff4850000 - 0x00007ffff4869000 	C:\Program Files\Eclipse Adoptium\jdk-17.0.1.12-hotspot\bin\net.dll
0x00007ffffa6e0000 - 0x00007ffffa7ea000 	C:\Windows\SYSTEM32\WINHTTP.dll
0x00007ffffe990000 - 0x00007ffffe9fa000 	C:\Windows\system32\mswsock.dll
0x00007ffff0930000 - 0x00007ffff0945000 	C:\Program Files\Eclipse Adoptium\jdk-17.0.1.12-hotspot\bin\nio.dll
0x00007ffff07d0000 - 0x00007ffff07e8000 	C:\Program Files\Eclipse Adoptium\jdk-17.0.1.12-hotspot\bin\zip.dll
0x00007ffff07b0000 - 0x00007ffff07ca000 	C:\Program Files\JetBrains\IntelliJ IDEA 2021.2.3\bin\breakgen64.dll
0x000002439ed20000 - 0x000002439ed23000 	C:\Users\nbalj\.openjfx\cache\17.0.0.1\api-ms-win-core-console-l1-1-0.dll
0x000002439ed30000 - 0x000002439ed33000 	C:\Users\nbalj\.openjfx\cache\17.0.0.1\api-ms-win-core-console-l1-2-0.dll
0x000002439ed40000 - 0x000002439ed43000 	C:\Users\nbalj\.openjfx\cache\17.0.0.1\api-ms-win-core-datetime-l1-1-0.dll
0x000002439ed50000 - 0x000002439ed53000 	C:\Users\nbalj\.openjfx\cache\17.0.0.1\api-ms-win-core-debug-l1-1-0.dll
0x000002439ed60000 - 0x000002439ed63000 	C:\Users\nbalj\.openjfx\cache\17.0.0.1\api-ms-win-core-errorhandling-l1-1-0.dll
0x000002439ed70000 - 0x000002439ed74000 	C:\Users\nbalj\.openjfx\cache\17.0.0.1\api-ms-win-core-file-l1-1-0.dll
0x000002439ed80000 - 0x000002439ed83000 	C:\Users\nbalj\.openjfx\cache\17.0.0.1\api-ms-win-core-file-l1-2-0.dll
0x00000243c2560000 - 0x00000243c2563000 	C:\Users\nbalj\.openjfx\cache\17.0.0.1\api-ms-win-core-file-l2-1-0.dll
0x00000243c2570000 - 0x00000243c2573000 	C:\Users\nbalj\.openjfx\cache\17.0.0.1\api-ms-win-core-handle-l1-1-0.dll
0x00000243c2580000 - 0x00000243c2583000 	C:\Users\nbalj\.openjfx\cache\17.0.0.1\api-ms-win-core-heap-l1-1-0.dll
0x00000243c2590000 - 0x00000243c2593000 	C:\Users\nbalj\.openjfx\cache\17.0.0.1\api-ms-win-core-interlocked-l1-1-0.dll
0x00000243c25a0000 - 0x00000243c25a3000 	C:\Users\nbalj\.openjfx\cache\17.0.0.1\api-ms-win-core-libraryloader-l1-1-0.dll
0x00000243c25b0000 - 0x00000243c25b3000 	C:\Users\nbalj\.openjfx\cache\17.0.0.1\api-ms-win-core-localization-l1-2-0.dll
0x00000243c25c0000 - 0x00000243c25c3000 	C:\Users\nbalj\.openjfx\cache\17.0.0.1\api-ms-win-core-memory-l1-1-0.dll
0x00000243c25d0000 - 0x00000243c25d3000 	C:\Users\nbalj\.openjfx\cache\17.0.0.1\api-ms-win-core-namedpipe-l1-1-0.dll
0x00000243c25e0000 - 0x00000243c25e3000 	C:\Users\nbalj\.openjfx\cache\17.0.0.1\api-ms-win-core-processenvironment-l1-1-0.dll
0x00000243c25f0000 - 0x00000243c25f3000 	C:\Users\nbalj\.openjfx\cache\17.0.0.1\api-ms-win-core-processthreads-l1-1-0.dll
0x00000243c2600000 - 0x00000243c2603000 	C:\Users\nbalj\.openjfx\cache\17.0.0.1\api-ms-win-core-processthreads-l1-1-1.dll
0x00000243c2610000 - 0x00000243c2613000 	C:\Users\nbalj\.openjfx\cache\17.0.0.1\api-ms-win-core-profile-l1-1-0.dll
0x00000243c2620000 - 0x00000243c2623000 	C:\Users\nbalj\.openjfx\cache\17.0.0.1\api-ms-win-core-rtlsupport-l1-1-0.dll
0x00000243c2630000 - 0x00000243c2633000 	C:\Users\nbalj\.openjfx\cache\17.0.0.1\api-ms-win-core-string-l1-1-0.dll
0x00000243c2640000 - 0x00000243c2643000 	C:\Users\nbalj\.openjfx\cache\17.0.0.1\api-ms-win-core-synch-l1-1-0.dll
0x00000243c2650000 - 0x00000243c2653000 	C:\Users\nbalj\.openjfx\cache\17.0.0.1\api-ms-win-core-synch-l1-2-0.dll
0x00000243c2660000 - 0x00000243c2663000 	C:\Users\nbalj\.openjfx\cache\17.0.0.1\api-ms-win-core-sysinfo-l1-1-0.dll
0x00000243c2670000 - 0x00000243c2673000 	C:\Users\nbalj\.openjfx\cache\17.0.0.1\api-ms-win-core-timezone-l1-1-0.dll
0x00000243c2680000 - 0x00000243c2683000 	C:\Users\nbalj\.openjfx\cache\17.0.0.1\api-ms-win-core-util-l1-1-0.dll
0x00000243c2690000 - 0x00000243c2693000 	C:\Users\nbalj\.openjfx\cache\17.0.0.1\api-ms-win-crt-conio-l1-1-0.dll
0x00000243c26a0000 - 0x00000243c26a4000 	C:\Users\nbalj\.openjfx\cache\17.0.0.1\api-ms-win-crt-convert-l1-1-0.dll
0x00000243c26b0000 - 0x00000243c26b3000 	C:\Users\nbalj\.openjfx\cache\17.0.0.1\api-ms-win-crt-environment-l1-1-0.dll
0x00000243c26c0000 - 0x00000243c26c3000 	C:\Users\nbalj\.openjfx\cache\17.0.0.1\api-ms-win-crt-filesystem-l1-1-0.dll
0x00000243c26d0000 - 0x00000243c26d3000 	C:\Users\nbalj\.openjfx\cache\17.0.0.1\api-ms-win-crt-heap-l1-1-0.dll
0x00000243c26e0000 - 0x00000243c26e3000 	C:\Users\nbalj\.openjfx\cache\17.0.0.1\api-ms-win-crt-locale-l1-1-0.dll
0x00000243c26f0000 - 0x00000243c26f5000 	C:\Users\nbalj\.openjfx\cache\17.0.0.1\api-ms-win-crt-math-l1-1-0.dll
0x00000243c2700000 - 0x00000243c2705000 	C:\Users\nbalj\.openjfx\cache\17.0.0.1\api-ms-win-crt-multibyte-l1-1-0.dll
0x00000243c2710000 - 0x00000243c2720000 	C:\Users\nbalj\.openjfx\cache\17.0.0.1\api-ms-win-crt-private-l1-1-0.dll
0x00000243c2720000 - 0x00000243c2723000 	C:\Users\nbalj\.openjfx\cache\17.0.0.1\api-ms-win-crt-process-l1-1-0.dll
0x00000243c2730000 - 0x00000243c2734000 	C:\Users\nbalj\.openjfx\cache\17.0.0.1\api-ms-win-crt-runtime-l1-1-0.dll
0x00000243c2740000 - 0x00000243c2744000 	C:\Users\nbalj\.openjfx\cache\17.0.0.1\api-ms-win-crt-stdio-l1-1-0.dll
0x00000243c2750000 - 0x00000243c2754000 	C:\Users\nbalj\.openjfx\cache\17.0.0.1\api-ms-win-crt-string-l1-1-0.dll
0x00000243c2760000 - 0x00000243c2763000 	C:\Users\nbalj\.openjfx\cache\17.0.0.1\api-ms-win-crt-time-l1-1-0.dll
0x00000243c2770000 - 0x00000243c2773000 	C:\Users\nbalj\.openjfx\cache\17.0.0.1\api-ms-win-crt-utility-l1-1-0.dll
0x00007fffaa580000 - 0x00007fffaa67c000 	C:\Users\nbalj\.openjfx\cache\17.0.0.1\ucrtbase.dll
0x00007fffd0d20000 - 0x00007fffd0d3a000 	C:\Users\nbalj\.openjfx\cache\17.0.0.1\vcruntime140.dll
0x00007ffff0780000 - 0x00007ffff078c000 	C:\Users\nbalj\.openjfx\cache\17.0.0.1\vcruntime140_1.dll
0x00007fffc17d0000 - 0x00007fffc185d000 	C:\Users\nbalj\.openjfx\cache\17.0.0.1\msvcp140.dll
0x00007fffcf1f0000 - 0x00007fffcf21a000 	C:\Users\nbalj\.openjfx\cache\17.0.0.1\prism_d3d.dll
0x00007fffeccd0000 - 0x00007fffece9f000 	C:\Windows\system32\d3d9.dll
0x00007ffffcc80000 - 0x00007ffffccaf000 	C:\Windows\SYSTEM32\dwmapi.dll
0x00007ffffc7c0000 - 0x00007ffffc85e000 	C:\Windows\system32\uxtheme.dll
0x00007ff801940000 - 0x00007ff801a6a000 	C:\Windows\System32\ole32.dll
0x00007ff801420000 - 0x00007ff80188a000 	C:\Windows\System32\SETUPAPI.dll
0x00007fffff930000 - 0x00007fffff97e000 	C:\Windows\System32\cfgmgr32.dll
0x00007fffff1b0000 - 0x00007fffff1d7000 	C:\Windows\System32\bcrypt.dll
0x00007fffcc970000 - 0x00007fffcc9b2000 	C:\Users\nbalj\.openjfx\cache\17.0.0.1\glass.dll
0x00007ffffff10000 - 0x00007ffffffeb000 	C:\Windows\System32\COMDLG32.dll
0x00007fffffba0000 - 0x00007fffffc6d000 	C:\Windows\System32\OLEAUT32.dll
0x00007ff800260000 - 0x00007ff800375000 	C:\Windows\System32\MSCTF.dll
0x00007ffff87a0000 - 0x00007ffff87db000 	C:\Windows\SYSTEM32\dxcore.dll
0x00007fffcc900000 - 0x00007fffcc934000 	C:\Users\nbalj\AppData\Local\Temp\jSerialComm\1652965975225-jSerialComm.dll
0x00007ffffef70000 - 0x00007ffffef9c000 	C:\Windows\SYSTEM32\DEVOBJ.dll
0x00007fffffa80000 - 0x00007fffffae8000 	C:\Windows\System32\WINTRUST.dll
0x00007fffff7d0000 - 0x00007fffff926000 	C:\Windows\System32\CRYPT32.dll
0x00007ffffedb0000 - 0x00007ffffedc2000 	C:\Windows\SYSTEM32\MSASN1.dll
0x00007fffcb830000 - 0x00007fffcb85d000 	C:\Users\nbalj\.openjfx\cache\17.0.0.1\javafx_iio.dll
0x00007fffd08c0000 - 0x00007fffd08d4000 	C:\Users\nbalj\.openjfx\cache\17.0.0.1\javafx_font.dll
0x00007fffe95d0000 - 0x00007fffe984f000 	C:\Windows\SYSTEM32\dwrite.dll
0x00007ff8000c0000 - 0x00007ff800169000 	C:\Windows\System32\clbcatq.dll
0x00007ffff9140000 - 0x00007ffff92f4000 	C:\Windows\SYSTEM32\WindowsCodecs.dll
0x00007fffed790000 - 0x00007fffed7ce000 	C:\Windows\system32\dataexchange.dll
0x00007ffffb3a0000 - 0x00007ffffb604000 	C:\Windows\system32\d3d11.dll
0x00007ffffbbd0000 - 0x00007ffffbdb5000 	C:\Windows\system32\dcomp.dll
0x00007ffffdae0000 - 0x00007ffffdbd3000 	C:\Windows\system32\dxgi.dll
0x00007ffff8de0000 - 0x00007ffff8fe1000 	C:\Windows\system32\twinapi.appcore.dll
0x00007fffcb500000 - 0x00007fffcb534000 	C:\Program Files\Common Files\Microsoft Shared\Ink\rtscom.dll
0x00007fffebb30000 - 0x00007fffebc29000 	C:\Windows\SYSTEM32\textinputframework.dll
0x00007ffffc4a0000 - 0x00007ffffc592000 	C:\Windows\System32\CoreMessaging.dll
0x00007ffffbdc0000 - 0x00007ffffc11e000 	C:\Windows\System32\CoreUIComponents.dll
0x00007ffffded0000 - 0x00007ffffdf03000 	C:\Windows\SYSTEM32\ntmarta.dll
0x00007ffffade0000 - 0x00007ffffaf34000 	C:\Windows\SYSTEM32\wintypes.dll

dbghelp: loaded successfully - version: 4.0.5 - missing functions: none
symbol engine: initialized successfully - sym options: 0x614 - pdb path: .;C:\Program Files\Eclipse Adoptium\jdk-17.0.1.12-hotspot\bin;C:\Windows\SYSTEM32;C:\Windows\WinSxS\amd64_microsoft.windows.common-controls_6595b64144ccf1df_6.0.19041.1110_none_60b5254171f9507e;C:\Program Files\Eclipse Adoptium\jdk-17.0.1.12-hotspot\bin\server;C:\Program Files\JetBrains\IntelliJ IDEA 2021.2.3\bin;C:\Users\nbalj\.openjfx\cache\17.0.0.1;C:\Windows\System32\DriverStore\FileRepository\u0376545.inf_amd64_87c724e1cb953643\B376543;C:\Users\nbalj\AppData\Local\Temp\jSerialComm;C:\Program Files\Common Files\Microsoft Shared\Ink

VM Arguments:
jvm_args: -javaagent:C:\Program Files\JetBrains\IntelliJ IDEA 2021.2.3\lib\idea_rt.jar=62611:C:\Program Files\JetBrains\IntelliJ IDEA 2021.2.3\bin -Dfile.encoding=UTF-8 --module-path=C:\Users\nbalj\.m2\repository\org\openjfx\javafx-web\17.0.0.1\javafx-web-17.0.0.1-win.jar;C:\Users\nbalj\.m2\repository\com\fazecast\jSerialComm\2.9.1\jSerialComm-2.9.1.jar;C:\Users\nbalj\.m2\repository\net\synedra\validatorfx\0.1.13\validatorfx-0.1.13.jar;C:\Users\nbalj\.m2\repository\org\controlsfx\controlsfx\11.1.0\controlsfx-11.1.0.jar;C:\Users\nbalj\.m2\repository\org\kordamp\ikonli\ikonli-core\12.2.0\ikonli-core-12.2.0.jar;C:\Users\nbalj\.m2\repository\org\kordamp\bootstrapfx\bootstrapfx-core\0.4.0\bootstrapfx-core-0.4.0.jar;C:\Users\nbalj\.m2\repository\com\dlsc\formsfx\formsfx-core\11.3.2\formsfx-core-11.3.2.jar;C:\Users\nbalj\.m2\repository\org\openjfx\javafx-media\17.0.0.1\javafx-media-17.0.0.1-win.jar;C:\Users\nbalj\Documents\GitHub\project3-4\CodePC\ProjectGUI\target\classes;C:\Users\nbalj\.m2\repository\org\kordamp\ikonli\ikonli-javafx\12.2.0\ikonli-javafx-12.2.0.jar;C:\Users\nbalj\.m2\repository\org\openjfx\javafx-fxml\17.0.0.1\javafx-fxml-17.0.0.1-win.jar;C:\Users\nbalj\.m2\repository\org\openjfx\javafx-controls\17.0.0.1\javafx-controls-17.0.0.1-win.jar;C:\Users\nbalj\.m2\repository\org\openjfx\javafx-graphics\17.0.0.1\javafx-graphics-17.0.0.1-win.jar;C:\Users\nbalj\.m2\repository\eu\hansolo\tilesfx\11.48\tilesfx-11.48.jar;C:\Users\nbalj\.m2\repository\org\openjfx\javafx-base\17.0.0.1\javafx-base-17.0.0.1-win.jar -Djdk.module.main=com.example.projectgui 
java_command: com.example.projectgui/com.example.projectgui.HelloApplication
java_class_path (initial): C:\Users\nbalj\.m2\repository\org\openjfx\javafx-controls\17.0.0.1\javafx-controls-17.0.0.1.jar;C:\Users\nbalj\.m2\repository\org\openjfx\javafx-graphics\17.0.0.1\javafx-graphics-17.0.0.1.jar;C:\Users\nbalj\.m2\repository\org\openjfx\javafx-base\17.0.0.1\javafx-base-17.0.0.1.jar;C:\Users\nbalj\.m2\repository\org\openjfx\javafx-fxml\17.0.0.1\javafx-fxml-17.0.0.1.jar;C:\Users\nbalj\.m2\repository\org\openjfx\javafx-web\17.0.0.1\javafx-web-17.0.0.1.jar;C:\Users\nbalj\.m2\repository\org\openjfx\javafx-media\17.0.0.1\javafx-media-17.0.0.1.jar;C:\Users\nbalj\.m2\repository\mysql\mysql-connector-java\8.0.28\mysql-connector-java-8.0.28.jar;C:\Users\nbalj\.m2\repository\com\google\protobuf\protobuf-java\3.11.4\protobuf-java-3.11.4.jar
Launcher Type: SUN_STANDARD

[Global flags]
     intx CICompilerCount                          = 12                                        {product} {ergonomic}
     uint ConcGCThreads                            = 3                                         {product} {ergonomic}
     uint G1ConcRefinementThreads                  = 13                                        {product} {ergonomic}
   size_t G1HeapRegionSize                         = 2097152                                   {product} {ergonomic}
    uintx GCDrainStackTargetSize                   = 64                                        {product} {ergonomic}
   size_t InitialHeapSize                          = 260046848                                 {product} {ergonomic}
   size_t MarkStackSize                            = 4194304                                   {product} {ergonomic}
   size_t MaxHeapSize                              = 4141875200                                {product} {ergonomic}
   size_t MaxNewSize                               = 2485125120                                {product} {ergonomic}
   size_t MinHeapDeltaBytes                        = 2097152                                   {product} {ergonomic}
   size_t MinHeapSize                              = 8388608                                   {product} {ergonomic}
    uintx NonNMethodCodeHeapSize                   = 7602480                                {pd product} {ergonomic}
    uintx NonProfiledCodeHeapSize                  = 122027880                              {pd product} {ergonomic}
    uintx ProfiledCodeHeapSize                     = 122027880                              {pd product} {ergonomic}
    uintx ReservedCodeCacheSize                    = 251658240                              {pd product} {ergonomic}
     bool SegmentedCodeCache                       = true                                      {product} {ergonomic}
   size_t SoftMaxHeapSize                          = 4141875200                             {manageable} {ergonomic}
     bool UseCompressedClassPointers               = true                           {product lp64_product} {ergonomic}
     bool UseCompressedOops                        = true                           {product lp64_product} {ergonomic}
     bool UseG1GC                                  = true                                      {product} {ergonomic}
     bool UseLargePagesIndividualAllocation        = false                                  {pd product} {ergonomic}

Logging:
Log output configuration:
 #0: stdout all=warning uptime,level,tags
 #1: stderr all=off uptime,level,tags

Environment Variables:
PATH=C:\Program Files\Eclipse Adoptium\jdk-17.0.1.12-hotspot\bin;C:\Program Files (x86)\Common Files\Oracle\Java\javapath;C:\Windows\system32;C:\Windows;C:\Windows\System32\Wbem;C:\Windows\System32\WindowsPowerShell\v1.0\;C:\Windows\System32\OpenSSH\;C:\Program Files (x86)\NVIDIA Corporation\PhysX\Common;C:\Program Files (x86)\mingw-w64\i686-8.1.0-posix-dwarf-rt_v6-rev0\mingw32\bin;C:\Program Files\dotnet\;C:\Program Files\Git\cmd;C:\Program Files\MySQL\MySQL Shell 8.0\bin\;C:\Users\nbalj\AppData\Local\Microsoft\WindowsApps;C:\Users\nbalj\AppData\Local\Programs\Microsoft VS Code\bin;C:\Program Files\Inkscape\bin;C:\Program Files\JetBrains\IntelliJ IDEA 2021.2.3\bin;;C:\Users\nbalj\.dotnet\tools;C:\Users\nbalj\AppData\Local\GitHubDesktop\bin
USERNAME=nbalj
OS=Windows_NT
PROCESSOR_IDENTIFIER=AMD64 Family 23 Model 96 Stepping 1, AuthenticAMD



---------------  S Y S T E M  ---------------

OS:
 Windows 10 , 64 bit Build 19041 (10.0.19041.1645)
OS uptime: 7 days 2:05 hours

CPU: total 16 (initial active 16) (16 cores per cpu, 2 threads per core) family 23 model 96 stepping 1 microcode 0x0, cx8, cmov, fxsr, ht, mmx, 3dnowpref, sse, sse2, sse3, ssse3, sse4a, sse4.1, sse4.2, popcnt, lzcnt, tsc, tscinvbit, avx, avx2, aes, clmul, bmi1, bmi2, adx, sha, fma, vzeroupper, clflush, clflushopt

Memory: 4k page, system-wide physical 15792M (6808M free)
TotalPageFile size 19257M (AvailPageFile size 2428M)
current process WorkingSet (physical memory assigned to process): 157M, peak: 211M
current process commit charge ("private bytes"): 462M, peak: 558M

vm_info: OpenJDK 64-Bit Server VM (17.0.1+12) for windows-amd64 JRE (17.0.1+12), built on Oct 20 2021 07:42:55 by "" with MS VC++ 16.7 (VS2019)

END.
