#
# A fatal error has been detected by the Java Runtime Environment:
#
#  EXCEPTION_ACCESS_VIOLATION (0xc0000005) at pc=0x00007ffa7f873416, pid=8232, tid=2032
#
# JRE version: Java(TM) SE Runtime Environment (17.0.1+12) (build 17.0.1+12-LTS-39)
# Java VM: Java HotSpot(TM) 64-Bit Server VM (17.0.1+12-LTS-39, mixed mode, sharing, tiered, compressed oops, compressed class ptrs, g1 gc, windows-amd64)
# Problematic frame:
# C  [ntdll.dll+0x63416]
#
# No core dump will be written. Minidumps are not enabled by default on client versions of Windows
#
# If you would like to submit a bug report, please visit:
#   https://bugreport.java.com/bugreport/crash.jsp
# The crash happened outside the Java Virtual Machine in native code.
# See problematic frame for where to report the bug.
#

---------------  S U M M A R Y ------------

Command Line: -javaagent:C:\Program Files\JetBrains\IntelliJ IDEA 2021.2.3\lib\idea_rt.jar=64446:C:\Program Files\JetBrains\IntelliJ IDEA 2021.2.3\bin -Dfile.encoding=UTF-8 --module-path=C:\Users\nbalj\.m2\repository\org\openjfx\javafx-base\17.0.0.1\javafx-base-17.0.0.1-win.jar;C:\Users\nbalj\.m2\repository\org\openjfx\javafx-media\17.0.0.1\javafx-media-17.0.0.1-win.jar;C:\Users\nbalj\.m2\repository\org\kordamp\ikonli\ikonli-javafx\12.2.0\ikonli-javafx-12.2.0.jar;C:\Users\nbalj\.m2\repository\org\kordamp\bootstrapfx\bootstrapfx-core\0.4.0\bootstrapfx-core-0.4.0.jar;C:\Users\nbalj\.m2\repository\org\openjfx\javafx-web\17.0.0.1\javafx-web-17.0.0.1-win.jar;C:\Users\nbalj\Desktop\ProjectGUI\target\classes;C:\Users\nbalj\.m2\repository\eu\hansolo\tilesfx\11.48\tilesfx-11.48.jar;C:\Users\nbalj\.m2\repository\org\controlsfx\controlsfx\11.1.0\controlsfx-11.1.0.jar;C:\Users\nbalj\.m2\repository\org\kordamp\ikonli\ikonli-core\12.2.0\ikonli-core-12.2.0.jar;C:\Users\nbalj\.m2\repository\com\dlsc\formsfx\formsfx-core\11.3.2\formsfx-core-11.3.2.jar;C:\Users\nbalj\.m2\repository\org\openjfx\javafx-graphics\17.0.0.1\javafx-graphics-17.0.0.1-win.jar;C:\Users\nbalj\.m2\repository\com\fazecast\jSerialComm\2.9.1\jSerialComm-2.9.1.jar;C:\Users\nbalj\.m2\repository\org\openjfx\javafx-fxml\17.0.0.1\javafx-fxml-17.0.0.1-win.jar;C:\Users\nbalj\.m2\repository\net\synedra\validatorfx\0.1.13\validatorfx-0.1.13.jar;C:\Users\nbalj\.m2\repository\org\openjfx\javafx-controls\17.0.0.1\javafx-controls-17.0.0.1-win.jar -Djdk.module.main=com.example.projectgui com.example.projectgui/com.example.projectgui.HelloApplication

Host: AMD Ryzen 5 3600 6-Core Processor              , 12 cores, 15G,  Windows 10 , 64 bit Build 19041 (10.0.19041.1706)
Time: Thu May 19 10:14:53 2022 W. Europe Summer Time elapsed time: 499.894717 seconds (0d 0h 8m 19s)

---------------  T H R E A D  ---------------

Current thread (0x0000020831457ef0):  JavaThread "Thread-5" [_thread_in_native, id=2032, stack(0x0000000c90000000,0x0000000c90100000)]

Stack: [0x0000000c90000000,0x0000000c90100000],  sp=0x0000000c900fef00,  free space=1019k
Native frames: (J=compiled Java code, j=interpreted, Vv=VM code, C=native code)
C  [ntdll.dll+0x63416]
C  [ntdll.dll+0x2fcb4]
C  [ntdll.dll+0x2fae2]
C  [1652947594299-jSerialComm.dll+0x3cb2]

Java frames: (J=compiled Java code, j=interpreted, Vv=VM code)
j  com.fazecast.jSerialComm.SerialPort.closePortNative(J)J+0 com.fazecast.jSerialComm
j  com.fazecast.jSerialComm.SerialPort.closePort()Z+29 com.fazecast.jSerialComm
j  com.example.projectgui.ArduinoControls.lambda$setupCommunication$0()V+3 com.example.projectgui
j  com.example.projectgui.ArduinoControls$$Lambda$148+0x0000000800cbac98.run()V+0 com.example.projectgui
j  java.lang.Thread.run()V+11 java.base@17.0.1
v  ~StubRoutines::call_stub

siginfo: EXCEPTION_ACCESS_VIOLATION (0xc0000005), writing address 0x0000000000000024


Register to memory mapping:

RIP=0x00007ffa7f873416 ntdll.dll
RAX=0x0 is NULL
RBX=0x00007ff9d679fd00 1652947594299-jSerialComm.dll
RCX=0x00007ff9d679fd00 1652947594299-jSerialComm.dll
RDX=0x00000000fffffffa is an unknown value
RSP=0x0000000c900fef00 is pointing into the stack for thread: 0x0000020831457ef0
RBP=0x0000000c900ff100 is pointing into the stack for thread: 0x0000020831457ef0
RSI=0x0 is NULL
RDI=0x0 is NULL
R8 =0x0 is NULL
R9 =0x00007ff9d679fd00 1652947594299-jSerialComm.dll
R10=0x0 is NULL
R11=0x0000000000000246 is an unknown value
R12=0x0 is NULL
R13=0x0000000c8fcbe000 points into unknown readable memory: 0x0000000000000000 | 00 00 00 00 00 00 00 00
R14=0x0000000000000001 is an unknown value
R15=0x0 is NULL


Registers:
RAX=0x0000000000000000, RBX=0x00007ff9d679fd00, RCX=0x00007ff9d679fd00, RDX=0x00000000fffffffa
RSP=0x0000000c900fef00, RBP=0x0000000c900ff100, RSI=0x0000000000000000, RDI=0x0000000000000000
R8 =0x0000000000000000, R9 =0x00007ff9d679fd00, R10=0x0000000000000000, R11=0x0000000000000246
R12=0x0000000000000000, R13=0x0000000c8fcbe000, R14=0x0000000000000001, R15=0x0000000000000000
RIP=0x00007ffa7f873416, EFLAGS=0x0000000000010213

Top of Stack: (sp=0x0000000c900fef00)
0x0000000c900fef00:   ffffffffffffffff 00007ff9d679fd00
0x0000000c900fef10:   0000000000000000 0000000000000000
0x0000000c900fef20:   0000000000000000 0000000000000000
0x0000000c900fef30:   0000000000000000 0000000000000000
0x0000000c900fef40:   0000000000000000 00000000fffffffa
0x0000000c900fef50:   0000000c8fcbe000 0000000000000000
0x0000000c900fef60:   0000000000000000 0000000000000000
0x0000000c900fef70:   0000000000000000 0000000000000000
0x0000000c900fef80:   0000000000000000 0000000000000000
0x0000000c900fef90:   000021aff6454cf6 0000000000000000
0x0000000c900fefa0:   0000020831457e00 0000000000000001
0x0000000c900fefb0:   0000000000000001 0000000000000001
0x0000000c900fefc0:   0000000000000000 00007ff9d679fd00
0x0000000c900fefd0:   0000000c900ff100 00007ffa7f83fcb4
0x0000000c900fefe0:   0000000000000000 0000000000000000
0x0000000c900feff0:   00000000fffffffa 0000000000000000 

Instructions: (pc=0x00007ffa7f873416)
0x00007ffa7f873316:   20 e9 ed fe ff ff 48 89 41 18 e9 e4 fe ff ff cc
0x00007ffa7f873326:   cc cc cc cc cc cc cc cc cc cc 80 3d d1 71 10 00
0x00007ffa7f873336:   00 0f 95 c0 c3 cc cc cc cc cc cc cc cc cc cc cc
0x00007ffa7f873346:   cc cc cc cc cc cc cc cc cc cc 48 83 ec 38 8b 05
0x00007ffa7f873356:   d2 57 10 00 89 44 24 20 e8 41 02 00 00 48 83 c4
0x00007ffa7f873366:   38 c3 cc cc cc cc cc cc cc cc 48 89 5c 24 18 55
0x00007ffa7f873376:   56 57 41 54 41 55 41 56 41 57 48 81 ec a0 00 00
0x00007ffa7f873386:   00 48 8b 05 82 f1 11 00 48 33 c4 48 89 84 24 90
0x00007ffa7f873396:   00 00 00 65 4c 8b 2c 25 30 00 00 00 48 8d 05 4f
0x00007ffa7f8733a6:   11 10 00 40 32 ed 89 54 24 48 33 f6 40 88 6c 24
0x00007ffa7f8733b6:   40 4c 89 6c 24 50 48 8b d9 44 8b e6 48 3b c8 0f
0x00007ffa7f8733c6:   84 39 01 00 00 40 38 35 36 71 10 00 0f 85 a8 01
0x00007ffa7f8733d6:   00 00 39 35 4a 71 10 00 0f 85 6a 01 00 00 40 38
0x00007ffa7f8733e6:   35 0d 6c 10 00 48 8d 3d 0e 6c 10 00 48 0f 45 fe
0x00007ffa7f8733f6:   48 39 73 18 0f 84 d2 00 00 00 48 8b 03 48 83 f8
0x00007ffa7f873406:   ff 0f 84 d2 00 00 00 44 8b fe 48 83 f8 ff 74 03
0x00007ffa7f873416:   ff 40 24 4c 8b 73 18 4c 8d 2d d4 10 10 00 bd 22
0x00007ffa7f873426:   17 00 00 e8 22 14 fc ff 85 c0 0f 85 be b2 05 00
0x00007ffa7f873436:   b9 82 03 fe 7f 80 39 00 0f 85 cc b2 05 00 49 83
0x00007ffa7f873446:   fe ff 0f 85 5a b3 05 00 4c 8b cf c7 44 24 20 00
0x00007ffa7f873456:   00 00 00 41 b8 04 00 00 00 48 8d 54 24 48 48 8d
0x00007ffa7f873466:   4b 08 e8 37 01 00 00 3d 02 01 00 00 0f 84 43 b3
0x00007ffa7f873476:   05 00 8b 4b 08 89 4c 24 48 f6 c1 02 75 ca 3d 02
0x00007ffa7f873486:   01 00 00 0f 84 2c b3 05 00 0f b6 6c 24 40 4c 8b
0x00007ffa7f873496:   6c 24 50 85 c0 0f 88 78 b4 05 00 40 84 ed 75 73
0x00007ffa7f8734a6:   48 8b 8c 24 90 00 00 00 48 33 cc e8 7a 8d 02 00
0x00007ffa7f8734b6:   48 8b 9c 24 f0 00 00 00 48 81 c4 a0 00 00 00 41
0x00007ffa7f8734c6:   5f 41 5e 41 5d 41 5c 5f 5e 5d c3 cc 48 8b cb e8
0x00007ffa7f8734d6:   56 05 00 00 e9 21 ff ff ff 8b 4b 20 48 c7 c0 ff
0x00007ffa7f8734e6:   ff ff ff 48 0f ba e1 18 0f 82 19 ff ff ff 48 8b
0x00007ffa7f8734f6:   cb e8 44 e3 fa ff 48 8b 03 e9 09 ff ff ff c6 44
0x00007ffa7f873506:   24 40 01 41 c7 85 60 17 00 00 01 00 00 00 e9 b2 


Stack slot to memory mapping:
stack at sp + 0 slots: 0xffffffffffffffff is an unknown value
stack at sp + 1 slots: 0x00007ff9d679fd00 1652947594299-jSerialComm.dll
stack at sp + 2 slots: 0x0 is NULL
stack at sp + 3 slots: 0x0 is NULL
stack at sp + 4 slots: 0x0 is NULL
stack at sp + 5 slots: 0x0 is NULL
stack at sp + 6 slots: 0x0 is NULL
stack at sp + 7 slots: 0x0 is NULL


---------------  P R O C E S S  ---------------

Threads class SMR info:
_java_thread_list=0x000002083124cea0, length=23, elements={
0x000002080d2b3300, 0x00000208303cb040, 0x00000208303cbeb0, 0x00000208303dd240,
0x00000208303dfc10, 0x00000208303e05c0, 0x00000208303e0f70, 0x00000208303e1d00,
0x00000208303edcb0, 0x00000208303eeaa0, 0x00000208303b3470, 0x000002083133e290,
0x000002083122b950, 0x0000020831abf220, 0x0000020831ad4c60, 0x0000020831aba470,
0x0000020831ebe600, 0x0000020831e86c90, 0x0000020831e867c0, 0x0000020831e862f0,
0x0000020831e87160, 0x0000020831e85e20, 0x0000020831457ef0
}

Java Threads: ( => current thread )
  0x000002080d2b3300 JavaThread "main" [_thread_blocked, id=17668, stack(0x0000000c90200000,0x0000000c90300000)]
  0x00000208303cb040 JavaThread "Reference Handler" daemon [_thread_blocked, id=1536, stack(0x0000000c90900000,0x0000000c90a00000)]
  0x00000208303cbeb0 JavaThread "Finalizer" daemon [_thread_blocked, id=20616, stack(0x0000000c90a00000,0x0000000c90b00000)]
  0x00000208303dd240 JavaThread "Signal Dispatcher" daemon [_thread_blocked, id=27912, stack(0x0000000c90b00000,0x0000000c90c00000)]
  0x00000208303dfc10 JavaThread "Attach Listener" daemon [_thread_blocked, id=4112, stack(0x0000000c90c00000,0x0000000c90d00000)]
  0x00000208303e05c0 JavaThread "Service Thread" daemon [_thread_blocked, id=26092, stack(0x0000000c90d00000,0x0000000c90e00000)]
  0x00000208303e0f70 JavaThread "Monitor Deflation Thread" daemon [_thread_blocked, id=3552, stack(0x0000000c90e00000,0x0000000c90f00000)]
  0x00000208303e1d00 JavaThread "C2 CompilerThread0" daemon [_thread_blocked, id=25292, stack(0x0000000c90f00000,0x0000000c91000000)]
  0x00000208303edcb0 JavaThread "C1 CompilerThread0" daemon [_thread_blocked, id=14776, stack(0x0000000c91000000,0x0000000c91100000)]
  0x00000208303eeaa0 JavaThread "Sweeper thread" daemon [_thread_blocked, id=22052, stack(0x0000000c91100000,0x0000000c91200000)]
  0x00000208303b3470 JavaThread "Common-Cleaner" daemon [_thread_blocked, id=280, stack(0x0000000c91200000,0x0000000c91300000)]
  0x000002083133e290 JavaThread "Monitor Ctrl-Break" daemon [_thread_in_native, id=20348, stack(0x0000000c91500000,0x0000000c91600000)]
  0x000002083122b950 JavaThread "Notification Thread" daemon [_thread_blocked, id=23080, stack(0x0000000c91600000,0x0000000c91700000)]
  0x0000020831abf220 JavaThread "InvokeLaterDispatcher" daemon [_thread_blocked, id=26972, stack(0x0000000c91a00000,0x0000000c91b00000)]
  0x0000020831ad4c60 JavaThread "JavaFX Application Thread" [_thread_in_native, id=16324, stack(0x0000000c91b00000,0x0000000c91c00000)]
  0x0000020831aba470 JavaThread "JavaFX-Launcher" [_thread_blocked, id=26512, stack(0x0000000c91e10000,0x0000000c91f10000)]
  0x0000020831ebe600 JavaThread "Thread-2" daemon [_thread_in_native, id=13984, stack(0x0000000c91d10000,0x0000000c91e10000)]
  0x0000020831e86c90 JavaThread "Thread-4" [_thread_blocked, id=12552, stack(0x0000000c91300000,0x0000000c91400000)]
  0x0000020831e867c0 JavaThread "Prism Font Disposer" daemon [_thread_blocked, id=19920, stack(0x0000000c92810000,0x0000000c92910000)]
  0x0000020831e862f0 JavaThread "Cleaner-0" daemon [_thread_blocked, id=15704, stack(0x0000000c92910000,0x0000000c92a10000)]
  0x0000020831e87160 JavaThread "Timer-0" [_thread_blocked, id=26152, stack(0x0000000c93310000,0x0000000c93410000)]
  0x0000020831e85e20 JavaThread "SIGINT handler" daemon [_thread_blocked, id=16788, stack(0x0000000c8ff00000,0x0000000c90000000)]
=>0x0000020831457ef0 JavaThread "Thread-5" [_thread_in_native, id=2032, stack(0x0000000c90000000,0x0000000c90100000)]

Other Threads:
  0x00000208303c6440 VMThread "VM Thread" [stack: 0x0000000c90800000,0x0000000c90900000] [id=16248]
  0x0000020831af5010 WatcherThread [stack: 0x0000000c91700000,0x0000000c91800000] [id=22380]
  0x000002080d300a80 GCTaskThread "GC Thread#0" [stack: 0x0000000c90300000,0x0000000c90400000] [id=17024]
  0x0000020831e55bb0 GCTaskThread "GC Thread#1" [stack: 0x0000000c91f10000,0x0000000c92010000] [id=13796]
  0x0000020831e5e5d0 GCTaskThread "GC Thread#2" [stack: 0x0000000c92010000,0x0000000c92110000] [id=19372]
  0x0000020831e5cf90 GCTaskThread "GC Thread#3" [stack: 0x0000000c92110000,0x0000000c92210000] [id=21564]
  0x0000020831e7ff80 GCTaskThread "GC Thread#4" [stack: 0x0000000c92210000,0x0000000c92310000] [id=8728]
  0x0000020831e80230 GCTaskThread "GC Thread#5" [stack: 0x0000000c92310000,0x0000000c92410000] [id=3056]
  0x0000020832738b50 GCTaskThread "GC Thread#6" [stack: 0x0000000c92b10000,0x0000000c92c10000] [id=28416]
  0x00000208327385f0 GCTaskThread "GC Thread#7" [stack: 0x0000000c92c10000,0x0000000c92d10000] [id=25016]
  0x0000020832739610 GCTaskThread "GC Thread#8" [stack: 0x0000000c92d10000,0x0000000c92e10000] [id=15112]
  0x0000020832738e00 GCTaskThread "GC Thread#9" [stack: 0x0000000c92e10000,0x0000000c92f10000] [id=22760]
  0x000002080d311800 ConcurrentGCThread "G1 Main Marker" [stack: 0x0000000c90400000,0x0000000c90500000] [id=24572]
  0x000002080d3129b0 ConcurrentGCThread "G1 Conc#0" [stack: 0x0000000c90500000,0x0000000c90600000] [id=8360]
  0x000002083027f140 ConcurrentGCThread "G1 Refine#0" [stack: 0x0000000c90600000,0x0000000c90700000] [id=22160]
  0x000002083129a3e0 ConcurrentGCThread "G1 Refine#1" [stack: 0x0000000c92f10000,0x0000000c93010000] [id=23476]
  0x0000020831298a00 ConcurrentGCThread "G1 Refine#2" [stack: 0x0000000c93010000,0x0000000c93110000] [id=16076]
  0x0000020831299860 ConcurrentGCThread "G1 Refine#3" [stack: 0x0000000c93110000,0x0000000c93210000] [id=14880]
  0x000002083027f970 ConcurrentGCThread "G1 Service" [stack: 0x0000000c90700000,0x0000000c90800000] [id=26148]

Threads with active compile tasks:

VM state: not at safepoint (normal execution)

VM Mutex/Monitor currently owned by a thread: None

Heap address: 0x0000000701c00000, size: 4068 MB, Compressed Oops mode: Zero based, Oop shift amount: 3

CDS archive(s) mapped at: [0x0000000800000000-0x0000000800bc0000-0x0000000800bc0000), size 12320768, SharedBaseAddress: 0x0000000800000000, ArchiveRelocationMode: 0.
Compressed class space mapped at: 0x0000000800c00000-0x0000000840c00000, reserved size: 1073741824
Narrow klass base: 0x0000000800000000, Narrow klass shift: 0, Narrow klass range: 0x100000000

GC Precious Log:
 CPUs: 12 total, 12 available
 Memory: 16265M
 Large Page Support: Disabled
 NUMA Support: Disabled
 Compressed Oops: Enabled (Zero based)
 Heap Region Size: 2M
 Heap Min Capacity: 8M
 Heap Initial Capacity: 256M
 Heap Max Capacity: 4068M
 Pre-touch: Disabled
 Parallel Workers: 10
 Concurrent Workers: 3
 Concurrent Refinement Workers: 10
 Periodic GC: Disabled

Heap:
 garbage-first heap   total 262144K, used 211201K [0x0000000701c00000, 0x0000000800000000)
  region size 2048K, 54 young (110592K), 3 survivors (6144K)
 Metaspace       used 16282K, committed 16576K, reserved 1064960K
  class space    used 2266K, committed 2432K, reserved 1048576K

Heap Regions: E=young(eden), S=young(survivor), O=old, HS=humongous(starts), HC=humongous(continues), CS=collection set, F=free, OA=open archive, CA=closed archive, TAMS=top-at-mark-start (previous, next)
|   0|0x0000000701c00000, 0x0000000701e00000, 0x0000000701e00000|100%|HS|  |TAMS 0x0000000701c00000, 0x0000000701c00000| Complete 
|   1|0x0000000701e00000, 0x0000000702000000, 0x0000000702000000|100%|HC|  |TAMS 0x0000000701e00000, 0x0000000701e00000| Complete 
|   2|0x0000000702000000, 0x0000000702200000, 0x0000000702200000|100%|HC|  |TAMS 0x0000000702000000, 0x0000000702000000| Complete 
|   3|0x0000000702200000, 0x0000000702400000, 0x0000000702400000|100%|HC|  |TAMS 0x0000000702200000, 0x0000000702200000| Complete 
|   4|0x0000000702400000, 0x0000000702600000, 0x0000000702600000|100%|HC|  |TAMS 0x0000000702400000, 0x0000000702400000| Complete 
|   5|0x0000000702600000, 0x0000000702800000, 0x0000000702800000|100%|HC|  |TAMS 0x0000000702600000, 0x0000000702600000| Complete 
|   6|0x0000000702800000, 0x0000000702a00000, 0x0000000702a00000|100%|HC|  |TAMS 0x0000000702800000, 0x0000000702800000| Complete 
|   7|0x0000000702a00000, 0x0000000702c00000, 0x0000000702c00000|100%|HC|  |TAMS 0x0000000702a00000, 0x0000000702a00000| Complete 
|   8|0x0000000702c00000, 0x0000000702e00000, 0x0000000702e00000|100%|HC|  |TAMS 0x0000000702c00000, 0x0000000702c00000| Complete 
|   9|0x0000000702e00000, 0x0000000703000000, 0x0000000703000000|100%|HC|  |TAMS 0x0000000702e00000, 0x0000000702e00000| Complete 
|  10|0x0000000703000000, 0x0000000703200000, 0x0000000703200000|100%|HC|  |TAMS 0x0000000703000000, 0x0000000703000000| Complete 
|  11|0x0000000703200000, 0x0000000703400000, 0x0000000703400000|100%|HC|  |TAMS 0x0000000703200000, 0x0000000703200000| Complete 
|  12|0x0000000703400000, 0x0000000703600000, 0x0000000703600000|100%|HS|  |TAMS 0x0000000703400000, 0x0000000703400000| Complete 
|  13|0x0000000703600000, 0x0000000703800000, 0x0000000703800000|100%|HS|  |TAMS 0x0000000703600000, 0x0000000703600000| Complete 
|  14|0x0000000703800000, 0x0000000703a00000, 0x0000000703a00000|100%|HC|  |TAMS 0x0000000703800000, 0x0000000703800000| Complete 
|  15|0x0000000703a00000, 0x0000000703c00000, 0x0000000703c00000|100%|HC|  |TAMS 0x0000000703a00000, 0x0000000703a00000| Complete 
|  16|0x0000000703c00000, 0x0000000703e00000, 0x0000000703e00000|100%|HC|  |TAMS 0x0000000703c00000, 0x0000000703c00000| Complete 
|  17|0x0000000703e00000, 0x0000000704000000, 0x0000000704000000|100%|HC|  |TAMS 0x0000000703e00000, 0x0000000703e00000| Complete 
|  18|0x0000000704000000, 0x0000000704200000, 0x0000000704200000|100%|HC|  |TAMS 0x0000000704000000, 0x0000000704000000| Complete 
|  19|0x0000000704200000, 0x0000000704400000, 0x0000000704400000|100%|HC|  |TAMS 0x0000000704200000, 0x0000000704200000| Complete 
|  20|0x0000000704400000, 0x0000000704600000, 0x0000000704600000|100%|HC|  |TAMS 0x0000000704400000, 0x0000000704400000| Complete 
|  21|0x0000000704600000, 0x0000000704800000, 0x0000000704800000|100%|HC|  |TAMS 0x0000000704600000, 0x0000000704600000| Complete 
|  22|0x0000000704800000, 0x0000000704a00000, 0x0000000704a00000|100%|HC|  |TAMS 0x0000000704800000, 0x0000000704800000| Complete 
|  23|0x0000000704a00000, 0x0000000704c00000, 0x0000000704c00000|100%|HC|  |TAMS 0x0000000704a00000, 0x0000000704a00000| Complete 
|  24|0x0000000704c00000, 0x0000000704e00000, 0x0000000704e00000|100%|HC|  |TAMS 0x0000000704c00000, 0x0000000704c00000| Complete 
|  25|0x0000000704e00000, 0x0000000705000000, 0x0000000705000000|100%| O|  |TAMS 0x0000000704e00000, 0x0000000704e00000| Untracked 
|  26|0x0000000705000000, 0x0000000705040400, 0x0000000705200000| 12%| O|  |TAMS 0x0000000705000000, 0x0000000705000000| Untracked 
|  27|0x0000000705200000, 0x0000000705400000, 0x0000000705400000|100%|HS|  |TAMS 0x0000000705200000, 0x0000000705200000| Complete 
|  28|0x0000000705400000, 0x0000000705600000, 0x0000000705600000|100%|HC|  |TAMS 0x0000000705400000, 0x0000000705400000| Complete 
|  29|0x0000000705600000, 0x0000000705800000, 0x0000000705800000|100%|HC|  |TAMS 0x0000000705600000, 0x0000000705600000| Complete 
|  30|0x0000000705800000, 0x0000000705a00000, 0x0000000705a00000|100%|HC|  |TAMS 0x0000000705800000, 0x0000000705800000| Complete 
|  31|0x0000000705a00000, 0x0000000705c00000, 0x0000000705c00000|100%|HC|  |TAMS 0x0000000705a00000, 0x0000000705a00000| Complete 
|  32|0x0000000705c00000, 0x0000000705e00000, 0x0000000705e00000|100%|HC|  |TAMS 0x0000000705c00000, 0x0000000705c00000| Complete 
|  33|0x0000000705e00000, 0x0000000706000000, 0x0000000706000000|100%|HC|  |TAMS 0x0000000705e00000, 0x0000000705e00000| Complete 
|  34|0x0000000706000000, 0x0000000706200000, 0x0000000706200000|100%|HC|  |TAMS 0x0000000706000000, 0x0000000706000000| Complete 
|  35|0x0000000706200000, 0x0000000706400000, 0x0000000706400000|100%|HC|  |TAMS 0x0000000706200000, 0x0000000706200000| Complete 
|  36|0x0000000706400000, 0x0000000706600000, 0x0000000706600000|100%|HC|  |TAMS 0x0000000706400000, 0x0000000706400000| Complete 
|  37|0x0000000706600000, 0x0000000706800000, 0x0000000706800000|100%|HC|  |TAMS 0x0000000706600000, 0x0000000706600000| Complete 
|  38|0x0000000706800000, 0x0000000706a00000, 0x0000000706a00000|100%|HC|  |TAMS 0x0000000706800000, 0x0000000706800000| Complete 
|  39|0x0000000706a00000, 0x0000000706c00000, 0x0000000706c00000|100%|HS|  |TAMS 0x0000000706a00000, 0x0000000706a00000| Complete 
|  40|0x0000000706c00000, 0x0000000706e00000, 0x0000000706e00000|100%|HC|  |TAMS 0x0000000706c00000, 0x0000000706c00000| Complete 
|  41|0x0000000706e00000, 0x0000000707000000, 0x0000000707000000|100%|HC|  |TAMS 0x0000000706e00000, 0x0000000706e00000| Complete 
|  42|0x0000000707000000, 0x0000000707200000, 0x0000000707200000|100%|HC|  |TAMS 0x0000000707000000, 0x0000000707000000| Complete 
|  43|0x0000000707200000, 0x0000000707400000, 0x0000000707400000|100%|HC|  |TAMS 0x0000000707200000, 0x0000000707200000| Complete 
|  44|0x0000000707400000, 0x0000000707600000, 0x0000000707600000|100%|HC|  |TAMS 0x0000000707400000, 0x0000000707400000| Complete 
|  45|0x0000000707600000, 0x0000000707800000, 0x0000000707800000|100%|HC|  |TAMS 0x0000000707600000, 0x0000000707600000| Complete 
|  46|0x0000000707800000, 0x0000000707a00000, 0x0000000707a00000|100%|HC|  |TAMS 0x0000000707800000, 0x0000000707800000| Complete 
|  47|0x0000000707a00000, 0x0000000707c00000, 0x0000000707c00000|100%|HC|  |TAMS 0x0000000707a00000, 0x0000000707a00000| Complete 
|  48|0x0000000707c00000, 0x0000000707e00000, 0x0000000707e00000|100%|HC|  |TAMS 0x0000000707c00000, 0x0000000707c00000| Complete 
|  49|0x0000000707e00000, 0x0000000708000000, 0x0000000708000000|100%|HC|  |TAMS 0x0000000707e00000, 0x0000000707e00000| Complete 
|  50|0x0000000708000000, 0x0000000708200000, 0x0000000708200000|100%|HC|  |TAMS 0x0000000708000000, 0x0000000708000000| Complete 
|  51|0x0000000708200000, 0x0000000708400000, 0x0000000708400000|100%|HS|  |TAMS 0x0000000708200000, 0x0000000708200000| Complete 
|  52|0x0000000708400000, 0x0000000708400000, 0x0000000708600000|  0%| F|  |TAMS 0x0000000708400000, 0x0000000708400000| Untracked 
|  53|0x0000000708600000, 0x0000000708600000, 0x0000000708800000|  0%| F|  |TAMS 0x0000000708600000, 0x0000000708600000| Untracked 
|  54|0x0000000708800000, 0x0000000708800000, 0x0000000708a00000|  0%| F|  |TAMS 0x0000000708800000, 0x0000000708800000| Untracked 
|  55|0x0000000708a00000, 0x0000000708a00000, 0x0000000708c00000|  0%| F|  |TAMS 0x0000000708a00000, 0x0000000708a00000| Untracked 
|  56|0x0000000708c00000, 0x0000000708c00000, 0x0000000708e00000|  0%| F|  |TAMS 0x0000000708c00000, 0x0000000708c00000| Untracked 
|  57|0x0000000708e00000, 0x0000000708e00000, 0x0000000709000000|  0%| F|  |TAMS 0x0000000708e00000, 0x0000000708e00000| Untracked 
|  58|0x0000000709000000, 0x0000000709000000, 0x0000000709200000|  0%| F|  |TAMS 0x0000000709000000, 0x0000000709000000| Untracked 
|  59|0x0000000709200000, 0x0000000709200000, 0x0000000709400000|  0%| F|  |TAMS 0x0000000709200000, 0x0000000709200000| Untracked 
|  60|0x0000000709400000, 0x0000000709400000, 0x0000000709600000|  0%| F|  |TAMS 0x0000000709400000, 0x0000000709400000| Untracked 
|  61|0x0000000709600000, 0x0000000709600000, 0x0000000709800000|  0%| F|  |TAMS 0x0000000709600000, 0x0000000709600000| Untracked 
|  62|0x0000000709800000, 0x0000000709800000, 0x0000000709a00000|  0%| F|  |TAMS 0x0000000709800000, 0x0000000709800000| Untracked 
|  63|0x0000000709a00000, 0x0000000709a00000, 0x0000000709c00000|  0%| F|  |TAMS 0x0000000709a00000, 0x0000000709a00000| Untracked 
|  64|0x0000000709c00000, 0x0000000709c00000, 0x0000000709e00000|  0%| F|  |TAMS 0x0000000709c00000, 0x0000000709c00000| Untracked 
|  65|0x0000000709e00000, 0x0000000709e00000, 0x000000070a000000|  0%| F|  |TAMS 0x0000000709e00000, 0x0000000709e00000| Untracked 
|  66|0x000000070a000000, 0x000000070a000000, 0x000000070a200000|  0%| F|  |TAMS 0x000000070a000000, 0x000000070a000000| Untracked 
|  67|0x000000070a200000, 0x000000070a200000, 0x000000070a400000|  0%| F|  |TAMS 0x000000070a200000, 0x000000070a200000| Untracked 
|  68|0x000000070a400000, 0x000000070a400000, 0x000000070a600000|  0%| F|  |TAMS 0x000000070a400000, 0x000000070a400000| Untracked 
|  69|0x000000070a600000, 0x000000070a600000, 0x000000070a800000|  0%| F|  |TAMS 0x000000070a600000, 0x000000070a600000| Untracked 
|  70|0x000000070a800000, 0x000000070a800000, 0x000000070aa00000|  0%| F|  |TAMS 0x000000070a800000, 0x000000070a800000| Untracked 
|  71|0x000000070aa00000, 0x000000070aa00000, 0x000000070ac00000|  0%| F|  |TAMS 0x000000070aa00000, 0x000000070aa00000| Untracked 
|  72|0x000000070ac00000, 0x000000070ac00000, 0x000000070ae00000|  0%| F|  |TAMS 0x000000070ac00000, 0x000000070ac00000| Untracked 
|  73|0x000000070ae00000, 0x000000070ae00000, 0x000000070b000000|  0%| F|  |TAMS 0x000000070ae00000, 0x000000070ae00000| Untracked 
|  74|0x000000070b000000, 0x000000070b1d7928, 0x000000070b200000| 92%| E|  |TAMS 0x000000070b000000, 0x000000070b000000| Complete 
|  75|0x000000070b200000, 0x000000070b400000, 0x000000070b400000|100%| E|CS|TAMS 0x000000070b200000, 0x000000070b200000| Complete 
|  76|0x000000070b400000, 0x000000070b600000, 0x000000070b600000|100%| E|CS|TAMS 0x000000070b400000, 0x000000070b400000| Complete 
|  77|0x000000070b600000, 0x000000070b800000, 0x000000070b800000|100%| E|CS|TAMS 0x000000070b600000, 0x000000070b600000| Complete 
|  78|0x000000070b800000, 0x000000070ba00000, 0x000000070ba00000|100%| E|CS|TAMS 0x000000070b800000, 0x000000070b800000| Complete 
|  79|0x000000070ba00000, 0x000000070bc00000, 0x000000070bc00000|100%| E|CS|TAMS 0x000000070ba00000, 0x000000070ba00000| Complete 
|  80|0x000000070bc00000, 0x000000070be00000, 0x000000070be00000|100%| E|CS|TAMS 0x000000070bc00000, 0x000000070bc00000| Complete 
|  81|0x000000070be00000, 0x000000070c000000, 0x000000070c000000|100%| E|CS|TAMS 0x000000070be00000, 0x000000070be00000| Complete 
|  82|0x000000070c000000, 0x000000070c200000, 0x000000070c200000|100%| E|CS|TAMS 0x000000070c000000, 0x000000070c000000| Complete 
|  83|0x000000070c200000, 0x000000070c400000, 0x000000070c400000|100%| E|CS|TAMS 0x000000070c200000, 0x000000070c200000| Complete 
|  84|0x000000070c400000, 0x000000070c600000, 0x000000070c600000|100%| E|CS|TAMS 0x000000070c400000, 0x000000070c400000| Complete 
|  85|0x000000070c600000, 0x000000070c800000, 0x000000070c800000|100%| E|CS|TAMS 0x000000070c600000, 0x000000070c600000| Complete 
|  86|0x000000070c800000, 0x000000070ca00000, 0x000000070ca00000|100%| E|CS|TAMS 0x000000070c800000, 0x000000070c800000| Complete 
|  87|0x000000070ca00000, 0x000000070cc00000, 0x000000070cc00000|100%| E|CS|TAMS 0x000000070ca00000, 0x000000070ca00000| Complete 
|  88|0x000000070cc00000, 0x000000070ce00000, 0x000000070ce00000|100%| E|CS|TAMS 0x000000070cc00000, 0x000000070cc00000| Complete 
|  89|0x000000070ce00000, 0x000000070d000000, 0x000000070d000000|100%| E|CS|TAMS 0x000000070ce00000, 0x000000070ce00000| Complete 
|  90|0x000000070d000000, 0x000000070d200000, 0x000000070d200000|100%| E|CS|TAMS 0x000000070d000000, 0x000000070d000000| Complete 
|  91|0x000000070d200000, 0x000000070d400000, 0x000000070d400000|100%| E|CS|TAMS 0x000000070d200000, 0x000000070d200000| Complete 
|  92|0x000000070d400000, 0x000000070d600000, 0x000000070d600000|100%| E|CS|TAMS 0x000000070d400000, 0x000000070d400000| Complete 
|  93|0x000000070d600000, 0x000000070d800000, 0x000000070d800000|100%| E|CS|TAMS 0x000000070d600000, 0x000000070d600000| Complete 
|  94|0x000000070d800000, 0x000000070da00000, 0x000000070da00000|100%| E|CS|TAMS 0x000000070d800000, 0x000000070d800000| Complete 
|  95|0x000000070da00000, 0x000000070dc00000, 0x000000070dc00000|100%| E|CS|TAMS 0x000000070da00000, 0x000000070da00000| Complete 
|  96|0x000000070dc00000, 0x000000070de00000, 0x000000070de00000|100%| E|CS|TAMS 0x000000070dc00000, 0x000000070dc00000| Complete 
|  97|0x000000070de00000, 0x000000070e000000, 0x000000070e000000|100%| E|CS|TAMS 0x000000070de00000, 0x000000070de00000| Complete 
|  98|0x000000070e000000, 0x000000070e200000, 0x000000070e200000|100%| E|  |TAMS 0x000000070e000000, 0x000000070e000000| Complete 
|  99|0x000000070e200000, 0x000000070e400000, 0x000000070e400000|100%| E|CS|TAMS 0x000000070e200000, 0x000000070e200000| Complete 
| 100|0x000000070e400000, 0x000000070e600000, 0x000000070e600000|100%| E|CS|TAMS 0x000000070e400000, 0x000000070e400000| Complete 
| 101|0x000000070e600000, 0x000000070e800000, 0x000000070e800000|100%| E|CS|TAMS 0x000000070e600000, 0x000000070e600000| Complete 
| 102|0x000000070e800000, 0x000000070ea00000, 0x000000070ea00000|100%| E|CS|TAMS 0x000000070e800000, 0x000000070e800000| Complete 
| 103|0x000000070ea00000, 0x000000070ec00000, 0x000000070ec00000|100%| E|CS|TAMS 0x000000070ea00000, 0x000000070ea00000| Complete 
| 104|0x000000070ec00000, 0x000000070ee00000, 0x000000070ee00000|100%| E|CS|TAMS 0x000000070ec00000, 0x000000070ec00000| Complete 
| 105|0x000000070ee00000, 0x000000070f000000, 0x000000070f000000|100%| S|CS|TAMS 0x000000070ee00000, 0x000000070ee00000| Complete 
| 106|0x000000070f000000, 0x000000070f200000, 0x000000070f200000|100%| S|CS|TAMS 0x000000070f000000, 0x000000070f000000| Complete 
| 107|0x000000070f200000, 0x000000070f400000, 0x000000070f400000|100%| S|CS|TAMS 0x000000070f200000, 0x000000070f200000| Complete 
| 108|0x000000070f400000, 0x000000070f600000, 0x000000070f600000|100%| E|CS|TAMS 0x000000070f400000, 0x000000070f400000| Complete 
| 109|0x000000070f600000, 0x000000070f800000, 0x000000070f800000|100%| E|CS|TAMS 0x000000070f600000, 0x000000070f600000| Complete 
| 110|0x000000070f800000, 0x000000070fa00000, 0x000000070fa00000|100%| E|CS|TAMS 0x000000070f800000, 0x000000070f800000| Complete 
| 111|0x000000070fa00000, 0x000000070fc00000, 0x000000070fc00000|100%| E|CS|TAMS 0x000000070fa00000, 0x000000070fa00000| Complete 
| 112|0x000000070fc00000, 0x000000070fe00000, 0x000000070fe00000|100%| E|CS|TAMS 0x000000070fc00000, 0x000000070fc00000| Complete 
| 113|0x000000070fe00000, 0x0000000710000000, 0x0000000710000000|100%| E|CS|TAMS 0x000000070fe00000, 0x000000070fe00000| Complete 
| 114|0x0000000710000000, 0x0000000710200000, 0x0000000710200000|100%| E|CS|TAMS 0x0000000710000000, 0x0000000710000000| Complete 
| 115|0x0000000710200000, 0x0000000710400000, 0x0000000710400000|100%| E|CS|TAMS 0x0000000710200000, 0x0000000710200000| Complete 
| 116|0x0000000710400000, 0x0000000710600000, 0x0000000710600000|100%| E|CS|TAMS 0x0000000710400000, 0x0000000710400000| Complete 
| 117|0x0000000710600000, 0x0000000710800000, 0x0000000710800000|100%| E|CS|TAMS 0x0000000710600000, 0x0000000710600000| Complete 
| 118|0x0000000710800000, 0x0000000710a00000, 0x0000000710a00000|100%| E|CS|TAMS 0x0000000710800000, 0x0000000710800000| Complete 
| 119|0x0000000710a00000, 0x0000000710c00000, 0x0000000710c00000|100%| E|CS|TAMS 0x0000000710a00000, 0x0000000710a00000| Complete 
| 120|0x0000000710c00000, 0x0000000710e00000, 0x0000000710e00000|100%| E|CS|TAMS 0x0000000710c00000, 0x0000000710c00000| Complete 
| 121|0x0000000710e00000, 0x0000000711000000, 0x0000000711000000|100%| E|CS|TAMS 0x0000000710e00000, 0x0000000710e00000| Complete 
| 122|0x0000000711000000, 0x0000000711200000, 0x0000000711200000|100%| E|CS|TAMS 0x0000000711000000, 0x0000000711000000| Complete 
| 123|0x0000000711200000, 0x0000000711400000, 0x0000000711400000|100%| E|CS|TAMS 0x0000000711200000, 0x0000000711200000| Complete 
| 124|0x0000000711400000, 0x0000000711600000, 0x0000000711600000|100%| E|CS|TAMS 0x0000000711400000, 0x0000000711400000| Complete 
| 125|0x0000000711600000, 0x0000000711800000, 0x0000000711800000|100%| E|CS|TAMS 0x0000000711600000, 0x0000000711600000| Complete 
| 126|0x0000000711800000, 0x0000000711a00000, 0x0000000711a00000|100%| E|CS|TAMS 0x0000000711800000, 0x0000000711800000| Complete 
| 127|0x0000000711a00000, 0x0000000711c00000, 0x0000000711c00000|100%| E|CS|TAMS 0x0000000711a00000, 0x0000000711a00000| Complete 

Card table byte_map: [0x0000020824810000,0x0000020825010000] _byte_map_base: 0x0000020821002000

Marking Bits (Prev, Next): (CMBitMap*) 0x000002080d301090, (CMBitMap*) 0x000002080d3010d0
 Prev Bits: [0x0000020825810000, 0x00000208297a0000)
 Next Bits: [0x00000208297a0000, 0x000002082d730000)

Polling page: 0x000002080b2d0000

Metaspace:

Usage:
  Non-class:     13.69 MB used.
      Class:      2.21 MB used.
       Both:     15.90 MB used.

Virtual space:
  Non-class space:       16.00 MB reserved,      13.81 MB ( 86%) committed,  2 nodes.
      Class space:        1.00 GB reserved,       2.38 MB ( <1%) committed,  1 nodes.
             Both:        1.02 GB reserved,      16.19 MB (  2%) committed. 

Chunk freelists:
   Non-Class:  1.77 MB
       Class:  1.67 MB
        Both:  3.44 MB

MaxMetaspaceSize: unlimited
CompressedClassSpaceSize: 1.00 GB
Initial GC threshold: 21.00 MB
Current GC threshold: 21.00 MB
CDS: on
MetaspaceReclaimPolicy: balanced
 - commit_granule_bytes: 65536.
 - commit_granule_words: 8192.
 - virtual_space_node_default_size: 1048576.
 - enlarge_chunks_in_place: 1.
 - new_chunks_are_fully_committed: 0.
 - uncommit_free_chunks: 1.
 - use_allocation_guard: 0.
 - handle_deallocations: 1.


Internal statistics:

num_allocs_failed_limit: 0.
num_arena_births: 238.
num_arena_deaths: 0.
num_vsnodes_births: 3.
num_vsnodes_deaths: 0.
num_space_committed: 259.
num_space_uncommitted: 0.
num_chunks_returned_to_freelist: 0.
num_chunks_taken_from_freelist: 757.
num_chunk_merges: 0.
num_chunk_splits: 518.
num_chunks_enlarged: 398.
num_purges: 0.
num_inconsistent_stats: 0.

CodeHeap 'non-profiled nmethods': size=120000Kb used=1451Kb max_used=1451Kb free=118548Kb
 bounds [0x000002081c590000, 0x000002081c800000, 0x0000020823ac0000]
CodeHeap 'profiled nmethods': size=120000Kb used=6429Kb max_used=6429Kb free=113570Kb
 bounds [0x0000020815060000, 0x00000208156b0000, 0x000002081c590000]
CodeHeap 'non-nmethods': size=5760Kb used=1445Kb max_used=1487Kb free=4314Kb
 bounds [0x0000020814ac0000, 0x0000020814d30000, 0x0000020815060000]
 total_blobs=4128 nmethods=3317 adapters=722
 compilation: enabled
              stopped_count=0, restarted_count=0
 full_count=0

Compilation events (20 events):
Event: 92.145 Thread 0x00000208303e1d00 nmethod 3307 0x000002081c6eae90 code [0x000002081c6eb360, 0x000002081c6f0c58]
Event: 92.731 Thread 0x00000208303e1d00 3308       4       javafx.beans.property.IntegerPropertyBase::set (76 bytes)
Event: 92.735 Thread 0x00000208303e1d00 nmethod 3308 0x000002081c6f3810 code [0x000002081c6f39e0, 0x000002081c6f3fe8]
Event: 93.195 Thread 0x00000208303e1d00 3309       4       com.sun.scenario.animation.shared.TimelineClipCore::playTo (353 bytes)
Event: 93.208 Thread 0x00000208303e1d00 nmethod 3309 0x000002081c6f4490 code [0x000002081c6f4700, 0x000002081c6f5600]
Event: 93.659 Thread 0x00000208303e1d00 3310       4       javafx.scene.Scene::doLayoutPass (14 bytes)
Event: 93.660 Thread 0x00000208303e1d00 nmethod 3310 0x000002081c6f6310 code [0x000002081c6f64a0, 0x000002081c6f6608]
Event: 94.923 Thread 0x00000208303e1d00 3311       4       javafx.animation.Interpolator$1::curve (19 bytes)
Event: 94.923 Thread 0x00000208303e1d00 nmethod 3311 0x000002081c6f6790 code [0x000002081c6f6940, 0x000002081c6f69f8]
Event: 95.723 Thread 0x00000208303e1d00 3312   !   4       javafx.scene.Scene$ScenePulseListener::pulse (503 bytes)
Event: 95.736 Thread 0x00000208303e1d00 nmethod 3312 0x000002081c6f6a90 code [0x000002081c6f6e20, 0x000002081c6f80c0]
Event: 110.044 Thread 0x00000208303e1d00 3313   !   4       com.sun.javafx.tk.quantum.PaintCollector::renderAll (381 bytes)
Event: 110.054 Thread 0x00000208303e1d00 nmethod 3313 0x000002081c6f9290 code [0x000002081c6f94a0, 0x000002081c6fa260]
Event: 434.059 Thread 0x00000208303edcb0 3314       3       javafx.animation.Animation::getStatus (24 bytes)
Event: 434.059 Thread 0x00000208303edcb0 nmethod 3314 0x00000208156a3190 code [0x00000208156a3340, 0x00000208156a3668]
Event: 487.372 Thread 0x00000208303edcb0 3315 % !   3       com.sun.glass.ui.InvokeLaterDispatcher::run @ 0 (153 bytes)
Event: 487.372 Thread 0x00000208303edcb0 nmethod 3315% 0x00000208156a3790 code [0x00000208156a3a40, 0x00000208156a48b8]
Event: 495.563 Thread 0x00000208303edcb0 3316   !   3       com.sun.glass.ui.InvokeLaterDispatcher::run (153 bytes)
Event: 495.564 Thread 0x00000208303edcb0 nmethod 3316 0x00000208156a5090 code [0x00000208156a5340, 0x00000208156a6138]
Event: 499.885 Thread 0x00000208303edcb0 3317       3       java.util.LinkedList$ListItr::next (56 bytes)

GC Heap History (4 events):
Event: 0.619 GC heap before
{Heap before GC invocations=0 (full 0):
 garbage-first heap   total 262144K, used 20480K [0x0000000701c00000, 0x0000000800000000)
  region size 2048K, 11 young (22528K), 0 survivors (0K)
 Metaspace       used 4670K, committed 4864K, reserved 1056768K
  class space    used 510K, committed 576K, reserved 1048576K
}
Event: 0.621 GC heap after
{Heap after GC invocations=1 (full 0):
 garbage-first heap   total 262144K, used 3183K [0x0000000701c00000, 0x0000000800000000)
  region size 2048K, 2 young (4096K), 2 survivors (4096K)
 Metaspace       used 4670K, committed 4864K, reserved 1056768K
  class space    used 510K, committed 576K, reserved 1048576K
}
Event: 11.419 GC heap before
{Heap before GC invocations=1 (full 0):
 garbage-first heap   total 262144K, used 89199K [0x0000000701c00000, 0x0000000800000000)
  region size 2048K, 20 young (40960K), 2 survivors (4096K)
 Metaspace       used 13837K, committed 14080K, reserved 1064960K
  class space    used 1865K, committed 1984K, reserved 1048576K
}
Event: 11.423 GC heap after
{Heap after GC invocations=2 (full 0):
 garbage-first heap   total 262144K, used 59649K [0x0000000701c00000, 0x0000000800000000)
  region size 2048K, 3 young (6144K), 3 survivors (6144K)
 Metaspace       used 13837K, committed 14080K, reserved 1064960K
  class space    used 1865K, committed 1984K, reserved 1048576K
}

Deoptimization events (20 events):
Event: 33.810 Thread 0x0000020831ad4c60 Uncommon trap: trap_request=0xffffffde fr.pc=0x000002081c68f1c0 relative=0x00000000000000a0
Event: 33.810 Thread 0x0000020831ad4c60 Uncommon trap: reason=class_check action=maybe_recompile pc=0x000002081c68f1c0 method=javafx.beans.property.DoublePropertyBase.get()D @ 23 c2
Event: 33.810 Thread 0x0000020831ad4c60 DEOPT PACKING pc=0x000002081c68f1c0 sp=0x0000000c91bfdd10
Event: 33.810 Thread 0x0000020831ad4c60 DEOPT UNPACKING pc=0x0000020814b123a3 sp=0x0000000c91bfdca0 mode 2
Event: 33.810 Thread 0x0000020831ad4c60 Uncommon trap: trap_request=0xffffffde fr.pc=0x000002081c68f1c0 relative=0x00000000000000a0
Event: 33.810 Thread 0x0000020831ad4c60 Uncommon trap: reason=class_check action=maybe_recompile pc=0x000002081c68f1c0 method=javafx.beans.property.DoublePropertyBase.get()D @ 23 c2
Event: 33.811 Thread 0x0000020831ad4c60 DEOPT PACKING pc=0x000002081c68f1c0 sp=0x0000000c91bfe320
Event: 33.811 Thread 0x0000020831ad4c60 DEOPT UNPACKING pc=0x0000020814b123a3 sp=0x0000000c91bfe2b0 mode 2
Event: 499.885 Thread 0x000002083145c250 Uncommon trap: trap_request=0xffffff45 fr.pc=0x000002081c6cfbc4 relative=0x0000000000000144
Event: 499.885 Thread 0x000002083145c250 Uncommon trap: reason=unstable_if action=reinterpret pc=0x000002081c6cfbc4 method=java.util.concurrent.locks.ReentrantLock$NonfairSync.initialTryLock()Z @ 10 c2
Event: 499.885 Thread 0x000002083145c250 DEOPT PACKING pc=0x000002081c6cfbc4 sp=0x0000000c9261f340
Event: 499.885 Thread 0x000002083145c250 DEOPT UNPACKING pc=0x0000020814b123a3 sp=0x0000000c9261f2e8 mode 2
Event: 499.885 Thread 0x000002083145c250 Uncommon trap: trap_request=0xffffff45 fr.pc=0x000002081c6b1648 relative=0x00000000000000c8
Event: 499.885 Thread 0x000002083145c250 Uncommon trap: reason=unstable_if action=reinterpret pc=0x000002081c6b1648 method=java.util.concurrent.locks.ReentrantLock$Sync.tryRelease(I)Z @ 26 c2
Event: 499.885 Thread 0x000002083145c250 DEOPT PACKING pc=0x000002081c6b1648 sp=0x0000000c9261f340
Event: 499.885 Thread 0x000002083145c250 DEOPT UNPACKING pc=0x0000020814b123a3 sp=0x0000000c9261f2e0 mode 2
Event: 499.885 Thread 0x000002083196ecf0 Uncommon trap: trap_request=0xffffff45 fr.pc=0x000002081c6e41b4 relative=0x0000000000000e34
Event: 499.885 Thread 0x000002083196ecf0 Uncommon trap: reason=unstable_if action=reinterpret pc=0x000002081c6e41b4 method=java.util.concurrent.locks.AbstractQueuedSynchronizer.acquire(Ljava/util/concurrent/locks/AbstractQueuedSynchronizer$Node;IZZZJ)I @ 155 c2
Event: 499.885 Thread 0x000002083196ecf0 DEOPT PACKING pc=0x000002081c6e41b4 sp=0x0000000c918ff340
Event: 499.885 Thread 0x000002083196ecf0 DEOPT UNPACKING pc=0x0000020814b123a3 sp=0x0000000c918ff2e0 mode 2

Classes unloaded (0 events):
No events

Classes redefined (0 events):
No events

Internal exceptions (20 events):
Event: 5.409 Thread 0x0000020831ad4c60 Implicit null exception at 0x000002081c616334 to 0x000002081c616818
Event: 5.416 Thread 0x0000020831ad4c60 Implicit null exception at 0x000002081c60712f to 0x000002081c607600
Event: 5.416 Thread 0x0000020831ad4c60 Implicit null exception at 0x000002081c5b0e8f to 0x000002081c5b0f09
Event: 5.497 Thread 0x0000020831ad4c60 Exception <a 'java/lang/NoSuchMethodError'{0x000000070fd18d10}: 'java.lang.Object java.lang.invoke.DirectMethodHandle$Holder.invokeInterface(java.lang.Object, java.lang.Object, java.lang.Object)'> (0x000000070fd18d10) 
thrown [t:\workspace\open\src\hotspot\share\interpreter\linkResolver.cpp, line 766]
Event: 5.497 Thread 0x0000020831ad4c60 Exception <a 'java/lang/IncompatibleClassChangeError'{0x000000070fd1c698}: Found class java.lang.Object, but interface was expected> (0x000000070fd1c698) 
thrown [t:\workspace\open\src\hotspot\share\interpreter\linkResolver.cpp, line 833]
Event: 5.534 Thread 0x0000020831ad4c60 Exception <a 'java/lang/NoSuchMethodError'{0x000000070fb06d90}: 'java.lang.Object java.lang.invoke.DirectMethodHandle$Holder.newInvokeSpecial(java.lang.Object, java.lang.Object, int)'> (0x000000070fb06d90) 
thrown [t:\workspace\open\src\hotspot\share\interpreter\linkResolver.cpp, line 766]
Event: 5.552 Thread 0x000002083196ecf0 Exception <a 'java/lang/NoSuchMethodError'{0x000000070fbb46c8}: 'int java.lang.invoke.DirectMethodHandle$Holder.invokeStaticInit(java.lang.Object, java.lang.Object)'> (0x000000070fbb46c8) 
thrown [t:\workspace\open\src\hotspot\share\interpreter\linkResolver.cpp, line 766]
Event: 11.276 Thread 0x0000020831ad4c60 Exception <a 'java/lang/NoSuchMethodError'{0x000000070f4a72d0}: 'long java.lang.invoke.DirectMethodHandle$Holder.invokeStatic(java.lang.Object, java.lang.Object, java.lang.Object)'> (0x000000070f4a72d0) 
thrown [t:\workspace\open\src\hotspot\share\interpreter\linkResolver.cpp, line 766]
Event: 11.277 Thread 0x0000020831ad4c60 Exception <a 'java/lang/NoSuchMethodError'{0x000000070f4aaa78}: 'long java.lang.invoke.DirectMethodHandle$Holder.invokeStaticInit(java.lang.Object, java.lang.Object, java.lang.Object)'> (0x000000070f4aaa78) 
thrown [t:\workspace\open\src\hotspot\share\interpreter\linkResolver.cpp, line 766]
Event: 11.278 Thread 0x0000020831ad4c60 Exception <a 'java/lang/NoSuchMethodError'{0x000000070f4c2680}: 'java.lang.Object java.lang.invoke.DirectMethodHandle$Holder.newInvokeSpecial(java.lang.Object, java.lang.Object, long)'> (0x000000070f4c2680) 
thrown [t:\workspace\open\src\hotspot\share\interpreter\linkResolver.cpp, line 766]
Event: 11.278 Thread 0x0000020831ad4c60 Exception <a 'java/lang/NoSuchMethodError'{0x000000070f4c61f0}: 'java.lang.Object java.lang.invoke.Invokers$Holder.linkToTargetMethod(java.lang.Object, long, java.lang.Object)'> (0x000000070f4c61f0) 
thrown [t:\workspace\open\src\hotspot\share\interpreter\linkResolver.cpp, line 766]
Event: 11.333 Thread 0x0000020831ad4c60 Exception <a 'java/lang/NoSuchMethodError'{0x000000070f4d8538}: 'java.lang.Object java.lang.invoke.DirectMethodHandle$Holder.newInvokeSpecial(java.lang.Object, java.lang.Object, int, int, int, int, int, java.lang.Object)'> (0x000000070f4d8538) 
thrown [t:\workspace\open\src\hotspot\share\interpreter\linkResolver.cpp, line 766]
Event: 11.334 Thread 0x0000020831ad4c60 Exception <a 'java/lang/NoSuchMethodError'{0x000000070f4eb518}: 'java.lang.Object java.lang.invoke.DirectMethodHandle$Holder.newInvokeSpecial(java.lang.Object, java.lang.Object, java.lang.Object, int, int, int, int, int)'> (0x000000070f4eb518) 
thrown [t:\workspace\open\src\hotspot\share\interpreter\linkResolver.cpp, line 766]
Event: 11.334 Thread 0x0000020831ad4c60 Exception <a 'java/lang/NoSuchMethodError'{0x000000070f4f2d78}: 'java.lang.Object java.lang.invoke.Invokers$Holder.linkToTargetMethod(java.lang.Object, java.lang.Object, int, int, int, int, int, java.lang.Object)'> (0x000000070f4f2d78) 
thrown [t:\workspace\open\src\hotspot\share\interpreter\linkResolver.cpp, line 766]
Event: 33.766 Thread 0x0000020831ad4c60 Exception <a 'java/lang/ClassNotFoundException'{0x000000070d3fe880}: com/sun/javafx/scene/control/skin/resources/controls> (0x000000070d3fe880) 
thrown [t:\workspace\open\src\hotspot\share\prims\jni.cpp, line 535]
Event: 33.767 Thread 0x0000020831ad4c60 Exception <a 'java/lang/ClassNotFoundException'{0x000000070d00d378}: com/sun/javafx/scene/control/skin/resources/controls_en> (0x000000070d00d378) 
thrown [t:\workspace\open\src\hotspot\share\prims\jni.cpp, line 535]
Event: 33.767 Thread 0x0000020831ad4c60 Exception <a 'java/lang/ClassNotFoundException'{0x000000070d00e390}: com/sun/javafx/scene/control/skin/resources/controls_en_GB> (0x000000070d00e390) 
thrown [t:\workspace\open\src\hotspot\share\prims\jni.cpp, line 535]
Event: 33.784 Thread 0x0000020831ad4c60 Implicit null exception at 0x000002081c6af08d to 0x000002081c6af1fc
Event: 33.784 Thread 0x0000020831ad4c60 Implicit null exception at 0x000002081c69e550 to 0x000002081c69e5c0
Event: 33.786 Thread 0x0000020831ad4c60 Exception <a 'java/lang/NoSuchMethodError'{0x000000070d1838e8}: 'void java.lang.invoke.DirectMethodHandle$Holder.invokeSpecial(java.lang.Object, java.lang.Object, java.lang.Object, java.lang.Object, java.lang.Object, java.lang.Object)'> (0x000000070d1838e8) 
thrown [t:\workspace\open\src\hotspot\share\interpreter\linkResolver.cpp, line 766]

VM Operations (20 events):
Event: 39.788 Executing VM operation: Cleanup
Event: 39.788 Executing VM operation: Cleanup done
Event: 40.789 Executing VM operation: Cleanup
Event: 40.789 Executing VM operation: Cleanup done
Event: 42.789 Executing VM operation: Cleanup
Event: 42.789 Executing VM operation: Cleanup done
Event: 49.791 Executing VM operation: Cleanup
Event: 49.791 Executing VM operation: Cleanup done
Event: 51.793 Executing VM operation: Cleanup
Event: 51.793 Executing VM operation: Cleanup done
Event: 77.804 Executing VM operation: Cleanup
Event: 77.804 Executing VM operation: Cleanup done
Event: 92.809 Executing VM operation: Cleanup
Event: 92.809 Executing VM operation: Cleanup done
Event: 93.810 Executing VM operation: Cleanup
Event: 93.810 Executing VM operation: Cleanup done
Event: 95.811 Executing VM operation: Cleanup
Event: 95.811 Executing VM operation: Cleanup done
Event: 96.812 Executing VM operation: Cleanup
Event: 96.812 Executing VM operation: Cleanup done

Events (20 events):
Event: 33.752 loading class java/lang/Throwable$PrintStreamOrWriter
Event: 33.752 loading class java/lang/Throwable$PrintStreamOrWriter done
Event: 33.752 loading class java/lang/Throwable$WrappedPrintStream done
Event: 33.752 Thread 0x0000020831e85950 Thread exited: 0x0000020831e85950
Event: 33.804 loading class java/lang/FdLibm$Hypot
Event: 33.804 loading class java/lang/FdLibm$Hypot done
Event: 33.804 loading class java/lang/FdLibm
Event: 33.804 loading class java/lang/FdLibm done
Event: 33.805 Thread 0x0000020839c36b80 Thread added: 0x0000020839c36b80
Event: 34.316 Thread 0x0000020839c36b80 Thread exited: 0x0000020839c36b80
Event: 499.883 loading class jdk/internal/misc/Signal$1
Event: 499.884 loading class jdk/internal/misc/Signal$1 done
Event: 499.884 Thread 0x0000020831e85e20 Thread added: 0x0000020831e85e20
Event: 499.884 Thread 0x0000020831457ef0 Thread added: 0x0000020831457ef0
Event: 499.884 Thread 0x0000020831459bd0 Thread added: 0x0000020831459bd0
Event: 499.884 Thread 0x000002083145da60 Thread added: 0x000002083145da60
Event: 499.884 Thread 0x000002083145c250 Thread added: 0x000002083145c250
Event: 499.884 Thread 0x0000020831459bd0 Thread exited: 0x0000020831459bd0
Event: 499.884 Thread 0x000002083145da60 Thread exited: 0x000002083145da60
Event: 499.885 Thread 0x000002083145c250 Thread exited: 0x000002083145c250


Dynamic libraries:
0x00007ff652fc0000 - 0x00007ff652fd0000 	C:\Program Files\Java\jdk-17.0.1\bin\java.exe
0x00007ffa7f810000 - 0x00007ffa7fa05000 	C:\Windows\SYSTEM32\ntdll.dll
0x00007ffa7f120000 - 0x00007ffa7f1dd000 	C:\Windows\System32\KERNEL32.DLL
0x00007ffa7d1c0000 - 0x00007ffa7d48d000 	C:\Windows\System32\KERNELBASE.dll
0x00007ffa7d760000 - 0x00007ffa7d860000 	C:\Windows\System32\ucrtbase.dll
0x00007ff9eb910000 - 0x00007ff9eb928000 	C:\Program Files\Java\jdk-17.0.1\bin\jli.dll
0x00007ff9eb8f0000 - 0x00007ff9eb90a000 	C:\Program Files\Java\jdk-17.0.1\bin\VCRUNTIME140.dll
0x00007ffa7e7c0000 - 0x00007ffa7e86e000 	C:\Windows\System32\ADVAPI32.dll
0x00007ffa7d990000 - 0x00007ffa7da2e000 	C:\Windows\System32\msvcrt.dll
0x00007ffa7da30000 - 0x00007ffa7dacc000 	C:\Windows\System32\sechost.dll
0x00007ffa7d860000 - 0x00007ffa7d985000 	C:\Windows\System32\RPCRT4.dll
0x00007ffa7e8d0000 - 0x00007ffa7ea70000 	C:\Windows\System32\USER32.dll
0x00007ffa66690000 - 0x00007ffa6692a000 	C:\Windows\WinSxS\amd64_microsoft.windows.common-controls_6595b64144ccf1df_6.0.19041.1110_none_60b5254171f9507e\COMCTL32.dll
0x00007ffa7d160000 - 0x00007ffa7d182000 	C:\Windows\System32\win32u.dll
0x00007ffa7ea70000 - 0x00007ffa7ea9a000 	C:\Windows\System32\GDI32.dll
0x00007ffa7cf20000 - 0x00007ffa7d02b000 	C:\Windows\System32\gdi32full.dll
0x00007ffa7d0c0000 - 0x00007ffa7d15d000 	C:\Windows\System32\msvcp_win.dll
0x00007ffa76cd0000 - 0x00007ffa76cda000 	C:\Windows\SYSTEM32\VERSION.dll
0x00007ffa7e540000 - 0x00007ffa7e570000 	C:\Windows\System32\IMM32.DLL
0x00007ff9eb8e0000 - 0x00007ff9eb8ec000 	C:\Program Files\Java\jdk-17.0.1\bin\vcruntime140_1.dll
0x00007ff9d77b0000 - 0x00007ff9d783d000 	C:\Program Files\Java\jdk-17.0.1\bin\msvcp140.dll
0x00007ff9d6bf0000 - 0x00007ff9d77ae000 	C:\Program Files\Java\jdk-17.0.1\bin\server\jvm.dll
0x00007ffa7e530000 - 0x00007ffa7e538000 	C:\Windows\System32\PSAPI.DLL
0x00007ffa5c730000 - 0x00007ffa5c739000 	C:\Windows\SYSTEM32\WSOCK32.dll
0x00007ffa77890000 - 0x00007ffa778b7000 	C:\Windows\SYSTEM32\WINMM.dll
0x00007ffa7ef20000 - 0x00007ffa7ef8b000 	C:\Windows\System32\WS2_32.dll
0x00007ffa7ae00000 - 0x00007ffa7ae12000 	C:\Windows\SYSTEM32\kernel.appcore.dll
0x00007ff9eace0000 - 0x00007ff9eacea000 	C:\Program Files\Java\jdk-17.0.1\bin\jimage.dll
0x00007ffa74d00000 - 0x00007ffa74ee4000 	C:\Windows\SYSTEM32\DBGHELP.DLL
0x00007ffa5c620000 - 0x00007ffa5c64c000 	C:\Windows\SYSTEM32\dbgcore.DLL
0x00007ffa7d030000 - 0x00007ffa7d0b2000 	C:\Windows\System32\bcryptPrimitives.dll
0x00007ff9d6ae0000 - 0x00007ff9d6aee000 	C:\Program Files\Java\jdk-17.0.1\bin\instrument.dll
0x00007ff9eacb0000 - 0x00007ff9eacd5000 	C:\Program Files\Java\jdk-17.0.1\bin\java.dll
0x00007ff9d6b10000 - 0x00007ff9d6be6000 	C:\Program Files\Java\jdk-17.0.1\bin\svml.dll
0x00007ffa7dd10000 - 0x00007ffa7e454000 	C:\Windows\System32\SHELL32.dll
0x00007ffa7b000000 - 0x00007ffa7b794000 	C:\Windows\SYSTEM32\windows.storage.dll
0x00007ffa7f2c0000 - 0x00007ffa7f614000 	C:\Windows\System32\combase.dll
0x00007ffa7c980000 - 0x00007ffa7c9ac000 	C:\Windows\SYSTEM32\Wldp.dll
0x00007ffa7dbe0000 - 0x00007ffa7dc8d000 	C:\Windows\System32\SHCORE.dll
0x00007ffa7dcb0000 - 0x00007ffa7dd05000 	C:\Windows\System32\shlwapi.dll
0x00007ffa7ce60000 - 0x00007ffa7ce7f000 	C:\Windows\SYSTEM32\profapi.dll
0x00007ff9e9b40000 - 0x00007ff9e9b59000 	C:\Program Files\Java\jdk-17.0.1\bin\net.dll
0x00007ffa74360000 - 0x00007ffa7446a000 	C:\Windows\SYSTEM32\WINHTTP.dll
0x00007ffa7c6a0000 - 0x00007ffa7c70a000 	C:\Windows\system32\mswsock.dll
0x00007ff9e9b20000 - 0x00007ff9e9b35000 	C:\Program Files\Java\jdk-17.0.1\bin\nio.dll
0x00007ff9d6af0000 - 0x00007ff9d6b08000 	C:\Program Files\Java\jdk-17.0.1\bin\zip.dll
0x00007ff9d6ac0000 - 0x00007ff9d6ada000 	C:\Program Files\JetBrains\IntelliJ IDEA 2021.2.3\bin\breakgen64.dll
0x00000208303f0000 - 0x00000208303f3000 	C:\Users\nbalj\.openjfx\cache\17.0.0.1\api-ms-win-core-console-l1-1-0.dll
0x00000208328d0000 - 0x00000208328d3000 	C:\Users\nbalj\.openjfx\cache\17.0.0.1\api-ms-win-core-console-l1-2-0.dll
0x00000208328e0000 - 0x00000208328e3000 	C:\Users\nbalj\.openjfx\cache\17.0.0.1\api-ms-win-core-datetime-l1-1-0.dll
0x00000208328f0000 - 0x00000208328f3000 	C:\Users\nbalj\.openjfx\cache\17.0.0.1\api-ms-win-core-debug-l1-1-0.dll
0x0000020832900000 - 0x0000020832903000 	C:\Users\nbalj\.openjfx\cache\17.0.0.1\api-ms-win-core-errorhandling-l1-1-0.dll
0x0000020832910000 - 0x0000020832914000 	C:\Users\nbalj\.openjfx\cache\17.0.0.1\api-ms-win-core-file-l1-1-0.dll
0x0000020832920000 - 0x0000020832923000 	C:\Users\nbalj\.openjfx\cache\17.0.0.1\api-ms-win-core-file-l1-2-0.dll
0x0000020832930000 - 0x0000020832933000 	C:\Users\nbalj\.openjfx\cache\17.0.0.1\api-ms-win-core-file-l2-1-0.dll
0x0000020832940000 - 0x0000020832943000 	C:\Users\nbalj\.openjfx\cache\17.0.0.1\api-ms-win-core-handle-l1-1-0.dll
0x0000020832950000 - 0x0000020832953000 	C:\Users\nbalj\.openjfx\cache\17.0.0.1\api-ms-win-core-heap-l1-1-0.dll
0x0000020832960000 - 0x0000020832963000 	C:\Users\nbalj\.openjfx\cache\17.0.0.1\api-ms-win-core-interlocked-l1-1-0.dll
0x0000020832970000 - 0x0000020832973000 	C:\Users\nbalj\.openjfx\cache\17.0.0.1\api-ms-win-core-libraryloader-l1-1-0.dll
0x0000020832980000 - 0x0000020832983000 	C:\Users\nbalj\.openjfx\cache\17.0.0.1\api-ms-win-core-localization-l1-2-0.dll
0x0000020832990000 - 0x0000020832993000 	C:\Users\nbalj\.openjfx\cache\17.0.0.1\api-ms-win-core-memory-l1-1-0.dll
0x00000208329a0000 - 0x00000208329a3000 	C:\Users\nbalj\.openjfx\cache\17.0.0.1\api-ms-win-core-namedpipe-l1-1-0.dll
0x00000208329b0000 - 0x00000208329b3000 	C:\Users\nbalj\.openjfx\cache\17.0.0.1\api-ms-win-core-processenvironment-l1-1-0.dll
0x00000208329c0000 - 0x00000208329c3000 	C:\Users\nbalj\.openjfx\cache\17.0.0.1\api-ms-win-core-processthreads-l1-1-0.dll
0x00000208329d0000 - 0x00000208329d3000 	C:\Users\nbalj\.openjfx\cache\17.0.0.1\api-ms-win-core-processthreads-l1-1-1.dll
0x00000208329e0000 - 0x00000208329e3000 	C:\Users\nbalj\.openjfx\cache\17.0.0.1\api-ms-win-core-profile-l1-1-0.dll
0x00000208329f0000 - 0x00000208329f3000 	C:\Users\nbalj\.openjfx\cache\17.0.0.1\api-ms-win-core-rtlsupport-l1-1-0.dll
0x0000020832a00000 - 0x0000020832a03000 	C:\Users\nbalj\.openjfx\cache\17.0.0.1\api-ms-win-core-string-l1-1-0.dll
0x0000020832a10000 - 0x0000020832a13000 	C:\Users\nbalj\.openjfx\cache\17.0.0.1\api-ms-win-core-synch-l1-1-0.dll
0x0000020832a20000 - 0x0000020832a23000 	C:\Users\nbalj\.openjfx\cache\17.0.0.1\api-ms-win-core-synch-l1-2-0.dll
0x0000020832a30000 - 0x0000020832a33000 	C:\Users\nbalj\.openjfx\cache\17.0.0.1\api-ms-win-core-sysinfo-l1-1-0.dll
0x0000020832a40000 - 0x0000020832a43000 	C:\Users\nbalj\.openjfx\cache\17.0.0.1\api-ms-win-core-timezone-l1-1-0.dll
0x0000020832a50000 - 0x0000020832a53000 	C:\Users\nbalj\.openjfx\cache\17.0.0.1\api-ms-win-core-util-l1-1-0.dll
0x0000020832a60000 - 0x0000020832a63000 	C:\Users\nbalj\.openjfx\cache\17.0.0.1\api-ms-win-crt-conio-l1-1-0.dll
0x0000020832a70000 - 0x0000020832a74000 	C:\Users\nbalj\.openjfx\cache\17.0.0.1\api-ms-win-crt-convert-l1-1-0.dll
0x0000020832a80000 - 0x0000020832a83000 	C:\Users\nbalj\.openjfx\cache\17.0.0.1\api-ms-win-crt-environment-l1-1-0.dll
0x0000020832a90000 - 0x0000020832a93000 	C:\Users\nbalj\.openjfx\cache\17.0.0.1\api-ms-win-crt-filesystem-l1-1-0.dll
0x0000020832aa0000 - 0x0000020832aa3000 	C:\Users\nbalj\.openjfx\cache\17.0.0.1\api-ms-win-crt-heap-l1-1-0.dll
0x0000020832ab0000 - 0x0000020832ab3000 	C:\Users\nbalj\.openjfx\cache\17.0.0.1\api-ms-win-crt-locale-l1-1-0.dll
0x0000020832ac0000 - 0x0000020832ac5000 	C:\Users\nbalj\.openjfx\cache\17.0.0.1\api-ms-win-crt-math-l1-1-0.dll
0x0000020832ad0000 - 0x0000020832ad5000 	C:\Users\nbalj\.openjfx\cache\17.0.0.1\api-ms-win-crt-multibyte-l1-1-0.dll
0x0000020832ae0000 - 0x0000020832af0000 	C:\Users\nbalj\.openjfx\cache\17.0.0.1\api-ms-win-crt-private-l1-1-0.dll
0x0000020832af0000 - 0x0000020832af3000 	C:\Users\nbalj\.openjfx\cache\17.0.0.1\api-ms-win-crt-process-l1-1-0.dll
0x0000020832b00000 - 0x0000020832b04000 	C:\Users\nbalj\.openjfx\cache\17.0.0.1\api-ms-win-crt-runtime-l1-1-0.dll
0x0000020832b10000 - 0x0000020832b14000 	C:\Users\nbalj\.openjfx\cache\17.0.0.1\api-ms-win-crt-stdio-l1-1-0.dll
0x0000020832b20000 - 0x0000020832b24000 	C:\Users\nbalj\.openjfx\cache\17.0.0.1\api-ms-win-crt-string-l1-1-0.dll
0x0000020832b30000 - 0x0000020832b33000 	C:\Users\nbalj\.openjfx\cache\17.0.0.1\api-ms-win-crt-time-l1-1-0.dll
0x0000020832b40000 - 0x0000020832b43000 	C:\Users\nbalj\.openjfx\cache\17.0.0.1\api-ms-win-crt-utility-l1-1-0.dll
0x00007ff9d6830000 - 0x00007ff9d692c000 	C:\Users\nbalj\.openjfx\cache\17.0.0.1\ucrtbase.dll
0x00007ff9d6a70000 - 0x00007ff9d6a8a000 	C:\Users\nbalj\.openjfx\cache\17.0.0.1\vcruntime140.dll
0x00007ff9d6a60000 - 0x00007ff9d6a6c000 	C:\Users\nbalj\.openjfx\cache\17.0.0.1\vcruntime140_1.dll
0x00007ff9d69d0000 - 0x00007ff9d6a5d000 	C:\Users\nbalj\.openjfx\cache\17.0.0.1\msvcp140.dll
0x00007ff9d6800000 - 0x00007ff9d682a000 	C:\Users\nbalj\.openjfx\cache\17.0.0.1\prism_d3d.dll
0x00007ffa75c30000 - 0x00007ffa75dff000 	C:\Windows\system32\d3d9.dll
0x00007ffa7ab10000 - 0x00007ffa7ab3f000 	C:\Windows\SYSTEM32\dwmapi.dll
0x00007ffa7a830000 - 0x00007ffa7a8ce000 	C:\Windows\system32\uxtheme.dll
0x00007ffa7cb10000 - 0x00007ffa7cb22000 	C:\Windows\SYSTEM32\msasn1.dll
0x00007ffa76820000 - 0x00007ffa76851000 	C:\Windows\SYSTEM32\cryptnet.dll
0x00007ffa7d490000 - 0x00007ffa7d5e6000 	C:\Windows\System32\CRYPT32.dll
0x00007ffa731d0000 - 0x00007ffa73318000 	C:\Windows\SYSTEM32\drvstore.dll
0x00007ffa7ccd0000 - 0x00007ffa7ccfc000 	C:\Windows\SYSTEM32\devobj.dll
0x00007ffa7d5f0000 - 0x00007ffa7d63e000 	C:\Windows\System32\cfgmgr32.dll
0x00007ffa7c8d0000 - 0x00007ffa7c8dc000 	C:\Windows\SYSTEM32\cryptbase.dll
0x00007ffa7d640000 - 0x00007ffa7d6a8000 	C:\Windows\System32\WINTRUST.DLL
0x00007ffa7dc90000 - 0x00007ffa7dcad000 	C:\Windows\System32\imagehlp.dll
0x00007ffa7c8b0000 - 0x00007ffa7c8c8000 	C:\Windows\SYSTEM32\CRYPTSP.dll
0x00007ffa7bfb0000 - 0x00007ffa7bfe4000 	C:\Windows\system32\rsaenh.dll
0x00007ffa7d190000 - 0x00007ffa7d1b7000 	C:\Windows\System32\bcrypt.dll
0x00007ff9d67b0000 - 0x00007ff9d67f2000 	C:\Users\nbalj\.openjfx\cache\17.0.0.1\glass.dll
0x00007ffa7f1e0000 - 0x00007ffa7f2bb000 	C:\Windows\System32\COMDLG32.dll
0x00007ffa7ef90000 - 0x00007ffa7f0ba000 	C:\Windows\System32\ole32.dll
0x00007ffa7e460000 - 0x00007ffa7e52d000 	C:\Windows\System32\OLEAUT32.dll
0x00007ffa7e6a0000 - 0x00007ffa7e7b5000 	C:\Windows\System32\MSCTF.dll
0x00007ffa3a390000 - 0x00007ffa3a657000 	C:\Windows\system32\nvspcap64.dll
0x00007ffa7bbe0000 - 0x00007ffa7bc13000 	C:\Windows\SYSTEM32\ntmarta.dll
0x00007ffa7b7b0000 - 0x00007ffa7b7d3000 	C:\Windows\SYSTEM32\gpapi.dll
0x00007ffa73190000 - 0x00007ffa731cb000 	C:\Windows\SYSTEM32\dxcore.dll
0x00007ff9d6770000 - 0x00007ff9d67a4000 	C:\Users\nbalj\AppData\Local\Temp\jSerialComm\1652947594299-jSerialComm.dll
0x00007ffa7eaa0000 - 0x00007ffa7ef11000 	C:\Windows\System32\SETUPAPI.dll
0x00007ff9d6740000 - 0x00007ff9d676d000 	C:\Users\nbalj\.openjfx\cache\17.0.0.1\javafx_iio.dll
0x00007ff9d6720000 - 0x00007ff9d6734000 	C:\Users\nbalj\.openjfx\cache\17.0.0.1\javafx_font.dll
0x00007ffa4b710000 - 0x00007ffa4b98f000 	C:\Windows\SYSTEM32\dwrite.dll
0x00007ffa7e570000 - 0x00007ffa7e619000 	C:\Windows\System32\clbcatq.dll
0x00007ffa765d0000 - 0x00007ffa76784000 	C:\Windows\SYSTEM32\WindowsCodecs.dll
0x00007ffa65e10000 - 0x00007ffa65e4e000 	C:\Windows\system32\dataexchange.dll
0x00007ffa79c40000 - 0x00007ffa79e25000 	C:\Windows\system32\dcomp.dll
0x00007ffa78e50000 - 0x00007ffa790b4000 	C:\Windows\system32\d3d11.dll
0x00007ffa7b900000 - 0x00007ffa7b9f3000 	C:\Windows\system32\dxgi.dll

dbghelp: loaded successfully - version: 4.0.5 - missing functions: none
symbol engine: initialized successfully - sym options: 0x614 - pdb path: .;C:\Program Files\Java\jdk-17.0.1\bin;C:\Windows\SYSTEM32;C:\Windows\WinSxS\amd64_microsoft.windows.common-controls_6595b64144ccf1df_6.0.19041.1110_none_60b5254171f9507e;C:\Program Files\Java\jdk-17.0.1\bin\server;C:\Program Files\JetBrains\IntelliJ IDEA 2021.2.3\bin;C:\Users\nbalj\.openjfx\cache\17.0.0.1;C:\Windows\System32\DriverStore\FileRepository\nv_dispi.inf_amd64_c0e159863e7afdde;C:\Users\nbalj\AppData\Local\Temp\jSerialComm;C:\Program Files\Common Files\Microsoft Shared\Ink

VM Arguments:
jvm_args: -javaagent:C:\Program Files\JetBrains\IntelliJ IDEA 2021.2.3\lib\idea_rt.jar=64446:C:\Program Files\JetBrains\IntelliJ IDEA 2021.2.3\bin -Dfile.encoding=UTF-8 --module-path=C:\Users\nbalj\.m2\repository\org\openjfx\javafx-base\17.0.0.1\javafx-base-17.0.0.1-win.jar;C:\Users\nbalj\.m2\repository\org\openjfx\javafx-media\17.0.0.1\javafx-media-17.0.0.1-win.jar;C:\Users\nbalj\.m2\repository\org\kordamp\ikonli\ikonli-javafx\12.2.0\ikonli-javafx-12.2.0.jar;C:\Users\nbalj\.m2\repository\org\kordamp\bootstrapfx\bootstrapfx-core\0.4.0\bootstrapfx-core-0.4.0.jar;C:\Users\nbalj\.m2\repository\org\openjfx\javafx-web\17.0.0.1\javafx-web-17.0.0.1-win.jar;C:\Users\nbalj\Desktop\ProjectGUI\target\classes;C:\Users\nbalj\.m2\repository\eu\hansolo\tilesfx\11.48\tilesfx-11.48.jar;C:\Users\nbalj\.m2\repository\org\controlsfx\controlsfx\11.1.0\controlsfx-11.1.0.jar;C:\Users\nbalj\.m2\repository\org\kordamp\ikonli\ikonli-core\12.2.0\ikonli-core-12.2.0.jar;C:\Users\nbalj\.m2\repository\com\dlsc\formsfx\formsfx-core\11.3.2\formsfx-core-11.3.2.jar;C:\Users\nbalj\.m2\repository\org\openjfx\javafx-graphics\17.0.0.1\javafx-graphics-17.0.0.1-win.jar;C:\Users\nbalj\.m2\repository\com\fazecast\jSerialComm\2.9.1\jSerialComm-2.9.1.jar;C:\Users\nbalj\.m2\repository\org\openjfx\javafx-fxml\17.0.0.1\javafx-fxml-17.0.0.1-win.jar;C:\Users\nbalj\.m2\repository\net\synedra\validatorfx\0.1.13\validatorfx-0.1.13.jar;C:\Users\nbalj\.m2\repository\org\openjfx\javafx-controls\17.0.0.1\javafx-controls-17.0.0.1-win.jar -Djdk.module.main=com.example.projectgui 
java_command: com.example.projectgui/com.example.projectgui.HelloApplication
java_class_path (initial): C:\Users\nbalj\.m2\repository\org\openjfx\javafx-controls\17.0.0.1\javafx-controls-17.0.0.1.jar;C:\Users\nbalj\.m2\repository\org\openjfx\javafx-graphics\17.0.0.1\javafx-graphics-17.0.0.1.jar;C:\Users\nbalj\.m2\repository\org\openjfx\javafx-base\17.0.0.1\javafx-base-17.0.0.1.jar;C:\Users\nbalj\.m2\repository\org\openjfx\javafx-fxml\17.0.0.1\javafx-fxml-17.0.0.1.jar;C:\Users\nbalj\.m2\repository\org\openjfx\javafx-web\17.0.0.1\javafx-web-17.0.0.1.jar;C:\Users\nbalj\.m2\repository\org\openjfx\javafx-media\17.0.0.1\javafx-media-17.0.0.1.jar;C:\Users\nbalj\.m2\repository\mysql\mysql-connector-java\8.0.28\mysql-connector-java-8.0.28.jar;C:\Users\nbalj\.m2\repository\com\google\protobuf\protobuf-java\3.11.4\protobuf-java-3.11.4.jar
Launcher Type: SUN_STANDARD

[Global flags]
     intx CICompilerCount                          = 4                                         {product} {ergonomic}
     uint ConcGCThreads                            = 3                                         {product} {ergonomic}
     uint G1ConcRefinementThreads                  = 10                                        {product} {ergonomic}
   size_t G1HeapRegionSize                         = 2097152                                   {product} {ergonomic}
    uintx GCDrainStackTargetSize                   = 64                                        {product} {ergonomic}
   size_t InitialHeapSize                          = 268435456                                 {product} {ergonomic}
   size_t MarkStackSize                            = 4194304                                   {product} {ergonomic}
   size_t MaxHeapSize                              = 4265607168                                {product} {ergonomic}
   size_t MaxNewSize                               = 2558525440                                {product} {ergonomic}
   size_t MinHeapDeltaBytes                        = 2097152                                   {product} {ergonomic}
   size_t MinHeapSize                              = 8388608                                   {product} {ergonomic}
    uintx NonNMethodCodeHeapSize                   = 5839372                                {pd product} {ergonomic}
    uintx NonProfiledCodeHeapSize                  = 122909434                              {pd product} {ergonomic}
    uintx ProfiledCodeHeapSize                     = 122909434                              {pd product} {ergonomic}
    uintx ReservedCodeCacheSize                    = 251658240                              {pd product} {ergonomic}
     bool SegmentedCodeCache                       = true                                      {product} {ergonomic}
   size_t SoftMaxHeapSize                          = 4265607168                             {manageable} {ergonomic}
     bool UseCompressedClassPointers               = true                           {product lp64_product} {ergonomic}
     bool UseCompressedOops                        = true                           {product lp64_product} {ergonomic}
     bool UseG1GC                                  = true                                      {product} {ergonomic}
     bool UseLargePagesIndividualAllocation        = false                                  {pd product} {ergonomic}

Logging:
Log output configuration:
 #0: stdout all=warning uptime,level,tags
 #1: stderr all=off uptime,level,tags

Environment Variables:
JAVA_HOME=C:\Program Files\Java\jdk-17.0.1
PATH=C:\Program Files\Common Files\Oracle\Java\javapath;C:\Program Files (x86)\Common Files\Oracle\Java\javapath;C:\Program Files (x86)\Common Files\Intel\Shared Libraries\redist\intel64_win\compiler;C:\Windows\system32;C:\Windows;C:\Windows\System32\Wbem;C:\Windows\System32\WindowsPowerShell\v1.0\;C:\Windows\System32\OpenSSH\;C:\Program Files\NVIDIA Corporation\NVIDIA NvDLISR;C:\Program Files (x86)\NVIDIA Corporation\PhysX\Common;C:\Program Files\PowerShell\7\;C:\Program Files (x86)\mingw-w64\i686-8.1.0-posix-dwarf-rt_v6-rev0\mingw32\bin;C:\Program Files\Java\jdk-17.0.1;C:\Program Files\dotnet\;C:\Program Files\Git\cmd;C:\Program Files\PuTTY\;C:\Program Files\OpenSSL-Win64\bin;C:\Program Files\Java\jdk-18;C:\Users\nbalj\AppData\Local\Microsoft\WindowsApps;C:\Users\nbalj\AppData\Local\Programs\Microsoft VS Code\bin;C:\Program Files\Inkscape\bin;C:\Program Files\JetBrains\IntelliJ IDEA 2021.2.3\bin;;C:\Users\nbalj\.dotnet\tools;C:\Users\nbalj\AppData\Local\GitHubDesktop\bin
USERNAME=nbalj
OS=Windows_NT
PROCESSOR_IDENTIFIER=AMD64 Family 23 Model 113 Stepping 0, AuthenticAMD



---------------  S Y S T E M  ---------------

OS:
 Windows 10 , 64 bit Build 19041 (10.0.19041.1706)
OS uptime: 4 days 22:48 hours
Hyper-V role detected

CPU: total 12 (initial active 12) (12 cores per cpu, 2 threads per core) family 23 model 113 stepping 0 microcode 0x0, cx8, cmov, fxsr, ht, mmx, 3dnowpref, sse, sse2, sse3, ssse3, sse4a, sse4.1, sse4.2, popcnt, lzcnt, tsc, tscinvbit, avx, avx2, aes, clmul, bmi1, bmi2, adx, sha, fma, vzeroupper, clflush, clflushopt, hv

Memory: 4k page, system-wide physical 16265M (5963M free)
TotalPageFile size 22153M (AvailPageFile size 6423M)
current process WorkingSet (physical memory assigned to process): 300M, peak: 354M
current process commit charge ("private bytes"): 597M, peak: 665M

vm_info: Java HotSpot(TM) 64-Bit Server VM (17.0.1+12-LTS-39) for windows-amd64 JRE (17.0.1+12-LTS-39), built on Sep 27 2021 18:41:35 by "mach5one" with MS VC++ 16.8 (VS2019)

END.
