#
# A fatal error has been detected by the Java Runtime Environment:
#
#  EXCEPTION_ACCESS_VIOLATION (0xc0000005) at pc=0x00007ffa7f873416, pid=13944, tid=28816
#
# JRE version: Java(TM) SE Runtime Environment (17.0.1+12) (build 17.0.1+12-LTS-39)
# Java VM: Java HotSpot(TM) 64-Bit Server VM (17.0.1+12-LTS-39, mixed mode, sharing, tiered, compressed oops, compressed class ptrs, g1 gc, windows-amd64)
# Problematic frame:
# C  [ntdll.dll+0x63416]
#
# No core dump will be written. Minidumps are not enabled by default on client versions of Windows
#
# If you would like to submit a bug report, please visit:
#   https://bugreport.java.com/bugreport/crash.jsp
# The crash happened outside the Java Virtual Machine in native code.
# See problematic frame for where to report the bug.
#

---------------  S U M M A R Y ------------

Command Line: -javaagent:C:\Program Files\JetBrains\IntelliJ IDEA 2021.2.3\lib\idea_rt.jar=64851:C:\Program Files\JetBrains\IntelliJ IDEA 2021.2.3\bin -Dfile.encoding=UTF-8 --module-path=C:\Users\nbalj\.m2\repository\com\fazecast\jSerialComm\2.9.1\jSerialComm-2.9.1.jar;C:\Users\nbalj\.m2\repository\org\openjfx\javafx-controls\17.0.0.1\javafx-controls-17.0.0.1-win.jar;C:\Users\nbalj\Documents\GitHub\project3-4\CodePC\ProjectGUI\target\classes;C:\Users\nbalj\.m2\repository\org\kordamp\ikonli\ikonli-javafx\12.2.0\ikonli-javafx-12.2.0.jar;C:\Users\nbalj\.m2\repository\org\openjfx\javafx-graphics\17.0.0.1\javafx-graphics-17.0.0.1-win.jar;C:\Users\nbalj\.m2\repository\org\openjfx\javafx-web\17.0.0.1\javafx-web-17.0.0.1-win.jar;C:\Users\nbalj\.m2\repository\org\openjfx\javafx-fxml\17.0.0.1\javafx-fxml-17.0.0.1-win.jar;C:\Users\nbalj\.m2\repository\org\controlsfx\controlsfx\11.1.0\controlsfx-11.1.0.jar;C:\Users\nbalj\.m2\repository\com\dlsc\formsfx\formsfx-core\11.3.2\formsfx-core-11.3.2.jar;C:\Users\nbalj\.m2\repository\org\openjfx\javafx-base\17.0.0.1\javafx-base-17.0.0.1-win.jar;C:\Users\nbalj\.m2\repository\eu\hansolo\tilesfx\11.48\tilesfx-11.48.jar;C:\Users\nbalj\.m2\repository\org\kordamp\ikonli\ikonli-core\12.2.0\ikonli-core-12.2.0.jar;C:\Users\nbalj\.m2\repository\org\kordamp\bootstrapfx\bootstrapfx-core\0.4.0\bootstrapfx-core-0.4.0.jar;C:\Users\nbalj\.m2\repository\org\openjfx\javafx-media\17.0.0.1\javafx-media-17.0.0.1-win.jar;C:\Users\nbalj\.m2\repository\net\synedra\validatorfx\0.1.13\validatorfx-0.1.13.jar -Djdk.module.main=com.example.projectgui com.example.projectgui/com.example.projectgui.HelloApplication

Host: AMD Ryzen 5 3600 6-Core Processor              , 12 cores, 15G,  Windows 10 , 64 bit Build 19041 (10.0.19041.1706)
Time: Sat May 21 15:43:59 2022 W. Europe Summer Time elapsed time: 53.544133 seconds (0d 0h 0m 53s)

---------------  T H R E A D  ---------------

Current thread (0x000001b0e1b50d80):  JavaThread "Thread-5" [_thread_in_native, id=28816, stack(0x0000006d9dd00000,0x0000006d9de00000)]

Stack: [0x0000006d9dd00000,0x0000006d9de00000],  sp=0x0000006d9ddfee40,  free space=1019k
Native frames: (J=compiled Java code, j=interpreted, Vv=VM code, C=native code)
C  [ntdll.dll+0x63416]
C  [ntdll.dll+0x2fcb4]
C  [ntdll.dll+0x2fae2]
C  [1653140586147-jSerialComm.dll+0x3cb2]

Java frames: (J=compiled Java code, j=interpreted, Vv=VM code)
j  com.fazecast.jSerialComm.SerialPort.closePortNative(J)J+0 com.fazecast.jSerialComm
j  com.fazecast.jSerialComm.SerialPort.closePort()Z+29 com.fazecast.jSerialComm
j  com.example.projectgui.ArduinoControls.lambda$setupCommunication$0()V+3 com.example.projectgui
j  com.example.projectgui.ArduinoControls$$Lambda$148+0x0000000800cbaca8.run()V+0 com.example.projectgui
j  java.lang.Thread.run()V+11 java.base@17.0.1
v  ~StubRoutines::call_stub

siginfo: EXCEPTION_ACCESS_VIOLATION (0xc0000005), writing address 0x0000000000000024


Register to memory mapping:

RIP=0x00007ffa7f873416 ntdll.dll
RAX=0x0 is NULL
RBX=0x00007ffa5742fd00 1653140586147-jSerialComm.dll
RCX=0x00007ffa5742fd00 1653140586147-jSerialComm.dll
RDX=0x00000000fffffffa is an unknown value
RSP=0x0000006d9ddfee40 is pointing into the stack for thread: 0x000001b0e1b50d80
RBP=0x0000006d9ddff000 is pointing into the stack for thread: 0x000001b0e1b50d80
RSI=0x0 is NULL
RDI=0x0 is NULL
R8 =0x0 is NULL
R9 =0x00007ffa5742fd00 1653140586147-jSerialComm.dll
R10=0x0 is NULL
R11=0x0000000000000246 is an unknown value
R12=0x0 is NULL
R13=0x0000006d9c0c9000 points into unknown readable memory: 0x0000000000000000 | 00 00 00 00 00 00 00 00
R14=0x0000000000000001 is an unknown value
R15=0x0 is NULL


Registers:
RAX=0x0000000000000000, RBX=0x00007ffa5742fd00, RCX=0x00007ffa5742fd00, RDX=0x00000000fffffffa
RSP=0x0000006d9ddfee40, RBP=0x0000006d9ddff000, RSI=0x0000000000000000, RDI=0x0000000000000000
R8 =0x0000000000000000, R9 =0x00007ffa5742fd00, R10=0x0000000000000000, R11=0x0000000000000246
R12=0x0000000000000000, R13=0x0000006d9c0c9000, R14=0x0000000000000001, R15=0x0000000000000000
RIP=0x00007ffa7f873416, EFLAGS=0x0000000000010213

Top of Stack: (sp=0x0000006d9ddfee40)
0x0000006d9ddfee40:   ffffffffffffffff 00007ffa5742fd00
0x0000006d9ddfee50:   0000000000000000 0000000000000000
0x0000006d9ddfee60:   0000000000000000 0000000000000000
0x0000006d9ddfee70:   0000000000000000 0000000000000000
0x0000006d9ddfee80:   0000000000000000 00000000fffffffa
0x0000006d9ddfee90:   0000006d9c0c9000 0000000000000000
0x0000006d9ddfeea0:   0000000000000000 0000000000000000
0x0000006d9ddfeeb0:   0000000000000000 0000000000000000
0x0000006d9ddfeec0:   0000000000000000 0000000000000000
0x0000006d9ddfeed0:   0000ba68fbc56708 0000000000000000
0x0000006d9ddfeee0:   000001b0e1b50d00 0000000000000001
0x0000006d9ddfeef0:   0000000000000001 0000000000000001
0x0000006d9ddfef00:   0000000000000000 00007ffa5742fd00
0x0000006d9ddfef10:   0000006d9ddff000 00007ffa7f83fcb4
0x0000006d9ddfef20:   0000000000000000 0000000000000000
0x0000006d9ddfef30:   00000000fffffffa 0000000000000000 

Instructions: (pc=0x00007ffa7f873416)
0x00007ffa7f873316:   20 e9 ed fe ff ff 48 89 41 18 e9 e4 fe ff ff cc
0x00007ffa7f873326:   cc cc cc cc cc cc cc cc cc cc 80 3d d1 71 10 00
0x00007ffa7f873336:   00 0f 95 c0 c3 cc cc cc cc cc cc cc cc cc cc cc
0x00007ffa7f873346:   cc cc cc cc cc cc cc cc cc cc 48 83 ec 38 8b 05
0x00007ffa7f873356:   d2 57 10 00 89 44 24 20 e8 41 02 00 00 48 83 c4
0x00007ffa7f873366:   38 c3 cc cc cc cc cc cc cc cc 48 89 5c 24 18 55
0x00007ffa7f873376:   56 57 41 54 41 55 41 56 41 57 48 81 ec a0 00 00
0x00007ffa7f873386:   00 48 8b 05 82 f1 11 00 48 33 c4 48 89 84 24 90
0x00007ffa7f873396:   00 00 00 65 4c 8b 2c 25 30 00 00 00 48 8d 05 4f
0x00007ffa7f8733a6:   11 10 00 40 32 ed 89 54 24 48 33 f6 40 88 6c 24
0x00007ffa7f8733b6:   40 4c 89 6c 24 50 48 8b d9 44 8b e6 48 3b c8 0f
0x00007ffa7f8733c6:   84 39 01 00 00 40 38 35 36 71 10 00 0f 85 a8 01
0x00007ffa7f8733d6:   00 00 39 35 4a 71 10 00 0f 85 6a 01 00 00 40 38
0x00007ffa7f8733e6:   35 0d 6c 10 00 48 8d 3d 0e 6c 10 00 48 0f 45 fe
0x00007ffa7f8733f6:   48 39 73 18 0f 84 d2 00 00 00 48 8b 03 48 83 f8
0x00007ffa7f873406:   ff 0f 84 d2 00 00 00 44 8b fe 48 83 f8 ff 74 03
0x00007ffa7f873416:   ff 40 24 4c 8b 73 18 4c 8d 2d d4 10 10 00 bd 22
0x00007ffa7f873426:   17 00 00 e8 22 14 fc ff 85 c0 0f 85 be b2 05 00
0x00007ffa7f873436:   b9 82 03 fe 7f 80 39 00 0f 85 cc b2 05 00 49 83
0x00007ffa7f873446:   fe ff 0f 85 5a b3 05 00 4c 8b cf c7 44 24 20 00
0x00007ffa7f873456:   00 00 00 41 b8 04 00 00 00 48 8d 54 24 48 48 8d
0x00007ffa7f873466:   4b 08 e8 37 01 00 00 3d 02 01 00 00 0f 84 43 b3
0x00007ffa7f873476:   05 00 8b 4b 08 89 4c 24 48 f6 c1 02 75 ca 3d 02
0x00007ffa7f873486:   01 00 00 0f 84 2c b3 05 00 0f b6 6c 24 40 4c 8b
0x00007ffa7f873496:   6c 24 50 85 c0 0f 88 78 b4 05 00 40 84 ed 75 73
0x00007ffa7f8734a6:   48 8b 8c 24 90 00 00 00 48 33 cc e8 7a 8d 02 00
0x00007ffa7f8734b6:   48 8b 9c 24 f0 00 00 00 48 81 c4 a0 00 00 00 41
0x00007ffa7f8734c6:   5f 41 5e 41 5d 41 5c 5f 5e 5d c3 cc 48 8b cb e8
0x00007ffa7f8734d6:   56 05 00 00 e9 21 ff ff ff 8b 4b 20 48 c7 c0 ff
0x00007ffa7f8734e6:   ff ff ff 48 0f ba e1 18 0f 82 19 ff ff ff 48 8b
0x00007ffa7f8734f6:   cb e8 44 e3 fa ff 48 8b 03 e9 09 ff ff ff c6 44
0x00007ffa7f873506:   24 40 01 41 c7 85 60 17 00 00 01 00 00 00 e9 b2 


Stack slot to memory mapping:
stack at sp + 0 slots: 0xffffffffffffffff is an unknown value
stack at sp + 1 slots: 0x00007ffa5742fd00 1653140586147-jSerialComm.dll
stack at sp + 2 slots: 0x0 is NULL
stack at sp + 3 slots: 0x0 is NULL
stack at sp + 4 slots: 0x0 is NULL
stack at sp + 5 slots: 0x0 is NULL
stack at sp + 6 slots: 0x0 is NULL
stack at sp + 7 slots: 0x0 is NULL


---------------  P R O C E S S  ---------------

Threads class SMR info:
_java_thread_list=0x000001b0e24cc780, length=22, elements={
0x000001b0bced7fd0, 0x000001b0dffa0360, 0x000001b0dffa7890, 0x000001b0dffb8100,
0x000001b0dffbabc0, 0x000001b0dffbb570, 0x000001b0dffbbf20, 0x000001b0dffbcc00,
0x000001b0dffc8bb0, 0x000001b0dffcb9a0, 0x000001b0e09c6540, 0x000001b0e1453ea0,
0x000001b0e1454370, 0x000001b0e15c8720, 0x000001b0e15ce440, 0x000001b0e16175a0,
0x000001b0e1a9a2c0, 0x000001b0e1b503e0, 0x000001b0e1b4f570, 0x000001b0e1b51720,
0x000001b0e1b508b0, 0x000001b0e1b50d80
}

Java Threads: ( => current thread )
  0x000001b0bced7fd0 JavaThread "main" [_thread_blocked, id=26140, stack(0x0000006d9c600000,0x0000006d9c700000)]
  0x000001b0dffa0360 JavaThread "Reference Handler" daemon [_thread_blocked, id=10172, stack(0x0000006d9cd00000,0x0000006d9ce00000)]
  0x000001b0dffa7890 JavaThread "Finalizer" daemon [_thread_blocked, id=13772, stack(0x0000006d9ce00000,0x0000006d9cf00000)]
  0x000001b0dffb8100 JavaThread "Signal Dispatcher" daemon [_thread_blocked, id=2940, stack(0x0000006d9cf00000,0x0000006d9d000000)]
  0x000001b0dffbabc0 JavaThread "Attach Listener" daemon [_thread_blocked, id=17236, stack(0x0000006d9d000000,0x0000006d9d100000)]
  0x000001b0dffbb570 JavaThread "Service Thread" daemon [_thread_blocked, id=11584, stack(0x0000006d9d100000,0x0000006d9d200000)]
  0x000001b0dffbbf20 JavaThread "Monitor Deflation Thread" daemon [_thread_blocked, id=26104, stack(0x0000006d9d200000,0x0000006d9d300000)]
  0x000001b0dffbcc00 JavaThread "C2 CompilerThread0" daemon [_thread_blocked, id=21840, stack(0x0000006d9d300000,0x0000006d9d400000)]
  0x000001b0dffc8bb0 JavaThread "C1 CompilerThread0" daemon [_thread_blocked, id=28396, stack(0x0000006d9d400000,0x0000006d9d500000)]
  0x000001b0dffcb9a0 JavaThread "Sweeper thread" daemon [_thread_blocked, id=26508, stack(0x0000006d9d500000,0x0000006d9d600000)]
  0x000001b0e09c6540 JavaThread "Common-Cleaner" daemon [_thread_blocked, id=10012, stack(0x0000006d9d600000,0x0000006d9d700000)]
  0x000001b0e1453ea0 JavaThread "Monitor Ctrl-Break" daemon [_thread_blocked, id=26868, stack(0x0000006d9d900000,0x0000006d9da00000)]
  0x000001b0e1454370 JavaThread "Notification Thread" daemon [_thread_blocked, id=27444, stack(0x0000006d9da00000,0x0000006d9db00000)]
  0x000001b0e15c8720 JavaThread "InvokeLaterDispatcher" daemon [_thread_blocked, id=1328, stack(0x0000006d9de00000,0x0000006d9df00000)]
  0x000001b0e15ce440 JavaThread "JavaFX Application Thread" [_thread_in_native, id=7924, stack(0x0000006d9df00000,0x0000006d9e000000)]
  0x000001b0e16175a0 JavaThread "JavaFX-Launcher" [_thread_blocked, id=19404, stack(0x0000006d9e260000,0x0000006d9e360000)]
  0x000001b0e1a9a2c0 JavaThread "Thread-2" daemon [_thread_in_native, id=1892, stack(0x0000006d9e160000,0x0000006d9e260000)]
  0x000001b0e1b503e0 JavaThread "Thread-4" [_thread_blocked, id=25344, stack(0x0000006d9d700000,0x0000006d9d800000)]
  0x000001b0e1b4f570 JavaThread "Prism Font Disposer" daemon [_thread_blocked, id=15372, stack(0x0000006d9ec60000,0x0000006d9ed60000)]
  0x000001b0e1b51720 JavaThread "Cleaner-0" daemon [_thread_blocked, id=13016, stack(0x0000006d9ed60000,0x0000006d9ee60000)]
  0x000001b0e1b508b0 JavaThread "Thread-8" [_thread_blocked, id=16352, stack(0x0000006d9f670000,0x0000006d9f770000)]
=>0x000001b0e1b50d80 JavaThread "Thread-5" [_thread_in_native, id=28816, stack(0x0000006d9dd00000,0x0000006d9de00000)]

Other Threads:
  0x000001b0dff9e4e0 VMThread "VM Thread" [stack: 0x0000006d9cc00000,0x0000006d9cd00000] [id=13968]
  0x000001b0bcf497f0 WatcherThread [stack: 0x0000006d9db00000,0x0000006d9dc00000] [id=11540]
  0x000001b0bcf25900 GCTaskThread "GC Thread#0" [stack: 0x0000006d9c700000,0x0000006d9c800000] [id=20240]
  0x000001b0e1618ea0 GCTaskThread "GC Thread#1" [stack: 0x0000006d9e360000,0x0000006d9e460000] [id=11140]
  0x000001b0e1a6a930 GCTaskThread "GC Thread#2" [stack: 0x0000006d9e460000,0x0000006d9e560000] [id=3476]
  0x000001b0e1a7b960 GCTaskThread "GC Thread#3" [stack: 0x0000006d9e560000,0x0000006d9e660000] [id=30388]
  0x000001b0e1a9efb0 GCTaskThread "GC Thread#4" [stack: 0x0000006d9e660000,0x0000006d9e760000] [id=24808]
  0x000001b0e1a9f260 GCTaskThread "GC Thread#5" [stack: 0x0000006d9e760000,0x0000006d9e860000] [id=4524]
  0x000001b0e161bf80 GCTaskThread "GC Thread#6" [stack: 0x0000006d9ee70000,0x0000006d9ef70000] [id=31652]
  0x000001b0e161b4c0 GCTaskThread "GC Thread#7" [stack: 0x0000006d9ef70000,0x0000006d9f070000] [id=28820]
  0x000001b0e161c4e0 GCTaskThread "GC Thread#8" [stack: 0x0000006d9f070000,0x0000006d9f170000] [id=21776]
  0x000001b0e161ba20 GCTaskThread "GC Thread#9" [stack: 0x0000006d9f170000,0x0000006d9f270000] [id=12748]
  0x000001b0bad6b950 ConcurrentGCThread "G1 Main Marker" [stack: 0x0000006d9c800000,0x0000006d9c900000] [id=20760]
  0x000001b0bad6c170 ConcurrentGCThread "G1 Conc#0" [stack: 0x0000006d9c900000,0x0000006d9ca00000] [id=14440]
  0x000001b0e161bcd0 ConcurrentGCThread "G1 Conc#1" [stack: 0x0000006d9f870000,0x0000006d9f970000] [id=22904]
  0x000001b0e161c790 ConcurrentGCThread "G1 Conc#2" [stack: 0x0000006d9f970000,0x0000006d9fa70000] [id=12324]
  0x000001b0bcfaec50 ConcurrentGCThread "G1 Refine#0" [stack: 0x0000006d9ca00000,0x0000006d9cb00000] [id=1452]
  0x000001b0e1f22f30 ConcurrentGCThread "G1 Refine#1" [stack: 0x0000006d9f270000,0x0000006d9f370000] [id=28296]
  0x000001b0e13ba370 ConcurrentGCThread "G1 Refine#2" [stack: 0x0000006d9f370000,0x0000006d9f470000] [id=2220]
  0x000001b0e980f940 ConcurrentGCThread "G1 Refine#3" [stack: 0x0000006d9f470000,0x0000006d9f570000] [id=21532]
  0x000001b0e980fc20 ConcurrentGCThread "G1 Refine#4" [stack: 0x0000006d9f570000,0x0000006d9f670000] [id=18932]
  0x000001b0dfe58c30 ConcurrentGCThread "G1 Service" [stack: 0x0000006d9cb00000,0x0000006d9cc00000] [id=11948]

Threads with active compile tasks:

VM state: not at safepoint (normal execution)

VM Mutex/Monitor currently owned by a thread: None

Heap address: 0x0000000701c00000, size: 4068 MB, Compressed Oops mode: Zero based, Oop shift amount: 3

CDS archive(s) mapped at: [0x0000000800000000-0x0000000800bc0000-0x0000000800bc0000), size 12320768, SharedBaseAddress: 0x0000000800000000, ArchiveRelocationMode: 0.
Compressed class space mapped at: 0x0000000800c00000-0x0000000840c00000, reserved size: 1073741824
Narrow klass base: 0x0000000800000000, Narrow klass shift: 0, Narrow klass range: 0x100000000

GC Precious Log:
 CPUs: 12 total, 12 available
 Memory: 16265M
 Large Page Support: Disabled
 NUMA Support: Disabled
 Compressed Oops: Enabled (Zero based)
 Heap Region Size: 2M
 Heap Min Capacity: 8M
 Heap Initial Capacity: 256M
 Heap Max Capacity: 4068M
 Pre-touch: Disabled
 Parallel Workers: 10
 Concurrent Workers: 3
 Concurrent Refinement Workers: 10
 Periodic GC: Disabled

Heap:
 garbage-first heap   total 276480K, used 130004K [0x0000000701c00000, 0x0000000800000000)
  region size 2048K, 5 young (10240K), 2 survivors (4096K)
 Metaspace       used 16569K, committed 16832K, reserved 1064960K
  class space    used 2264K, committed 2432K, reserved 1048576K

Heap Regions: E=young(eden), S=young(survivor), O=old, HS=humongous(starts), HC=humongous(continues), CS=collection set, F=free, OA=open archive, CA=closed archive, TAMS=top-at-mark-start (previous, next)
|   0|0x0000000701c00000, 0x0000000701e00000, 0x0000000701e00000|100%|HS|  |TAMS 0x0000000701c00000, 0x0000000701c00000| Complete 
|   1|0x0000000701e00000, 0x0000000702000000, 0x0000000702000000|100%|HC|  |TAMS 0x0000000701e00000, 0x0000000701e00000| Complete 
|   2|0x0000000702000000, 0x0000000702200000, 0x0000000702200000|100%|HC|  |TAMS 0x0000000702000000, 0x0000000702000000| Complete 
|   3|0x0000000702200000, 0x0000000702400000, 0x0000000702400000|100%|HC|  |TAMS 0x0000000702200000, 0x0000000702200000| Complete 
|   4|0x0000000702400000, 0x0000000702600000, 0x0000000702600000|100%|HC|  |TAMS 0x0000000702400000, 0x0000000702400000| Complete 
|   5|0x0000000702600000, 0x0000000702800000, 0x0000000702800000|100%|HC|  |TAMS 0x0000000702600000, 0x0000000702600000| Complete 
|   6|0x0000000702800000, 0x0000000702a00000, 0x0000000702a00000|100%|HC|  |TAMS 0x0000000702800000, 0x0000000702800000| Complete 
|   7|0x0000000702a00000, 0x0000000702c00000, 0x0000000702c00000|100%|HC|  |TAMS 0x0000000702a00000, 0x0000000702a00000| Complete 
|   8|0x0000000702c00000, 0x0000000702e00000, 0x0000000702e00000|100%|HC|  |TAMS 0x0000000702c00000, 0x0000000702c00000| Complete 
|   9|0x0000000702e00000, 0x0000000703000000, 0x0000000703000000|100%|HC|  |TAMS 0x0000000702e00000, 0x0000000702e00000| Complete 
|  10|0x0000000703000000, 0x0000000703200000, 0x0000000703200000|100%|HC|  |TAMS 0x0000000703000000, 0x0000000703000000| Complete 
|  11|0x0000000703200000, 0x0000000703400000, 0x0000000703400000|100%|HC|  |TAMS 0x0000000703200000, 0x0000000703200000| Complete 
|  12|0x0000000703400000, 0x0000000703600000, 0x0000000703600000|100%| O|  |TAMS 0x0000000703600000, 0x0000000703400000| Untracked 
|  13|0x0000000703600000, 0x0000000703600000, 0x0000000703800000|  0%| F|  |TAMS 0x0000000703600000, 0x0000000703600000| Untracked 
|  14|0x0000000703800000, 0x0000000703800000, 0x0000000703a00000|  0%| F|  |TAMS 0x0000000703800000, 0x0000000703800000| Untracked 
|  15|0x0000000703a00000, 0x0000000703a00000, 0x0000000703c00000|  0%| F|  |TAMS 0x0000000703a00000, 0x0000000703a00000| Untracked 
|  16|0x0000000703c00000, 0x0000000703c00000, 0x0000000703e00000|  0%| F|  |TAMS 0x0000000703c00000, 0x0000000703c00000| Untracked 
|  17|0x0000000703e00000, 0x0000000703e00000, 0x0000000704000000|  0%| F|  |TAMS 0x0000000703e00000, 0x0000000703e00000| Untracked 
|  18|0x0000000704000000, 0x0000000704000000, 0x0000000704200000|  0%| F|  |TAMS 0x0000000704000000, 0x0000000704000000| Untracked 
|  19|0x0000000704200000, 0x0000000704200000, 0x0000000704400000|  0%| F|  |TAMS 0x0000000704200000, 0x0000000704200000| Untracked 
|  20|0x0000000704400000, 0x0000000704400000, 0x0000000704600000|  0%| F|  |TAMS 0x0000000704400000, 0x0000000704400000| Untracked 
|  21|0x0000000704600000, 0x0000000704600000, 0x0000000704800000|  0%| F|  |TAMS 0x0000000704600000, 0x0000000704600000| Untracked 
|  22|0x0000000704800000, 0x0000000704800000, 0x0000000704a00000|  0%| F|  |TAMS 0x0000000704800000, 0x0000000704800000| Untracked 
|  23|0x0000000704a00000, 0x0000000704a00000, 0x0000000704c00000|  0%| F|  |TAMS 0x0000000704a00000, 0x0000000704a00000| Untracked 
|  24|0x0000000704c00000, 0x0000000704c00000, 0x0000000704e00000|  0%| F|  |TAMS 0x0000000704c00000, 0x0000000704c00000| Untracked 
|  25|0x0000000704e00000, 0x0000000705000000, 0x0000000705000000|100%| O|  |TAMS 0x0000000705000000, 0x0000000704e00000| Untracked 
|  26|0x0000000705000000, 0x0000000705200000, 0x0000000705200000|100%| O|  |TAMS 0x0000000705200000, 0x0000000705000000| Untracked 
|  27|0x0000000705200000, 0x0000000705400000, 0x0000000705400000|100%| O|  |TAMS 0x0000000705400000, 0x0000000705200000| Untracked 
|  28|0x0000000705400000, 0x0000000705600000, 0x0000000705600000|100%|HS|  |TAMS 0x0000000705600000, 0x0000000705400000| Complete 
|  29|0x0000000705600000, 0x0000000705800000, 0x0000000705800000|100%|HC|  |TAMS 0x0000000705800000, 0x0000000705600000| Complete 
|  30|0x0000000705800000, 0x0000000705a00000, 0x0000000705a00000|100%|HC|  |TAMS 0x0000000705a00000, 0x0000000705800000| Complete 
|  31|0x0000000705a00000, 0x0000000705c00000, 0x0000000705c00000|100%|HC|  |TAMS 0x0000000705c00000, 0x0000000705a00000| Complete 
|  32|0x0000000705c00000, 0x0000000705e00000, 0x0000000705e00000|100%|HC|  |TAMS 0x0000000705e00000, 0x0000000705c00000| Complete 
|  33|0x0000000705e00000, 0x0000000706000000, 0x0000000706000000|100%|HC|  |TAMS 0x0000000706000000, 0x0000000705e00000| Complete 
|  34|0x0000000706000000, 0x0000000706200000, 0x0000000706200000|100%|HC|  |TAMS 0x0000000706200000, 0x0000000706000000| Complete 
|  35|0x0000000706200000, 0x0000000706400000, 0x0000000706400000|100%|HC|  |TAMS 0x0000000706400000, 0x0000000706200000| Complete 
|  36|0x0000000706400000, 0x0000000706600000, 0x0000000706600000|100%|HC|  |TAMS 0x0000000706600000, 0x0000000706400000| Complete 
|  37|0x0000000706600000, 0x0000000706800000, 0x0000000706800000|100%|HC|  |TAMS 0x0000000706800000, 0x0000000706600000| Complete 
|  38|0x0000000706800000, 0x0000000706a00000, 0x0000000706a00000|100%|HC|  |TAMS 0x0000000706a00000, 0x0000000706800000| Complete 
|  39|0x0000000706a00000, 0x0000000706c00000, 0x0000000706c00000|100%|HC|  |TAMS 0x0000000706c00000, 0x0000000706a00000| Complete 
|  40|0x0000000706c00000, 0x0000000706e00000, 0x0000000706e00000|100%|HS|  |TAMS 0x0000000706e00000, 0x0000000706c00000| Complete 
|  41|0x0000000706e00000, 0x0000000706e00000, 0x0000000707000000|  0%| F|  |TAMS 0x0000000706e00000, 0x0000000706e00000| Untracked 
|  42|0x0000000707000000, 0x0000000707000000, 0x0000000707200000|  0%| F|  |TAMS 0x0000000707000000, 0x0000000707000000| Untracked 
|  43|0x0000000707200000, 0x0000000707200000, 0x0000000707400000|  0%| F|  |TAMS 0x0000000707200000, 0x0000000707200000| Untracked 
|  44|0x0000000707400000, 0x0000000707400000, 0x0000000707600000|  0%| F|  |TAMS 0x0000000707400000, 0x0000000707400000| Untracked 
|  45|0x0000000707600000, 0x0000000707600000, 0x0000000707800000|  0%| F|  |TAMS 0x0000000707600000, 0x0000000707600000| Untracked 
|  46|0x0000000707800000, 0x0000000707800000, 0x0000000707a00000|  0%| F|  |TAMS 0x0000000707800000, 0x0000000707800000| Untracked 
|  47|0x0000000707a00000, 0x0000000707a00000, 0x0000000707c00000|  0%| F|  |TAMS 0x0000000707a00000, 0x0000000707a00000| Untracked 
|  48|0x0000000707c00000, 0x0000000707c00000, 0x0000000707e00000|  0%| F|  |TAMS 0x0000000707c00000, 0x0000000707c00000| Untracked 
|  49|0x0000000707e00000, 0x0000000707e00000, 0x0000000708000000|  0%| F|  |TAMS 0x0000000707e00000, 0x0000000707e00000| Untracked 
|  50|0x0000000708000000, 0x0000000708000000, 0x0000000708200000|  0%| F|  |TAMS 0x0000000708000000, 0x0000000708000000| Untracked 
|  51|0x0000000708200000, 0x0000000708200000, 0x0000000708400000|  0%| F|  |TAMS 0x0000000708200000, 0x0000000708200000| Untracked 
|  52|0x0000000708400000, 0x0000000708400000, 0x0000000708600000|  0%| F|  |TAMS 0x0000000708400000, 0x0000000708400000| Untracked 
|  53|0x0000000708600000, 0x0000000708800000, 0x0000000708800000|100%| O|  |TAMS 0x0000000708800000, 0x0000000708600000| Complete 
|  54|0x0000000708800000, 0x0000000708a00000, 0x0000000708a00000|100%| O|  |TAMS 0x0000000708a00000, 0x0000000708800000| Complete 
|  55|0x0000000708a00000, 0x0000000708a00000, 0x0000000708c00000|  0%| F|  |TAMS 0x0000000708a00000, 0x0000000708a00000| Untracked 
|  56|0x0000000708c00000, 0x0000000708c00000, 0x0000000708e00000|  0%| F|  |TAMS 0x0000000708c00000, 0x0000000708c00000| Untracked 
|  57|0x0000000708e00000, 0x0000000708e00000, 0x0000000709000000|  0%| F|  |TAMS 0x0000000708e00000, 0x0000000708e00000| Untracked 
|  58|0x0000000709000000, 0x0000000709000000, 0x0000000709200000|  0%| F|  |TAMS 0x0000000709000000, 0x0000000709000000| Untracked 
|  59|0x0000000709200000, 0x0000000709200000, 0x0000000709400000|  0%| F|  |TAMS 0x0000000709200000, 0x0000000709200000| Untracked 
|  60|0x0000000709400000, 0x0000000709400000, 0x0000000709600000|  0%| F|  |TAMS 0x0000000709400000, 0x0000000709400000| Untracked 
|  61|0x0000000709600000, 0x0000000709600000, 0x0000000709800000|  0%| F|  |TAMS 0x0000000709600000, 0x0000000709600000| Untracked 
|  62|0x0000000709800000, 0x0000000709800000, 0x0000000709a00000|  0%| F|  |TAMS 0x0000000709800000, 0x0000000709800000| Untracked 
|  63|0x0000000709a00000, 0x0000000709a00000, 0x0000000709c00000|  0%| F|  |TAMS 0x0000000709a00000, 0x0000000709a00000| Untracked 
|  64|0x0000000709c00000, 0x0000000709c00000, 0x0000000709e00000|  0%| F|  |TAMS 0x0000000709c00000, 0x0000000709c00000| Untracked 
|  65|0x0000000709e00000, 0x0000000709e00000, 0x000000070a000000|  0%| F|  |TAMS 0x0000000709e00000, 0x0000000709e00000| Untracked 
|  66|0x000000070a000000, 0x000000070a000000, 0x000000070a200000|  0%| F|  |TAMS 0x000000070a000000, 0x000000070a000000| Untracked 
|  67|0x000000070a200000, 0x000000070a200000, 0x000000070a400000|  0%| F|  |TAMS 0x000000070a200000, 0x000000070a200000| Untracked 
|  68|0x000000070a400000, 0x000000070a400000, 0x000000070a600000|  0%| F|  |TAMS 0x000000070a400000, 0x000000070a400000| Untracked 
|  69|0x000000070a600000, 0x000000070a600000, 0x000000070a800000|  0%| F|  |TAMS 0x000000070a600000, 0x000000070a600000| Untracked 
|  70|0x000000070a800000, 0x000000070a800000, 0x000000070aa00000|  0%| F|  |TAMS 0x000000070a800000, 0x000000070a800000| Untracked 
|  71|0x000000070aa00000, 0x000000070aa00000, 0x000000070ac00000|  0%| F|  |TAMS 0x000000070aa00000, 0x000000070aa00000| Untracked 
|  72|0x000000070ac00000, 0x000000070ac00000, 0x000000070ae00000|  0%| F|  |TAMS 0x000000070ac00000, 0x000000070ac00000| Untracked 
|  73|0x000000070ae00000, 0x000000070ae00000, 0x000000070b000000|  0%| F|  |TAMS 0x000000070ae00000, 0x000000070ae00000| Untracked 
|  74|0x000000070b000000, 0x000000070b200000, 0x000000070b200000|100%| O|  |TAMS 0x000000070b200000, 0x000000070b000000| Untracked 
|  75|0x000000070b200000, 0x000000070b400000, 0x000000070b400000|100%| O|  |TAMS 0x000000070b400000, 0x000000070b200000| Untracked 
|  76|0x000000070b400000, 0x000000070b600000, 0x000000070b600000|100%| O|  |TAMS 0x000000070b600000, 0x000000070b400000| Untracked 
|  77|0x000000070b600000, 0x000000070b800000, 0x000000070b800000|100%| O|  |TAMS 0x000000070b800000, 0x000000070b600000| Untracked 
|  78|0x000000070b800000, 0x000000070ba00000, 0x000000070ba00000|100%| O|  |TAMS 0x000000070ba00000, 0x000000070b800000| Untracked 
|  79|0x000000070ba00000, 0x000000070bc00000, 0x000000070bc00000|100%| O|  |TAMS 0x000000070bc00000, 0x000000070ba00000| Untracked 
|  80|0x000000070bc00000, 0x000000070be00000, 0x000000070be00000|100%| O|  |TAMS 0x000000070be00000, 0x000000070bc00000| Untracked 
|  81|0x000000070be00000, 0x000000070c000000, 0x000000070c000000|100%| O|  |TAMS 0x000000070c000000, 0x000000070be00000| Untracked 
|  82|0x000000070c000000, 0x000000070c200000, 0x000000070c200000|100%| O|  |TAMS 0x000000070c200000, 0x000000070c000000| Untracked 
|  83|0x000000070c200000, 0x000000070c400000, 0x000000070c400000|100%| O|  |TAMS 0x000000070c200000, 0x000000070c200000| Untracked 
|  84|0x000000070c400000, 0x000000070c600000, 0x000000070c600000|100%| O|  |TAMS 0x000000070c400000, 0x000000070c400000| Untracked 
|  85|0x000000070c600000, 0x000000070c800000, 0x000000070c800000|100%| O|  |TAMS 0x000000070c600000, 0x000000070c600000| Untracked 
|  86|0x000000070c800000, 0x000000070ca00000, 0x000000070ca00000|100%| O|  |TAMS 0x000000070c800000, 0x000000070c800000| Untracked 
|  87|0x000000070ca00000, 0x000000070cc00000, 0x000000070cc00000|100%| O|  |TAMS 0x000000070ca00000, 0x000000070ca00000| Untracked 
|  88|0x000000070cc00000, 0x000000070ce00000, 0x000000070ce00000|100%| O|  |TAMS 0x000000070cc00000, 0x000000070cc00000| Untracked 
|  89|0x000000070ce00000, 0x000000070d000000, 0x000000070d000000|100%| O|  |TAMS 0x000000070d000000, 0x000000070ce00000| Untracked 
|  90|0x000000070d000000, 0x000000070d200000, 0x000000070d200000|100%| O|  |TAMS 0x000000070d200000, 0x000000070d000000| Untracked 
|  91|0x000000070d200000, 0x000000070d400000, 0x000000070d400000|100%| O|  |TAMS 0x000000070d400000, 0x000000070d200000| Untracked 
|  92|0x000000070d400000, 0x000000070d600000, 0x000000070d600000|100%| O|  |TAMS 0x000000070d600000, 0x000000070d400000| Untracked 
|  93|0x000000070d600000, 0x000000070d800000, 0x000000070d800000|100%| O|  |TAMS 0x000000070d800000, 0x000000070d600000| Untracked 
|  94|0x000000070d800000, 0x000000070da00000, 0x000000070da00000|100%| O|  |TAMS 0x000000070da00000, 0x000000070d800000| Untracked 
|  95|0x000000070da00000, 0x000000070dc00000, 0x000000070dc00000|100%| O|  |TAMS 0x000000070dc00000, 0x000000070da00000| Untracked 
|  96|0x000000070dc00000, 0x000000070de00000, 0x000000070de00000|100%| O|  |TAMS 0x000000070de00000, 0x000000070dc00000| Untracked 
|  97|0x000000070de00000, 0x000000070e000000, 0x000000070e000000|100%| O|  |TAMS 0x000000070e000000, 0x000000070de00000| Untracked 
|  98|0x000000070e000000, 0x000000070e200000, 0x000000070e200000|100%| O|  |TAMS 0x000000070e200000, 0x000000070e000000| Untracked 
|  99|0x000000070e200000, 0x000000070e400000, 0x000000070e400000|100%| O|  |TAMS 0x000000070e3ea400, 0x000000070e200000| Untracked 
| 100|0x000000070e400000, 0x000000070e600000, 0x000000070e600000|100%| O|  |TAMS 0x000000070e400000, 0x000000070e400000| Untracked 
| 101|0x000000070e600000, 0x000000070e800000, 0x000000070e800000|100%| O|  |TAMS 0x000000070e600000, 0x000000070e600000| Untracked 
| 102|0x000000070e800000, 0x000000070e8f5208, 0x000000070ea00000| 47%| O|  |TAMS 0x000000070e800000, 0x000000070e800000| Untracked 
| 103|0x000000070ea00000, 0x000000070ea00000, 0x000000070ec00000|  0%| F|  |TAMS 0x000000070ea00000, 0x000000070ea00000| Untracked 
| 104|0x000000070ec00000, 0x000000070ec00000, 0x000000070ee00000|  0%| F|  |TAMS 0x000000070ec00000, 0x000000070ec00000| Untracked 
| 105|0x000000070ee00000, 0x000000070ee00000, 0x000000070f000000|  0%| F|  |TAMS 0x000000070ee00000, 0x000000070ee00000| Untracked 
| 106|0x000000070f000000, 0x000000070f000000, 0x000000070f200000|  0%| F|  |TAMS 0x000000070f000000, 0x000000070f000000| Untracked 
| 107|0x000000070f200000, 0x000000070f200000, 0x000000070f400000|  0%| F|  |TAMS 0x000000070f200000, 0x000000070f200000| Untracked 
| 108|0x000000070f400000, 0x000000070f400000, 0x000000070f600000|  0%| F|  |TAMS 0x000000070f400000, 0x000000070f400000| Untracked 
| 109|0x000000070f600000, 0x000000070f600000, 0x000000070f800000|  0%| F|  |TAMS 0x000000070f600000, 0x000000070f600000| Untracked 
| 110|0x000000070f800000, 0x000000070f800000, 0x000000070fa00000|  0%| F|  |TAMS 0x000000070f800000, 0x000000070f800000| Untracked 
| 111|0x000000070fa00000, 0x000000070fa00000, 0x000000070fc00000|  0%| F|  |TAMS 0x000000070fa00000, 0x000000070fa00000| Untracked 
| 112|0x000000070fc00000, 0x000000070fc00000, 0x000000070fe00000|  0%| F|  |TAMS 0x000000070fc00000, 0x000000070fc00000| Untracked 
| 113|0x000000070fe00000, 0x000000070fe00000, 0x0000000710000000|  0%| F|  |TAMS 0x000000070fe00000, 0x000000070fe00000| Untracked 
| 114|0x0000000710000000, 0x0000000710000000, 0x0000000710200000|  0%| F|  |TAMS 0x0000000710000000, 0x0000000710000000| Untracked 
| 115|0x0000000710200000, 0x0000000710200000, 0x0000000710400000|  0%| F|  |TAMS 0x0000000710200000, 0x0000000710200000| Untracked 
| 116|0x0000000710400000, 0x0000000710400000, 0x0000000710600000|  0%| F|  |TAMS 0x0000000710400000, 0x0000000710400000| Untracked 
| 117|0x0000000710600000, 0x0000000710600000, 0x0000000710800000|  0%| F|  |TAMS 0x0000000710600000, 0x0000000710600000| Untracked 
| 118|0x0000000710800000, 0x0000000710800000, 0x0000000710a00000|  0%| F|  |TAMS 0x0000000710800000, 0x0000000710800000| Untracked 
| 119|0x0000000710a00000, 0x0000000710a00000, 0x0000000710c00000|  0%| F|  |TAMS 0x0000000710a00000, 0x0000000710a00000| Untracked 
| 120|0x0000000710c00000, 0x0000000710c00000, 0x0000000710e00000|  0%| F|  |TAMS 0x0000000710c00000, 0x0000000710c00000| Untracked 
| 121|0x0000000710e00000, 0x0000000710e00000, 0x0000000711000000|  0%| F|  |TAMS 0x0000000710e00000, 0x0000000710e00000| Untracked 
| 122|0x0000000711000000, 0x0000000711000000, 0x0000000711200000|  0%| F|  |TAMS 0x0000000711000000, 0x0000000711000000| Untracked 
| 123|0x0000000711200000, 0x0000000711200000, 0x0000000711400000|  0%| F|  |TAMS 0x0000000711200000, 0x0000000711200000| Untracked 
| 124|0x0000000711400000, 0x0000000711600000, 0x0000000711600000|100%| S|CS|TAMS 0x0000000711400000, 0x0000000711400000| Complete 
| 125|0x0000000711600000, 0x0000000711800000, 0x0000000711800000|100%| S|CS|TAMS 0x0000000711600000, 0x0000000711600000| Complete 
| 126|0x0000000711800000, 0x0000000711800000, 0x0000000711a00000|  0%| F|  |TAMS 0x0000000711800000, 0x0000000711800000| Untracked 
| 127|0x0000000711a00000, 0x0000000711a00000, 0x0000000711c00000|  0%| F|  |TAMS 0x0000000711a00000, 0x0000000711a00000| Untracked 
| 128|0x0000000711c00000, 0x0000000711c00000, 0x0000000711e00000|  0%| F|  |TAMS 0x0000000711c00000, 0x0000000711c00000| Untracked 
| 129|0x0000000711e00000, 0x0000000711e00000, 0x0000000712000000|  0%| F|  |TAMS 0x0000000711e00000, 0x0000000711e00000| Untracked 
| 130|0x0000000712000000, 0x0000000712000000, 0x0000000712200000|  0%| F|  |TAMS 0x0000000712000000, 0x0000000712000000| Untracked 
| 131|0x0000000712200000, 0x0000000712200000, 0x0000000712400000|  0%| F|  |TAMS 0x0000000712200000, 0x0000000712200000| Untracked 
| 132|0x0000000712400000, 0x000000071247a840, 0x0000000712600000| 23%| E|  |TAMS 0x0000000712400000, 0x0000000712400000| Complete 
| 133|0x0000000712600000, 0x0000000712800000, 0x0000000712800000|100%| E|CS|TAMS 0x0000000712600000, 0x0000000712600000| Complete 
| 134|0x0000000712800000, 0x0000000712a00000, 0x0000000712a00000|100%| E|CS|TAMS 0x0000000712800000, 0x0000000712800000| Complete 

Card table byte_map: [0x000001b0d4430000,0x000001b0d4c30000] _byte_map_base: 0x000001b0d0c22000

Marking Bits (Prev, Next): (CMBitMap*) 0x000001b0bad6b050, (CMBitMap*) 0x000001b0bad6b090
 Prev Bits: [0x000001b0d5430000, 0x000001b0d93c0000)
 Next Bits: [0x000001b0d93c0000, 0x000001b0dd350000)

Polling page: 0x000001b0baec0000

Metaspace:

Usage:
  Non-class:     13.97 MB used.
      Class:      2.21 MB used.
       Both:     16.18 MB used.

Virtual space:
  Non-class space:       16.00 MB reserved,      14.06 MB ( 88%) committed,  2 nodes.
      Class space:        1.00 GB reserved,       2.38 MB ( <1%) committed,  1 nodes.
             Both:        1.02 GB reserved,      16.44 MB (  2%) committed. 

Chunk freelists:
   Non-Class:  1.57 MB
       Class:  1.67 MB
        Both:  3.24 MB

MaxMetaspaceSize: unlimited
CompressedClassSpaceSize: 1.00 GB
Initial GC threshold: 21.00 MB
Current GC threshold: 27.19 MB
CDS: on
MetaspaceReclaimPolicy: balanced
 - commit_granule_bytes: 65536.
 - commit_granule_words: 8192.
 - virtual_space_node_default_size: 1048576.
 - enlarge_chunks_in_place: 1.
 - new_chunks_are_fully_committed: 0.
 - uncommit_free_chunks: 1.
 - use_allocation_guard: 0.
 - handle_deallocations: 1.


Internal statistics:

num_allocs_failed_limit: 0.
num_arena_births: 250.
num_arena_deaths: 0.
num_vsnodes_births: 3.
num_vsnodes_deaths: 0.
num_space_committed: 263.
num_space_uncommitted: 0.
num_chunks_returned_to_freelist: 0.
num_chunks_taken_from_freelist: 767.
num_chunk_merges: 0.
num_chunk_splits: 528.
num_chunks_enlarged: 408.
num_purges: 0.
num_inconsistent_stats: 0.

CodeHeap 'non-profiled nmethods': size=120000Kb used=1524Kb max_used=1524Kb free=118475Kb
 bounds [0x000001b0cc1b0000, 0x000001b0cc420000, 0x000001b0d36e0000]
CodeHeap 'profiled nmethods': size=120000Kb used=7788Kb max_used=7788Kb free=112211Kb
 bounds [0x000001b0c4c80000, 0x000001b0c5420000, 0x000001b0cc1b0000]
CodeHeap 'non-nmethods': size=5760Kb used=1451Kb max_used=1499Kb free=4309Kb
 bounds [0x000001b0c46e0000, 0x000001b0c4950000, 0x000001b0c4c80000]
 total_blobs=4482 nmethods=3670 adapters=723
 compilation: enabled
              stopped_count=0, restarted_count=0
 full_count=0

Compilation events (20 events):
Event: 46.975 Thread 0x000001b0dffc8bb0 3657       3       java.nio.CharBuffer::<init> (24 bytes)
Event: 46.975 Thread 0x000001b0dffc8bb0 nmethod 3657 0x000001b0c5416290 code [0x000001b0c5416440, 0x000001b0c54165e8]
Event: 46.975 Thread 0x000001b0dffc8bb0 3658       3       java.nio.CharBuffer::limit (6 bytes)
Event: 46.975 Thread 0x000001b0dffc8bb0 nmethod 3658 0x000001b0c5416690 code [0x000001b0c5416840, 0x000001b0c54169e8]
Event: 48.186 Thread 0x000001b0dffc8bb0 3659       3       java.io.OutputStream::flush (1 bytes)
Event: 48.186 Thread 0x000001b0dffc8bb0 nmethod 3659 0x000001b0c5416a90 code [0x000001b0c5416c20, 0x000001b0c5416d38]
Event: 49.195 Thread 0x000001b0dffc8bb0 3660       3       java.io.FileOutputStream::write (20 bytes)
Event: 49.195 Thread 0x000001b0dffc8bb0 nmethod 3660 0x000001b0c5416e10 code [0x000001b0c5416fc0, 0x000001b0c5417188]
Event: 49.195 Thread 0x000001b0dffc8bb0 3661       3       java.io.FileDescriptor$1::getAppend (5 bytes)
Event: 49.195 Thread 0x000001b0dffc8bb0 nmethod 3661 0x000001b0c5417290 code [0x000001b0c5417420, 0x000001b0c5417538]
Event: 49.698 Thread 0x000001b0dffc8bb0 3663   !   3       java.nio.CharBuffer::wrap (21 bytes)
Event: 49.698 Thread 0x000001b0dffc8bb0 nmethod 3663 0x000001b0c5417610 code [0x000001b0c54177c0, 0x000001b0c5417a58]
Event: 49.698 Thread 0x000001b0dffc8bb0 3664       3       java.nio.HeapCharBuffer::<init> (23 bytes)
Event: 49.698 Thread 0x000001b0dffc8bb0 nmethod 3664 0x000001b0c5417b90 code [0x000001b0c5417d40, 0x000001b0c5417ec8]
Event: 50.806 Thread 0x000001b0dffc8bb0 3665       1       com.example.projectgui.ArduinoInputs::getRecData (5 bytes)
Event: 50.806 Thread 0x000001b0dffc8bb0 nmethod 3665 0x000001b0cc32c910 code [0x000001b0cc32caa0, 0x000001b0cc32cb78]
Event: 53.478 Thread 0x000001b0dffc8bb0 3666       3       javafx.scene.control.Labeled::getContentDisplay (24 bytes)
Event: 53.478 Thread 0x000001b0dffc8bb0 nmethod 3666 0x000001b0c5417f90 code [0x000001b0c5418160, 0x000001b0c54186e8]
Event: 53.528 Thread 0x000001b0dffc8bb0 3667       3       java.nio.ByteBuffer::clear (7 bytes)
Event: 53.528 Thread 0x000001b0dffc8bb0 nmethod 3667 0x000001b0c5418890 code [0x000001b0c5418a20, 0x000001b0c5418b98]

GC Heap History (10 events):
Event: 0.549 GC heap before
{Heap before GC invocations=0 (full 0):
 garbage-first heap   total 262144K, used 20480K [0x0000000701c00000, 0x0000000800000000)
  region size 2048K, 11 young (22528K), 0 survivors (0K)
 Metaspace       used 4692K, committed 4864K, reserved 1056768K
  class space    used 525K, committed 576K, reserved 1048576K
}
Event: 0.551 GC heap after
{Heap after GC invocations=1 (full 0):
 garbage-first heap   total 262144K, used 2993K [0x0000000701c00000, 0x0000000800000000)
  region size 2048K, 2 young (4096K), 2 survivors (4096K)
 Metaspace       used 4692K, committed 4864K, reserved 1056768K
  class space    used 525K, committed 576K, reserved 1048576K
}
Event: 7.714 GC heap before
{Heap before GC invocations=1 (full 0):
 garbage-first heap   total 262144K, used 91057K [0x0000000701c00000, 0x0000000800000000)
  region size 2048K, 21 young (43008K), 2 survivors (4096K)
 Metaspace       used 13862K, committed 14144K, reserved 1064960K
  class space    used 1863K, committed 1984K, reserved 1048576K
}
Event: 7.718 GC heap after
{Heap after GC invocations=2 (full 0):
 garbage-first heap   total 262144K, used 62412K [0x0000000701c00000, 0x0000000800000000)
  region size 2048K, 3 young (6144K), 3 survivors (6144K)
 Metaspace       used 13862K, committed 14144K, reserved 1064960K
  class space    used 1863K, committed 1984K, reserved 1048576K
}
Event: 28.745 GC heap before
{Heap before GC invocations=2 (full 0):
 garbage-first heap   total 262144K, used 183244K [0x0000000701c00000, 0x0000000800000000)
  region size 2048K, 39 young (79872K), 3 survivors (6144K)
 Metaspace       used 16174K, committed 16512K, reserved 1064960K
  class space    used 2258K, committed 2432K, reserved 1048576K
}
Event: 28.756 GC heap after
{Heap after GC invocations=3 (full 0):
 garbage-first heap   total 262144K, used 138196K [0x0000000701c00000, 0x0000000800000000)
  region size 2048K, 6 young (12288K), 6 survivors (12288K)
 Metaspace       used 16174K, committed 16512K, reserved 1064960K
  class space    used 2258K, committed 2432K, reserved 1048576K
}
Event: 28.829 GC heap before
{Heap before GC invocations=4 (full 0):
 garbage-first heap   total 276480K, used 203732K [0x0000000701c00000, 0x0000000800000000)
  region size 2048K, 27 young (55296K), 6 survivors (12288K)
 Metaspace       used 16202K, committed 16512K, reserved 1064960K
  class space    used 2259K, committed 2432K, reserved 1048576K
}
Event: 28.837 GC heap after
{Heap after GC invocations=5 (full 0):
 garbage-first heap   total 276480K, used 200617K [0x0000000701c00000, 0x0000000800000000)
  region size 2048K, 4 young (8192K), 4 survivors (8192K)
 Metaspace       used 16202K, committed 16512K, reserved 1064960K
  class space    used 2259K, committed 2432K, reserved 1048576K
}
Event: 38.149 GC heap before
{Heap before GC invocations=5 (full 0):
 garbage-first heap   total 276480K, used 217001K [0x0000000701c00000, 0x0000000800000000)
  region size 2048K, 13 young (26624K), 4 survivors (8192K)
 Metaspace       used 16453K, committed 16704K, reserved 1064960K
  class space    used 2259K, committed 2432K, reserved 1048576K
}
Event: 38.152 GC heap after
{Heap after GC invocations=6 (full 0):
 garbage-first heap   total 276480K, used 213972K [0x0000000701c00000, 0x0000000800000000)
  region size 2048K, 2 young (4096K), 2 survivors (4096K)
 Metaspace       used 16453K, committed 16704K, reserved 1064960K
  class space    used 2259K, committed 2432K, reserved 1048576K
}

Deoptimization events (20 events):
Event: 38.198 Thread 0x000001b0e14d4100 Uncommon trap: trap_request=0xffffff45 fr.pc=0x000001b0cc265308 relative=0x0000000000000ba8
Event: 38.198 Thread 0x000001b0e14d4100 Uncommon trap: reason=unstable_if action=reinterpret pc=0x000001b0cc265308 method=java.util.WeakHashMap.expungeStaleEntries()V @ 66 c2
Event: 38.198 Thread 0x000001b0e14d4100 DEOPT PACKING pc=0x000001b0cc265308 sp=0x0000006d9dcfe510
Event: 38.198 Thread 0x000001b0e14d4100 DEOPT UNPACKING pc=0x000001b0c47323a3 sp=0x0000006d9dcfe490 mode 2
Event: 38.198 Thread 0x000001b0e14d4100 Uncommon trap: trap_request=0xffffff45 fr.pc=0x000001b0cc2bfe38 relative=0x0000000000000098
Event: 38.198 Thread 0x000001b0e14d4100 Uncommon trap: reason=unstable_if action=reinterpret pc=0x000001b0cc2bfe38 method=com.sun.prism.impl.ManagedResource._isgone(Lcom/sun/prism/impl/ManagedResource;)Z @ 1 c2
Event: 38.198 Thread 0x000001b0e14d4100 DEOPT PACKING pc=0x000001b0cc2bfe38 sp=0x0000006d9dcfef10
Event: 38.198 Thread 0x000001b0e14d4100 DEOPT UNPACKING pc=0x000001b0c47323a3 sp=0x0000006d9dcfeea8 mode 2
Event: 40.925 Thread 0x000001b0e15ce440 DEOPT PACKING pc=0x000001b0c51b88d6 sp=0x0000006d9dffdab0
Event: 40.925 Thread 0x000001b0e15ce440 DEOPT UNPACKING pc=0x000001b0c4732b43 sp=0x0000006d9dffcf50 mode 0
Event: 40.926 Thread 0x000001b0e15ce440 DEOPT PACKING pc=0x000001b0c4cf24be sp=0x0000006d9dffdd20
Event: 40.926 Thread 0x000001b0e15ce440 DEOPT UNPACKING pc=0x000001b0c4732b43 sp=0x0000006d9dffd198 mode 0
Event: 53.538 Thread 0x000001b0e1b520c0 Uncommon trap: trap_request=0xffffff45 fr.pc=0x000001b0cc30cdc4 relative=0x0000000000000144
Event: 53.538 Thread 0x000001b0e1b520c0 Uncommon trap: reason=unstable_if action=reinterpret pc=0x000001b0cc30cdc4 method=java.util.concurrent.locks.ReentrantLock$NonfairSync.initialTryLock()Z @ 10 c2
Event: 53.538 Thread 0x000001b0e1b520c0 DEOPT PACKING pc=0x000001b0cc30cdc4 sp=0x0000006d9fb6efd0
Event: 53.538 Thread 0x000001b0e1b520c0 DEOPT UNPACKING pc=0x000001b0c47323a3 sp=0x0000006d9fb6ef78 mode 2
Event: 53.538 Thread 0x000001b0e1b520c0 Uncommon trap: trap_request=0xffffff45 fr.pc=0x000001b0cc2e3bc8 relative=0x00000000000000c8
Event: 53.538 Thread 0x000001b0e1b520c0 Uncommon trap: reason=unstable_if action=reinterpret pc=0x000001b0cc2e3bc8 method=java.util.concurrent.locks.ReentrantLock$Sync.tryRelease(I)Z @ 26 c2
Event: 53.538 Thread 0x000001b0e1b520c0 DEOPT PACKING pc=0x000001b0cc2e3bc8 sp=0x0000006d9fb6efd0
Event: 53.539 Thread 0x000001b0e1b520c0 DEOPT UNPACKING pc=0x000001b0c47323a3 sp=0x0000006d9fb6ef70 mode 2

Classes unloaded (0 events):
No events

Classes redefined (0 events):
No events

Internal exceptions (20 events):
Event: 5.197 Thread 0x000001b0e15ce440 Implicit null exception at 0x000001b0cc1d8cac to 0x000001b0cc1d8ed0
Event: 5.276 Thread 0x000001b0e15ce440 Exception <a 'java/lang/NoSuchMethodError'{0x000000070fc49c40}: 'java.lang.Object java.lang.invoke.DirectMethodHandle$Holder.invokeInterface(java.lang.Object, java.lang.Object, java.lang.Object)'> (0x000000070fc49c40) 
thrown [t:\workspace\open\src\hotspot\share\interpreter\linkResolver.cpp, line 766]
Event: 5.277 Thread 0x000001b0e15ce440 Exception <a 'java/lang/IncompatibleClassChangeError'{0x000000070fc4d5c8}: Found class java.lang.Object, but interface was expected> (0x000000070fc4d5c8) 
thrown [t:\workspace\open\src\hotspot\share\interpreter\linkResolver.cpp, line 833]
Event: 5.311 Thread 0x000001b0e15ce440 Exception <a 'java/lang/NoSuchMethodError'{0x000000070fa36ee8}: 'java.lang.Object java.lang.invoke.DirectMethodHandle$Holder.newInvokeSpecial(java.lang.Object, java.lang.Object, int)'> (0x000000070fa36ee8) 
thrown [t:\workspace\open\src\hotspot\share\interpreter\linkResolver.cpp, line 766]
Event: 5.330 Thread 0x000001b0e14d4100 Exception <a 'java/lang/NoSuchMethodError'{0x000000070faec4b8}: 'int java.lang.invoke.DirectMethodHandle$Holder.invokeStaticInit(java.lang.Object, java.lang.Object)'> (0x000000070faec4b8) 
thrown [t:\workspace\open\src\hotspot\share\interpreter\linkResolver.cpp, line 766]
Event: 7.574 Thread 0x000001b0e15ce440 Exception <a 'java/lang/NoSuchMethodError'{0x000000070f757450}: 'long java.lang.invoke.DirectMethodHandle$Holder.invokeStatic(java.lang.Object, java.lang.Object, java.lang.Object)'> (0x000000070f757450) 
thrown [t:\workspace\open\src\hotspot\share\interpreter\linkResolver.cpp, line 766]
Event: 7.574 Thread 0x000001b0e15ce440 Exception <a 'java/lang/NoSuchMethodError'{0x000000070f75abf8}: 'long java.lang.invoke.DirectMethodHandle$Holder.invokeStaticInit(java.lang.Object, java.lang.Object, java.lang.Object)'> (0x000000070f75abf8) 
thrown [t:\workspace\open\src\hotspot\share\interpreter\linkResolver.cpp, line 766]
Event: 7.576 Thread 0x000001b0e15ce440 Exception <a 'java/lang/NoSuchMethodError'{0x000000070f772800}: 'java.lang.Object java.lang.invoke.DirectMethodHandle$Holder.newInvokeSpecial(java.lang.Object, java.lang.Object, long)'> (0x000000070f772800) 
thrown [t:\workspace\open\src\hotspot\share\interpreter\linkResolver.cpp, line 766]
Event: 7.576 Thread 0x000001b0e15ce440 Exception <a 'java/lang/NoSuchMethodError'{0x000000070f776370}: 'java.lang.Object java.lang.invoke.Invokers$Holder.linkToTargetMethod(java.lang.Object, long, java.lang.Object)'> (0x000000070f776370) 
thrown [t:\workspace\open\src\hotspot\share\interpreter\linkResolver.cpp, line 766]
Event: 7.586 Thread 0x000001b0e15ce440 Exception <a 'java/lang/NoSuchMethodError'{0x000000070f787948}: 'java.lang.Object java.lang.invoke.DirectMethodHandle$Holder.newInvokeSpecial(java.lang.Object, java.lang.Object, int, int, int, int, int, java.lang.Object)'> (0x000000070f787948) 
thrown [t:\workspace\open\src\hotspot\share\interpreter\linkResolver.cpp, line 766]
Event: 7.587 Thread 0x000001b0e15ce440 Exception <a 'java/lang/NoSuchMethodError'{0x000000070f79a928}: 'java.lang.Object java.lang.invoke.DirectMethodHandle$Holder.newInvokeSpecial(java.lang.Object, java.lang.Object, java.lang.Object, int, int, int, int, int)'> (0x000000070f79a928) 
thrown [t:\workspace\open\src\hotspot\share\interpreter\linkResolver.cpp, line 766]
Event: 7.588 Thread 0x000001b0e15ce440 Exception <a 'java/lang/NoSuchMethodError'{0x000000070f7a23d0}: 'java.lang.Object java.lang.invoke.Invokers$Holder.linkToTargetMethod(java.lang.Object, java.lang.Object, int, int, int, int, int, java.lang.Object)'> (0x000000070f7a23d0) 
thrown [t:\workspace\open\src\hotspot\share\interpreter\linkResolver.cpp, line 766]
Event: 15.043 Thread 0x000001b0e15ce440 Exception <a 'java/lang/ClassNotFoundException'{0x000000070d8f2820}: com/sun/javafx/scene/control/skin/resources/controls> (0x000000070d8f2820) 
thrown [t:\workspace\open\src\hotspot\share\prims\jni.cpp, line 535]
Event: 15.044 Thread 0x000001b0e15ce440 Exception <a 'java/lang/ClassNotFoundException'{0x000000070d9007a8}: com/sun/javafx/scene/control/skin/resources/controls_en> (0x000000070d9007a8) 
thrown [t:\workspace\open\src\hotspot\share\prims\jni.cpp, line 535]
Event: 15.044 Thread 0x000001b0e15ce440 Exception <a 'java/lang/ClassNotFoundException'{0x000000070d9017c0}: com/sun/javafx/scene/control/skin/resources/controls_en_GB> (0x000000070d9017c0) 
thrown [t:\workspace\open\src\hotspot\share\prims\jni.cpp, line 535]
Event: 15.061 Thread 0x000001b0e15ce440 Implicit null exception at 0x000001b0cc2c7bd0 to 0x000001b0cc2c7c40
Event: 15.063 Thread 0x000001b0e15ce440 Exception <a 'java/lang/NoSuchMethodError'{0x000000070d677420}: 'void java.lang.invoke.DirectMethodHandle$Holder.invokeSpecial(java.lang.Object, java.lang.Object, java.lang.Object, java.lang.Object, java.lang.Object, java.lang.Object)'> (0x000000070d677420) 
thrown [t:\workspace\open\src\hotspot\share\interpreter\linkResolver.cpp, line 766]
Event: 15.082 Thread 0x000001b0e15ce440 Implicit null exception at 0x000001b0cc2b6978 to 0x000001b0cc2b6e38
Event: 15.082 Thread 0x000001b0e15ce440 Implicit null exception at 0x000001b0cc2b9150 to 0x000001b0cc2b91d8
Event: 38.198 Thread 0x000001b0e14d4100 Implicit null exception at 0x000001b0cc2bfdac to 0x000001b0cc2bfe28

VM Operations (20 events):
Event: 38.149 Executing VM operation: G1CollectForAllocation
Event: 38.152 Executing VM operation: G1CollectForAllocation done
Event: 38.155 Executing VM operation: G1Concurrent
Event: 38.157 Executing VM operation: G1Concurrent done
Event: 38.158 Executing VM operation: G1Concurrent
Event: 38.158 Executing VM operation: G1Concurrent done
Event: 40.158 Executing VM operation: Cleanup
Event: 40.158 Executing VM operation: Cleanup done
Event: 42.159 Executing VM operation: Cleanup
Event: 42.159 Executing VM operation: Cleanup done
Event: 43.160 Executing VM operation: Cleanup
Event: 43.160 Executing VM operation: Cleanup done
Event: 44.161 Executing VM operation: Cleanup
Event: 44.161 Executing VM operation: Cleanup done
Event: 46.162 Executing VM operation: Cleanup
Event: 46.162 Executing VM operation: Cleanup done
Event: 49.163 Executing VM operation: Cleanup
Event: 49.163 Executing VM operation: Cleanup done
Event: 50.163 Executing VM operation: Cleanup
Event: 50.164 Executing VM operation: Cleanup done

Events (20 events):
Event: 15.079 loading class java/lang/FdLibm$Hypot done
Event: 15.079 loading class java/lang/FdLibm
Event: 15.079 loading class java/lang/FdLibm done
Event: 15.350 Thread 0x000001b0e1b337c0 Thread exited: 0x000001b0e1b337c0
Event: 26.498 Thread 0x000001b0e0b574a0 Thread added: 0x000001b0e0b574a0
Event: 26.694 Thread 0x000001b0e0b574a0 Thread exited: 0x000001b0e0b574a0
Event: 28.678 Thread 0x000001b0e0b588e0 Thread added: 0x000001b0e0b588e0
Event: 28.734 Thread 0x000001b0e1b51bf0 Thread added: 0x000001b0e1b51bf0
Event: 28.886 Thread 0x000001b0e0b588e0 Thread exited: 0x000001b0e0b588e0
Event: 28.887 Thread 0x000001b0e1b508b0 Thread added: 0x000001b0e1b508b0
Event: 38.157 Thread 0x000001b0e1b51bf0 Thread exited: 0x000001b0e1b51bf0
Event: 38.157 Thread 0x000001b0e1b51250 Thread exited: 0x000001b0e1b51250
Event: 40.987 Thread 0x000001b0e0b57ec0 Thread added: 0x000001b0e0b57ec0
Event: 41.432 Thread 0x000001b0e0b57ec0 Thread exited: 0x000001b0e0b57ec0
Event: 53.537 Thread 0x000001b0e1b50d80 Thread added: 0x000001b0e1b50d80
Event: 53.537 Thread 0x000001b0e1b52590 Thread added: 0x000001b0e1b52590
Event: 53.537 Thread 0x000001b0e1b51bf0 Thread added: 0x000001b0e1b51bf0
Event: 53.537 Thread 0x000001b0e1b520c0 Thread added: 0x000001b0e1b520c0
Event: 53.538 Thread 0x000001b0e1b52590 Thread exited: 0x000001b0e1b52590
Event: 53.538 Thread 0x000001b0e1b51bf0 Thread exited: 0x000001b0e1b51bf0


Dynamic libraries:
0x00007ff720050000 - 0x00007ff720060000 	C:\Program Files\Java\jdk-17.0.1\bin\java.exe
0x00007ffa7f810000 - 0x00007ffa7fa05000 	C:\Windows\SYSTEM32\ntdll.dll
0x00007ffa7f120000 - 0x00007ffa7f1dd000 	C:\Windows\System32\KERNEL32.DLL
0x00007ffa7d1c0000 - 0x00007ffa7d48d000 	C:\Windows\System32\KERNELBASE.dll
0x00007ffa7d760000 - 0x00007ffa7d860000 	C:\Windows\System32\ucrtbase.dll
0x00007ffa779d0000 - 0x00007ffa779ea000 	C:\Program Files\Java\jdk-17.0.1\bin\VCRUNTIME140.dll
0x00007ffa75bc0000 - 0x00007ffa75bd8000 	C:\Program Files\Java\jdk-17.0.1\bin\jli.dll
0x00007ffa7e7c0000 - 0x00007ffa7e86e000 	C:\Windows\System32\ADVAPI32.dll
0x00007ffa7d990000 - 0x00007ffa7da2e000 	C:\Windows\System32\msvcrt.dll
0x00007ffa7da30000 - 0x00007ffa7dacc000 	C:\Windows\System32\sechost.dll
0x00007ffa7d860000 - 0x00007ffa7d985000 	C:\Windows\System32\RPCRT4.dll
0x00007ffa7e8d0000 - 0x00007ffa7ea70000 	C:\Windows\System32\USER32.dll
0x00007ffa66690000 - 0x00007ffa6692a000 	C:\Windows\WinSxS\amd64_microsoft.windows.common-controls_6595b64144ccf1df_6.0.19041.1110_none_60b5254171f9507e\COMCTL32.dll
0x00007ffa7d160000 - 0x00007ffa7d182000 	C:\Windows\System32\win32u.dll
0x00007ffa7ea70000 - 0x00007ffa7ea9a000 	C:\Windows\System32\GDI32.dll
0x00007ffa7cf20000 - 0x00007ffa7d02b000 	C:\Windows\System32\gdi32full.dll
0x00007ffa7d0c0000 - 0x00007ffa7d15d000 	C:\Windows\System32\msvcp_win.dll
0x00007ffa76cd0000 - 0x00007ffa76cda000 	C:\Windows\SYSTEM32\VERSION.dll
0x00007ffa7e540000 - 0x00007ffa7e570000 	C:\Windows\System32\IMM32.DLL
0x00007ffa78de0000 - 0x00007ffa78dec000 	C:\Program Files\Java\jdk-17.0.1\bin\vcruntime140_1.dll
0x00007ffa707b0000 - 0x00007ffa7083d000 	C:\Program Files\Java\jdk-17.0.1\bin\msvcp140.dll
0x00007ffa105b0000 - 0x00007ffa1116e000 	C:\Program Files\Java\jdk-17.0.1\bin\server\jvm.dll
0x00007ffa7e530000 - 0x00007ffa7e538000 	C:\Windows\System32\PSAPI.DLL
0x00007ffa77890000 - 0x00007ffa778b7000 	C:\Windows\SYSTEM32\WINMM.dll
0x00007ffa5c730000 - 0x00007ffa5c739000 	C:\Windows\SYSTEM32\WSOCK32.dll
0x00007ffa7ef20000 - 0x00007ffa7ef8b000 	C:\Windows\System32\WS2_32.dll
0x00007ffa7ae00000 - 0x00007ffa7ae12000 	C:\Windows\SYSTEM32\kernel.appcore.dll
0x00007ffa78110000 - 0x00007ffa7811a000 	C:\Program Files\Java\jdk-17.0.1\bin\jimage.dll
0x00007ffa74d00000 - 0x00007ffa74ee4000 	C:\Windows\SYSTEM32\DBGHELP.DLL
0x00007ffa5c620000 - 0x00007ffa5c64c000 	C:\Windows\SYSTEM32\dbgcore.DLL
0x00007ffa7d030000 - 0x00007ffa7d0b2000 	C:\Windows\System32\bcryptPrimitives.dll
0x00007ffa75b80000 - 0x00007ffa75b8e000 	C:\Program Files\Java\jdk-17.0.1\bin\instrument.dll
0x00007ffa75b90000 - 0x00007ffa75bb5000 	C:\Program Files\Java\jdk-17.0.1\bin\java.dll
0x00007ffa70620000 - 0x00007ffa706f6000 	C:\Program Files\Java\jdk-17.0.1\bin\svml.dll
0x00007ffa7dd10000 - 0x00007ffa7e454000 	C:\Windows\System32\SHELL32.dll
0x00007ffa7b000000 - 0x00007ffa7b794000 	C:\Windows\SYSTEM32\windows.storage.dll
0x00007ffa7f2c0000 - 0x00007ffa7f614000 	C:\Windows\System32\combase.dll
0x00007ffa7c980000 - 0x00007ffa7c9ac000 	C:\Windows\SYSTEM32\Wldp.dll
0x00007ffa7dbe0000 - 0x00007ffa7dc8d000 	C:\Windows\System32\SHCORE.dll
0x00007ffa7dcb0000 - 0x00007ffa7dd05000 	C:\Windows\System32\shlwapi.dll
0x00007ffa7ce60000 - 0x00007ffa7ce7f000 	C:\Windows\SYSTEM32\profapi.dll
0x00007ffa70790000 - 0x00007ffa707a9000 	C:\Program Files\Java\jdk-17.0.1\bin\net.dll
0x00007ffa74360000 - 0x00007ffa7446a000 	C:\Windows\SYSTEM32\WINHTTP.dll
0x00007ffa7c6a0000 - 0x00007ffa7c70a000 	C:\Windows\system32\mswsock.dll
0x00007ffa70770000 - 0x00007ffa70785000 	C:\Program Files\Java\jdk-17.0.1\bin\nio.dll
0x00007ffa70750000 - 0x00007ffa70768000 	C:\Program Files\Java\jdk-17.0.1\bin\zip.dll
0x00007ffa5d190000 - 0x00007ffa5d1aa000 	C:\Program Files\JetBrains\IntelliJ IDEA 2021.2.3\bin\breakgen64.dll
0x000001b0bce80000 - 0x000001b0bce83000 	C:\Users\nbalj\.openjfx\cache\17.0.0.1\api-ms-win-core-console-l1-1-0.dll
0x000001b0bce90000 - 0x000001b0bce93000 	C:\Users\nbalj\.openjfx\cache\17.0.0.1\api-ms-win-core-console-l1-2-0.dll
0x000001b0bcea0000 - 0x000001b0bcea3000 	C:\Users\nbalj\.openjfx\cache\17.0.0.1\api-ms-win-core-datetime-l1-1-0.dll
0x000001b0dfff0000 - 0x000001b0dfff3000 	C:\Users\nbalj\.openjfx\cache\17.0.0.1\api-ms-win-core-debug-l1-1-0.dll
0x000001b0e24d0000 - 0x000001b0e24d3000 	C:\Users\nbalj\.openjfx\cache\17.0.0.1\api-ms-win-core-errorhandling-l1-1-0.dll
0x000001b0e24e0000 - 0x000001b0e24e4000 	C:\Users\nbalj\.openjfx\cache\17.0.0.1\api-ms-win-core-file-l1-1-0.dll
0x000001b0e24f0000 - 0x000001b0e24f3000 	C:\Users\nbalj\.openjfx\cache\17.0.0.1\api-ms-win-core-file-l1-2-0.dll
0x000001b0e2500000 - 0x000001b0e2503000 	C:\Users\nbalj\.openjfx\cache\17.0.0.1\api-ms-win-core-file-l2-1-0.dll
0x000001b0e2510000 - 0x000001b0e2513000 	C:\Users\nbalj\.openjfx\cache\17.0.0.1\api-ms-win-core-handle-l1-1-0.dll
0x000001b0e2520000 - 0x000001b0e2523000 	C:\Users\nbalj\.openjfx\cache\17.0.0.1\api-ms-win-core-heap-l1-1-0.dll
0x000001b0e2530000 - 0x000001b0e2533000 	C:\Users\nbalj\.openjfx\cache\17.0.0.1\api-ms-win-core-interlocked-l1-1-0.dll
0x000001b0e2540000 - 0x000001b0e2543000 	C:\Users\nbalj\.openjfx\cache\17.0.0.1\api-ms-win-core-libraryloader-l1-1-0.dll
0x000001b0e2550000 - 0x000001b0e2553000 	C:\Users\nbalj\.openjfx\cache\17.0.0.1\api-ms-win-core-localization-l1-2-0.dll
0x000001b0e2560000 - 0x000001b0e2563000 	C:\Users\nbalj\.openjfx\cache\17.0.0.1\api-ms-win-core-memory-l1-1-0.dll
0x000001b0e2570000 - 0x000001b0e2573000 	C:\Users\nbalj\.openjfx\cache\17.0.0.1\api-ms-win-core-namedpipe-l1-1-0.dll
0x000001b0e2580000 - 0x000001b0e2583000 	C:\Users\nbalj\.openjfx\cache\17.0.0.1\api-ms-win-core-processenvironment-l1-1-0.dll
0x000001b0e2590000 - 0x000001b0e2593000 	C:\Users\nbalj\.openjfx\cache\17.0.0.1\api-ms-win-core-processthreads-l1-1-0.dll
0x000001b0e25a0000 - 0x000001b0e25a3000 	C:\Users\nbalj\.openjfx\cache\17.0.0.1\api-ms-win-core-processthreads-l1-1-1.dll
0x000001b0e25b0000 - 0x000001b0e25b3000 	C:\Users\nbalj\.openjfx\cache\17.0.0.1\api-ms-win-core-profile-l1-1-0.dll
0x000001b0e25c0000 - 0x000001b0e25c3000 	C:\Users\nbalj\.openjfx\cache\17.0.0.1\api-ms-win-core-rtlsupport-l1-1-0.dll
0x000001b0e25d0000 - 0x000001b0e25d3000 	C:\Users\nbalj\.openjfx\cache\17.0.0.1\api-ms-win-core-string-l1-1-0.dll
0x000001b0e25e0000 - 0x000001b0e25e3000 	C:\Users\nbalj\.openjfx\cache\17.0.0.1\api-ms-win-core-synch-l1-1-0.dll
0x000001b0e25f0000 - 0x000001b0e25f3000 	C:\Users\nbalj\.openjfx\cache\17.0.0.1\api-ms-win-core-synch-l1-2-0.dll
0x000001b0e2600000 - 0x000001b0e2603000 	C:\Users\nbalj\.openjfx\cache\17.0.0.1\api-ms-win-core-sysinfo-l1-1-0.dll
0x000001b0e2610000 - 0x000001b0e2613000 	C:\Users\nbalj\.openjfx\cache\17.0.0.1\api-ms-win-core-timezone-l1-1-0.dll
0x000001b0e2620000 - 0x000001b0e2623000 	C:\Users\nbalj\.openjfx\cache\17.0.0.1\api-ms-win-core-util-l1-1-0.dll
0x000001b0e2630000 - 0x000001b0e2633000 	C:\Users\nbalj\.openjfx\cache\17.0.0.1\api-ms-win-crt-conio-l1-1-0.dll
0x000001b0e2640000 - 0x000001b0e2644000 	C:\Users\nbalj\.openjfx\cache\17.0.0.1\api-ms-win-crt-convert-l1-1-0.dll
0x000001b0e2650000 - 0x000001b0e2653000 	C:\Users\nbalj\.openjfx\cache\17.0.0.1\api-ms-win-crt-environment-l1-1-0.dll
0x000001b0e2660000 - 0x000001b0e2663000 	C:\Users\nbalj\.openjfx\cache\17.0.0.1\api-ms-win-crt-filesystem-l1-1-0.dll
0x000001b0e2670000 - 0x000001b0e2673000 	C:\Users\nbalj\.openjfx\cache\17.0.0.1\api-ms-win-crt-heap-l1-1-0.dll
0x000001b0e2680000 - 0x000001b0e2683000 	C:\Users\nbalj\.openjfx\cache\17.0.0.1\api-ms-win-crt-locale-l1-1-0.dll
0x000001b0e2690000 - 0x000001b0e2695000 	C:\Users\nbalj\.openjfx\cache\17.0.0.1\api-ms-win-crt-math-l1-1-0.dll
0x000001b0e26a0000 - 0x000001b0e26a5000 	C:\Users\nbalj\.openjfx\cache\17.0.0.1\api-ms-win-crt-multibyte-l1-1-0.dll
0x000001b0e26b0000 - 0x000001b0e26c0000 	C:\Users\nbalj\.openjfx\cache\17.0.0.1\api-ms-win-crt-private-l1-1-0.dll
0x000001b0e26c0000 - 0x000001b0e26c3000 	C:\Users\nbalj\.openjfx\cache\17.0.0.1\api-ms-win-crt-process-l1-1-0.dll
0x000001b0e26d0000 - 0x000001b0e26d4000 	C:\Users\nbalj\.openjfx\cache\17.0.0.1\api-ms-win-crt-runtime-l1-1-0.dll
0x000001b0e26e0000 - 0x000001b0e26e4000 	C:\Users\nbalj\.openjfx\cache\17.0.0.1\api-ms-win-crt-stdio-l1-1-0.dll
0x000001b0e26f0000 - 0x000001b0e26f4000 	C:\Users\nbalj\.openjfx\cache\17.0.0.1\api-ms-win-crt-string-l1-1-0.dll
0x000001b0e2700000 - 0x000001b0e2703000 	C:\Users\nbalj\.openjfx\cache\17.0.0.1\api-ms-win-crt-time-l1-1-0.dll
0x000001b0e2710000 - 0x000001b0e2713000 	C:\Users\nbalj\.openjfx\cache\17.0.0.1\api-ms-win-crt-utility-l1-1-0.dll
0x00007ffa12180000 - 0x00007ffa1227c000 	C:\Users\nbalj\.openjfx\cache\17.0.0.1\ucrtbase.dll
0x00007ffa57470000 - 0x00007ffa5748a000 	C:\Users\nbalj\.openjfx\cache\17.0.0.1\vcruntime140.dll
0x00007ffa6e540000 - 0x00007ffa6e54c000 	C:\Users\nbalj\.openjfx\cache\17.0.0.1\vcruntime140_1.dll
0x00007ffa24c10000 - 0x00007ffa24c9d000 	C:\Users\nbalj\.openjfx\cache\17.0.0.1\msvcp140.dll
0x00007ffa57440000 - 0x00007ffa5746a000 	C:\Users\nbalj\.openjfx\cache\17.0.0.1\prism_d3d.dll
0x00007ffa6fb80000 - 0x00007ffa6fd4f000 	C:\Windows\system32\d3d9.dll
0x00007ffa7ab10000 - 0x00007ffa7ab3f000 	C:\Windows\SYSTEM32\dwmapi.dll
0x00007ffa7a830000 - 0x00007ffa7a8ce000 	C:\Windows\system32\uxtheme.dll
0x00007ffa7cb10000 - 0x00007ffa7cb22000 	C:\Windows\SYSTEM32\msasn1.dll
0x00007ffa76820000 - 0x00007ffa76851000 	C:\Windows\SYSTEM32\cryptnet.dll
0x00007ffa7d490000 - 0x00007ffa7d5e6000 	C:\Windows\System32\CRYPT32.dll
0x00007ffa731d0000 - 0x00007ffa73318000 	C:\Windows\SYSTEM32\drvstore.dll
0x00007ffa7ccd0000 - 0x00007ffa7ccfc000 	C:\Windows\SYSTEM32\devobj.dll
0x00007ffa7d5f0000 - 0x00007ffa7d63e000 	C:\Windows\System32\cfgmgr32.dll
0x00007ffa7c8d0000 - 0x00007ffa7c8dc000 	C:\Windows\SYSTEM32\cryptbase.dll
0x00007ffa7d640000 - 0x00007ffa7d6a8000 	C:\Windows\System32\WINTRUST.DLL
0x00007ffa7dc90000 - 0x00007ffa7dcad000 	C:\Windows\System32\imagehlp.dll
0x00007ffa7c8b0000 - 0x00007ffa7c8c8000 	C:\Windows\SYSTEM32\CRYPTSP.dll
0x00007ffa7bfb0000 - 0x00007ffa7bfe4000 	C:\Windows\system32\rsaenh.dll
0x00007ffa7d190000 - 0x00007ffa7d1b7000 	C:\Windows\System32\bcrypt.dll
0x00007ffa3f3e0000 - 0x00007ffa3f422000 	C:\Users\nbalj\.openjfx\cache\17.0.0.1\glass.dll
0x00007ffa7f1e0000 - 0x00007ffa7f2bb000 	C:\Windows\System32\COMDLG32.dll
0x00007ffa7ef90000 - 0x00007ffa7f0ba000 	C:\Windows\System32\ole32.dll
0x00007ffa7e460000 - 0x00007ffa7e52d000 	C:\Windows\System32\OLEAUT32.dll
0x00007ffa7e6a0000 - 0x00007ffa7e7b5000 	C:\Windows\System32\MSCTF.dll
0x00007ffa31d10000 - 0x00007ffa31fd7000 	C:\Windows\system32\nvspcap64.dll
0x00007ffa7bbe0000 - 0x00007ffa7bc13000 	C:\Windows\SYSTEM32\ntmarta.dll
0x00007ffa7b7b0000 - 0x00007ffa7b7d3000 	C:\Windows\SYSTEM32\gpapi.dll
0x00007ffa73190000 - 0x00007ffa731cb000 	C:\Windows\SYSTEM32\dxcore.dll
0x00007ffa57400000 - 0x00007ffa57434000 	C:\Users\nbalj\AppData\Local\Temp\jSerialComm\1653140586147-jSerialComm.dll
0x00007ffa7eaa0000 - 0x00007ffa7ef11000 	C:\Windows\System32\SETUPAPI.dll
0x00007ffa445a0000 - 0x00007ffa445cd000 	C:\Users\nbalj\.openjfx\cache\17.0.0.1\javafx_iio.dll
0x00007ffa42dd0000 - 0x00007ffa42de4000 	C:\Users\nbalj\.openjfx\cache\17.0.0.1\javafx_font.dll
0x00007ffa4c490000 - 0x00007ffa4c70f000 	C:\Windows\SYSTEM32\dwrite.dll
0x00007ffa7e570000 - 0x00007ffa7e619000 	C:\Windows\System32\clbcatq.dll
0x00007ffa765d0000 - 0x00007ffa76784000 	C:\Windows\SYSTEM32\WindowsCodecs.dll
0x00007ffa656e0000 - 0x00007ffa6571e000 	C:\Windows\system32\dataexchange.dll
0x00007ffa78e50000 - 0x00007ffa790b4000 	C:\Windows\system32\d3d11.dll
0x00007ffa79c40000 - 0x00007ffa79e25000 	C:\Windows\system32\dcomp.dll
0x00007ffa7b900000 - 0x00007ffa7b9f3000 	C:\Windows\system32\dxgi.dll

dbghelp: loaded successfully - version: 4.0.5 - missing functions: none
symbol engine: initialized successfully - sym options: 0x614 - pdb path: .;C:\Program Files\Java\jdk-17.0.1\bin;C:\Windows\SYSTEM32;C:\Windows\WinSxS\amd64_microsoft.windows.common-controls_6595b64144ccf1df_6.0.19041.1110_none_60b5254171f9507e;C:\Program Files\Java\jdk-17.0.1\bin\server;C:\Program Files\JetBrains\IntelliJ IDEA 2021.2.3\bin;C:\Users\nbalj\.openjfx\cache\17.0.0.1;C:\Windows\System32\DriverStore\FileRepository\nv_dispi.inf_amd64_c0e159863e7afdde;C:\Users\nbalj\AppData\Local\Temp\jSerialComm;C:\Program Files\Common Files\Microsoft Shared\Ink

VM Arguments:
jvm_args: -javaagent:C:\Program Files\JetBrains\IntelliJ IDEA 2021.2.3\lib\idea_rt.jar=64851:C:\Program Files\JetBrains\IntelliJ IDEA 2021.2.3\bin -Dfile.encoding=UTF-8 --module-path=C:\Users\nbalj\.m2\repository\com\fazecast\jSerialComm\2.9.1\jSerialComm-2.9.1.jar;C:\Users\nbalj\.m2\repository\org\openjfx\javafx-controls\17.0.0.1\javafx-controls-17.0.0.1-win.jar;C:\Users\nbalj\Documents\GitHub\project3-4\CodePC\ProjectGUI\target\classes;C:\Users\nbalj\.m2\repository\org\kordamp\ikonli\ikonli-javafx\12.2.0\ikonli-javafx-12.2.0.jar;C:\Users\nbalj\.m2\repository\org\openjfx\javafx-graphics\17.0.0.1\javafx-graphics-17.0.0.1-win.jar;C:\Users\nbalj\.m2\repository\org\openjfx\javafx-web\17.0.0.1\javafx-web-17.0.0.1-win.jar;C:\Users\nbalj\.m2\repository\org\openjfx\javafx-fxml\17.0.0.1\javafx-fxml-17.0.0.1-win.jar;C:\Users\nbalj\.m2\repository\org\controlsfx\controlsfx\11.1.0\controlsfx-11.1.0.jar;C:\Users\nbalj\.m2\repository\com\dlsc\formsfx\formsfx-core\11.3.2\formsfx-core-11.3.2.jar;C:\Users\nbalj\.m2\repository\org\openjfx\javafx-base\17.0.0.1\javafx-base-17.0.0.1-win.jar;C:\Users\nbalj\.m2\repository\eu\hansolo\tilesfx\11.48\tilesfx-11.48.jar;C:\Users\nbalj\.m2\repository\org\kordamp\ikonli\ikonli-core\12.2.0\ikonli-core-12.2.0.jar;C:\Users\nbalj\.m2\repository\org\kordamp\bootstrapfx\bootstrapfx-core\0.4.0\bootstrapfx-core-0.4.0.jar;C:\Users\nbalj\.m2\repository\org\openjfx\javafx-media\17.0.0.1\javafx-media-17.0.0.1-win.jar;C:\Users\nbalj\.m2\repository\net\synedra\validatorfx\0.1.13\validatorfx-0.1.13.jar -Djdk.module.main=com.example.projectgui 
java_command: com.example.projectgui/com.example.projectgui.HelloApplication
java_class_path (initial): C:\Users\nbalj\.m2\repository\org\openjfx\javafx-controls\17.0.0.1\javafx-controls-17.0.0.1.jar;C:\Users\nbalj\.m2\repository\org\openjfx\javafx-graphics\17.0.0.1\javafx-graphics-17.0.0.1.jar;C:\Users\nbalj\.m2\repository\org\openjfx\javafx-base\17.0.0.1\javafx-base-17.0.0.1.jar;C:\Users\nbalj\.m2\repository\org\openjfx\javafx-fxml\17.0.0.1\javafx-fxml-17.0.0.1.jar;C:\Users\nbalj\.m2\repository\org\openjfx\javafx-web\17.0.0.1\javafx-web-17.0.0.1.jar;C:\Users\nbalj\.m2\repository\org\openjfx\javafx-media\17.0.0.1\javafx-media-17.0.0.1.jar;C:\Users\nbalj\.m2\repository\mysql\mysql-connector-java\8.0.28\mysql-connector-java-8.0.28.jar;C:\Users\nbalj\.m2\repository\com\google\protobuf\protobuf-java\3.11.4\protobuf-java-3.11.4.jar
Launcher Type: SUN_STANDARD

[Global flags]
     intx CICompilerCount                          = 4                                         {product} {ergonomic}
     uint ConcGCThreads                            = 3                                         {product} {ergonomic}
     uint G1ConcRefinementThreads                  = 10                                        {product} {ergonomic}
   size_t G1HeapRegionSize                         = 2097152                                   {product} {ergonomic}
    uintx GCDrainStackTargetSize                   = 64                                        {product} {ergonomic}
   size_t InitialHeapSize                          = 268435456                                 {product} {ergonomic}
   size_t MarkStackSize                            = 4194304                                   {product} {ergonomic}
   size_t MaxHeapSize                              = 4265607168                                {product} {ergonomic}
   size_t MaxNewSize                               = 2558525440                                {product} {ergonomic}
   size_t MinHeapDeltaBytes                        = 2097152                                   {product} {ergonomic}
   size_t MinHeapSize                              = 8388608                                   {product} {ergonomic}
    uintx NonNMethodCodeHeapSize                   = 5839372                                {pd product} {ergonomic}
    uintx NonProfiledCodeHeapSize                  = 122909434                              {pd product} {ergonomic}
    uintx ProfiledCodeHeapSize                     = 122909434                              {pd product} {ergonomic}
    uintx ReservedCodeCacheSize                    = 251658240                              {pd product} {ergonomic}
     bool SegmentedCodeCache                       = true                                      {product} {ergonomic}
   size_t SoftMaxHeapSize                          = 4265607168                             {manageable} {ergonomic}
     bool UseCompressedClassPointers               = true                           {product lp64_product} {ergonomic}
     bool UseCompressedOops                        = true                           {product lp64_product} {ergonomic}
     bool UseG1GC                                  = true                                      {product} {ergonomic}
     bool UseLargePagesIndividualAllocation        = false                                  {pd product} {ergonomic}

Logging:
Log output configuration:
 #0: stdout all=warning uptime,level,tags
 #1: stderr all=off uptime,level,tags

Environment Variables:
JAVA_HOME=C:\Program Files\Java\jdk-17.0.1
PATH=C:\Program Files\Common Files\Oracle\Java\javapath;C:\Program Files (x86)\Common Files\Oracle\Java\javapath;C:\Program Files (x86)\Common Files\Intel\Shared Libraries\redist\intel64_win\compiler;C:\Windows\system32;C:\Windows;C:\Windows\System32\Wbem;C:\Windows\System32\WindowsPowerShell\v1.0\;C:\Windows\System32\OpenSSH\;C:\Program Files\NVIDIA Corporation\NVIDIA NvDLISR;C:\Program Files (x86)\NVIDIA Corporation\PhysX\Common;C:\Program Files\PowerShell\7\;C:\Program Files (x86)\mingw-w64\i686-8.1.0-posix-dwarf-rt_v6-rev0\mingw32\bin;C:\Program Files\Java\jdk-17.0.1;C:\Program Files\dotnet\;C:\Program Files\Git\cmd;C:\Program Files\PuTTY\;C:\Program Files\OpenSSL-Win64\bin;C:\Program Files\Java\jdk-18;C:\Users\nbalj\AppData\Local\Microsoft\WindowsApps;C:\Users\nbalj\AppData\Local\Programs\Microsoft VS Code\bin;C:\Program Files\Inkscape\bin;C:\Program Files\JetBrains\IntelliJ IDEA 2021.2.3\bin;;C:\Users\nbalj\.dotnet\tools;C:\Users\nbalj\AppData\Local\GitHubDesktop\bin
USERNAME=nbalj
OS=Windows_NT
PROCESSOR_IDENTIFIER=AMD64 Family 23 Model 113 Stepping 0, AuthenticAMD



---------------  S Y S T E M  ---------------

OS:
 Windows 10 , 64 bit Build 19041 (10.0.19041.1706)
OS uptime: 7 days 4:17 hours
Hyper-V role detected

CPU: total 12 (initial active 12) (12 cores per cpu, 2 threads per core) family 23 model 113 stepping 0 microcode 0x0, cx8, cmov, fxsr, ht, mmx, 3dnowpref, sse, sse2, sse3, ssse3, sse4a, sse4.1, sse4.2, popcnt, lzcnt, tsc, tscinvbit, avx, avx2, aes, clmul, bmi1, bmi2, adx, sha, fma, vzeroupper, clflush, clflushopt, hv

Memory: 4k page, system-wide physical 16265M (5545M free)
TotalPageFile size 22153M (AvailPageFile size 4981M)
current process WorkingSet (physical memory assigned to process): 390M, peak: 456M
current process commit charge ("private bytes"): 674M, peak: 738M

vm_info: Java HotSpot(TM) 64-Bit Server VM (17.0.1+12-LTS-39) for windows-amd64 JRE (17.0.1+12-LTS-39), built on Sep 27 2021 18:41:35 by "mach5one" with MS VC++ 16.8 (VS2019)

END.
