#
# A fatal error has been detected by the Java Runtime Environment:
#
#  EXCEPTION_ACCESS_VIOLATION (0xc0000005) at pc=0x00007ffa7f873416, pid=15332, tid=7924
#
# JRE version: Java(TM) SE Runtime Environment (17.0.1+12) (build 17.0.1+12-LTS-39)
# Java VM: Java HotSpot(TM) 64-Bit Server VM (17.0.1+12-LTS-39, mixed mode, sharing, tiered, compressed oops, compressed class ptrs, g1 gc, windows-amd64)
# Problematic frame:
# C  [ntdll.dll+0x63416]
#
# No core dump will be written. Minidumps are not enabled by default on client versions of Windows
#
# If you would like to submit a bug report, please visit:
#   https://bugreport.java.com/bugreport/crash.jsp
# The crash happened outside the Java Virtual Machine in native code.
# See problematic frame for where to report the bug.
#

---------------  S U M M A R Y ------------

Command Line: -javaagent:C:\Program Files\JetBrains\IntelliJ IDEA 2021.2.3\lib\idea_rt.jar=60607:C:\Program Files\JetBrains\IntelliJ IDEA 2021.2.3\bin -Dfile.encoding=UTF-8 --module-path=C:\Users\nbalj\.m2\repository\com\fazecast\jSerialComm\2.9.1\jSerialComm-2.9.1.jar;C:\Users\nbalj\.m2\repository\org\openjfx\javafx-controls\17.0.0.1\javafx-controls-17.0.0.1-win.jar;C:\Users\nbalj\Documents\GitHub\project3-4\CodePC\ProjectGUI\target\classes;C:\Users\nbalj\.m2\repository\org\kordamp\ikonli\ikonli-javafx\12.2.0\ikonli-javafx-12.2.0.jar;C:\Users\nbalj\.m2\repository\org\openjfx\javafx-graphics\17.0.0.1\javafx-graphics-17.0.0.1-win.jar;C:\Users\nbalj\.m2\repository\org\openjfx\javafx-web\17.0.0.1\javafx-web-17.0.0.1-win.jar;C:\Users\nbalj\.m2\repository\org\openjfx\javafx-fxml\17.0.0.1\javafx-fxml-17.0.0.1-win.jar;C:\Users\nbalj\.m2\repository\org\controlsfx\controlsfx\11.1.0\controlsfx-11.1.0.jar;C:\Users\nbalj\.m2\repository\com\dlsc\formsfx\formsfx-core\11.3.2\formsfx-core-11.3.2.jar;C:\Users\nbalj\.m2\repository\org\openjfx\javafx-base\17.0.0.1\javafx-base-17.0.0.1-win.jar;C:\Users\nbalj\.m2\repository\eu\hansolo\tilesfx\11.48\tilesfx-11.48.jar;C:\Users\nbalj\.m2\repository\org\kordamp\ikonli\ikonli-core\12.2.0\ikonli-core-12.2.0.jar;C:\Users\nbalj\.m2\repository\org\kordamp\bootstrapfx\bootstrapfx-core\0.4.0\bootstrapfx-core-0.4.0.jar;C:\Users\nbalj\.m2\repository\org\openjfx\javafx-media\17.0.0.1\javafx-media-17.0.0.1-win.jar;C:\Users\nbalj\.m2\repository\net\synedra\validatorfx\0.1.13\validatorfx-0.1.13.jar -Djdk.module.main=com.example.projectgui com.example.projectgui/com.example.projectgui.HelloApplication

Host: AMD Ryzen 5 3600 6-Core Processor              , 12 cores, 15G,  Windows 10 , 64 bit Build 19041 (10.0.19041.1706)
Time: Sat May 21 12:44:38 2022 W. Europe Summer Time elapsed time: 41.077833 seconds (0d 0h 0m 41s)

---------------  T H R E A D  ---------------

Current thread (0x000002b4d2a46550):  JavaThread "Thread-5" [_thread_in_native, id=7924, stack(0x000000f334d00000,0x000000f334e00000)]

Stack: [0x000000f334d00000,0x000000f334e00000],  sp=0x000000f334dff310,  free space=1020k
Native frames: (J=compiled Java code, j=interpreted, Vv=VM code, C=native code)
C  [ntdll.dll+0x63416]
C  [ntdll.dll+0x2fcb4]
C  [ntdll.dll+0x2fae2]
C  [1653129837764-jSerialComm.dll+0x3cb2]

Java frames: (J=compiled Java code, j=interpreted, Vv=VM code)
j  com.fazecast.jSerialComm.SerialPort.closePortNative(J)J+0 com.fazecast.jSerialComm
j  com.fazecast.jSerialComm.SerialPort.closePort()Z+29 com.fazecast.jSerialComm
j  com.example.projectgui.ArduinoControls.lambda$setupCommunication$0()V+3 com.example.projectgui
j  com.example.projectgui.ArduinoControls$$Lambda$148+0x0000000800cbac98.run()V+0 com.example.projectgui
j  java.lang.Thread.run()V+11 java.base@17.0.1
v  ~StubRoutines::call_stub

siginfo: EXCEPTION_ACCESS_VIOLATION (0xc0000005), writing address 0x0000000000000024


Register to memory mapping:

RIP=0x00007ffa7f873416 ntdll.dll
RAX=0x0 is NULL
RBX=0x00007ffa3056fd00 1653129837764-jSerialComm.dll
RCX=0x00007ffa3056fd00 1653129837764-jSerialComm.dll
RDX=0x00000000fffffffa is an unknown value
RSP=0x000000f334dff310 is pointing into the stack for thread: 0x000002b4d2a46550
RBP=0x000000f334dff500 is pointing into the stack for thread: 0x000002b4d2a46550
RSI=0x0 is NULL
RDI=0x0 is NULL
R8 =0x0 is NULL
R9 =0x00007ffa3056fd00 1653129837764-jSerialComm.dll
R10=0x0 is NULL
R11=0x0000000000000246 is an unknown value
R12=0x0 is NULL
R13=0x000000f3319e7000 points into unknown readable memory: 0x0000000000000000 | 00 00 00 00 00 00 00 00
R14=0x0000000000000001 is an unknown value
R15=0x0 is NULL


Registers:
RAX=0x0000000000000000, RBX=0x00007ffa3056fd00, RCX=0x00007ffa3056fd00, RDX=0x00000000fffffffa
RSP=0x000000f334dff310, RBP=0x000000f334dff500, RSI=0x0000000000000000, RDI=0x0000000000000000
R8 =0x0000000000000000, R9 =0x00007ffa3056fd00, R10=0x0000000000000000, R11=0x0000000000000246
R12=0x0000000000000000, R13=0x000000f3319e7000, R14=0x0000000000000001, R15=0x0000000000000000
RIP=0x00007ffa7f873416, EFLAGS=0x0000000000010213

Top of Stack: (sp=0x000000f334dff310)
0x000000f334dff310:   ffffffffffffffff 00007ffa3056fd00
0x000000f334dff320:   0000000000000000 0000000000000000
0x000000f334dff330:   0000000000000000 0000000000000000
0x000000f334dff340:   0000000000000000 0000000000000000
0x000000f334dff350:   0000000000000000 00000000fffffffa
0x000000f334dff360:   000000f3319e7000 0000000000000000
0x000000f334dff370:   0000000000000000 0000000000000000
0x000000f334dff380:   0000000000000000 0000000000000000
0x000000f334dff390:   0000000000000000 0000000000000000
0x000000f334dff3a0:   00005057921b8acf 0000000000000000
0x000000f334dff3b0:   000002b4d2a46500 0000000000000001
0x000000f334dff3c0:   0000000000000001 0000000000000001
0x000000f334dff3d0:   0000000000000000 00007ffa3056fd00
0x000000f334dff3e0:   000000f334dff500 00007ffa7f83fcb4
0x000000f334dff3f0:   0000000000000000 0000000000000000
0x000000f334dff400:   00000000fffffffa 0000000000000000 

Instructions: (pc=0x00007ffa7f873416)
0x00007ffa7f873316:   20 e9 ed fe ff ff 48 89 41 18 e9 e4 fe ff ff cc
0x00007ffa7f873326:   cc cc cc cc cc cc cc cc cc cc 80 3d d1 71 10 00
0x00007ffa7f873336:   00 0f 95 c0 c3 cc cc cc cc cc cc cc cc cc cc cc
0x00007ffa7f873346:   cc cc cc cc cc cc cc cc cc cc 48 83 ec 38 8b 05
0x00007ffa7f873356:   d2 57 10 00 89 44 24 20 e8 41 02 00 00 48 83 c4
0x00007ffa7f873366:   38 c3 cc cc cc cc cc cc cc cc 48 89 5c 24 18 55
0x00007ffa7f873376:   56 57 41 54 41 55 41 56 41 57 48 81 ec a0 00 00
0x00007ffa7f873386:   00 48 8b 05 82 f1 11 00 48 33 c4 48 89 84 24 90
0x00007ffa7f873396:   00 00 00 65 4c 8b 2c 25 30 00 00 00 48 8d 05 4f
0x00007ffa7f8733a6:   11 10 00 40 32 ed 89 54 24 48 33 f6 40 88 6c 24
0x00007ffa7f8733b6:   40 4c 89 6c 24 50 48 8b d9 44 8b e6 48 3b c8 0f
0x00007ffa7f8733c6:   84 39 01 00 00 40 38 35 36 71 10 00 0f 85 a8 01
0x00007ffa7f8733d6:   00 00 39 35 4a 71 10 00 0f 85 6a 01 00 00 40 38
0x00007ffa7f8733e6:   35 0d 6c 10 00 48 8d 3d 0e 6c 10 00 48 0f 45 fe
0x00007ffa7f8733f6:   48 39 73 18 0f 84 d2 00 00 00 48 8b 03 48 83 f8
0x00007ffa7f873406:   ff 0f 84 d2 00 00 00 44 8b fe 48 83 f8 ff 74 03
0x00007ffa7f873416:   ff 40 24 4c 8b 73 18 4c 8d 2d d4 10 10 00 bd 22
0x00007ffa7f873426:   17 00 00 e8 22 14 fc ff 85 c0 0f 85 be b2 05 00
0x00007ffa7f873436:   b9 82 03 fe 7f 80 39 00 0f 85 cc b2 05 00 49 83
0x00007ffa7f873446:   fe ff 0f 85 5a b3 05 00 4c 8b cf c7 44 24 20 00
0x00007ffa7f873456:   00 00 00 41 b8 04 00 00 00 48 8d 54 24 48 48 8d
0x00007ffa7f873466:   4b 08 e8 37 01 00 00 3d 02 01 00 00 0f 84 43 b3
0x00007ffa7f873476:   05 00 8b 4b 08 89 4c 24 48 f6 c1 02 75 ca 3d 02
0x00007ffa7f873486:   01 00 00 0f 84 2c b3 05 00 0f b6 6c 24 40 4c 8b
0x00007ffa7f873496:   6c 24 50 85 c0 0f 88 78 b4 05 00 40 84 ed 75 73
0x00007ffa7f8734a6:   48 8b 8c 24 90 00 00 00 48 33 cc e8 7a 8d 02 00
0x00007ffa7f8734b6:   48 8b 9c 24 f0 00 00 00 48 81 c4 a0 00 00 00 41
0x00007ffa7f8734c6:   5f 41 5e 41 5d 41 5c 5f 5e 5d c3 cc 48 8b cb e8
0x00007ffa7f8734d6:   56 05 00 00 e9 21 ff ff ff 8b 4b 20 48 c7 c0 ff
0x00007ffa7f8734e6:   ff ff ff 48 0f ba e1 18 0f 82 19 ff ff ff 48 8b
0x00007ffa7f8734f6:   cb e8 44 e3 fa ff 48 8b 03 e9 09 ff ff ff c6 44
0x00007ffa7f873506:   24 40 01 41 c7 85 60 17 00 00 01 00 00 00 e9 b2 


Stack slot to memory mapping:
stack at sp + 0 slots: 0xffffffffffffffff is an unknown value
stack at sp + 1 slots: 0x00007ffa3056fd00 1653129837764-jSerialComm.dll
stack at sp + 2 slots: 0x0 is NULL
stack at sp + 3 slots: 0x0 is NULL
stack at sp + 4 slots: 0x0 is NULL
stack at sp + 5 slots: 0x0 is NULL
stack at sp + 6 slots: 0x0 is NULL
stack at sp + 7 slots: 0x0 is NULL


---------------  P R O C E S S  ---------------

Threads class SMR info:
_java_thread_list=0x000002b4d31ac520, length=22, elements={
0x000002b4adc14a00, 0x000002b4d0ce6490, 0x000002b4d0ce7300, 0x000002b4d0cf84d0,
0x000002b4d0cfaea0, 0x000002b4d0cfb850, 0x000002b4d0cfc810, 0x000002b4d0d06700,
0x000002b4d0d11250, 0x000002b4d0d14b70, 0x000002b4d18c78e0, 0x000002b4d22fb710,
0x000002b4d2290b30, 0x000002b4d24a9d30, 0x000002b4d24d5f00, 0x000002b4d29d2760,
0x000002b4d2b637b0, 0x000002b4d2a49a40, 0x000002b4d2a49570, 0x000002b4d2a46080,
0x000002b4d2a47890, 0x000002b4d2a46550
}

Java Threads: ( => current thread )
  0x000002b4adc14a00 JavaThread "main" [_thread_blocked, id=12964, stack(0x000000f331e00000,0x000000f331f00000)]
  0x000002b4d0ce6490 JavaThread "Reference Handler" daemon [_thread_blocked, id=25656, stack(0x000000f332500000,0x000000f332600000)]
  0x000002b4d0ce7300 JavaThread "Finalizer" daemon [_thread_blocked, id=20032, stack(0x000000f332600000,0x000000f332700000)]
  0x000002b4d0cf84d0 JavaThread "Signal Dispatcher" daemon [_thread_blocked, id=1740, stack(0x000000f332700000,0x000000f332800000)]
  0x000002b4d0cfaea0 JavaThread "Attach Listener" daemon [_thread_blocked, id=2224, stack(0x000000f332800000,0x000000f332900000)]
  0x000002b4d0cfb850 JavaThread "Service Thread" daemon [_thread_blocked, id=26684, stack(0x000000f332900000,0x000000f332a00000)]
  0x000002b4d0cfc810 JavaThread "Monitor Deflation Thread" daemon [_thread_blocked, id=30432, stack(0x000000f332a00000,0x000000f332b00000)]
  0x000002b4d0d06700 JavaThread "C2 CompilerThread0" daemon [_thread_blocked, id=24272, stack(0x000000f332b00000,0x000000f332c00000)]
  0x000002b4d0d11250 JavaThread "C1 CompilerThread0" daemon [_thread_blocked, id=29712, stack(0x000000f332c00000,0x000000f332d00000)]
  0x000002b4d0d14b70 JavaThread "Sweeper thread" daemon [_thread_blocked, id=29652, stack(0x000000f332d00000,0x000000f332e00000)]
  0x000002b4d18c78e0 JavaThread "Common-Cleaner" daemon [_thread_blocked, id=13320, stack(0x000000f332e00000,0x000000f332f00000)]
  0x000002b4d22fb710 JavaThread "Monitor Ctrl-Break" daemon [_thread_in_native, id=29492, stack(0x000000f333100000,0x000000f333200000)]
  0x000002b4d2290b30 JavaThread "Notification Thread" daemon [_thread_blocked, id=23440, stack(0x000000f333200000,0x000000f333300000)]
  0x000002b4d24a9d30 JavaThread "InvokeLaterDispatcher" daemon [_thread_blocked, id=15372, stack(0x000000f333500000,0x000000f333600000)]
  0x000002b4d24d5f00 JavaThread "JavaFX Application Thread" [_thread_in_native, id=25140, stack(0x000000f333600000,0x000000f333700000)]
  0x000002b4d29d2760 JavaThread "JavaFX-Launcher" [_thread_blocked, id=30692, stack(0x000000f333800000,0x000000f333900000)]
  0x000002b4d2b637b0 JavaThread "Thread-2" daemon [_thread_in_native, id=6612, stack(0x000000f332f00000,0x000000f333000000)]
  0x000002b4d2a49a40 JavaThread "Thread-4" [_thread_blocked, id=25732, stack(0x000000f333e00000,0x000000f333f00000)]
  0x000002b4d2a49570 JavaThread "Prism Font Disposer" daemon [_thread_blocked, id=2524, stack(0x000000f334400000,0x000000f334500000)]
  0x000002b4d2a46080 JavaThread "Cleaner-0" daemon [_thread_blocked, id=23764, stack(0x000000f334500000,0x000000f334600000)]
  0x000002b4d2a47890 JavaThread "SIGINT handler" daemon [_thread_blocked, id=21544, stack(0x000000f333f20000,0x000000f334020000)]
=>0x000002b4d2a46550 JavaThread "Thread-5" [_thread_in_native, id=7924, stack(0x000000f334d00000,0x000000f334e00000)]

Other Threads:
  0x000002b4d0cdf880 VMThread "VM Thread" [stack: 0x000000f332400000,0x000000f332500000] [id=2556]
  0x000002b4adc829a0 WatcherThread [stack: 0x000000f333300000,0x000000f333400000] [id=26672]
  0x000002b4adc62320 GCTaskThread "GC Thread#0" [stack: 0x000000f331f00000,0x000000f332000000] [id=15224]
  0x000002b4d24f9830 GCTaskThread "GC Thread#1" [stack: 0x000000f333900000,0x000000f333a00000] [id=14568]
  0x000002b4d24f9ae0 GCTaskThread "GC Thread#2" [stack: 0x000000f333a00000,0x000000f333b00000] [id=6468]
  0x000002b4d24f9d90 GCTaskThread "GC Thread#3" [stack: 0x000000f333b00000,0x000000f333c00000] [id=19092]
  0x000002b4d24fa040 GCTaskThread "GC Thread#4" [stack: 0x000000f333c00000,0x000000f333d00000] [id=27636]
  0x000002b4d24fa2f0 GCTaskThread "GC Thread#5" [stack: 0x000000f333d00000,0x000000f333e00000] [id=27948]
  0x000002b4d1968b30 GCTaskThread "GC Thread#6" [stack: 0x000000f334600000,0x000000f334700000] [id=13800]
  0x000002b4d1968320 GCTaskThread "GC Thread#7" [stack: 0x000000f334700000,0x000000f334800000] [id=31728]
  0x000002b4d1968070 GCTaskThread "GC Thread#8" [stack: 0x000000f334800000,0x000000f334900000] [id=15820]
  0x000002b4d2d207c0 GCTaskThread "GC Thread#9" [stack: 0x000000f334900000,0x000000f334a00000] [id=22840]
  0x000002b4adc730a0 ConcurrentGCThread "G1 Main Marker" [stack: 0x000000f332000000,0x000000f332100000] [id=11760]
  0x000002b4adc74250 ConcurrentGCThread "G1 Conc#0" [stack: 0x000000f332100000,0x000000f332200000] [id=28872]
  0x000002b4d2d1f240 ConcurrentGCThread "G1 Conc#1" [stack: 0x000000f333400000,0x000000f333500000] [id=20528]
  0x000002b4d2d1f7a0 ConcurrentGCThread "G1 Conc#2" [stack: 0x000000f334e00000,0x000000f334f00000] [id=16340]
  0x000002b4adcda720 ConcurrentGCThread "G1 Refine#0" [stack: 0x000000f332200000,0x000000f332300000] [id=10200]
  0x000002b4d1a60a80 ConcurrentGCThread "G1 Refine#1" [stack: 0x000000f334a00000,0x000000f334b00000] [id=14492]
  0x000002b4d21fdbd0 ConcurrentGCThread "G1 Refine#2" [stack: 0x000000f334b00000,0x000000f334c00000] [id=18036]
  0x000002b4d3234b40 ConcurrentGCThread "G1 Refine#3" [stack: 0x000000f334c00000,0x000000f334d00000] [id=27412]
  0x000002b4d0bb3340 ConcurrentGCThread "G1 Service" [stack: 0x000000f332300000,0x000000f332400000] [id=26884]

Threads with active compile tasks:

VM state: not at safepoint (normal execution)

VM Mutex/Monitor currently owned by a thread: None

Heap address: 0x0000000701c00000, size: 4068 MB, Compressed Oops mode: Zero based, Oop shift amount: 3

CDS archive(s) mapped at: [0x0000000800000000-0x0000000800bc0000-0x0000000800bc0000), size 12320768, SharedBaseAddress: 0x0000000800000000, ArchiveRelocationMode: 0.
Compressed class space mapped at: 0x0000000800c00000-0x0000000840c00000, reserved size: 1073741824
Narrow klass base: 0x0000000800000000, Narrow klass shift: 0, Narrow klass range: 0x100000000

GC Precious Log:
 CPUs: 12 total, 12 available
 Memory: 16265M
 Large Page Support: Disabled
 NUMA Support: Disabled
 Compressed Oops: Enabled (Zero based)
 Heap Region Size: 2M
 Heap Min Capacity: 8M
 Heap Initial Capacity: 256M
 Heap Max Capacity: 4068M
 Pre-touch: Disabled
 Parallel Workers: 10
 Concurrent Workers: 3
 Concurrent Refinement Workers: 10
 Periodic GC: Disabled

Heap:
 garbage-first heap   total 262144K, used 134100K [0x0000000701c00000, 0x0000000800000000)
  region size 2048K, 4 young (8192K), 2 survivors (4096K)
 Metaspace       used 16484K, committed 16768K, reserved 1064960K
  class space    used 2260K, committed 2432K, reserved 1048576K

Heap Regions: E=young(eden), S=young(survivor), O=old, HS=humongous(starts), HC=humongous(continues), CS=collection set, F=free, OA=open archive, CA=closed archive, TAMS=top-at-mark-start (previous, next)
|   0|0x0000000701c00000, 0x0000000701e00000, 0x0000000701e00000|100%|HS|  |TAMS 0x0000000701e00000, 0x0000000701c00000| Complete 
|   1|0x0000000701e00000, 0x0000000702000000, 0x0000000702000000|100%|HC|  |TAMS 0x0000000702000000, 0x0000000701e00000| Complete 
|   2|0x0000000702000000, 0x0000000702200000, 0x0000000702200000|100%|HC|  |TAMS 0x0000000702200000, 0x0000000702000000| Complete 
|   3|0x0000000702200000, 0x0000000702400000, 0x0000000702400000|100%|HC|  |TAMS 0x0000000702400000, 0x0000000702200000| Complete 
|   4|0x0000000702400000, 0x0000000702600000, 0x0000000702600000|100%|HC|  |TAMS 0x0000000702600000, 0x0000000702400000| Complete 
|   5|0x0000000702600000, 0x0000000702800000, 0x0000000702800000|100%|HC|  |TAMS 0x0000000702800000, 0x0000000702600000| Complete 
|   6|0x0000000702800000, 0x0000000702a00000, 0x0000000702a00000|100%|HC|  |TAMS 0x0000000702a00000, 0x0000000702800000| Complete 
|   7|0x0000000702a00000, 0x0000000702c00000, 0x0000000702c00000|100%|HC|  |TAMS 0x0000000702c00000, 0x0000000702a00000| Complete 
|   8|0x0000000702c00000, 0x0000000702e00000, 0x0000000702e00000|100%|HC|  |TAMS 0x0000000702e00000, 0x0000000702c00000| Complete 
|   9|0x0000000702e00000, 0x0000000703000000, 0x0000000703000000|100%|HC|  |TAMS 0x0000000703000000, 0x0000000702e00000| Complete 
|  10|0x0000000703000000, 0x0000000703200000, 0x0000000703200000|100%|HC|  |TAMS 0x0000000703200000, 0x0000000703000000| Complete 
|  11|0x0000000703200000, 0x0000000703400000, 0x0000000703400000|100%|HC|  |TAMS 0x0000000703400000, 0x0000000703200000| Complete 
|  12|0x0000000703400000, 0x0000000703600000, 0x0000000703600000|100%| O|  |TAMS 0x0000000703600000, 0x0000000703400000| Untracked 
|  13|0x0000000703600000, 0x0000000703800000, 0x0000000703800000|100%|HS|  |TAMS 0x0000000703600000, 0x0000000703600000| Complete 
|  14|0x0000000703800000, 0x0000000703800000, 0x0000000703a00000|  0%| F|  |TAMS 0x0000000703800000, 0x0000000703800000| Untracked 
|  15|0x0000000703a00000, 0x0000000703a00000, 0x0000000703c00000|  0%| F|  |TAMS 0x0000000703a00000, 0x0000000703a00000| Untracked 
|  16|0x0000000703c00000, 0x0000000703c00000, 0x0000000703e00000|  0%| F|  |TAMS 0x0000000703c00000, 0x0000000703c00000| Untracked 
|  17|0x0000000703e00000, 0x0000000703e00000, 0x0000000704000000|  0%| F|  |TAMS 0x0000000703e00000, 0x0000000703e00000| Untracked 
|  18|0x0000000704000000, 0x0000000704000000, 0x0000000704200000|  0%| F|  |TAMS 0x0000000704000000, 0x0000000704000000| Untracked 
|  19|0x0000000704200000, 0x0000000704200000, 0x0000000704400000|  0%| F|  |TAMS 0x0000000704200000, 0x0000000704200000| Untracked 
|  20|0x0000000704400000, 0x0000000704400000, 0x0000000704600000|  0%| F|  |TAMS 0x0000000704400000, 0x0000000704400000| Untracked 
|  21|0x0000000704600000, 0x0000000704600000, 0x0000000704800000|  0%| F|  |TAMS 0x0000000704600000, 0x0000000704600000| Untracked 
|  22|0x0000000704800000, 0x0000000704800000, 0x0000000704a00000|  0%| F|  |TAMS 0x0000000704800000, 0x0000000704800000| Untracked 
|  23|0x0000000704a00000, 0x0000000704a00000, 0x0000000704c00000|  0%| F|  |TAMS 0x0000000704a00000, 0x0000000704a00000| Untracked 
|  24|0x0000000704c00000, 0x0000000704c00000, 0x0000000704e00000|  0%| F|  |TAMS 0x0000000704c00000, 0x0000000704c00000| Untracked 
|  25|0x0000000704e00000, 0x0000000705000000, 0x0000000705000000|100%| O|  |TAMS 0x0000000705000000, 0x0000000704e00000| Untracked 
|  26|0x0000000705000000, 0x0000000705200000, 0x0000000705200000|100%| O|  |TAMS 0x0000000705200000, 0x0000000705000000| Untracked 
|  27|0x0000000705200000, 0x0000000705400000, 0x0000000705400000|100%| O|  |TAMS 0x0000000705400000, 0x0000000705200000| Untracked 
|  28|0x0000000705400000, 0x0000000705600000, 0x0000000705600000|100%| O|  |TAMS 0x0000000705600000, 0x0000000705400000| Untracked 
|  29|0x0000000705600000, 0x0000000705800000, 0x0000000705800000|100%| O|  |TAMS 0x0000000705800000, 0x0000000705600000| Untracked 
|  30|0x0000000705800000, 0x0000000705a00000, 0x0000000705a00000|100%| O|  |TAMS 0x0000000705a00000, 0x0000000705800000| Untracked 
|  31|0x0000000705a00000, 0x0000000705c00000, 0x0000000705c00000|100%| O|  |TAMS 0x0000000705c00000, 0x0000000705a00000| Complete 
|  32|0x0000000705c00000, 0x0000000705e00000, 0x0000000705e00000|100%| O|  |TAMS 0x0000000705e00000, 0x0000000705c00000| Complete 
|  33|0x0000000705e00000, 0x0000000706000000, 0x0000000706000000|100%| O|  |TAMS 0x0000000706000000, 0x0000000705e00000| Complete 
|  34|0x0000000706000000, 0x0000000706200000, 0x0000000706200000|100%| O|  |TAMS 0x0000000706200000, 0x0000000706000000| Complete 
|  35|0x0000000706200000, 0x0000000706400000, 0x0000000706400000|100%| O|  |TAMS 0x0000000706400000, 0x0000000706200000| Untracked 
|  36|0x0000000706400000, 0x0000000706600000, 0x0000000706600000|100%| O|  |TAMS 0x0000000706600000, 0x0000000706400000| Untracked 
|  37|0x0000000706600000, 0x0000000706800000, 0x0000000706800000|100%| O|  |TAMS 0x0000000706800000, 0x0000000706600000| Untracked 
|  38|0x0000000706800000, 0x0000000706a00000, 0x0000000706a00000|100%| O|  |TAMS 0x0000000706a00000, 0x0000000706800000| Untracked 
|  39|0x0000000706a00000, 0x0000000706c00000, 0x0000000706c00000|100%| O|  |TAMS 0x0000000706c00000, 0x0000000706a00000| Untracked 
|  40|0x0000000706c00000, 0x0000000706e00000, 0x0000000706e00000|100%|HS|  |TAMS 0x0000000706e00000, 0x0000000706c00000| Complete 
|  41|0x0000000706e00000, 0x0000000706e00000, 0x0000000707000000|  0%| F|  |TAMS 0x0000000706e00000, 0x0000000706e00000| Untracked 
|  42|0x0000000707000000, 0x0000000707000000, 0x0000000707200000|  0%| F|  |TAMS 0x0000000707000000, 0x0000000707000000| Untracked 
|  43|0x0000000707200000, 0x0000000707200000, 0x0000000707400000|  0%| F|  |TAMS 0x0000000707200000, 0x0000000707200000| Untracked 
|  44|0x0000000707400000, 0x0000000707400000, 0x0000000707600000|  0%| F|  |TAMS 0x0000000707400000, 0x0000000707400000| Untracked 
|  45|0x0000000707600000, 0x0000000707600000, 0x0000000707800000|  0%| F|  |TAMS 0x0000000707600000, 0x0000000707600000| Untracked 
|  46|0x0000000707800000, 0x0000000707800000, 0x0000000707a00000|  0%| F|  |TAMS 0x0000000707800000, 0x0000000707800000| Untracked 
|  47|0x0000000707a00000, 0x0000000707a00000, 0x0000000707c00000|  0%| F|  |TAMS 0x0000000707a00000, 0x0000000707a00000| Untracked 
|  48|0x0000000707c00000, 0x0000000707c00000, 0x0000000707e00000|  0%| F|  |TAMS 0x0000000707c00000, 0x0000000707c00000| Untracked 
|  49|0x0000000707e00000, 0x0000000707e00000, 0x0000000708000000|  0%| F|  |TAMS 0x0000000707e00000, 0x0000000707e00000| Untracked 
|  50|0x0000000708000000, 0x0000000708000000, 0x0000000708200000|  0%| F|  |TAMS 0x0000000708000000, 0x0000000708000000| Untracked 
|  51|0x0000000708200000, 0x0000000708200000, 0x0000000708400000|  0%| F|  |TAMS 0x0000000708200000, 0x0000000708200000| Untracked 
|  52|0x0000000708400000, 0x0000000708400000, 0x0000000708600000|  0%| F|  |TAMS 0x0000000708400000, 0x0000000708400000| Untracked 
|  53|0x0000000708600000, 0x0000000708600000, 0x0000000708800000|  0%| F|  |TAMS 0x0000000708600000, 0x0000000708600000| Untracked 
|  54|0x0000000708800000, 0x0000000708800000, 0x0000000708a00000|  0%| F|  |TAMS 0x0000000708800000, 0x0000000708800000| Untracked 
|  55|0x0000000708a00000, 0x0000000708a00000, 0x0000000708c00000|  0%| F|  |TAMS 0x0000000708a00000, 0x0000000708a00000| Untracked 
|  56|0x0000000708c00000, 0x0000000708c00000, 0x0000000708e00000|  0%| F|  |TAMS 0x0000000708c00000, 0x0000000708c00000| Untracked 
|  57|0x0000000708e00000, 0x0000000708e00000, 0x0000000709000000|  0%| F|  |TAMS 0x0000000708e00000, 0x0000000708e00000| Untracked 
|  58|0x0000000709000000, 0x0000000709000000, 0x0000000709200000|  0%| F|  |TAMS 0x0000000709000000, 0x0000000709000000| Untracked 
|  59|0x0000000709200000, 0x0000000709200000, 0x0000000709400000|  0%| F|  |TAMS 0x0000000709200000, 0x0000000709200000| Untracked 
|  60|0x0000000709400000, 0x0000000709400000, 0x0000000709600000|  0%| F|  |TAMS 0x0000000709400000, 0x0000000709400000| Untracked 
|  61|0x0000000709600000, 0x0000000709600000, 0x0000000709800000|  0%| F|  |TAMS 0x0000000709600000, 0x0000000709600000| Untracked 
|  62|0x0000000709800000, 0x0000000709800000, 0x0000000709a00000|  0%| F|  |TAMS 0x0000000709800000, 0x0000000709800000| Untracked 
|  63|0x0000000709a00000, 0x0000000709a00000, 0x0000000709c00000|  0%| F|  |TAMS 0x0000000709a00000, 0x0000000709a00000| Untracked 
|  64|0x0000000709c00000, 0x0000000709c00000, 0x0000000709e00000|  0%| F|  |TAMS 0x0000000709c00000, 0x0000000709c00000| Untracked 
|  65|0x0000000709e00000, 0x0000000709e00000, 0x000000070a000000|  0%| F|  |TAMS 0x0000000709e00000, 0x0000000709e00000| Untracked 
|  66|0x000000070a000000, 0x000000070a000000, 0x000000070a200000|  0%| F|  |TAMS 0x000000070a000000, 0x000000070a000000| Untracked 
|  67|0x000000070a200000, 0x000000070a200000, 0x000000070a400000|  0%| F|  |TAMS 0x000000070a200000, 0x000000070a200000| Untracked 
|  68|0x000000070a400000, 0x000000070a400000, 0x000000070a600000|  0%| F|  |TAMS 0x000000070a400000, 0x000000070a400000| Untracked 
|  69|0x000000070a600000, 0x000000070a600000, 0x000000070a800000|  0%| F|  |TAMS 0x000000070a600000, 0x000000070a600000| Untracked 
|  70|0x000000070a800000, 0x000000070a800000, 0x000000070aa00000|  0%| F|  |TAMS 0x000000070a800000, 0x000000070a800000| Untracked 
|  71|0x000000070aa00000, 0x000000070ac00000, 0x000000070ac00000|100%| O|  |TAMS 0x000000070ac00000, 0x000000070aa00000| Untracked 
|  72|0x000000070ac00000, 0x000000070ae00000, 0x000000070ae00000|100%| O|  |TAMS 0x000000070ae00000, 0x000000070ac00000| Untracked 
|  73|0x000000070ae00000, 0x000000070b000000, 0x000000070b000000|100%| O|  |TAMS 0x000000070b000000, 0x000000070ae00000| Untracked 
|  74|0x000000070b000000, 0x000000070b200000, 0x000000070b200000|100%| O|  |TAMS 0x000000070b200000, 0x000000070b000000| Untracked 
|  75|0x000000070b200000, 0x000000070b400000, 0x000000070b400000|100%| O|  |TAMS 0x000000070b400000, 0x000000070b200000| Untracked 
|  76|0x000000070b400000, 0x000000070b600000, 0x000000070b600000|100%| O|  |TAMS 0x000000070b600000, 0x000000070b400000| Untracked 
|  77|0x000000070b600000, 0x000000070b800000, 0x000000070b800000|100%| O|  |TAMS 0x000000070b800000, 0x000000070b600000| Untracked 
|  78|0x000000070b800000, 0x000000070ba00000, 0x000000070ba00000|100%| O|  |TAMS 0x000000070ba00000, 0x000000070b800000| Untracked 
|  79|0x000000070ba00000, 0x000000070bc00000, 0x000000070bc00000|100%| O|  |TAMS 0x000000070bc00000, 0x000000070ba00000| Untracked 
|  80|0x000000070bc00000, 0x000000070be00000, 0x000000070be00000|100%| O|  |TAMS 0x000000070be00000, 0x000000070bc00000| Untracked 
|  81|0x000000070be00000, 0x000000070c000000, 0x000000070c000000|100%| O|  |TAMS 0x000000070be00000, 0x000000070be00000| Untracked 
|  82|0x000000070c000000, 0x000000070c200000, 0x000000070c200000|100%| O|  |TAMS 0x000000070c000000, 0x000000070c000000| Untracked 
|  83|0x000000070c200000, 0x000000070c400000, 0x000000070c400000|100%| O|  |TAMS 0x000000070c200000, 0x000000070c200000| Untracked 
|  84|0x000000070c400000, 0x000000070c600000, 0x000000070c600000|100%| O|  |TAMS 0x000000070c400000, 0x000000070c400000| Untracked 
|  85|0x000000070c600000, 0x000000070c800000, 0x000000070c800000|100%| O|  |TAMS 0x000000070c600000, 0x000000070c600000| Untracked 
|  86|0x000000070c800000, 0x000000070ca00000, 0x000000070ca00000|100%| O|  |TAMS 0x000000070c800000, 0x000000070c800000| Untracked 
|  87|0x000000070ca00000, 0x000000070caf5208, 0x000000070cc00000| 47%| O|  |TAMS 0x000000070ca00000, 0x000000070ca00000| Untracked 
|  88|0x000000070cc00000, 0x000000070cc00000, 0x000000070ce00000|  0%| F|  |TAMS 0x000000070cc00000, 0x000000070cc00000| Untracked 
|  89|0x000000070ce00000, 0x000000070ce00000, 0x000000070d000000|  0%| F|  |TAMS 0x000000070ce00000, 0x000000070ce00000| Untracked 
|  90|0x000000070d000000, 0x000000070d200000, 0x000000070d200000|100%| O|  |TAMS 0x000000070d200000, 0x000000070d000000| Untracked 
|  91|0x000000070d200000, 0x000000070d400000, 0x000000070d400000|100%| O|  |TAMS 0x000000070d400000, 0x000000070d200000| Untracked 
|  92|0x000000070d400000, 0x000000070d600000, 0x000000070d600000|100%| O|  |TAMS 0x000000070d600000, 0x000000070d400000| Untracked 
|  93|0x000000070d600000, 0x000000070d800000, 0x000000070d800000|100%| O|  |TAMS 0x000000070d6f5208, 0x000000070d600000| Untracked 
|  94|0x000000070d800000, 0x000000070da00000, 0x000000070da00000|100%|HS|  |TAMS 0x000000070d800000, 0x000000070d800000| Complete 
|  95|0x000000070da00000, 0x000000070dc00000, 0x000000070dc00000|100%|HC|  |TAMS 0x000000070da00000, 0x000000070da00000| Complete 
|  96|0x000000070dc00000, 0x000000070de00000, 0x000000070de00000|100%|HC|  |TAMS 0x000000070dc00000, 0x000000070dc00000| Complete 
|  97|0x000000070de00000, 0x000000070e000000, 0x000000070e000000|100%|HC|  |TAMS 0x000000070de00000, 0x000000070de00000| Complete 
|  98|0x000000070e000000, 0x000000070e200000, 0x000000070e200000|100%|HC|  |TAMS 0x000000070e000000, 0x000000070e000000| Complete 
|  99|0x000000070e200000, 0x000000070e400000, 0x000000070e400000|100%|HC|  |TAMS 0x000000070e200000, 0x000000070e200000| Complete 
| 100|0x000000070e400000, 0x000000070e600000, 0x000000070e600000|100%|HC|  |TAMS 0x000000070e400000, 0x000000070e400000| Complete 
| 101|0x000000070e600000, 0x000000070e800000, 0x000000070e800000|100%|HC|  |TAMS 0x000000070e600000, 0x000000070e600000| Complete 
| 102|0x000000070e800000, 0x000000070ea00000, 0x000000070ea00000|100%|HC|  |TAMS 0x000000070e800000, 0x000000070e800000| Complete 
| 103|0x000000070ea00000, 0x000000070ec00000, 0x000000070ec00000|100%|HC|  |TAMS 0x000000070ea00000, 0x000000070ea00000| Complete 
| 104|0x000000070ec00000, 0x000000070ee00000, 0x000000070ee00000|100%|HC|  |TAMS 0x000000070ec00000, 0x000000070ec00000| Complete 
| 105|0x000000070ee00000, 0x000000070f000000, 0x000000070f000000|100%|HC|  |TAMS 0x000000070ee00000, 0x000000070ee00000| Complete 
| 106|0x000000070f000000, 0x000000070f000000, 0x000000070f200000|  0%| F|  |TAMS 0x000000070f000000, 0x000000070f000000| Untracked 
| 107|0x000000070f200000, 0x000000070f200000, 0x000000070f400000|  0%| F|  |TAMS 0x000000070f200000, 0x000000070f200000| Untracked 
| 108|0x000000070f400000, 0x000000070f400000, 0x000000070f600000|  0%| F|  |TAMS 0x000000070f400000, 0x000000070f400000| Untracked 
| 109|0x000000070f600000, 0x000000070f600000, 0x000000070f800000|  0%| F|  |TAMS 0x000000070f600000, 0x000000070f600000| Untracked 
| 110|0x000000070f800000, 0x000000070f800000, 0x000000070fa00000|  0%| F|  |TAMS 0x000000070f800000, 0x000000070f800000| Untracked 
| 111|0x000000070fa00000, 0x000000070fa00000, 0x000000070fc00000|  0%| F|  |TAMS 0x000000070fa00000, 0x000000070fa00000| Untracked 
| 112|0x000000070fc00000, 0x000000070fc00000, 0x000000070fe00000|  0%| F|  |TAMS 0x000000070fc00000, 0x000000070fc00000| Untracked 
| 113|0x000000070fe00000, 0x000000070fe00000, 0x0000000710000000|  0%| F|  |TAMS 0x000000070fe00000, 0x000000070fe00000| Untracked 
| 114|0x0000000710000000, 0x0000000710000000, 0x0000000710200000|  0%| F|  |TAMS 0x0000000710000000, 0x0000000710000000| Untracked 
| 115|0x0000000710200000, 0x0000000710200000, 0x0000000710400000|  0%| F|  |TAMS 0x0000000710200000, 0x0000000710200000| Untracked 
| 116|0x0000000710400000, 0x0000000710400000, 0x0000000710600000|  0%| F|  |TAMS 0x0000000710400000, 0x0000000710400000| Untracked 
| 117|0x0000000710600000, 0x0000000710600000, 0x0000000710800000|  0%| F|  |TAMS 0x0000000710600000, 0x0000000710600000| Untracked 
| 118|0x0000000710800000, 0x0000000710800000, 0x0000000710a00000|  0%| F|  |TAMS 0x0000000710800000, 0x0000000710800000| Untracked 
| 119|0x0000000710a00000, 0x0000000710c00000, 0x0000000710c00000|100%| S|CS|TAMS 0x0000000710a00000, 0x0000000710a00000| Complete 
| 120|0x0000000710c00000, 0x0000000710e00000, 0x0000000710e00000|100%| S|CS|TAMS 0x0000000710c00000, 0x0000000710c00000| Complete 
| 121|0x0000000710e00000, 0x0000000710e00000, 0x0000000711000000|  0%| F|  |TAMS 0x0000000710e00000, 0x0000000710e00000| Untracked 
| 122|0x0000000711000000, 0x0000000711000000, 0x0000000711200000|  0%| F|  |TAMS 0x0000000711000000, 0x0000000711000000| Untracked 
| 123|0x0000000711200000, 0x0000000711200000, 0x0000000711400000|  0%| F|  |TAMS 0x0000000711200000, 0x0000000711200000| Untracked 
| 124|0x0000000711400000, 0x0000000711400000, 0x0000000711600000|  0%| F|  |TAMS 0x0000000711400000, 0x0000000711400000| Untracked 
| 125|0x0000000711600000, 0x0000000711600000, 0x0000000711800000|  0%| F|  |TAMS 0x0000000711600000, 0x0000000711600000| Untracked 
| 126|0x0000000711800000, 0x000000071194cec8, 0x0000000711a00000| 65%| E|  |TAMS 0x0000000711800000, 0x0000000711800000| Complete 
| 127|0x0000000711a00000, 0x0000000711c00000, 0x0000000711c00000|100%| E|CS|TAMS 0x0000000711a00000, 0x0000000711a00000| Complete 

Card table byte_map: [0x000002b4c5170000,0x000002b4c5970000] _byte_map_base: 0x000002b4c1962000

Marking Bits (Prev, Next): (CMBitMap*) 0x000002b4adc62970, (CMBitMap*) 0x000002b4adc62930
 Prev Bits: [0x000002b4ca100000, 0x000002b4ce090000)
 Next Bits: [0x000002b4c6170000, 0x000002b4ca100000)

Polling page: 0x000002b4abb80000

Metaspace:

Usage:
  Non-class:     13.89 MB used.
      Class:      2.21 MB used.
       Both:     16.10 MB used.

Virtual space:
  Non-class space:       16.00 MB reserved,      14.00 MB ( 88%) committed,  2 nodes.
      Class space:        1.00 GB reserved,       2.38 MB ( <1%) committed,  1 nodes.
             Both:        1.02 GB reserved,      16.38 MB (  2%) committed. 

Chunk freelists:
   Non-Class:  1.63 MB
       Class:  1.67 MB
        Both:  3.30 MB

MaxMetaspaceSize: unlimited
CompressedClassSpaceSize: 1.00 GB
Initial GC threshold: 21.00 MB
Current GC threshold: 27.19 MB
CDS: on
MetaspaceReclaimPolicy: balanced
 - commit_granule_bytes: 65536.
 - commit_granule_words: 8192.
 - virtual_space_node_default_size: 1048576.
 - enlarge_chunks_in_place: 1.
 - new_chunks_are_fully_committed: 0.
 - uncommit_free_chunks: 1.
 - use_allocation_guard: 0.
 - handle_deallocations: 1.


Internal statistics:

num_allocs_failed_limit: 0.
num_arena_births: 234.
num_arena_deaths: 0.
num_vsnodes_births: 3.
num_vsnodes_deaths: 0.
num_space_committed: 262.
num_space_uncommitted: 0.
num_chunks_returned_to_freelist: 0.
num_chunks_taken_from_freelist: 754.
num_chunk_merges: 0.
num_chunk_splits: 518.
num_chunks_enlarged: 396.
num_purges: 0.
num_inconsistent_stats: 0.

CodeHeap 'non-profiled nmethods': size=120000Kb used=1432Kb max_used=1432Kb free=118567Kb
 bounds [0x000002b4bcef0000, 0x000002b4bd160000, 0x000002b4c4420000]
CodeHeap 'profiled nmethods': size=120000Kb used=7453Kb max_used=7453Kb free=112547Kb
 bounds [0x000002b4b59c0000, 0x000002b4b6110000, 0x000002b4bcef0000]
CodeHeap 'non-nmethods': size=5760Kb used=1444Kb max_used=1474Kb free=4316Kb
 bounds [0x000002b4b5420000, 0x000002b4b5690000, 0x000002b4b59c0000]
 total_blobs=4334 nmethods=3525 adapters=719
 compilation: enabled
              stopped_count=0, restarted_count=0
 full_count=0

Compilation events (20 events):
Event: 33.994 Thread 0x000002b4d0d06700 nmethod 3516 0x000002b4bd052f10 code [0x000002b4bd053100, 0x000002b4bd054068]
Event: 34.219 Thread 0x000002b4d0d11250 3517       3       javafx.beans.property.BooleanPropertyBase::markInvalid (21 bytes)
Event: 34.219 Thread 0x000002b4d0d11250 nmethod 3517 0x000002b4b6100290 code [0x000002b4b6100440, 0x000002b4b6100718]
Event: 36.219 Thread 0x000002b4d0d11250 3518       3       com.sun.prism.d3d.D3DContext::updateClipRect (70 bytes)
Event: 36.219 Thread 0x000002b4d0d11250 nmethod 3518 0x000002b4b6100810 code [0x000002b4b61009e0, 0x000002b4b6100d28]
Event: 39.227 Thread 0x000002b4d0d11250 3519       3       java.util.TimSort::sort (229 bytes)
Event: 39.227 Thread 0x000002b4d0d11250 nmethod 3519 0x000002b4b6100e90 code [0x000002b4b61010e0, 0x000002b4b61017f8]
Event: 40.715 Thread 0x000002b4d0d11250 3520       3       com.sun.javafx.geom.transform.AffineBase::transform3DBounds (653 bytes)
Event: 40.716 Thread 0x000002b4d0d11250 nmethod 3520 0x000002b4b6101b90 code [0x000002b4b61020a0, 0x000002b4b6105428]
Event: 41.004 Thread 0x000002b4d0d06700 3521       4       com.sun.javafx.css.ParsedValueImpl::containsFontRelativeSize (231 bytes)
Event: 41.004 Thread 0x000002b4d0d11250 3522       3       java.lang.String::indexOf (64 bytes)
Event: 41.004 Thread 0x000002b4d0d11250 nmethod 3522 0x000002b4b6105f10 code [0x000002b4b6106120, 0x000002b4b6106608]
Event: 41.004 Thread 0x000002b4d0d11250 3523       3       com.sun.javafx.geom.BoxBounds::getBoundsType (4 bytes)
Event: 41.004 Thread 0x000002b4d0d11250 nmethod 3523 0x000002b4b6106790 code [0x000002b4b6106920, 0x000002b4b6106a38]
Event: 41.004 Thread 0x000002b4d0d11250 3525       3       java.util.ArrayList::indexOf (11 bytes)
Event: 41.005 Thread 0x000002b4d0d11250 nmethod 3525 0x000002b4b6106b10 code [0x000002b4b6106ca0, 0x000002b4b6106e68]
Event: 41.005 Thread 0x000002b4d0d11250 3524       3       com.sun.javafx.geom.BoxBounds::deriveWithNewBounds (61 bytes)
Event: 41.005 Thread 0x000002b4d0d11250 nmethod 3524 0x000002b4b6106f10 code [0x000002b4b61070c0, 0x000002b4b6107368]
Event: 41.013 Thread 0x000002b4d0d06700 nmethod 3521 0x000002b4bd054610 code [0x000002b4bd054840, 0x000002b4bd055490]
Event: 41.072 Thread 0x000002b4d0d06700 3526       4       com.sun.prism.impl.BaseResourcePool$WeakLinkedList::getResource (11 bytes)

GC Heap History (10 events):
Event: 0.521 GC heap before
{Heap before GC invocations=0 (full 0):
 garbage-first heap   total 262144K, used 20480K [0x0000000701c00000, 0x0000000800000000)
  region size 2048K, 11 young (22528K), 0 survivors (0K)
 Metaspace       used 4511K, committed 4672K, reserved 1056768K
  class space    used 513K, committed 576K, reserved 1048576K
}
Event: 0.524 GC heap after
{Heap after GC invocations=1 (full 0):
 garbage-first heap   total 262144K, used 2899K [0x0000000701c00000, 0x0000000800000000)
  region size 2048K, 2 young (4096K), 2 survivors (4096K)
 Metaspace       used 4511K, committed 4672K, reserved 1056768K
  class space    used 513K, committed 576K, reserved 1048576K
}
Event: 9.337 GC heap before
{Heap before GC invocations=1 (full 0):
 garbage-first heap   total 262144K, used 90963K [0x0000000701c00000, 0x0000000800000000)
  region size 2048K, 21 young (43008K), 2 survivors (4096K)
 Metaspace       used 13873K, committed 14144K, reserved 1064960K
  class space    used 1858K, committed 1984K, reserved 1048576K
}
Event: 9.341 GC heap after
{Heap after GC invocations=2 (full 0):
 garbage-first heap   total 262144K, used 61961K [0x0000000701c00000, 0x0000000800000000)
  region size 2048K, 3 young (6144K), 3 survivors (6144K)
 Metaspace       used 13873K, committed 14144K, reserved 1064960K
  class space    used 1858K, committed 1984K, reserved 1048576K
}
Event: 24.488 GC heap before
{Heap before GC invocations=2 (full 0):
 garbage-first heap   total 262144K, used 180745K [0x0000000701c00000, 0x0000000800000000)
  region size 2048K, 38 young (77824K), 3 survivors (6144K)
 Metaspace       used 16077K, committed 16320K, reserved 1064960K
  class space    used 2253K, committed 2368K, reserved 1048576K
}
Event: 24.502 GC heap after
{Heap after GC invocations=3 (full 0):
 garbage-first heap   total 262144K, used 114601K [0x0000000701c00000, 0x0000000800000000)
  region size 2048K, 9 young (18432K), 9 survivors (18432K)
 Metaspace       used 16077K, committed 16320K, reserved 1064960K
  class space    used 2253K, committed 2368K, reserved 1048576K
}
Event: 24.570 GC heap before
{Heap before GC invocations=3 (full 0):
 garbage-first heap   total 262144K, used 184233K [0x0000000701c00000, 0x0000000800000000)
  region size 2048K, 32 young (65536K), 9 survivors (18432K)
 Metaspace       used 16112K, committed 16384K, reserved 1064960K
  class space    used 2255K, committed 2368K, reserved 1048576K
}
Event: 24.578 GC heap after
{Heap after GC invocations=4 (full 0):
 garbage-first heap   total 262144K, used 181204K [0x0000000701c00000, 0x0000000800000000)
  region size 2048K, 4 young (8192K), 4 survivors (8192K)
 Metaspace       used 16112K, committed 16384K, reserved 1064960K
  class space    used 2255K, committed 2368K, reserved 1048576K
}
Event: 31.653 GC heap before
{Heap before GC invocations=4 (full 0):
 garbage-first heap   total 262144K, used 191444K [0x0000000701c00000, 0x0000000800000000)
  region size 2048K, 11 young (22528K), 4 survivors (8192K)
 Metaspace       used 16417K, committed 16704K, reserved 1064960K
  class space    used 2255K, committed 2368K, reserved 1048576K
}
Event: 31.655 GC heap after
{Heap after GC invocations=5 (full 0):
 garbage-first heap   total 262144K, used 191444K [0x0000000701c00000, 0x0000000800000000)
  region size 2048K, 2 young (4096K), 2 survivors (4096K)
 Metaspace       used 16417K, committed 16704K, reserved 1064960K
  class space    used 2255K, committed 2368K, reserved 1048576K
}

Deoptimization events (20 events):
Event: 31.718 Thread 0x000002b4d1b4fe90 Uncommon trap: trap_request=0xfffffff4 fr.pc=0x000002b4bcffa660 relative=0x00000000000000c0
Event: 31.718 Thread 0x000002b4d1b4fe90 Uncommon trap: reason=null_check action=make_not_entrant pc=0x000002b4bcffa660 method=com.sun.prism.impl.BaseResourcePool$WeakLinkedList.getResource()Lcom/sun/prism/impl/ManagedResource; @ 7 c2
Event: 31.718 Thread 0x000002b4d1b4fe90 DEOPT PACKING pc=0x000002b4bcffa660 sp=0x000000f3330fe0b0
Event: 31.718 Thread 0x000002b4d1b4fe90 DEOPT UNPACKING pc=0x000002b4b54723a3 sp=0x000000f3330fe060 mode 2
Event: 31.718 Thread 0x000002b4d1b4fe90 Uncommon trap: trap_request=0xffffff45 fr.pc=0x000002b4bcffacb8 relative=0x0000000000000098
Event: 31.718 Thread 0x000002b4d1b4fe90 Uncommon trap: reason=unstable_if action=reinterpret pc=0x000002b4bcffacb8 method=com.sun.prism.impl.ManagedResource._isgone(Lcom/sun/prism/impl/ManagedResource;)Z @ 1 c2
Event: 31.718 Thread 0x000002b4d1b4fe90 DEOPT PACKING pc=0x000002b4bcffacb8 sp=0x000000f3330fe0c0
Event: 31.718 Thread 0x000002b4d1b4fe90 DEOPT UNPACKING pc=0x000002b4b54723a3 sp=0x000000f3330fe060 mode 2
Event: 38.305 Thread 0x000002b4d24d5f00 Uncommon trap: trap_request=0xffffffde fr.pc=0x000002b4bd03fb80 relative=0x00000000000008c0
Event: 38.305 Thread 0x000002b4d24d5f00 Uncommon trap: reason=class_check action=maybe_recompile pc=0x000002b4bd03fb80 method=com.sun.javafx.event.EventDispatchChainImpl.insertFirst(Ljavafx/event/EventDispatcher;)V @ 9 c2
Event: 38.305 Thread 0x000002b4d24d5f00 DEOPT PACKING pc=0x000002b4bd03fb80 sp=0x000000f3336fdfc0
Event: 38.305 Thread 0x000002b4d24d5f00 DEOPT UNPACKING pc=0x000002b4b54723a3 sp=0x000000f3336fdf18 mode 2
Event: 41.072 Thread 0x000002b4d2a48230 Uncommon trap: trap_request=0xffffff45 fr.pc=0x000002b4bd052e44 relative=0x0000000000000144
Event: 41.072 Thread 0x000002b4d2a48230 Uncommon trap: reason=unstable_if action=reinterpret pc=0x000002b4bd052e44 method=java.util.concurrent.locks.ReentrantLock$NonfairSync.initialTryLock()Z @ 10 c2
Event: 41.072 Thread 0x000002b4d2a48230 DEOPT PACKING pc=0x000002b4bd052e44 sp=0x000000f3351ff290
Event: 41.072 Thread 0x000002b4d2a48230 DEOPT UNPACKING pc=0x000002b4b54723a3 sp=0x000000f3351ff238 mode 2
Event: 41.072 Thread 0x000002b4d2a48230 Uncommon trap: trap_request=0xffffff45 fr.pc=0x000002b4bd043f48 relative=0x00000000000000c8
Event: 41.072 Thread 0x000002b4d2a48230 Uncommon trap: reason=unstable_if action=reinterpret pc=0x000002b4bd043f48 method=java.util.concurrent.locks.ReentrantLock$Sync.tryRelease(I)Z @ 26 c2
Event: 41.072 Thread 0x000002b4d2a48230 DEOPT PACKING pc=0x000002b4bd043f48 sp=0x000000f3351ff290
Event: 41.072 Thread 0x000002b4d2a48230 DEOPT UNPACKING pc=0x000002b4b54723a3 sp=0x000000f3351ff230 mode 2

Classes unloaded (0 events):
No events

Classes redefined (0 events):
No events

Internal exceptions (20 events):
Event: 6.009 Thread 0x000002b4d24d5f00 Exception <a 'java/lang/NoSuchMethodError'{0x0000000710b188b0}: 'void java.lang.invoke.DirectMethodHandle$Holder.invokeStaticInit(java.lang.Object, java.lang.Object)'> (0x0000000710b188b0) 
thrown [t:\workspace\open\src\hotspot\share\interpreter\linkResolver.cpp, line 766]
Event: 6.061 Thread 0x000002b4d24d5f00 Implicit null exception at 0x000002b4bcf6c7b4 to 0x000002b4bcf6cc98
Event: 6.068 Thread 0x000002b4d24d5f00 Implicit null exception at 0x000002b4bcf674af to 0x000002b4bcf67980
Event: 6.069 Thread 0x000002b4d24d5f00 Implicit null exception at 0x000002b4bcf14f8f to 0x000002b4bcf15009
Event: 6.143 Thread 0x000002b4d24d5f00 Exception <a 'java/lang/NoSuchMethodError'{0x000000070fcc0e40}: 'java.lang.Object java.lang.invoke.DirectMethodHandle$Holder.invokeInterface(java.lang.Object, java.lang.Object, java.lang.Object)'> (0x000000070fcc0e40) 
thrown [t:\workspace\open\src\hotspot\share\interpreter\linkResolver.cpp, line 766]
Event: 6.143 Thread 0x000002b4d24d5f00 Exception <a 'java/lang/IncompatibleClassChangeError'{0x000000070fcc47c8}: Found class java.lang.Object, but interface was expected> (0x000000070fcc47c8) 
thrown [t:\workspace\open\src\hotspot\share\interpreter\linkResolver.cpp, line 833]
Event: 6.177 Thread 0x000002b4d24d5f00 Exception <a 'java/lang/NoSuchMethodError'{0x000000070faae370}: 'java.lang.Object java.lang.invoke.DirectMethodHandle$Holder.newInvokeSpecial(java.lang.Object, java.lang.Object, int)'> (0x000000070faae370) 
thrown [t:\workspace\open\src\hotspot\share\interpreter\linkResolver.cpp, line 766]
Event: 6.194 Thread 0x000002b4d1b4fe90 Exception <a 'java/lang/NoSuchMethodError'{0x000000070fb66280}: 'int java.lang.invoke.DirectMethodHandle$Holder.invokeStaticInit(java.lang.Object, java.lang.Object)'> (0x000000070fb66280) 
thrown [t:\workspace\open\src\hotspot\share\interpreter\linkResolver.cpp, line 766]
Event: 9.164 Thread 0x000002b4d24d5f00 Exception <a 'java/lang/NoSuchMethodError'{0x000000070f465040}: 'long java.lang.invoke.DirectMethodHandle$Holder.invokeStatic(java.lang.Object, java.lang.Object, java.lang.Object)'> (0x000000070f465040) 
thrown [t:\workspace\open\src\hotspot\share\interpreter\linkResolver.cpp, line 766]
Event: 9.164 Thread 0x000002b4d24d5f00 Exception <a 'java/lang/NoSuchMethodError'{0x000000070f4687e8}: 'long java.lang.invoke.DirectMethodHandle$Holder.invokeStaticInit(java.lang.Object, java.lang.Object, java.lang.Object)'> (0x000000070f4687e8) 
thrown [t:\workspace\open\src\hotspot\share\interpreter\linkResolver.cpp, line 766]
Event: 9.165 Thread 0x000002b4d24d5f00 Exception <a 'java/lang/NoSuchMethodError'{0x000000070f480670}: 'java.lang.Object java.lang.invoke.DirectMethodHandle$Holder.newInvokeSpecial(java.lang.Object, java.lang.Object, long)'> (0x000000070f480670) 
thrown [t:\workspace\open\src\hotspot\share\interpreter\linkResolver.cpp, line 766]
Event: 9.165 Thread 0x000002b4d24d5f00 Exception <a 'java/lang/NoSuchMethodError'{0x000000070f4841e0}: 'java.lang.Object java.lang.invoke.Invokers$Holder.linkToTargetMethod(java.lang.Object, long, java.lang.Object)'> (0x000000070f4841e0) 
thrown [t:\workspace\open\src\hotspot\share\interpreter\linkResolver.cpp, line 766]
Event: 14.757 Thread 0x000002b4d24d5f00 Exception <a 'java/lang/ClassNotFoundException'{0x000000070d957d10}: com/sun/javafx/scene/control/skin/resources/controls> (0x000000070d957d10) 
thrown [t:\workspace\open\src\hotspot\share\prims\jni.cpp, line 535]
Event: 14.757 Thread 0x000002b4d24d5f00 Exception <a 'java/lang/ClassNotFoundException'{0x000000070d965c98}: com/sun/javafx/scene/control/skin/resources/controls_en> (0x000000070d965c98) 
thrown [t:\workspace\open\src\hotspot\share\prims\jni.cpp, line 535]
Event: 14.757 Thread 0x000002b4d24d5f00 Exception <a 'java/lang/ClassNotFoundException'{0x000000070d966cb0}: com/sun/javafx/scene/control/skin/resources/controls_en_GB> (0x000000070d966cb0) 
thrown [t:\workspace\open\src\hotspot\share\prims\jni.cpp, line 535]
Event: 14.776 Thread 0x000002b4d24d5f00 Exception <a 'java/lang/NoSuchMethodError'{0x000000070d6dc460}: 'void java.lang.invoke.DirectMethodHandle$Holder.invokeSpecial(java.lang.Object, java.lang.Object, java.lang.Object, java.lang.Object, java.lang.Object, java.lang.Object)'> (0x000000070d6dc460) 
thrown [t:\workspace\open\src\hotspot\share\interpreter\linkResolver.cpp, line 766]
Event: 14.794 Thread 0x000002b4d24d5f00 Implicit null exception at 0x000002b4bcff5cf8 to 0x000002b4bcff61b8
Event: 14.794 Thread 0x000002b4d24d5f00 Implicit null exception at 0x000002b4bcff7c50 to 0x000002b4bcff7cd8
Event: 31.718 Thread 0x000002b4d1b4fe90 Implicit null exception at 0x000002b4bcffa5dc to 0x000002b4bcffa654
Event: 31.718 Thread 0x000002b4d1b4fe90 Implicit null exception at 0x000002b4bcffac2c to 0x000002b4bcffaca8

VM Operations (20 events):
Event: 27.580 Executing VM operation: Cleanup
Event: 27.580 Executing VM operation: Cleanup done
Event: 28.580 Executing VM operation: Cleanup
Event: 28.580 Executing VM operation: Cleanup done
Event: 30.581 Executing VM operation: Cleanup
Event: 30.581 Executing VM operation: Cleanup done
Event: 31.581 Executing VM operation: Cleanup
Event: 31.581 Executing VM operation: Cleanup done
Event: 31.653 Executing VM operation: G1TryInitiateConcMark
Event: 31.655 Executing VM operation: G1TryInitiateConcMark done
Event: 31.660 Executing VM operation: G1Concurrent
Event: 31.661 Executing VM operation: G1Concurrent done
Event: 31.662 Executing VM operation: G1Concurrent
Event: 31.662 Executing VM operation: G1Concurrent done
Event: 33.663 Executing VM operation: Cleanup
Event: 33.663 Executing VM operation: Cleanup done
Event: 35.663 Executing VM operation: Cleanup
Event: 35.663 Executing VM operation: Cleanup done
Event: 38.664 Executing VM operation: Cleanup
Event: 38.664 Executing VM operation: Cleanup done

Events (20 events):
Event: 14.792 loading class java/lang/FdLibm$Hypot done
Event: 14.792 loading class java/lang/FdLibm
Event: 14.792 loading class java/lang/FdLibm done
Event: 24.479 Thread 0x000002b4d2a47890 Thread added: 0x000002b4d2a47890
Event: 24.632 Thread 0x000002b4d2a46a20 Thread added: 0x000002b4d2a46a20
Event: 24.634 Thread 0x000002b4d223d3d0 Thread added: 0x000002b4d223d3d0
Event: 24.843 Thread 0x000002b4d223d3d0 Thread exited: 0x000002b4d223d3d0
Event: 31.641 Thread 0x000002b4d2a46a20 Thread exited: 0x000002b4d2a46a20
Event: 31.661 Thread 0x000002b4d2a47890 Thread exited: 0x000002b4d2a47890
Event: 31.661 Thread 0x000002b4d2a46550 Thread exited: 0x000002b4d2a46550
Event: 41.070 loading class jdk/internal/misc/Signal$1
Event: 41.070 loading class jdk/internal/misc/Signal$1 done
Event: 41.070 Thread 0x000002b4d2a47890 Thread added: 0x000002b4d2a47890
Event: 41.071 Thread 0x000002b4d2a46550 Thread added: 0x000002b4d2a46550
Event: 41.071 Thread 0x000002b4d2a48bd0 Thread added: 0x000002b4d2a48bd0
Event: 41.071 Thread 0x000002b4d2a47d60 Thread added: 0x000002b4d2a47d60
Event: 41.071 Thread 0x000002b4d2a48230 Thread added: 0x000002b4d2a48230
Event: 41.071 Thread 0x000002b4d2a47d60 Thread exited: 0x000002b4d2a47d60
Event: 41.071 Thread 0x000002b4d2a48bd0 Thread exited: 0x000002b4d2a48bd0
Event: 41.072 Thread 0x000002b4d2a48230 Thread exited: 0x000002b4d2a48230


Dynamic libraries:
0x00007ff720050000 - 0x00007ff720060000 	C:\Program Files\Java\jdk-17.0.1\bin\java.exe
0x00007ffa7f810000 - 0x00007ffa7fa05000 	C:\Windows\SYSTEM32\ntdll.dll
0x00007ffa7f120000 - 0x00007ffa7f1dd000 	C:\Windows\System32\KERNEL32.DLL
0x00007ffa7d1c0000 - 0x00007ffa7d48d000 	C:\Windows\System32\KERNELBASE.dll
0x00007ffa7d760000 - 0x00007ffa7d860000 	C:\Windows\System32\ucrtbase.dll
0x00007ffa75ba0000 - 0x00007ffa75bba000 	C:\Program Files\Java\jdk-17.0.1\bin\VCRUNTIME140.dll
0x00007ffa75bc0000 - 0x00007ffa75bd8000 	C:\Program Files\Java\jdk-17.0.1\bin\jli.dll
0x00007ffa7e7c0000 - 0x00007ffa7e86e000 	C:\Windows\System32\ADVAPI32.dll
0x00007ffa7d990000 - 0x00007ffa7da2e000 	C:\Windows\System32\msvcrt.dll
0x00007ffa7da30000 - 0x00007ffa7dacc000 	C:\Windows\System32\sechost.dll
0x00007ffa7d860000 - 0x00007ffa7d985000 	C:\Windows\System32\RPCRT4.dll
0x00007ffa7e8d0000 - 0x00007ffa7ea70000 	C:\Windows\System32\USER32.dll
0x00007ffa66690000 - 0x00007ffa6692a000 	C:\Windows\WinSxS\amd64_microsoft.windows.common-controls_6595b64144ccf1df_6.0.19041.1110_none_60b5254171f9507e\COMCTL32.dll
0x00007ffa7d160000 - 0x00007ffa7d182000 	C:\Windows\System32\win32u.dll
0x00007ffa7ea70000 - 0x00007ffa7ea9a000 	C:\Windows\System32\GDI32.dll
0x00007ffa7cf20000 - 0x00007ffa7d02b000 	C:\Windows\System32\gdi32full.dll
0x00007ffa7d0c0000 - 0x00007ffa7d15d000 	C:\Windows\System32\msvcp_win.dll
0x00007ffa76cd0000 - 0x00007ffa76cda000 	C:\Windows\SYSTEM32\VERSION.dll
0x00007ffa7e540000 - 0x00007ffa7e570000 	C:\Windows\System32\IMM32.DLL
0x00007ffa78de0000 - 0x00007ffa78dec000 	C:\Program Files\Java\jdk-17.0.1\bin\vcruntime140_1.dll
0x00007ffa57400000 - 0x00007ffa5748d000 	C:\Program Files\Java\jdk-17.0.1\bin\msvcp140.dll
0x00007ffa105b0000 - 0x00007ffa1116e000 	C:\Program Files\Java\jdk-17.0.1\bin\server\jvm.dll
0x00007ffa7e530000 - 0x00007ffa7e538000 	C:\Windows\System32\PSAPI.DLL
0x00007ffa77890000 - 0x00007ffa778b7000 	C:\Windows\SYSTEM32\WINMM.dll
0x00007ffa5c730000 - 0x00007ffa5c739000 	C:\Windows\SYSTEM32\WSOCK32.dll
0x00007ffa7ef20000 - 0x00007ffa7ef8b000 	C:\Windows\System32\WS2_32.dll
0x00007ffa7ae00000 - 0x00007ffa7ae12000 	C:\Windows\SYSTEM32\kernel.appcore.dll
0x00007ffa78110000 - 0x00007ffa7811a000 	C:\Program Files\Java\jdk-17.0.1\bin\jimage.dll
0x00007ffa74d00000 - 0x00007ffa74ee4000 	C:\Windows\SYSTEM32\DBGHELP.DLL
0x00007ffa5c620000 - 0x00007ffa5c64c000 	C:\Windows\SYSTEM32\dbgcore.DLL
0x00007ffa7d030000 - 0x00007ffa7d0b2000 	C:\Windows\System32\bcryptPrimitives.dll
0x00007ffa75b90000 - 0x00007ffa75b9e000 	C:\Program Files\Java\jdk-17.0.1\bin\instrument.dll
0x00007ffa70810000 - 0x00007ffa70835000 	C:\Program Files\Java\jdk-17.0.1\bin\java.dll
0x00007ffa44610000 - 0x00007ffa446e6000 	C:\Program Files\Java\jdk-17.0.1\bin\svml.dll
0x00007ffa7dd10000 - 0x00007ffa7e454000 	C:\Windows\System32\SHELL32.dll
0x00007ffa7b000000 - 0x00007ffa7b794000 	C:\Windows\SYSTEM32\windows.storage.dll
0x00007ffa7f2c0000 - 0x00007ffa7f614000 	C:\Windows\System32\combase.dll
0x00007ffa7c980000 - 0x00007ffa7c9ac000 	C:\Windows\SYSTEM32\Wldp.dll
0x00007ffa7dbe0000 - 0x00007ffa7dc8d000 	C:\Windows\System32\SHCORE.dll
0x00007ffa7dcb0000 - 0x00007ffa7dd05000 	C:\Windows\System32\shlwapi.dll
0x00007ffa7ce60000 - 0x00007ffa7ce7f000 	C:\Windows\SYSTEM32\profapi.dll
0x00007ffa707f0000 - 0x00007ffa70809000 	C:\Program Files\Java\jdk-17.0.1\bin\net.dll
0x00007ffa74360000 - 0x00007ffa7446a000 	C:\Windows\SYSTEM32\WINHTTP.dll
0x00007ffa7c6a0000 - 0x00007ffa7c70a000 	C:\Windows\system32\mswsock.dll
0x00007ffa707d0000 - 0x00007ffa707e5000 	C:\Program Files\Java\jdk-17.0.1\bin\nio.dll
0x00007ffa41150000 - 0x00007ffa41168000 	C:\Program Files\Java\jdk-17.0.1\bin\zip.dll
0x00007ffa3fa00000 - 0x00007ffa3fa1a000 	C:\Program Files\JetBrains\IntelliJ IDEA 2021.2.3\bin\breakgen64.dll
0x000002b4adb40000 - 0x000002b4adb43000 	C:\Users\nbalj\.openjfx\cache\17.0.0.1\api-ms-win-core-console-l1-1-0.dll
0x000002b4adb50000 - 0x000002b4adb53000 	C:\Users\nbalj\.openjfx\cache\17.0.0.1\api-ms-win-core-console-l1-2-0.dll
0x000002b4adb60000 - 0x000002b4adb63000 	C:\Users\nbalj\.openjfx\cache\17.0.0.1\api-ms-win-core-datetime-l1-1-0.dll
0x000002b4adb70000 - 0x000002b4adb73000 	C:\Users\nbalj\.openjfx\cache\17.0.0.1\api-ms-win-core-debug-l1-1-0.dll
0x000002b4adb80000 - 0x000002b4adb83000 	C:\Users\nbalj\.openjfx\cache\17.0.0.1\api-ms-win-core-errorhandling-l1-1-0.dll
0x000002b4adb90000 - 0x000002b4adb94000 	C:\Users\nbalj\.openjfx\cache\17.0.0.1\api-ms-win-core-file-l1-1-0.dll
0x000002b4adba0000 - 0x000002b4adba3000 	C:\Users\nbalj\.openjfx\cache\17.0.0.1\api-ms-win-core-file-l1-2-0.dll
0x000002b4adbb0000 - 0x000002b4adbb3000 	C:\Users\nbalj\.openjfx\cache\17.0.0.1\api-ms-win-core-file-l2-1-0.dll
0x000002b4adbc0000 - 0x000002b4adbc3000 	C:\Users\nbalj\.openjfx\cache\17.0.0.1\api-ms-win-core-handle-l1-1-0.dll
0x000002b4adbd0000 - 0x000002b4adbd3000 	C:\Users\nbalj\.openjfx\cache\17.0.0.1\api-ms-win-core-heap-l1-1-0.dll
0x000002b4adbe0000 - 0x000002b4adbe3000 	C:\Users\nbalj\.openjfx\cache\17.0.0.1\api-ms-win-core-interlocked-l1-1-0.dll
0x000002b4d0e30000 - 0x000002b4d0e33000 	C:\Users\nbalj\.openjfx\cache\17.0.0.1\api-ms-win-core-libraryloader-l1-1-0.dll
0x000002b4d0e40000 - 0x000002b4d0e43000 	C:\Users\nbalj\.openjfx\cache\17.0.0.1\api-ms-win-core-localization-l1-2-0.dll
0x000002b4d0e50000 - 0x000002b4d0e53000 	C:\Users\nbalj\.openjfx\cache\17.0.0.1\api-ms-win-core-memory-l1-1-0.dll
0x000002b4d0e60000 - 0x000002b4d0e63000 	C:\Users\nbalj\.openjfx\cache\17.0.0.1\api-ms-win-core-namedpipe-l1-1-0.dll
0x000002b4d0e70000 - 0x000002b4d0e73000 	C:\Users\nbalj\.openjfx\cache\17.0.0.1\api-ms-win-core-processenvironment-l1-1-0.dll
0x000002b4d0e80000 - 0x000002b4d0e83000 	C:\Users\nbalj\.openjfx\cache\17.0.0.1\api-ms-win-core-processthreads-l1-1-0.dll
0x000002b4d0e90000 - 0x000002b4d0e93000 	C:\Users\nbalj\.openjfx\cache\17.0.0.1\api-ms-win-core-processthreads-l1-1-1.dll
0x000002b4d0ea0000 - 0x000002b4d0ea3000 	C:\Users\nbalj\.openjfx\cache\17.0.0.1\api-ms-win-core-profile-l1-1-0.dll
0x000002b4d0eb0000 - 0x000002b4d0eb3000 	C:\Users\nbalj\.openjfx\cache\17.0.0.1\api-ms-win-core-rtlsupport-l1-1-0.dll
0x000002b4d0ec0000 - 0x000002b4d0ec3000 	C:\Users\nbalj\.openjfx\cache\17.0.0.1\api-ms-win-core-string-l1-1-0.dll
0x000002b4d0ed0000 - 0x000002b4d0ed3000 	C:\Users\nbalj\.openjfx\cache\17.0.0.1\api-ms-win-core-synch-l1-1-0.dll
0x000002b4d0ee0000 - 0x000002b4d0ee3000 	C:\Users\nbalj\.openjfx\cache\17.0.0.1\api-ms-win-core-synch-l1-2-0.dll
0x000002b4d0ef0000 - 0x000002b4d0ef3000 	C:\Users\nbalj\.openjfx\cache\17.0.0.1\api-ms-win-core-sysinfo-l1-1-0.dll
0x000002b4d0f00000 - 0x000002b4d0f03000 	C:\Users\nbalj\.openjfx\cache\17.0.0.1\api-ms-win-core-timezone-l1-1-0.dll
0x000002b4d0f10000 - 0x000002b4d0f13000 	C:\Users\nbalj\.openjfx\cache\17.0.0.1\api-ms-win-core-util-l1-1-0.dll
0x000002b4d0f20000 - 0x000002b4d0f23000 	C:\Users\nbalj\.openjfx\cache\17.0.0.1\api-ms-win-crt-conio-l1-1-0.dll
0x000002b4d0f30000 - 0x000002b4d0f34000 	C:\Users\nbalj\.openjfx\cache\17.0.0.1\api-ms-win-crt-convert-l1-1-0.dll
0x000002b4d0f40000 - 0x000002b4d0f43000 	C:\Users\nbalj\.openjfx\cache\17.0.0.1\api-ms-win-crt-environment-l1-1-0.dll
0x000002b4d0f50000 - 0x000002b4d0f53000 	C:\Users\nbalj\.openjfx\cache\17.0.0.1\api-ms-win-crt-filesystem-l1-1-0.dll
0x000002b4d0f60000 - 0x000002b4d0f63000 	C:\Users\nbalj\.openjfx\cache\17.0.0.1\api-ms-win-crt-heap-l1-1-0.dll
0x000002b4d0f70000 - 0x000002b4d0f73000 	C:\Users\nbalj\.openjfx\cache\17.0.0.1\api-ms-win-crt-locale-l1-1-0.dll
0x000002b4d0f80000 - 0x000002b4d0f85000 	C:\Users\nbalj\.openjfx\cache\17.0.0.1\api-ms-win-crt-math-l1-1-0.dll
0x000002b4d0f90000 - 0x000002b4d0f95000 	C:\Users\nbalj\.openjfx\cache\17.0.0.1\api-ms-win-crt-multibyte-l1-1-0.dll
0x000002b4d0fa0000 - 0x000002b4d0fb0000 	C:\Users\nbalj\.openjfx\cache\17.0.0.1\api-ms-win-crt-private-l1-1-0.dll
0x000002b4d0fb0000 - 0x000002b4d0fb3000 	C:\Users\nbalj\.openjfx\cache\17.0.0.1\api-ms-win-crt-process-l1-1-0.dll
0x000002b4d0fc0000 - 0x000002b4d0fc4000 	C:\Users\nbalj\.openjfx\cache\17.0.0.1\api-ms-win-crt-runtime-l1-1-0.dll
0x000002b4d0fd0000 - 0x000002b4d0fd4000 	C:\Users\nbalj\.openjfx\cache\17.0.0.1\api-ms-win-crt-stdio-l1-1-0.dll
0x000002b4d0fe0000 - 0x000002b4d0fe4000 	C:\Users\nbalj\.openjfx\cache\17.0.0.1\api-ms-win-crt-string-l1-1-0.dll
0x000002b4d0ff0000 - 0x000002b4d0ff3000 	C:\Users\nbalj\.openjfx\cache\17.0.0.1\api-ms-win-crt-time-l1-1-0.dll
0x000002b4d33d0000 - 0x000002b4d33d3000 	C:\Users\nbalj\.openjfx\cache\17.0.0.1\api-ms-win-crt-utility-l1-1-0.dll
0x00007ffa201d0000 - 0x00007ffa202cc000 	C:\Users\nbalj\.openjfx\cache\17.0.0.1\ucrtbase.dll
0x00007ffa3f9e0000 - 0x00007ffa3f9fa000 	C:\Users\nbalj\.openjfx\cache\17.0.0.1\vcruntime140.dll
0x00007ffa4e5d0000 - 0x00007ffa4e5dc000 	C:\Users\nbalj\.openjfx\cache\17.0.0.1\vcruntime140_1.dll
0x00007ffa24c10000 - 0x00007ffa24c9d000 	C:\Users\nbalj\.openjfx\cache\17.0.0.1\msvcp140.dll
0x00007ffa3f400000 - 0x00007ffa3f42a000 	C:\Users\nbalj\.openjfx\cache\17.0.0.1\prism_d3d.dll
0x00007ffa6fb80000 - 0x00007ffa6fd4f000 	C:\Windows\system32\d3d9.dll
0x00007ffa7ab10000 - 0x00007ffa7ab3f000 	C:\Windows\SYSTEM32\dwmapi.dll
0x00007ffa7a830000 - 0x00007ffa7a8ce000 	C:\Windows\system32\uxtheme.dll
0x00007ffa7cb10000 - 0x00007ffa7cb22000 	C:\Windows\SYSTEM32\msasn1.dll
0x00007ffa76820000 - 0x00007ffa76851000 	C:\Windows\SYSTEM32\cryptnet.dll
0x00007ffa7d490000 - 0x00007ffa7d5e6000 	C:\Windows\System32\CRYPT32.dll
0x00007ffa731d0000 - 0x00007ffa73318000 	C:\Windows\SYSTEM32\drvstore.dll
0x00007ffa7ccd0000 - 0x00007ffa7ccfc000 	C:\Windows\SYSTEM32\devobj.dll
0x00007ffa7d5f0000 - 0x00007ffa7d63e000 	C:\Windows\System32\cfgmgr32.dll
0x00007ffa7c8d0000 - 0x00007ffa7c8dc000 	C:\Windows\SYSTEM32\cryptbase.dll
0x00007ffa7d640000 - 0x00007ffa7d6a8000 	C:\Windows\System32\WINTRUST.DLL
0x00007ffa7dc90000 - 0x00007ffa7dcad000 	C:\Windows\System32\imagehlp.dll
0x00007ffa7c8b0000 - 0x00007ffa7c8c8000 	C:\Windows\SYSTEM32\CRYPTSP.dll
0x00007ffa7bfb0000 - 0x00007ffa7bfe4000 	C:\Windows\system32\rsaenh.dll
0x00007ffa7d190000 - 0x00007ffa7d1b7000 	C:\Windows\System32\bcrypt.dll
0x00007ffa3f1c0000 - 0x00007ffa3f202000 	C:\Users\nbalj\.openjfx\cache\17.0.0.1\glass.dll
0x00007ffa7f1e0000 - 0x00007ffa7f2bb000 	C:\Windows\System32\COMDLG32.dll
0x00007ffa7ef90000 - 0x00007ffa7f0ba000 	C:\Windows\System32\ole32.dll
0x00007ffa7e460000 - 0x00007ffa7e52d000 	C:\Windows\System32\OLEAUT32.dll
0x00007ffa7e6a0000 - 0x00007ffa7e7b5000 	C:\Windows\System32\MSCTF.dll
0x00007ffa31d10000 - 0x00007ffa31fd7000 	C:\Windows\system32\nvspcap64.dll
0x00007ffa7bbe0000 - 0x00007ffa7bc13000 	C:\Windows\SYSTEM32\ntmarta.dll
0x00007ffa7b7b0000 - 0x00007ffa7b7d3000 	C:\Windows\SYSTEM32\gpapi.dll
0x00007ffa73190000 - 0x00007ffa731cb000 	C:\Windows\SYSTEM32\dxcore.dll
0x00007ffa30540000 - 0x00007ffa30574000 	C:\Users\nbalj\AppData\Local\Temp\jSerialComm\1653129837764-jSerialComm.dll
0x00007ffa7eaa0000 - 0x00007ffa7ef11000 	C:\Windows\System32\SETUPAPI.dll
0x00007ffa44540000 - 0x00007ffa4456d000 	C:\Users\nbalj\.openjfx\cache\17.0.0.1\javafx_iio.dll
0x00007ffa3f3e0000 - 0x00007ffa3f3f4000 	C:\Users\nbalj\.openjfx\cache\17.0.0.1\javafx_font.dll
0x00007ffa4c490000 - 0x00007ffa4c70f000 	C:\Windows\SYSTEM32\dwrite.dll
0x00007ffa7e570000 - 0x00007ffa7e619000 	C:\Windows\System32\clbcatq.dll
0x00007ffa765d0000 - 0x00007ffa76784000 	C:\Windows\SYSTEM32\WindowsCodecs.dll
0x00007ffa656e0000 - 0x00007ffa6571e000 	C:\Windows\system32\dataexchange.dll
0x00007ffa78e50000 - 0x00007ffa790b4000 	C:\Windows\system32\d3d11.dll
0x00007ffa79c40000 - 0x00007ffa79e25000 	C:\Windows\system32\dcomp.dll
0x00007ffa7b900000 - 0x00007ffa7b9f3000 	C:\Windows\system32\dxgi.dll

dbghelp: loaded successfully - version: 4.0.5 - missing functions: none
symbol engine: initialized successfully - sym options: 0x614 - pdb path: .;C:\Program Files\Java\jdk-17.0.1\bin;C:\Windows\SYSTEM32;C:\Windows\WinSxS\amd64_microsoft.windows.common-controls_6595b64144ccf1df_6.0.19041.1110_none_60b5254171f9507e;C:\Program Files\Java\jdk-17.0.1\bin\server;C:\Program Files\JetBrains\IntelliJ IDEA 2021.2.3\bin;C:\Users\nbalj\.openjfx\cache\17.0.0.1;C:\Windows\System32\DriverStore\FileRepository\nv_dispi.inf_amd64_c0e159863e7afdde;C:\Users\nbalj\AppData\Local\Temp\jSerialComm;C:\Program Files\Common Files\Microsoft Shared\Ink

VM Arguments:
jvm_args: -javaagent:C:\Program Files\JetBrains\IntelliJ IDEA 2021.2.3\lib\idea_rt.jar=60607:C:\Program Files\JetBrains\IntelliJ IDEA 2021.2.3\bin -Dfile.encoding=UTF-8 --module-path=C:\Users\nbalj\.m2\repository\com\fazecast\jSerialComm\2.9.1\jSerialComm-2.9.1.jar;C:\Users\nbalj\.m2\repository\org\openjfx\javafx-controls\17.0.0.1\javafx-controls-17.0.0.1-win.jar;C:\Users\nbalj\Documents\GitHub\project3-4\CodePC\ProjectGUI\target\classes;C:\Users\nbalj\.m2\repository\org\kordamp\ikonli\ikonli-javafx\12.2.0\ikonli-javafx-12.2.0.jar;C:\Users\nbalj\.m2\repository\org\openjfx\javafx-graphics\17.0.0.1\javafx-graphics-17.0.0.1-win.jar;C:\Users\nbalj\.m2\repository\org\openjfx\javafx-web\17.0.0.1\javafx-web-17.0.0.1-win.jar;C:\Users\nbalj\.m2\repository\org\openjfx\javafx-fxml\17.0.0.1\javafx-fxml-17.0.0.1-win.jar;C:\Users\nbalj\.m2\repository\org\controlsfx\controlsfx\11.1.0\controlsfx-11.1.0.jar;C:\Users\nbalj\.m2\repository\com\dlsc\formsfx\formsfx-core\11.3.2\formsfx-core-11.3.2.jar;C:\Users\nbalj\.m2\repository\org\openjfx\javafx-base\17.0.0.1\javafx-base-17.0.0.1-win.jar;C:\Users\nbalj\.m2\repository\eu\hansolo\tilesfx\11.48\tilesfx-11.48.jar;C:\Users\nbalj\.m2\repository\org\kordamp\ikonli\ikonli-core\12.2.0\ikonli-core-12.2.0.jar;C:\Users\nbalj\.m2\repository\org\kordamp\bootstrapfx\bootstrapfx-core\0.4.0\bootstrapfx-core-0.4.0.jar;C:\Users\nbalj\.m2\repository\org\openjfx\javafx-media\17.0.0.1\javafx-media-17.0.0.1-win.jar;C:\Users\nbalj\.m2\repository\net\synedra\validatorfx\0.1.13\validatorfx-0.1.13.jar -Djdk.module.main=com.example.projectgui 
java_command: com.example.projectgui/com.example.projectgui.HelloApplication
java_class_path (initial): C:\Users\nbalj\.m2\repository\org\openjfx\javafx-controls\17.0.0.1\javafx-controls-17.0.0.1.jar;C:\Users\nbalj\.m2\repository\org\openjfx\javafx-graphics\17.0.0.1\javafx-graphics-17.0.0.1.jar;C:\Users\nbalj\.m2\repository\org\openjfx\javafx-base\17.0.0.1\javafx-base-17.0.0.1.jar;C:\Users\nbalj\.m2\repository\org\openjfx\javafx-fxml\17.0.0.1\javafx-fxml-17.0.0.1.jar;C:\Users\nbalj\.m2\repository\org\openjfx\javafx-web\17.0.0.1\javafx-web-17.0.0.1.jar;C:\Users\nbalj\.m2\repository\org\openjfx\javafx-media\17.0.0.1\javafx-media-17.0.0.1.jar;C:\Users\nbalj\.m2\repository\mysql\mysql-connector-java\8.0.28\mysql-connector-java-8.0.28.jar;C:\Users\nbalj\.m2\repository\com\google\protobuf\protobuf-java\3.11.4\protobuf-java-3.11.4.jar
Launcher Type: SUN_STANDARD

[Global flags]
     intx CICompilerCount                          = 4                                         {product} {ergonomic}
     uint ConcGCThreads                            = 3                                         {product} {ergonomic}
     uint G1ConcRefinementThreads                  = 10                                        {product} {ergonomic}
   size_t G1HeapRegionSize                         = 2097152                                   {product} {ergonomic}
    uintx GCDrainStackTargetSize                   = 64                                        {product} {ergonomic}
   size_t InitialHeapSize                          = 268435456                                 {product} {ergonomic}
   size_t MarkStackSize                            = 4194304                                   {product} {ergonomic}
   size_t MaxHeapSize                              = 4265607168                                {product} {ergonomic}
   size_t MaxNewSize                               = 2558525440                                {product} {ergonomic}
   size_t MinHeapDeltaBytes                        = 2097152                                   {product} {ergonomic}
   size_t MinHeapSize                              = 8388608                                   {product} {ergonomic}
    uintx NonNMethodCodeHeapSize                   = 5839372                                {pd product} {ergonomic}
    uintx NonProfiledCodeHeapSize                  = 122909434                              {pd product} {ergonomic}
    uintx ProfiledCodeHeapSize                     = 122909434                              {pd product} {ergonomic}
    uintx ReservedCodeCacheSize                    = 251658240                              {pd product} {ergonomic}
     bool SegmentedCodeCache                       = true                                      {product} {ergonomic}
   size_t SoftMaxHeapSize                          = 4265607168                             {manageable} {ergonomic}
     bool UseCompressedClassPointers               = true                           {product lp64_product} {ergonomic}
     bool UseCompressedOops                        = true                           {product lp64_product} {ergonomic}
     bool UseG1GC                                  = true                                      {product} {ergonomic}
     bool UseLargePagesIndividualAllocation        = false                                  {pd product} {ergonomic}

Logging:
Log output configuration:
 #0: stdout all=warning uptime,level,tags
 #1: stderr all=off uptime,level,tags

Environment Variables:
JAVA_HOME=C:\Program Files\Java\jdk-17.0.1
PATH=C:\Program Files\Common Files\Oracle\Java\javapath;C:\Program Files (x86)\Common Files\Oracle\Java\javapath;C:\Program Files (x86)\Common Files\Intel\Shared Libraries\redist\intel64_win\compiler;C:\Windows\system32;C:\Windows;C:\Windows\System32\Wbem;C:\Windows\System32\WindowsPowerShell\v1.0\;C:\Windows\System32\OpenSSH\;C:\Program Files\NVIDIA Corporation\NVIDIA NvDLISR;C:\Program Files (x86)\NVIDIA Corporation\PhysX\Common;C:\Program Files\PowerShell\7\;C:\Program Files (x86)\mingw-w64\i686-8.1.0-posix-dwarf-rt_v6-rev0\mingw32\bin;C:\Program Files\Java\jdk-17.0.1;C:\Program Files\dotnet\;C:\Program Files\Git\cmd;C:\Program Files\PuTTY\;C:\Program Files\OpenSSL-Win64\bin;C:\Program Files\Java\jdk-18;C:\Users\nbalj\AppData\Local\Microsoft\WindowsApps;C:\Users\nbalj\AppData\Local\Programs\Microsoft VS Code\bin;C:\Program Files\Inkscape\bin;C:\Program Files\JetBrains\IntelliJ IDEA 2021.2.3\bin;;C:\Users\nbalj\.dotnet\tools;C:\Users\nbalj\AppData\Local\GitHubDesktop\bin
USERNAME=nbalj
OS=Windows_NT
PROCESSOR_IDENTIFIER=AMD64 Family 23 Model 113 Stepping 0, AuthenticAMD



---------------  S Y S T E M  ---------------

OS:
 Windows 10 , 64 bit Build 19041 (10.0.19041.1706)
OS uptime: 7 days 1:18 hours
Hyper-V role detected

CPU: total 12 (initial active 12) (12 cores per cpu, 2 threads per core) family 23 model 113 stepping 0 microcode 0x0, cx8, cmov, fxsr, ht, mmx, 3dnowpref, sse, sse2, sse3, ssse3, sse4a, sse4.1, sse4.2, popcnt, lzcnt, tsc, tscinvbit, avx, avx2, aes, clmul, bmi1, bmi2, adx, sha, fma, vzeroupper, clflush, clflushopt, hv

Memory: 4k page, system-wide physical 16265M (6065M free)
TotalPageFile size 22153M (AvailPageFile size 6521M)
current process WorkingSet (physical memory assigned to process): 373M, peak: 447M
current process commit charge ("private bytes"): 637M, peak: 742M

vm_info: Java HotSpot(TM) 64-Bit Server VM (17.0.1+12-LTS-39) for windows-amd64 JRE (17.0.1+12-LTS-39), built on Sep 27 2021 18:41:35 by "mach5one" with MS VC++ 16.8 (VS2019)

END.
