#
# A fatal error has been detected by the Java Runtime Environment:
#
#  EXCEPTION_ACCESS_VIOLATION (0xc0000005) at pc=0x00007ffa7f873416, pid=24756, tid=15896
#
# JRE version: Java(TM) SE Runtime Environment (17.0.1+12) (build 17.0.1+12-LTS-39)
# Java VM: Java HotSpot(TM) 64-Bit Server VM (17.0.1+12-LTS-39, mixed mode, sharing, tiered, compressed oops, compressed class ptrs, g1 gc, windows-amd64)
# Problematic frame:
# C  [ntdll.dll+0x63416]
#
# No core dump will be written. Minidumps are not enabled by default on client versions of Windows
#
# If you would like to submit a bug report, please visit:
#   https://bugreport.java.com/bugreport/crash.jsp
# The crash happened outside the Java Virtual Machine in native code.
# See problematic frame for where to report the bug.
#

---------------  S U M M A R Y ------------

Command Line: -javaagent:C:\Program Files\JetBrains\IntelliJ IDEA 2021.2.3\lib\idea_rt.jar=62431:C:\Program Files\JetBrains\IntelliJ IDEA 2021.2.3\bin -Dfile.encoding=UTF-8 --module-path=C:\Users\nbalj\.m2\repository\com\fazecast\jSerialComm\2.9.1\jSerialComm-2.9.1.jar;C:\Users\nbalj\.m2\repository\org\openjfx\javafx-controls\17.0.0.1\javafx-controls-17.0.0.1-win.jar;C:\Users\nbalj\Documents\GitHub\project3-4\CodePC\ProjectGUI\target\classes;C:\Users\nbalj\.m2\repository\org\kordamp\ikonli\ikonli-javafx\12.2.0\ikonli-javafx-12.2.0.jar;C:\Users\nbalj\.m2\repository\org\openjfx\javafx-graphics\17.0.0.1\javafx-graphics-17.0.0.1-win.jar;C:\Users\nbalj\.m2\repository\org\openjfx\javafx-web\17.0.0.1\javafx-web-17.0.0.1-win.jar;C:\Users\nbalj\.m2\repository\org\openjfx\javafx-fxml\17.0.0.1\javafx-fxml-17.0.0.1-win.jar;C:\Users\nbalj\.m2\repository\org\controlsfx\controlsfx\11.1.0\controlsfx-11.1.0.jar;C:\Users\nbalj\.m2\repository\com\dlsc\formsfx\formsfx-core\11.3.2\formsfx-core-11.3.2.jar;C:\Users\nbalj\.m2\repository\org\openjfx\javafx-base\17.0.0.1\javafx-base-17.0.0.1-win.jar;C:\Users\nbalj\.m2\repository\eu\hansolo\tilesfx\11.48\tilesfx-11.48.jar;C:\Users\nbalj\.m2\repository\org\kordamp\ikonli\ikonli-core\12.2.0\ikonli-core-12.2.0.jar;C:\Users\nbalj\.m2\repository\org\kordamp\bootstrapfx\bootstrapfx-core\0.4.0\bootstrapfx-core-0.4.0.jar;C:\Users\nbalj\.m2\repository\org\openjfx\javafx-media\17.0.0.1\javafx-media-17.0.0.1-win.jar;C:\Users\nbalj\.m2\repository\net\synedra\validatorfx\0.1.13\validatorfx-0.1.13.jar -Djdk.module.main=com.example.projectgui com.example.projectgui/com.example.projectgui.HelloApplication

Host: AMD Ryzen 5 3600 6-Core Processor              , 12 cores, 15G,  Windows 10 , 64 bit Build 19041 (10.0.19041.1706)
Time: Sat May 21 12:08:47 2022 W. Europe Summer Time elapsed time: 450.705379 seconds (0d 0h 7m 30s)

---------------  T H R E A D  ---------------

Current thread (0x000001ac4d91ffc0):  JavaThread "Thread-5" [_thread_in_native, id=15896, stack(0x000000589d000000,0x000000589d100000)]

Stack: [0x000000589d000000,0x000000589d100000],  sp=0x000000589d0ff440,  free space=1021k
Native frames: (J=compiled Java code, j=interpreted, Vv=VM code, C=native code)
C  [ntdll.dll+0x63416]
C  [ntdll.dll+0x2fcb4]
C  [ntdll.dll+0x2fae2]
C  [1653127277291-jSerialComm.dll+0x3cb2]

Java frames: (J=compiled Java code, j=interpreted, Vv=VM code)
j  com.fazecast.jSerialComm.SerialPort.closePortNative(J)J+0 com.fazecast.jSerialComm
j  com.fazecast.jSerialComm.SerialPort.closePort()Z+29 com.fazecast.jSerialComm
j  com.example.projectgui.ArduinoControls.lambda$setupCommunication$0()V+3 com.example.projectgui
j  com.example.projectgui.ArduinoControls$$Lambda$148+0x0000000800cbac98.run()V+0 com.example.projectgui
j  java.lang.Thread.run()V+11 java.base@17.0.1
v  ~StubRoutines::call_stub

siginfo: EXCEPTION_ACCESS_VIOLATION (0xc0000005), writing address 0x0000000000000024


Register to memory mapping:

RIP=0x00007ffa7f873416 ntdll.dll
RAX=0x0 is NULL
RBX=0x00007ffa4485fd00 1653127277291-jSerialComm.dll
RCX=0x00007ffa4485fd00 1653127277291-jSerialComm.dll
RDX=0x00000000fffffffa is an unknown value
RSP=0x000000589d0ff440 is pointing into the stack for thread: 0x000001ac4d91ffc0
RBP=0x000000589d0ff600 is pointing into the stack for thread: 0x000001ac4d91ffc0
RSI=0x0 is NULL
RDI=0x0 is NULL
R8 =0x0 is NULL
R9 =0x00007ffa4485fd00 1653127277291-jSerialComm.dll
R10=0x0 is NULL
R11=0x0000000000000246 is an unknown value
R12=0x0 is NULL
R13=0x000000589ccdd000 points into unknown readable memory: 0x0000000000000000 | 00 00 00 00 00 00 00 00
R14=0x0000000000000001 is an unknown value
R15=0x0 is NULL


Registers:
RAX=0x0000000000000000, RBX=0x00007ffa4485fd00, RCX=0x00007ffa4485fd00, RDX=0x00000000fffffffa
RSP=0x000000589d0ff440, RBP=0x000000589d0ff600, RSI=0x0000000000000000, RDI=0x0000000000000000
R8 =0x0000000000000000, R9 =0x00007ffa4485fd00, R10=0x0000000000000000, R11=0x0000000000000246
R12=0x0000000000000000, R13=0x000000589ccdd000, R14=0x0000000000000001, R15=0x0000000000000000
RIP=0x00007ffa7f873416, EFLAGS=0x0000000000010213

Top of Stack: (sp=0x000000589d0ff440)
0x000000589d0ff440:   ffffffffffffffff 00007ffa4485fd00
0x000000589d0ff450:   0000000000000000 0000000000000000
0x000000589d0ff460:   0000000000000000 0000000000000000
0x000000589d0ff470:   0000000000000000 0000000000000000
0x000000589d0ff480:   0000000000000000 00000000fffffffa
0x000000589d0ff490:   000000589ccdd000 0000000000000000
0x000000589d0ff4a0:   0000000000000000 0000000000000000
0x000000589d0ff4b0:   0000000000000000 0000000000000000
0x000000589d0ff4c0:   0000000000000000 0000000000000000
0x000000589d0ff4d0:   0000f06b95bf15c9 0000000000000000
0x000000589d0ff4e0:   000001ac4d91ff00 0000000000000001
0x000000589d0ff4f0:   0000000000000001 0000000000000001
0x000000589d0ff500:   0000000000000000 00007ffa4485fd00
0x000000589d0ff510:   000000589d0ff600 00007ffa7f83fcb4
0x000000589d0ff520:   0000000000000000 0000000000000000
0x000000589d0ff530:   00000000fffffffa 0000000000000000 

Instructions: (pc=0x00007ffa7f873416)
0x00007ffa7f873316:   20 e9 ed fe ff ff 48 89 41 18 e9 e4 fe ff ff cc
0x00007ffa7f873326:   cc cc cc cc cc cc cc cc cc cc 80 3d d1 71 10 00
0x00007ffa7f873336:   00 0f 95 c0 c3 cc cc cc cc cc cc cc cc cc cc cc
0x00007ffa7f873346:   cc cc cc cc cc cc cc cc cc cc 48 83 ec 38 8b 05
0x00007ffa7f873356:   d2 57 10 00 89 44 24 20 e8 41 02 00 00 48 83 c4
0x00007ffa7f873366:   38 c3 cc cc cc cc cc cc cc cc 48 89 5c 24 18 55
0x00007ffa7f873376:   56 57 41 54 41 55 41 56 41 57 48 81 ec a0 00 00
0x00007ffa7f873386:   00 48 8b 05 82 f1 11 00 48 33 c4 48 89 84 24 90
0x00007ffa7f873396:   00 00 00 65 4c 8b 2c 25 30 00 00 00 48 8d 05 4f
0x00007ffa7f8733a6:   11 10 00 40 32 ed 89 54 24 48 33 f6 40 88 6c 24
0x00007ffa7f8733b6:   40 4c 89 6c 24 50 48 8b d9 44 8b e6 48 3b c8 0f
0x00007ffa7f8733c6:   84 39 01 00 00 40 38 35 36 71 10 00 0f 85 a8 01
0x00007ffa7f8733d6:   00 00 39 35 4a 71 10 00 0f 85 6a 01 00 00 40 38
0x00007ffa7f8733e6:   35 0d 6c 10 00 48 8d 3d 0e 6c 10 00 48 0f 45 fe
0x00007ffa7f8733f6:   48 39 73 18 0f 84 d2 00 00 00 48 8b 03 48 83 f8
0x00007ffa7f873406:   ff 0f 84 d2 00 00 00 44 8b fe 48 83 f8 ff 74 03
0x00007ffa7f873416:   ff 40 24 4c 8b 73 18 4c 8d 2d d4 10 10 00 bd 22
0x00007ffa7f873426:   17 00 00 e8 22 14 fc ff 85 c0 0f 85 be b2 05 00
0x00007ffa7f873436:   b9 82 03 fe 7f 80 39 00 0f 85 cc b2 05 00 49 83
0x00007ffa7f873446:   fe ff 0f 85 5a b3 05 00 4c 8b cf c7 44 24 20 00
0x00007ffa7f873456:   00 00 00 41 b8 04 00 00 00 48 8d 54 24 48 48 8d
0x00007ffa7f873466:   4b 08 e8 37 01 00 00 3d 02 01 00 00 0f 84 43 b3
0x00007ffa7f873476:   05 00 8b 4b 08 89 4c 24 48 f6 c1 02 75 ca 3d 02
0x00007ffa7f873486:   01 00 00 0f 84 2c b3 05 00 0f b6 6c 24 40 4c 8b
0x00007ffa7f873496:   6c 24 50 85 c0 0f 88 78 b4 05 00 40 84 ed 75 73
0x00007ffa7f8734a6:   48 8b 8c 24 90 00 00 00 48 33 cc e8 7a 8d 02 00
0x00007ffa7f8734b6:   48 8b 9c 24 f0 00 00 00 48 81 c4 a0 00 00 00 41
0x00007ffa7f8734c6:   5f 41 5e 41 5d 41 5c 5f 5e 5d c3 cc 48 8b cb e8
0x00007ffa7f8734d6:   56 05 00 00 e9 21 ff ff ff 8b 4b 20 48 c7 c0 ff
0x00007ffa7f8734e6:   ff ff ff 48 0f ba e1 18 0f 82 19 ff ff ff 48 8b
0x00007ffa7f8734f6:   cb e8 44 e3 fa ff 48 8b 03 e9 09 ff ff ff c6 44
0x00007ffa7f873506:   24 40 01 41 c7 85 60 17 00 00 01 00 00 00 e9 b2 


Stack slot to memory mapping:
stack at sp + 0 slots: 0xffffffffffffffff is an unknown value
stack at sp + 1 slots: 0x00007ffa4485fd00 1653127277291-jSerialComm.dll
stack at sp + 2 slots: 0x0 is NULL
stack at sp + 3 slots: 0x0 is NULL
stack at sp + 4 slots: 0x0 is NULL
stack at sp + 5 slots: 0x0 is NULL
stack at sp + 6 slots: 0x0 is NULL
stack at sp + 7 slots: 0x0 is NULL


---------------  P R O C E S S  ---------------

Threads class SMR info:
_java_thread_list=0x000001ac4d481d00, length=21, elements={
0x000001ac4c7f1c50, 0x000001ac4c7f29d0, 0x000001ac4c803a10, 0x000001ac4c8063e0,
0x000001ac4c806ca0, 0x000001ac4c809c30, 0x000001ac4c80c550, 0x000001ac4d411290,
0x000001ac4d431ba0, 0x000001ac4c80aaa0, 0x000001ac4c808420, 0x000001ac4c809760,
0x000001ac4c80af70, 0x000001ac4c809290, 0x000001ac4c80a5d0, 0x000001ac4c807f50,
0x000001ac4d91f150, 0x000001ac4d91c130, 0x000001ac4d91f620, 0x000001ac4d91faf0,
0x000001ac4d91ffc0
}

Java Threads: ( => current thread )
  0x000001ac4c7f1c50 JavaThread "Reference Handler" daemon [_thread_blocked, id=12412, stack(0x000000589d900000,0x000000589da00000)]
  0x000001ac4c7f29d0 JavaThread "Finalizer" daemon [_thread_blocked, id=25892, stack(0x000000589da00000,0x000000589db00000)]
  0x000001ac4c803a10 JavaThread "Signal Dispatcher" daemon [_thread_blocked, id=29032, stack(0x000000589db00000,0x000000589dc00000)]
  0x000001ac4c8063e0 JavaThread "Attach Listener" daemon [_thread_blocked, id=15736, stack(0x000000589dc00000,0x000000589dd00000)]
  0x000001ac4c806ca0 JavaThread "Service Thread" daemon [_thread_blocked, id=11416, stack(0x000000589dd00000,0x000000589de00000)]
  0x000001ac4c809c30 JavaThread "Monitor Deflation Thread" daemon [_thread_blocked, id=19144, stack(0x000000589de00000,0x000000589df00000)]
  0x000001ac4c80c550 JavaThread "C2 CompilerThread0" daemon [_thread_blocked, id=27052, stack(0x000000589df00000,0x000000589e000000)]
  0x000001ac4d411290 JavaThread "C1 CompilerThread0" daemon [_thread_blocked, id=16976, stack(0x000000589e000000,0x000000589e100000)]
  0x000001ac4d431ba0 JavaThread "Sweeper thread" daemon [_thread_blocked, id=24292, stack(0x000000589e100000,0x000000589e200000)]
  0x000001ac4c80aaa0 JavaThread "Common-Cleaner" daemon [_thread_blocked, id=25696, stack(0x000000589e200000,0x000000589e300000)]
  0x000001ac4c808420 JavaThread "Monitor Ctrl-Break" daemon [_thread_in_native, id=23676, stack(0x000000589e500000,0x000000589e600000)]
  0x000001ac4c809760 JavaThread "Notification Thread" daemon [_thread_blocked, id=4264, stack(0x000000589e600000,0x000000589e700000)]
  0x000001ac4c80af70 JavaThread "InvokeLaterDispatcher" daemon [_thread_blocked, id=5692, stack(0x000000589ea00000,0x000000589eb00000)]
  0x000001ac4c809290 JavaThread "Thread-2" daemon [_thread_in_native, id=27072, stack(0x000000589e300000,0x000000589e400000)]
  0x000001ac4c80a5d0 JavaThread "Thread-4" [_thread_blocked, id=1856, stack(0x000000589f300000,0x000000589f400000)]
  0x000001ac4c807f50 JavaThread "Prism Font Disposer" daemon [_thread_blocked, id=5188, stack(0x000000589f800000,0x000000589f900000)]
  0x000001ac4d91f150 JavaThread "Cleaner-0" daemon [_thread_blocked, id=8228, stack(0x000000589f900000,0x000000589fa00000)]
  0x000001ac4d91c130 JavaThread "Timer-0" [_thread_blocked, id=19612, stack(0x000000589f420000,0x000000589f520000)]
  0x000001ac4d91f620 JavaThread "DestroyJavaVM" [_thread_blocked, id=13376, stack(0x000000589d200000,0x000000589d300000)]
  0x000001ac4d91faf0 JavaThread "SIGINT handler" daemon [_thread_blocked, id=18644, stack(0x000000589cf00000,0x000000589d000000)]
=>0x000001ac4d91ffc0 JavaThread "Thread-5" [_thread_in_native, id=15896, stack(0x000000589d000000,0x000000589d100000)]

Other Threads:
  0x000001ac4c7ed140 VMThread "VM Thread" [stack: 0x000000589d800000,0x000000589d900000] [id=17480]
  0x000001ac4d600e10 WatcherThread [stack: 0x000000589e700000,0x000000589e800000] [id=22652]
  0x000001ac27790190 GCTaskThread "GC Thread#0" [stack: 0x000000589d300000,0x000000589d400000] [id=27344]
  0x000001ac4e58f730 GCTaskThread "GC Thread#1" [stack: 0x000000589ed00000,0x000000589ee00000] [id=29360]
  0x000001ac4e592e50 GCTaskThread "GC Thread#2" [stack: 0x000000589ee00000,0x000000589ef00000] [id=31284]
  0x000001ac4e47ca80 GCTaskThread "GC Thread#3" [stack: 0x000000589ef00000,0x000000589f000000] [id=20304]
  0x000001ac4dfdea30 GCTaskThread "GC Thread#4" [stack: 0x000000589f000000,0x000000589f100000] [id=21960]
  0x000001ac4e5d32a0 GCTaskThread "GC Thread#5" [stack: 0x000000589f100000,0x000000589f200000] [id=3552]
  0x000001ac4e93e720 GCTaskThread "GC Thread#6" [stack: 0x000000589fb00000,0x000000589fc00000] [id=16212]
  0x000001ac4e93f1e0 GCTaskThread "GC Thread#7" [stack: 0x000000589fc00000,0x000000589fd00000] [id=30288]
  0x000001ac4e93f740 GCTaskThread "GC Thread#8" [stack: 0x000000589fd00000,0x000000589fe00000] [id=25636]
  0x000001ac4e93f490 GCTaskThread "GC Thread#9" [stack: 0x000000589fe00000,0x000000589ff00000] [id=20460]
  0x000001ac277a2230 ConcurrentGCThread "G1 Main Marker" [stack: 0x000000589d400000,0x000000589d500000] [id=28916]
  0x000001ac277a32f0 ConcurrentGCThread "G1 Conc#0" [stack: 0x000000589d500000,0x000000589d600000] [id=22704]
  0x000001ac2781e8f0 ConcurrentGCThread "G1 Refine#0" [stack: 0x000000589d600000,0x000000589d700000] [id=13360]
  0x000001ac4eaefa30 ConcurrentGCThread "G1 Refine#1" [stack: 0x000000589ff00000,0x00000058a0000000] [id=24196]
  0x000001ac4e94a260 ConcurrentGCThread "G1 Refine#2" [stack: 0x00000058a0000000,0x00000058a0100000] [id=27840]
  0x000001ac4ec9fc60 ConcurrentGCThread "G1 Refine#3" [stack: 0x00000058a0100000,0x00000058a0200000] [id=30964]
  0x000001ac4d8fe860 ConcurrentGCThread "G1 Refine#4" [stack: 0x00000058a0200000,0x00000058a0300000] [id=2236]
  0x000001ac4d8feb40 ConcurrentGCThread "G1 Refine#5" [stack: 0x00000058a0300000,0x00000058a0400000] [id=288]
  0x000001ac4c6a6760 ConcurrentGCThread "G1 Service" [stack: 0x000000589d700000,0x000000589d800000] [id=29388]

Threads with active compile tasks:

VM state: not at safepoint (normal execution)

VM Mutex/Monitor currently owned by a thread: None

Heap address: 0x0000000701c00000, size: 4068 MB, Compressed Oops mode: Zero based, Oop shift amount: 3

CDS archive(s) mapped at: [0x0000000800000000-0x0000000800bc0000-0x0000000800bc0000), size 12320768, SharedBaseAddress: 0x0000000800000000, ArchiveRelocationMode: 0.
Compressed class space mapped at: 0x0000000800c00000-0x0000000840c00000, reserved size: 1073741824
Narrow klass base: 0x0000000800000000, Narrow klass shift: 0, Narrow klass range: 0x100000000

GC Precious Log:
 CPUs: 12 total, 12 available
 Memory: 16265M
 Large Page Support: Disabled
 NUMA Support: Disabled
 Compressed Oops: Enabled (Zero based)
 Heap Region Size: 2M
 Heap Min Capacity: 8M
 Heap Initial Capacity: 256M
 Heap Max Capacity: 4068M
 Pre-touch: Disabled
 Parallel Workers: 10
 Concurrent Workers: 3
 Concurrent Refinement Workers: 10
 Periodic GC: Disabled

Heap:
 garbage-first heap   total 262144K, used 116649K [0x0000000701c00000, 0x0000000800000000)
  region size 2048K, 7 young (14336K), 4 survivors (8192K)
 Metaspace       used 14617K, committed 14848K, reserved 1064960K
  class space    used 1920K, committed 2048K, reserved 1048576K

Heap Regions: E=young(eden), S=young(survivor), O=old, HS=humongous(starts), HC=humongous(continues), CS=collection set, F=free, OA=open archive, CA=closed archive, TAMS=top-at-mark-start (previous, next)
|   0|0x0000000701c00000, 0x0000000701e00000, 0x0000000701e00000|100%|HS|  |TAMS 0x0000000701c00000, 0x0000000701c00000| Complete 
|   1|0x0000000701e00000, 0x0000000702000000, 0x0000000702000000|100%|HC|  |TAMS 0x0000000701e00000, 0x0000000701e00000| Complete 
|   2|0x0000000702000000, 0x0000000702200000, 0x0000000702200000|100%|HC|  |TAMS 0x0000000702000000, 0x0000000702000000| Complete 
|   3|0x0000000702200000, 0x0000000702400000, 0x0000000702400000|100%|HC|  |TAMS 0x0000000702200000, 0x0000000702200000| Complete 
|   4|0x0000000702400000, 0x0000000702600000, 0x0000000702600000|100%|HC|  |TAMS 0x0000000702400000, 0x0000000702400000| Complete 
|   5|0x0000000702600000, 0x0000000702800000, 0x0000000702800000|100%|HC|  |TAMS 0x0000000702600000, 0x0000000702600000| Complete 
|   6|0x0000000702800000, 0x0000000702a00000, 0x0000000702a00000|100%|HC|  |TAMS 0x0000000702800000, 0x0000000702800000| Complete 
|   7|0x0000000702a00000, 0x0000000702c00000, 0x0000000702c00000|100%|HC|  |TAMS 0x0000000702a00000, 0x0000000702a00000| Complete 
|   8|0x0000000702c00000, 0x0000000702e00000, 0x0000000702e00000|100%|HC|  |TAMS 0x0000000702c00000, 0x0000000702c00000| Complete 
|   9|0x0000000702e00000, 0x0000000703000000, 0x0000000703000000|100%|HC|  |TAMS 0x0000000702e00000, 0x0000000702e00000| Complete 
|  10|0x0000000703000000, 0x0000000703200000, 0x0000000703200000|100%|HC|  |TAMS 0x0000000703000000, 0x0000000703000000| Complete 
|  11|0x0000000703200000, 0x0000000703400000, 0x0000000703400000|100%|HC|  |TAMS 0x0000000703200000, 0x0000000703200000| Complete 
|  12|0x0000000703400000, 0x0000000703600000, 0x0000000703600000|100%|HS|  |TAMS 0x0000000703400000, 0x0000000703400000| Complete 
|  13|0x0000000703600000, 0x0000000703800000, 0x0000000703800000|100%|HS|  |TAMS 0x0000000703600000, 0x0000000703600000| Complete 
|  14|0x0000000703800000, 0x0000000703a00000, 0x0000000703a00000|100%|HC|  |TAMS 0x0000000703800000, 0x0000000703800000| Complete 
|  15|0x0000000703a00000, 0x0000000703c00000, 0x0000000703c00000|100%|HC|  |TAMS 0x0000000703a00000, 0x0000000703a00000| Complete 
|  16|0x0000000703c00000, 0x0000000703e00000, 0x0000000703e00000|100%|HC|  |TAMS 0x0000000703c00000, 0x0000000703c00000| Complete 
|  17|0x0000000703e00000, 0x0000000704000000, 0x0000000704000000|100%|HC|  |TAMS 0x0000000703e00000, 0x0000000703e00000| Complete 
|  18|0x0000000704000000, 0x0000000704200000, 0x0000000704200000|100%|HC|  |TAMS 0x0000000704000000, 0x0000000704000000| Complete 
|  19|0x0000000704200000, 0x0000000704400000, 0x0000000704400000|100%|HC|  |TAMS 0x0000000704200000, 0x0000000704200000| Complete 
|  20|0x0000000704400000, 0x0000000704600000, 0x0000000704600000|100%|HC|  |TAMS 0x0000000704400000, 0x0000000704400000| Complete 
|  21|0x0000000704600000, 0x0000000704800000, 0x0000000704800000|100%|HC|  |TAMS 0x0000000704600000, 0x0000000704600000| Complete 
|  22|0x0000000704800000, 0x0000000704a00000, 0x0000000704a00000|100%|HC|  |TAMS 0x0000000704800000, 0x0000000704800000| Complete 
|  23|0x0000000704a00000, 0x0000000704c00000, 0x0000000704c00000|100%|HC|  |TAMS 0x0000000704a00000, 0x0000000704a00000| Complete 
|  24|0x0000000704c00000, 0x0000000704e00000, 0x0000000704e00000|100%|HC|  |TAMS 0x0000000704c00000, 0x0000000704c00000| Complete 
|  25|0x0000000704e00000, 0x0000000705000000, 0x0000000705000000|100%| O|  |TAMS 0x0000000704e00000, 0x0000000704e00000| Untracked 
|  26|0x0000000705000000, 0x0000000705200000, 0x0000000705200000|100%| O|  |TAMS 0x0000000705000000, 0x0000000705000000| Untracked 
|  27|0x0000000705200000, 0x0000000705400000, 0x0000000705400000|100%| O|  |TAMS 0x0000000705200000, 0x0000000705200000| Untracked 
|  28|0x0000000705400000, 0x0000000705600000, 0x0000000705600000|100%| O|  |TAMS 0x0000000705400000, 0x0000000705400000| Untracked 
|  29|0x0000000705600000, 0x0000000705800000, 0x0000000705800000|100%| O|  |TAMS 0x0000000705600000, 0x0000000705600000| Untracked 
|  30|0x0000000705800000, 0x0000000705a00000, 0x0000000705a00000|100%| O|  |TAMS 0x0000000705800000, 0x0000000705800000| Untracked 
|  31|0x0000000705a00000, 0x0000000705c00000, 0x0000000705c00000|100%| O|  |TAMS 0x0000000705a00000, 0x0000000705a00000| Untracked 
|  32|0x0000000705c00000, 0x0000000705e00000, 0x0000000705e00000|100%| O|  |TAMS 0x0000000705c00000, 0x0000000705c00000| Untracked 
|  33|0x0000000705e00000, 0x0000000706000000, 0x0000000706000000|100%| O|  |TAMS 0x0000000705e00000, 0x0000000705e00000| Untracked 
|  34|0x0000000706000000, 0x0000000706200000, 0x0000000706200000|100%| O|  |TAMS 0x0000000706000000, 0x0000000706000000| Untracked 
|  35|0x0000000706200000, 0x0000000706400000, 0x0000000706400000|100%| O|  |TAMS 0x0000000706200000, 0x0000000706200000| Untracked 
|  36|0x0000000706400000, 0x0000000706600000, 0x0000000706600000|100%| O|  |TAMS 0x0000000706400000, 0x0000000706400000| Untracked 
|  37|0x0000000706600000, 0x0000000706800000, 0x0000000706800000|100%| O|  |TAMS 0x0000000706600000, 0x0000000706600000| Untracked 
|  38|0x0000000706800000, 0x0000000706a00000, 0x0000000706a00000|100%| O|  |TAMS 0x0000000706800000, 0x0000000706800000| Untracked 
|  39|0x0000000706a00000, 0x0000000706c00000, 0x0000000706c00000|100%| O|  |TAMS 0x0000000706a00000, 0x0000000706a00000| Untracked 
|  40|0x0000000706c00000, 0x0000000706e00000, 0x0000000706e00000|100%| O|  |TAMS 0x0000000706c00000, 0x0000000706c00000| Untracked 
|  41|0x0000000706e00000, 0x0000000707000000, 0x0000000707000000|100%| O|  |TAMS 0x0000000706e00000, 0x0000000706e00000| Untracked 
|  42|0x0000000707000000, 0x0000000707200000, 0x0000000707200000|100%| O|  |TAMS 0x0000000707000000, 0x0000000707000000| Untracked 
|  43|0x0000000707200000, 0x0000000707400000, 0x0000000707400000|100%| O|  |TAMS 0x0000000707200000, 0x0000000707200000| Untracked 
|  44|0x0000000707400000, 0x0000000707600000, 0x0000000707600000|100%| O|  |TAMS 0x0000000707400000, 0x0000000707400000| Untracked 
|  45|0x0000000707600000, 0x0000000707800000, 0x0000000707800000|100%| O|  |TAMS 0x0000000707600000, 0x0000000707600000| Untracked 
|  46|0x0000000707800000, 0x0000000707a00000, 0x0000000707a00000|100%| O|  |TAMS 0x0000000707800000, 0x0000000707800000| Untracked 
|  47|0x0000000707a00000, 0x0000000707c00000, 0x0000000707c00000|100%| O|  |TAMS 0x0000000707a00000, 0x0000000707a00000| Untracked 
|  48|0x0000000707c00000, 0x0000000707e00000, 0x0000000707e00000|100%| O|  |TAMS 0x0000000707c00000, 0x0000000707c00000| Untracked 
|  49|0x0000000707e00000, 0x0000000708000000, 0x0000000708000000|100%| O|  |TAMS 0x0000000707e00000, 0x0000000707e00000| Untracked 
|  50|0x0000000708000000, 0x00000007081ea400, 0x0000000708200000| 95%| O|  |TAMS 0x0000000708000000, 0x0000000708000000| Untracked 
|  51|0x0000000708200000, 0x0000000708200000, 0x0000000708400000|  0%| F|  |TAMS 0x0000000708200000, 0x0000000708200000| Untracked 
|  52|0x0000000708400000, 0x0000000708400000, 0x0000000708600000|  0%| F|  |TAMS 0x0000000708400000, 0x0000000708400000| Untracked 
|  53|0x0000000708600000, 0x0000000708600000, 0x0000000708800000|  0%| F|  |TAMS 0x0000000708600000, 0x0000000708600000| Untracked 
|  54|0x0000000708800000, 0x0000000708800000, 0x0000000708a00000|  0%| F|  |TAMS 0x0000000708800000, 0x0000000708800000| Untracked 
|  55|0x0000000708a00000, 0x0000000708a00000, 0x0000000708c00000|  0%| F|  |TAMS 0x0000000708a00000, 0x0000000708a00000| Untracked 
|  56|0x0000000708c00000, 0x0000000708c00000, 0x0000000708e00000|  0%| F|  |TAMS 0x0000000708c00000, 0x0000000708c00000| Untracked 
|  57|0x0000000708e00000, 0x0000000708e00000, 0x0000000709000000|  0%| F|  |TAMS 0x0000000708e00000, 0x0000000708e00000| Untracked 
|  58|0x0000000709000000, 0x0000000709000000, 0x0000000709200000|  0%| F|  |TAMS 0x0000000709000000, 0x0000000709000000| Untracked 
|  59|0x0000000709200000, 0x0000000709200000, 0x0000000709400000|  0%| F|  |TAMS 0x0000000709200000, 0x0000000709200000| Untracked 
|  60|0x0000000709400000, 0x0000000709400000, 0x0000000709600000|  0%| F|  |TAMS 0x0000000709400000, 0x0000000709400000| Untracked 
|  61|0x0000000709600000, 0x0000000709600000, 0x0000000709800000|  0%| F|  |TAMS 0x0000000709600000, 0x0000000709600000| Untracked 
|  62|0x0000000709800000, 0x0000000709800000, 0x0000000709a00000|  0%| F|  |TAMS 0x0000000709800000, 0x0000000709800000| Untracked 
|  63|0x0000000709a00000, 0x0000000709a00000, 0x0000000709c00000|  0%| F|  |TAMS 0x0000000709a00000, 0x0000000709a00000| Untracked 
|  64|0x0000000709c00000, 0x0000000709c00000, 0x0000000709e00000|  0%| F|  |TAMS 0x0000000709c00000, 0x0000000709c00000| Untracked 
|  65|0x0000000709e00000, 0x0000000709e00000, 0x000000070a000000|  0%| F|  |TAMS 0x0000000709e00000, 0x0000000709e00000| Untracked 
|  66|0x000000070a000000, 0x000000070a000000, 0x000000070a200000|  0%| F|  |TAMS 0x000000070a000000, 0x000000070a000000| Untracked 
|  67|0x000000070a200000, 0x000000070a200000, 0x000000070a400000|  0%| F|  |TAMS 0x000000070a200000, 0x000000070a200000| Untracked 
|  68|0x000000070a400000, 0x000000070a400000, 0x000000070a600000|  0%| F|  |TAMS 0x000000070a400000, 0x000000070a400000| Untracked 
|  69|0x000000070a600000, 0x000000070a600000, 0x000000070a800000|  0%| F|  |TAMS 0x000000070a600000, 0x000000070a600000| Untracked 
|  70|0x000000070a800000, 0x000000070a800000, 0x000000070aa00000|  0%| F|  |TAMS 0x000000070a800000, 0x000000070a800000| Untracked 
|  71|0x000000070aa00000, 0x000000070aa00000, 0x000000070ac00000|  0%| F|  |TAMS 0x000000070aa00000, 0x000000070aa00000| Untracked 
|  72|0x000000070ac00000, 0x000000070ac00000, 0x000000070ae00000|  0%| F|  |TAMS 0x000000070ac00000, 0x000000070ac00000| Untracked 
|  73|0x000000070ae00000, 0x000000070ae00000, 0x000000070b000000|  0%| F|  |TAMS 0x000000070ae00000, 0x000000070ae00000| Untracked 
|  74|0x000000070b000000, 0x000000070b000000, 0x000000070b200000|  0%| F|  |TAMS 0x000000070b000000, 0x000000070b000000| Untracked 
|  75|0x000000070b200000, 0x000000070b200000, 0x000000070b400000|  0%| F|  |TAMS 0x000000070b200000, 0x000000070b200000| Untracked 
|  76|0x000000070b400000, 0x000000070b400000, 0x000000070b600000|  0%| F|  |TAMS 0x000000070b400000, 0x000000070b400000| Untracked 
|  77|0x000000070b600000, 0x000000070b600000, 0x000000070b800000|  0%| F|  |TAMS 0x000000070b600000, 0x000000070b600000| Untracked 
|  78|0x000000070b800000, 0x000000070b800000, 0x000000070ba00000|  0%| F|  |TAMS 0x000000070b800000, 0x000000070b800000| Untracked 
|  79|0x000000070ba00000, 0x000000070ba00000, 0x000000070bc00000|  0%| F|  |TAMS 0x000000070ba00000, 0x000000070ba00000| Untracked 
|  80|0x000000070bc00000, 0x000000070bc00000, 0x000000070be00000|  0%| F|  |TAMS 0x000000070bc00000, 0x000000070bc00000| Untracked 
|  81|0x000000070be00000, 0x000000070be00000, 0x000000070c000000|  0%| F|  |TAMS 0x000000070be00000, 0x000000070be00000| Untracked 
|  82|0x000000070c000000, 0x000000070c000000, 0x000000070c200000|  0%| F|  |TAMS 0x000000070c000000, 0x000000070c000000| Untracked 
|  83|0x000000070c200000, 0x000000070c200000, 0x000000070c400000|  0%| F|  |TAMS 0x000000070c200000, 0x000000070c200000| Untracked 
|  84|0x000000070c400000, 0x000000070c400000, 0x000000070c600000|  0%| F|  |TAMS 0x000000070c400000, 0x000000070c400000| Untracked 
|  85|0x000000070c600000, 0x000000070c600000, 0x000000070c800000|  0%| F|  |TAMS 0x000000070c600000, 0x000000070c600000| Untracked 
|  86|0x000000070c800000, 0x000000070c800000, 0x000000070ca00000|  0%| F|  |TAMS 0x000000070c800000, 0x000000070c800000| Untracked 
|  87|0x000000070ca00000, 0x000000070ca00000, 0x000000070cc00000|  0%| F|  |TAMS 0x000000070ca00000, 0x000000070ca00000| Untracked 
|  88|0x000000070cc00000, 0x000000070cc00000, 0x000000070ce00000|  0%| F|  |TAMS 0x000000070cc00000, 0x000000070cc00000| Untracked 
|  89|0x000000070ce00000, 0x000000070ce00000, 0x000000070d000000|  0%| F|  |TAMS 0x000000070ce00000, 0x000000070ce00000| Untracked 
|  90|0x000000070d000000, 0x000000070d000000, 0x000000070d200000|  0%| F|  |TAMS 0x000000070d000000, 0x000000070d000000| Untracked 
|  91|0x000000070d200000, 0x000000070d200000, 0x000000070d400000|  0%| F|  |TAMS 0x000000070d200000, 0x000000070d200000| Untracked 
|  92|0x000000070d400000, 0x000000070d400000, 0x000000070d600000|  0%| F|  |TAMS 0x000000070d400000, 0x000000070d400000| Untracked 
|  93|0x000000070d600000, 0x000000070d800000, 0x000000070d800000|100%| S|CS|TAMS 0x000000070d600000, 0x000000070d600000| Complete 
|  94|0x000000070d800000, 0x000000070da00000, 0x000000070da00000|100%| S|CS|TAMS 0x000000070d800000, 0x000000070d800000| Complete 
|  95|0x000000070da00000, 0x000000070dc00000, 0x000000070dc00000|100%| S|CS|TAMS 0x000000070da00000, 0x000000070da00000| Complete 
|  96|0x000000070dc00000, 0x000000070de00000, 0x000000070de00000|100%| S|CS|TAMS 0x000000070dc00000, 0x000000070dc00000| Complete 
|  97|0x000000070de00000, 0x000000070de00000, 0x000000070e000000|  0%| F|  |TAMS 0x000000070de00000, 0x000000070de00000| Untracked 
|  98|0x000000070e000000, 0x000000070e000000, 0x000000070e200000|  0%| F|  |TAMS 0x000000070e000000, 0x000000070e000000| Untracked 
|  99|0x000000070e200000, 0x000000070e200000, 0x000000070e400000|  0%| F|  |TAMS 0x000000070e200000, 0x000000070e200000| Untracked 
| 100|0x000000070e400000, 0x000000070e400000, 0x000000070e600000|  0%| F|  |TAMS 0x000000070e400000, 0x000000070e400000| Untracked 
| 101|0x000000070e600000, 0x000000070e600000, 0x000000070e800000|  0%| F|  |TAMS 0x000000070e600000, 0x000000070e600000| Untracked 
| 102|0x000000070e800000, 0x000000070e800000, 0x000000070ea00000|  0%| F|  |TAMS 0x000000070e800000, 0x000000070e800000| Untracked 
| 103|0x000000070ea00000, 0x000000070ea00000, 0x000000070ec00000|  0%| F|  |TAMS 0x000000070ea00000, 0x000000070ea00000| Untracked 
| 104|0x000000070ec00000, 0x000000070ec00000, 0x000000070ee00000|  0%| F|  |TAMS 0x000000070ec00000, 0x000000070ec00000| Untracked 
| 105|0x000000070ee00000, 0x000000070ee00000, 0x000000070f000000|  0%| F|  |TAMS 0x000000070ee00000, 0x000000070ee00000| Untracked 
| 106|0x000000070f000000, 0x000000070f000000, 0x000000070f200000|  0%| F|  |TAMS 0x000000070f000000, 0x000000070f000000| Untracked 
| 107|0x000000070f200000, 0x000000070f200000, 0x000000070f400000|  0%| F|  |TAMS 0x000000070f200000, 0x000000070f200000| Untracked 
| 108|0x000000070f400000, 0x000000070f400000, 0x000000070f600000|  0%| F|  |TAMS 0x000000070f400000, 0x000000070f400000| Untracked 
| 109|0x000000070f600000, 0x000000070f600000, 0x000000070f800000|  0%| F|  |TAMS 0x000000070f600000, 0x000000070f600000| Untracked 
| 110|0x000000070f800000, 0x000000070f800000, 0x000000070fa00000|  0%| F|  |TAMS 0x000000070f800000, 0x000000070f800000| Untracked 
| 111|0x000000070fa00000, 0x000000070fa00000, 0x000000070fc00000|  0%| F|  |TAMS 0x000000070fa00000, 0x000000070fa00000| Untracked 
| 112|0x000000070fc00000, 0x000000070fc00000, 0x000000070fe00000|  0%| F|  |TAMS 0x000000070fc00000, 0x000000070fc00000| Untracked 
| 113|0x000000070fe00000, 0x000000070fe00000, 0x0000000710000000|  0%| F|  |TAMS 0x000000070fe00000, 0x000000070fe00000| Untracked 
| 114|0x0000000710000000, 0x0000000710000000, 0x0000000710200000|  0%| F|  |TAMS 0x0000000710000000, 0x0000000710000000| Untracked 
| 115|0x0000000710200000, 0x0000000710200000, 0x0000000710400000|  0%| F|  |TAMS 0x0000000710200000, 0x0000000710200000| Untracked 
| 116|0x0000000710400000, 0x0000000710400000, 0x0000000710600000|  0%| F|  |TAMS 0x0000000710400000, 0x0000000710400000| Untracked 
| 117|0x0000000710600000, 0x0000000710600000, 0x0000000710800000|  0%| F|  |TAMS 0x0000000710600000, 0x0000000710600000| Untracked 
| 118|0x0000000710800000, 0x0000000710800000, 0x0000000710a00000|  0%| F|  |TAMS 0x0000000710800000, 0x0000000710800000| Untracked 
| 119|0x0000000710a00000, 0x0000000710a00000, 0x0000000710c00000|  0%| F|  |TAMS 0x0000000710a00000, 0x0000000710a00000| Untracked 
| 120|0x0000000710c00000, 0x0000000710c00000, 0x0000000710e00000|  0%| F|  |TAMS 0x0000000710c00000, 0x0000000710c00000| Untracked 
| 121|0x0000000710e00000, 0x0000000710e00000, 0x0000000711000000|  0%| F|  |TAMS 0x0000000710e00000, 0x0000000710e00000| Untracked 
| 122|0x0000000711000000, 0x0000000711000000, 0x0000000711200000|  0%| F|  |TAMS 0x0000000711000000, 0x0000000711000000| Untracked 
| 123|0x0000000711200000, 0x0000000711200000, 0x0000000711400000|  0%| F|  |TAMS 0x0000000711200000, 0x0000000711200000| Untracked 
| 124|0x0000000711400000, 0x0000000711400000, 0x0000000711600000|  0%| F|  |TAMS 0x0000000711400000, 0x0000000711400000| Untracked 
| 125|0x0000000711600000, 0x0000000711690b90, 0x0000000711800000| 28%| E|  |TAMS 0x0000000711600000, 0x0000000711600000| Complete 
| 126|0x0000000711800000, 0x0000000711a00000, 0x0000000711a00000|100%| E|CS|TAMS 0x0000000711800000, 0x0000000711800000| Complete 
| 127|0x0000000711a00000, 0x0000000711c00000, 0x0000000711c00000|100%| E|CS|TAMS 0x0000000711a00000, 0x0000000711a00000| Complete 

Card table byte_map: [0x000001ac40bb0000,0x000001ac413b0000] _byte_map_base: 0x000001ac3d3a2000

Marking Bits (Prev, Next): (CMBitMap*) 0x000001ac27791ac0, (CMBitMap*) 0x000001ac27791b00
 Prev Bits: [0x000001ac41bb0000, 0x000001ac45b40000)
 Next Bits: [0x000001ac45b40000, 0x000001ac49ad0000)

Polling page: 0x000001ac27820000

Metaspace:

Usage:
  Non-class:     12.40 MB used.
      Class:      1.88 MB used.
       Both:     14.28 MB used.

Virtual space:
  Non-class space:       16.00 MB reserved,      12.50 MB ( 78%) committed,  2 nodes.
      Class space:        1.00 GB reserved,       2.00 MB ( <1%) committed,  1 nodes.
             Both:        1.02 GB reserved,      14.50 MB (  1%) committed. 

Chunk freelists:
   Non-Class:  2.89 MB
       Class:  2.01 MB
        Both:  4.90 MB

MaxMetaspaceSize: unlimited
CompressedClassSpaceSize: 1.00 GB
Initial GC threshold: 21.00 MB
Current GC threshold: 21.00 MB
CDS: on
MetaspaceReclaimPolicy: balanced
 - commit_granule_bytes: 65536.
 - commit_granule_words: 8192.
 - virtual_space_node_default_size: 1048576.
 - enlarge_chunks_in_place: 1.
 - new_chunks_are_fully_committed: 0.
 - uncommit_free_chunks: 1.
 - use_allocation_guard: 0.
 - handle_deallocations: 1.


Internal statistics:

num_allocs_failed_limit: 0.
num_arena_births: 216.
num_arena_deaths: 0.
num_vsnodes_births: 3.
num_vsnodes_deaths: 0.
num_space_committed: 232.
num_space_uncommitted: 0.
num_chunks_returned_to_freelist: 0.
num_chunks_taken_from_freelist: 653.
num_chunk_merges: 0.
num_chunk_splits: 449.
num_chunks_enlarged: 353.
num_purges: 0.
num_inconsistent_stats: 0.

CodeHeap 'non-profiled nmethods': size=120000Kb used=1067Kb max_used=1067Kb free=118932Kb
 bounds [0x000001ac381f0000, 0x000001ac38460000, 0x000001ac3f720000]
CodeHeap 'profiled nmethods': size=120000Kb used=5338Kb max_used=5338Kb free=114661Kb
 bounds [0x000001ac30cc0000, 0x000001ac31200000, 0x000001ac381f0000]
CodeHeap 'non-nmethods': size=5760Kb used=1440Kb max_used=1463Kb free=4320Kb
 bounds [0x000001ac30720000, 0x000001ac30990000, 0x000001ac30cc0000]
 total_blobs=3663 nmethods=2860 adapters=714
 compilation: enabled
              stopped_count=0, restarted_count=0
 full_count=0

Compilation events (20 events):
Event: 15.499 Thread 0x000001ac4d411290 2852       3       javafx.beans.property.IntegerPropertyBase::get (29 bytes)
Event: 15.499 Thread 0x000001ac4d411290 nmethod 2852 0x000001ac311f2790 code [0x000001ac311f2940, 0x000001ac311f2d28]
Event: 15.547 Thread 0x000001ac4d411290 2853       3       javafx.scene.image.ImageView::getX (19 bytes)
Event: 15.547 Thread 0x000001ac4d411290 nmethod 2853 0x000001ac311f2e90 code [0x000001ac311f3060, 0x000001ac311f3428]
Event: 15.547 Thread 0x000001ac4d411290 2854       3       javafx.scene.image.ImageView::getY (19 bytes)
Event: 15.548 Thread 0x000001ac4d411290 nmethod 2854 0x000001ac311f3510 code [0x000001ac311f36e0, 0x000001ac311f3aa8]
Event: 15.713 Thread 0x000001ac4d411290 2855       3       java.lang.invoke.BoundMethodHandle::bindArgumentL (11 bytes)
Event: 15.713 Thread 0x000001ac4d411290 nmethod 2855 0x000001ac311f3b90 code [0x000001ac311f3d80, 0x000001ac311f4278]
Event: 15.713 Thread 0x000001ac4d411290 2856       3       java.lang.invoke.LambdaFormEditor::bindArgumentL (59 bytes)
Event: 15.713 Thread 0x000001ac4d411290 nmethod 2856 0x000001ac311f4490 code [0x000001ac311f4660, 0x000001ac311f4908]
Event: 15.714 Thread 0x000001ac4d411290 2857       3       jdk.internal.misc.Unsafe::shouldBeInitialized (18 bytes)
Event: 15.714 Thread 0x000001ac4d411290 nmethod 2857 0x000001ac311f4a10 code [0x000001ac311f4bc0, 0x000001ac311f4df8]
Event: 15.732 Thread 0x000001ac4d411290 2859       3       java.util.concurrent.CountDownLatch::getCount (9 bytes)
Event: 15.732 Thread 0x000001ac4d411290 nmethod 2859 0x000001ac311f4f10 code [0x000001ac311f50a0, 0x000001ac311f5238]
Event: 15.732 Thread 0x000001ac4d411290 2861       3       java.lang.invoke.DirectMethodHandle::shouldBeInitialized (127 bytes)
Event: 15.733 Thread 0x000001ac4d411290 nmethod 2861 0x000001ac311f5310 code [0x000001ac311f5580, 0x000001ac311f5f78]
Event: 15.733 Thread 0x000001ac4d411290 2860       3       java.util.concurrent.CountDownLatch$Sync::getCount (5 bytes)
Event: 15.733 Thread 0x000001ac4d411290 nmethod 2860 0x000001ac311f6210 code [0x000001ac311f63a0, 0x000001ac311f64b8]
Event: 15.740 Thread 0x000001ac4d411290 2862       3       java.util.LinkedList$ListItr::hasNext (20 bytes)
Event: 15.740 Thread 0x000001ac4d411290 nmethod 2862 0x000001ac311f6590 code [0x000001ac311f6720, 0x000001ac311f6898]

GC Heap History (6 events):
Event: 0.524 GC heap before
{Heap before GC invocations=0 (full 0):
 garbage-first heap   total 262144K, used 20480K [0x0000000701c00000, 0x0000000800000000)
  region size 2048K, 11 young (22528K), 0 survivors (0K)
 Metaspace       used 4711K, committed 4864K, reserved 1056768K
  class space    used 525K, committed 576K, reserved 1048576K
}
Event: 0.527 GC heap after
{Heap after GC invocations=1 (full 0):
 garbage-first heap   total 262144K, used 2974K [0x0000000701c00000, 0x0000000800000000)
  region size 2048K, 2 young (4096K), 2 survivors (4096K)
 Metaspace       used 4711K, committed 4864K, reserved 1056768K
  class space    used 525K, committed 576K, reserved 1048576K
}
Event: 7.862 GC heap before
{Heap before GC invocations=1 (full 0):
 garbage-first heap   total 262144K, used 91038K [0x0000000701c00000, 0x0000000800000000)
  region size 2048K, 21 young (43008K), 2 survivors (4096K)
 Metaspace       used 13829K, committed 14080K, reserved 1064960K
  class space    used 1860K, committed 1984K, reserved 1048576K
}
Event: 7.866 GC heap after
{Heap after GC invocations=2 (full 0):
 garbage-first heap   total 262144K, used 63205K [0x0000000701c00000, 0x0000000800000000)
  region size 2048K, 3 young (6144K), 3 survivors (6144K)
 Metaspace       used 13829K, committed 14080K, reserved 1064960K
  class space    used 1860K, committed 1984K, reserved 1048576K
}
Event: 11.147 GC heap before
{Heap before GC invocations=2 (full 0):
 garbage-first heap   total 262144K, used 118501K [0x0000000701c00000, 0x0000000800000000)
  region size 2048K, 31 young (63488K), 3 survivors (6144K)
 Metaspace       used 14336K, committed 14592K, reserved 1064960K
  class space    used 1907K, committed 2048K, reserved 1048576K
}
Event: 11.155 GC heap after
{Heap after GC invocations=3 (full 0):
 garbage-first heap   total 262144K, used 112553K [0x0000000701c00000, 0x0000000800000000)
  region size 2048K, 4 young (8192K), 4 survivors (8192K)
 Metaspace       used 14336K, committed 14592K, reserved 1064960K
  class space    used 1907K, committed 2048K, reserved 1048576K
}

Deoptimization events (20 events):
Event: 7.879 Thread 0x000001ac4c8075b0 DEOPT PACKING pc=0x000001ac31070745 sp=0x000000589e4fb610
Event: 7.879 Thread 0x000001ac4c8075b0 DEOPT UNPACKING pc=0x000001ac30772b43 sp=0x000000589e4faaa8 mode 0
Event: 7.879 Thread 0x000001ac4c8075b0 DEOPT PACKING pc=0x000001ac31070745 sp=0x000000589e4fb610
Event: 7.879 Thread 0x000001ac4c8075b0 DEOPT UNPACKING pc=0x000001ac30772b43 sp=0x000000589e4faaa8 mode 0
Event: 7.910 Thread 0x000001ac4c8075b0 DEOPT PACKING pc=0x000001ac3107aeff sp=0x000000589e4fb6c0
Event: 7.910 Thread 0x000001ac4c8075b0 DEOPT UNPACKING pc=0x000001ac30772b43 sp=0x000000589e4fab50 mode 0
Event: 7.910 Thread 0x000001ac4c8075b0 Uncommon trap: trap_request=0xffffff45 fr.pc=0x000001ac382c22d0 relative=0x00000000000006b0
Event: 7.910 Thread 0x000001ac4c8075b0 Uncommon trap: reason=unstable_if action=reinterpret pc=0x000001ac382c22d0 method=com.sun.javafx.image.impl.ByteBgra$ToByteBgraPreConv.doConvert([BII[BIIII)V @ 31 c2
Event: 7.910 Thread 0x000001ac4c8075b0 DEOPT PACKING pc=0x000001ac382c22d0 sp=0x000000589e4fb680
Event: 7.910 Thread 0x000001ac4c8075b0 DEOPT UNPACKING pc=0x000001ac307723a3 sp=0x000000589e4fb650 mode 2
Event: 7.954 Thread 0x000001ac4c8075b0 DEOPT PACKING pc=0x000001ac3107c19b sp=0x000000589e4fb6c0
Event: 7.954 Thread 0x000001ac4c8075b0 DEOPT UNPACKING pc=0x000001ac30772b43 sp=0x000000589e4fab50 mode 0
Event: 7.954 Thread 0x000001ac4c8075b0 Uncommon trap: trap_request=0xffffff45 fr.pc=0x000001ac382c3b18 relative=0x0000000000000c78
Event: 7.954 Thread 0x000001ac4c8075b0 Uncommon trap: reason=unstable_if action=reinterpret pc=0x000001ac382c3b18 method=com.sun.javafx.image.impl.BaseByteToByteConverter$FourByteReorderer.doConvert([BII[BIIII)V @ 31 c2
Event: 7.954 Thread 0x000001ac4c8075b0 DEOPT PACKING pc=0x000001ac382c3b18 sp=0x000000589e4fb680
Event: 7.954 Thread 0x000001ac4c8075b0 DEOPT UNPACKING pc=0x000001ac307723a3 sp=0x000000589e4fb650 mode 2
Event: 7.972 Thread 0x000001ac4c8075b0 Uncommon trap: trap_request=0xffffffc6 fr.pc=0x000001ac382859d0 relative=0x00000000000011d0
Event: 7.972 Thread 0x000001ac4c8075b0 Uncommon trap: reason=bimorphic_or_optimized_type_check action=maybe_recompile pc=0x000001ac382859d0 method=java.util.HashMap.putVal(ILjava/lang/Object;Ljava/lang/Object;ZZ)Ljava/lang/Object; @ 91 c2
Event: 7.972 Thread 0x000001ac4c8075b0 DEOPT PACKING pc=0x000001ac382859d0 sp=0x000000589e4fbbb0
Event: 7.972 Thread 0x000001ac4c8075b0 DEOPT UNPACKING pc=0x000001ac307723a3 sp=0x000000589e4fbae8 mode 2

Classes unloaded (0 events):
No events

Classes redefined (0 events):
No events

Internal exceptions (20 events):
Event: 5.862 Thread 0x000001ac4c8075b0 Exception <a 'java/lang/NoSuchMethodError'{0x000000071124c820}: 'java.lang.Object java.lang.invoke.DirectMethodHandle$Holder.invokeStatic(java.lang.Object, int, java.lang.Object)'> (0x000000071124c820) 
thrown [t:\workspace\open\src\hotspot\share\interpreter\linkResolver.cpp, line 766]
Event: 5.864 Thread 0x000001ac4c8075b0 Exception <a 'java/lang/ClassNotFoundException'{0x000000071125fb00}: sun/util/logging/resources/spi/loggingProvider> (0x000000071125fb00) 
thrown [t:\workspace\open\src\hotspot\share\classfile\systemDictionary.cpp, line 256]
Event: 5.962 Thread 0x000001ac4c8075b0 Exception <a 'java/lang/ClassNotFoundException'{0x00000007111a3ee0}: com/sun/glass/ui/win/themes> (0x00000007111a3ee0) 
thrown [t:\workspace\open\src\hotspot\share\prims\jni.cpp, line 535]
Event: 5.962 Thread 0x000001ac4c8075b0 Exception <a 'java/lang/ClassNotFoundException'{0x00000007111ac178}: com/sun/glass/ui/win/themes_en> (0x00000007111ac178) 
thrown [t:\workspace\open\src\hotspot\share\prims\jni.cpp, line 535]
Event: 5.962 Thread 0x000001ac4c8075b0 Exception <a 'java/lang/ClassNotFoundException'{0x0000000710e05148}: com/sun/glass/ui/win/themes_en_GB> (0x0000000710e05148) 
thrown [t:\workspace\open\src\hotspot\share\prims\jni.cpp, line 535]
Event: 6.003 Thread 0x000001ac4c8075b0 Exception <a 'java/lang/NoSuchMethodError'{0x0000000710af2410}: 'void java.lang.invoke.DirectMethodHandle$Holder.invokeStaticInit(java.lang.Object, java.lang.Object)'> (0x0000000710af2410) 
thrown [t:\workspace\open\src\hotspot\share\interpreter\linkResolver.cpp, line 766]
Event: 6.051 Thread 0x000001ac4c8075b0 Implicit null exception at 0x000001ac38265b10 to 0x000001ac38265f4c
Event: 6.057 Thread 0x000001ac4c8075b0 Implicit null exception at 0x000001ac38266b0b to 0x000001ac38266f34
Event: 6.057 Thread 0x000001ac4c8075b0 Implicit null exception at 0x000001ac38215b8f to 0x000001ac38215c09
Event: 6.125 Thread 0x000001ac4c8075b0 Exception <a 'java/lang/NoSuchMethodError'{0x000000070fc72940}: 'java.lang.Object java.lang.invoke.DirectMethodHandle$Holder.invokeInterface(java.lang.Object, java.lang.Object, java.lang.Object)'> (0x000000070fc72940) 
thrown [t:\workspace\open\src\hotspot\share\interpreter\linkResolver.cpp, line 766]
Event: 6.125 Thread 0x000001ac4c8075b0 Exception <a 'java/lang/IncompatibleClassChangeError'{0x000000070fc762c8}: Found class java.lang.Object, but interface was expected> (0x000000070fc762c8) 
thrown [t:\workspace\open\src\hotspot\share\interpreter\linkResolver.cpp, line 833]
Event: 6.157 Thread 0x000001ac4c8075b0 Exception <a 'java/lang/NoSuchMethodError'{0x000000070fa5fa78}: 'java.lang.Object java.lang.invoke.DirectMethodHandle$Holder.newInvokeSpecial(java.lang.Object, java.lang.Object, int)'> (0x000000070fa5fa78) 
thrown [t:\workspace\open\src\hotspot\share\interpreter\linkResolver.cpp, line 766]
Event: 6.174 Thread 0x000001ac4c807a80 Exception <a 'java/lang/NoSuchMethodError'{0x000000070faf1de8}: 'int java.lang.invoke.DirectMethodHandle$Holder.invokeStaticInit(java.lang.Object, java.lang.Object)'> (0x000000070faf1de8) 
thrown [t:\workspace\open\src\hotspot\share\interpreter\linkResolver.cpp, line 766]
Event: 7.724 Thread 0x000001ac4c8075b0 Exception <a 'java/lang/NoSuchMethodError'{0x000000070f76b4b8}: 'long java.lang.invoke.DirectMethodHandle$Holder.invokeStatic(java.lang.Object, java.lang.Object, java.lang.Object)'> (0x000000070f76b4b8) 
thrown [t:\workspace\open\src\hotspot\share\interpreter\linkResolver.cpp, line 766]
Event: 7.725 Thread 0x000001ac4c8075b0 Exception <a 'java/lang/NoSuchMethodError'{0x000000070f76ec60}: 'long java.lang.invoke.DirectMethodHandle$Holder.invokeStaticInit(java.lang.Object, java.lang.Object, java.lang.Object)'> (0x000000070f76ec60) 
thrown [t:\workspace\open\src\hotspot\share\interpreter\linkResolver.cpp, line 766]
Event: 7.726 Thread 0x000001ac4c8075b0 Exception <a 'java/lang/NoSuchMethodError'{0x000000070f786868}: 'java.lang.Object java.lang.invoke.DirectMethodHandle$Holder.newInvokeSpecial(java.lang.Object, java.lang.Object, long)'> (0x000000070f786868) 
thrown [t:\workspace\open\src\hotspot\share\interpreter\linkResolver.cpp, line 766]
Event: 7.726 Thread 0x000001ac4c8075b0 Exception <a 'java/lang/NoSuchMethodError'{0x000000070f78a3d8}: 'java.lang.Object java.lang.invoke.Invokers$Holder.linkToTargetMethod(java.lang.Object, long, java.lang.Object)'> (0x000000070f78a3d8) 
thrown [t:\workspace\open\src\hotspot\share\interpreter\linkResolver.cpp, line 766]
Event: 14.699 Thread 0x000001ac4c8075b0 Exception <a 'java/lang/NoSuchMethodError'{0x0000000711b882b0}: 'java.lang.Object java.lang.invoke.DirectMethodHandle$Holder.newInvokeSpecial(java.lang.Object, java.lang.Object, int, int, int, int, int, java.lang.Object)'> (0x0000000711b882b0) 
thrown [t:\workspace\open\src\hotspot\share\interpreter\linkResolver.cpp, line 766]
Event: 14.700 Thread 0x000001ac4c8075b0 Exception <a 'java/lang/NoSuchMethodError'{0x0000000711b9b290}: 'java.lang.Object java.lang.invoke.DirectMethodHandle$Holder.newInvokeSpecial(java.lang.Object, java.lang.Object, java.lang.Object, int, int, int, int, int)'> (0x0000000711b9b290) 
thrown [t:\workspace\open\src\hotspot\share\interpreter\linkResolver.cpp, line 766]
Event: 14.701 Thread 0x000001ac4c8075b0 Exception <a 'java/lang/NoSuchMethodError'{0x0000000711ba2af0}: 'java.lang.Object java.lang.invoke.Invokers$Holder.linkToTargetMethod(java.lang.Object, java.lang.Object, int, int, int, int, int, java.lang.Object)'> (0x0000000711ba2af0) 
thrown [t:\workspace\open\src\hotspot\share\interpreter\linkResolver.cpp, line 766]

VM Operations (20 events):
Event: 7.862 Executing VM operation: G1CollectForAllocation
Event: 7.866 Executing VM operation: G1CollectForAllocation done
Event: 7.973 Executing VM operation: HandshakeAllThreads
Event: 7.973 Executing VM operation: HandshakeAllThreads done
Event: 8.973 Executing VM operation: Cleanup
Event: 8.973 Executing VM operation: Cleanup done
Event: 10.974 Executing VM operation: Cleanup
Event: 10.974 Executing VM operation: Cleanup done
Event: 11.147 Executing VM operation: G1CollectForAllocation
Event: 11.155 Executing VM operation: G1CollectForAllocation done
Event: 12.156 Executing VM operation: Cleanup
Event: 12.156 Executing VM operation: Cleanup done
Event: 13.156 Executing VM operation: Cleanup
Event: 13.156 Executing VM operation: Cleanup done
Event: 14.156 Executing VM operation: Cleanup
Event: 14.156 Executing VM operation: Cleanup done
Event: 15.157 Executing VM operation: Cleanup
Event: 15.157 Executing VM operation: Cleanup done
Event: 16.158 Executing VM operation: Cleanup
Event: 16.158 Executing VM operation: Cleanup done

Events (20 events):
Event: 7.971 loading class java/lang/Byte$ByteCache
Event: 7.971 loading class java/lang/Byte$ByteCache done
Event: 7.971 loading class java/lang/Short$ShortCache
Event: 7.972 loading class java/lang/Short$ShortCache done
Event: 7.975 Thread 0x000001ac4d91bc60 Thread added: 0x000001ac4d91bc60
Event: 7.975 Thread 0x000001ac4d91bc60 Thread exited: 0x000001ac4d91bc60
Event: 8.204 Thread 0x000001ac4e142100 Thread exited: 0x000001ac4e142100
Event: 15.740 Thread 0x000001ac4c808dc0 Thread exited: 0x000001ac4c808dc0
Event: 15.740 Thread 0x000001ac27741aa0 Thread exited: 0x000001ac27741aa0
Event: 15.740 Thread 0x000001ac4d91f620 Thread added: 0x000001ac4d91f620
Event: 15.742 Thread 0x000001ac4c8075b0 Thread exited: 0x000001ac4c8075b0
Event: 15.760 Thread 0x000001ac4c807a80 Thread exited: 0x000001ac4c807a80
Event: 450.698 loading class jdk/internal/misc/Signal$1
Event: 450.698 loading class jdk/internal/misc/Signal$1 done
Event: 450.699 Thread 0x000001ac4d91faf0 Thread added: 0x000001ac4d91faf0
Event: 450.699 Thread 0x000001ac4d91ffc0 Thread added: 0x000001ac4d91ffc0
Event: 450.699 Thread 0x000001ac4d91d470 Thread added: 0x000001ac4d91d470
Event: 450.699 Thread 0x000001ac4d91c600 Thread added: 0x000001ac4d91c600
Event: 450.699 Thread 0x000001ac4d91d470 Thread exited: 0x000001ac4d91d470
Event: 450.699 Thread 0x000001ac4d91c600 Thread exited: 0x000001ac4d91c600


Dynamic libraries:
0x00007ff720050000 - 0x00007ff720060000 	C:\Program Files\Java\jdk-17.0.1\bin\java.exe
0x00007ffa7f810000 - 0x00007ffa7fa05000 	C:\Windows\SYSTEM32\ntdll.dll
0x00007ffa7f120000 - 0x00007ffa7f1dd000 	C:\Windows\System32\KERNEL32.DLL
0x00007ffa7d1c0000 - 0x00007ffa7d48d000 	C:\Windows\System32\KERNELBASE.dll
0x00007ffa7d760000 - 0x00007ffa7d860000 	C:\Windows\System32\ucrtbase.dll
0x00007ffa75ba0000 - 0x00007ffa75bba000 	C:\Program Files\Java\jdk-17.0.1\bin\VCRUNTIME140.dll
0x00007ffa75bc0000 - 0x00007ffa75bd8000 	C:\Program Files\Java\jdk-17.0.1\bin\jli.dll
0x00007ffa7e7c0000 - 0x00007ffa7e86e000 	C:\Windows\System32\ADVAPI32.dll
0x00007ffa7d990000 - 0x00007ffa7da2e000 	C:\Windows\System32\msvcrt.dll
0x00007ffa7da30000 - 0x00007ffa7dacc000 	C:\Windows\System32\sechost.dll
0x00007ffa7d860000 - 0x00007ffa7d985000 	C:\Windows\System32\RPCRT4.dll
0x00007ffa7e8d0000 - 0x00007ffa7ea70000 	C:\Windows\System32\USER32.dll
0x00007ffa66690000 - 0x00007ffa6692a000 	C:\Windows\WinSxS\amd64_microsoft.windows.common-controls_6595b64144ccf1df_6.0.19041.1110_none_60b5254171f9507e\COMCTL32.dll
0x00007ffa7d160000 - 0x00007ffa7d182000 	C:\Windows\System32\win32u.dll
0x00007ffa7ea70000 - 0x00007ffa7ea9a000 	C:\Windows\System32\GDI32.dll
0x00007ffa7cf20000 - 0x00007ffa7d02b000 	C:\Windows\System32\gdi32full.dll
0x00007ffa7d0c0000 - 0x00007ffa7d15d000 	C:\Windows\System32\msvcp_win.dll
0x00007ffa76cd0000 - 0x00007ffa76cda000 	C:\Windows\SYSTEM32\VERSION.dll
0x00007ffa7e540000 - 0x00007ffa7e570000 	C:\Windows\System32\IMM32.DLL
0x00007ffa78de0000 - 0x00007ffa78dec000 	C:\Program Files\Java\jdk-17.0.1\bin\vcruntime140_1.dll
0x00007ffa57400000 - 0x00007ffa5748d000 	C:\Program Files\Java\jdk-17.0.1\bin\msvcp140.dll
0x00007ffa103a0000 - 0x00007ffa10f5e000 	C:\Program Files\Java\jdk-17.0.1\bin\server\jvm.dll
0x00007ffa7e530000 - 0x00007ffa7e538000 	C:\Windows\System32\PSAPI.DLL
0x00007ffa5c730000 - 0x00007ffa5c739000 	C:\Windows\SYSTEM32\WSOCK32.dll
0x00007ffa77890000 - 0x00007ffa778b7000 	C:\Windows\SYSTEM32\WINMM.dll
0x00007ffa7ef20000 - 0x00007ffa7ef8b000 	C:\Windows\System32\WS2_32.dll
0x00007ffa7ae00000 - 0x00007ffa7ae12000 	C:\Windows\SYSTEM32\kernel.appcore.dll
0x00007ffa77c10000 - 0x00007ffa77c1a000 	C:\Program Files\Java\jdk-17.0.1\bin\jimage.dll
0x00007ffa74d00000 - 0x00007ffa74ee4000 	C:\Windows\SYSTEM32\DBGHELP.DLL
0x00007ffa5c620000 - 0x00007ffa5c64c000 	C:\Windows\SYSTEM32\dbgcore.DLL
0x00007ffa7d030000 - 0x00007ffa7d0b2000 	C:\Windows\System32\bcryptPrimitives.dll
0x00007ffa75b90000 - 0x00007ffa75b9e000 	C:\Program Files\Java\jdk-17.0.1\bin\instrument.dll
0x00007ffa70810000 - 0x00007ffa70835000 	C:\Program Files\Java\jdk-17.0.1\bin\java.dll
0x00007ffa44610000 - 0x00007ffa446e6000 	C:\Program Files\Java\jdk-17.0.1\bin\svml.dll
0x00007ffa7dd10000 - 0x00007ffa7e454000 	C:\Windows\System32\SHELL32.dll
0x00007ffa7b000000 - 0x00007ffa7b794000 	C:\Windows\SYSTEM32\windows.storage.dll
0x00007ffa7f2c0000 - 0x00007ffa7f614000 	C:\Windows\System32\combase.dll
0x00007ffa7c980000 - 0x00007ffa7c9ac000 	C:\Windows\SYSTEM32\Wldp.dll
0x00007ffa7dbe0000 - 0x00007ffa7dc8d000 	C:\Windows\System32\SHCORE.dll
0x00007ffa7dcb0000 - 0x00007ffa7dd05000 	C:\Windows\System32\shlwapi.dll
0x00007ffa7ce60000 - 0x00007ffa7ce7f000 	C:\Windows\SYSTEM32\profapi.dll
0x00007ffa707f0000 - 0x00007ffa70809000 	C:\Program Files\Java\jdk-17.0.1\bin\net.dll
0x00007ffa74360000 - 0x00007ffa7446a000 	C:\Windows\SYSTEM32\WINHTTP.dll
0x00007ffa7c6a0000 - 0x00007ffa7c70a000 	C:\Windows\system32\mswsock.dll
0x00007ffa707d0000 - 0x00007ffa707e5000 	C:\Program Files\Java\jdk-17.0.1\bin\nio.dll
0x00007ffa6e530000 - 0x00007ffa6e548000 	C:\Program Files\Java\jdk-17.0.1\bin\zip.dll
0x00007ffa6bf40000 - 0x00007ffa6bf5a000 	C:\Program Files\JetBrains\IntelliJ IDEA 2021.2.3\bin\breakgen64.dll
0x000001ac4c930000 - 0x000001ac4c933000 	C:\Users\nbalj\.openjfx\cache\17.0.0.1\api-ms-win-core-console-l1-1-0.dll
0x000001ac4c940000 - 0x000001ac4c943000 	C:\Users\nbalj\.openjfx\cache\17.0.0.1\api-ms-win-core-console-l1-2-0.dll
0x000001ac4c950000 - 0x000001ac4c953000 	C:\Users\nbalj\.openjfx\cache\17.0.0.1\api-ms-win-core-datetime-l1-1-0.dll
0x000001ac4c960000 - 0x000001ac4c963000 	C:\Users\nbalj\.openjfx\cache\17.0.0.1\api-ms-win-core-debug-l1-1-0.dll
0x000001ac4c970000 - 0x000001ac4c973000 	C:\Users\nbalj\.openjfx\cache\17.0.0.1\api-ms-win-core-errorhandling-l1-1-0.dll
0x000001ac4c980000 - 0x000001ac4c984000 	C:\Users\nbalj\.openjfx\cache\17.0.0.1\api-ms-win-core-file-l1-1-0.dll
0x000001ac4c990000 - 0x000001ac4c993000 	C:\Users\nbalj\.openjfx\cache\17.0.0.1\api-ms-win-core-file-l1-2-0.dll
0x000001ac4c9a0000 - 0x000001ac4c9a3000 	C:\Users\nbalj\.openjfx\cache\17.0.0.1\api-ms-win-core-file-l2-1-0.dll
0x000001ac4c9b0000 - 0x000001ac4c9b3000 	C:\Users\nbalj\.openjfx\cache\17.0.0.1\api-ms-win-core-handle-l1-1-0.dll
0x000001ac4c9c0000 - 0x000001ac4c9c3000 	C:\Users\nbalj\.openjfx\cache\17.0.0.1\api-ms-win-core-heap-l1-1-0.dll
0x000001ac4c9d0000 - 0x000001ac4c9d3000 	C:\Users\nbalj\.openjfx\cache\17.0.0.1\api-ms-win-core-interlocked-l1-1-0.dll
0x000001ac4c9e0000 - 0x000001ac4c9e3000 	C:\Users\nbalj\.openjfx\cache\17.0.0.1\api-ms-win-core-libraryloader-l1-1-0.dll
0x000001ac4c9f0000 - 0x000001ac4c9f3000 	C:\Users\nbalj\.openjfx\cache\17.0.0.1\api-ms-win-core-localization-l1-2-0.dll
0x000001ac4ca00000 - 0x000001ac4ca03000 	C:\Users\nbalj\.openjfx\cache\17.0.0.1\api-ms-win-core-memory-l1-1-0.dll
0x000001ac4ca10000 - 0x000001ac4ca13000 	C:\Users\nbalj\.openjfx\cache\17.0.0.1\api-ms-win-core-namedpipe-l1-1-0.dll
0x000001ac4ca20000 - 0x000001ac4ca23000 	C:\Users\nbalj\.openjfx\cache\17.0.0.1\api-ms-win-core-processenvironment-l1-1-0.dll
0x000001ac4ca30000 - 0x000001ac4ca33000 	C:\Users\nbalj\.openjfx\cache\17.0.0.1\api-ms-win-core-processthreads-l1-1-0.dll
0x000001ac4ca40000 - 0x000001ac4ca43000 	C:\Users\nbalj\.openjfx\cache\17.0.0.1\api-ms-win-core-processthreads-l1-1-1.dll
0x000001ac4ca50000 - 0x000001ac4ca53000 	C:\Users\nbalj\.openjfx\cache\17.0.0.1\api-ms-win-core-profile-l1-1-0.dll
0x000001ac4ca60000 - 0x000001ac4ca63000 	C:\Users\nbalj\.openjfx\cache\17.0.0.1\api-ms-win-core-rtlsupport-l1-1-0.dll
0x000001ac4ca70000 - 0x000001ac4ca73000 	C:\Users\nbalj\.openjfx\cache\17.0.0.1\api-ms-win-core-string-l1-1-0.dll
0x000001ac4ca80000 - 0x000001ac4ca83000 	C:\Users\nbalj\.openjfx\cache\17.0.0.1\api-ms-win-core-synch-l1-1-0.dll
0x000001ac4ca90000 - 0x000001ac4ca93000 	C:\Users\nbalj\.openjfx\cache\17.0.0.1\api-ms-win-core-synch-l1-2-0.dll
0x000001ac4caa0000 - 0x000001ac4caa3000 	C:\Users\nbalj\.openjfx\cache\17.0.0.1\api-ms-win-core-sysinfo-l1-1-0.dll
0x000001ac4cab0000 - 0x000001ac4cab3000 	C:\Users\nbalj\.openjfx\cache\17.0.0.1\api-ms-win-core-timezone-l1-1-0.dll
0x000001ac4cac0000 - 0x000001ac4cac3000 	C:\Users\nbalj\.openjfx\cache\17.0.0.1\api-ms-win-core-util-l1-1-0.dll
0x000001ac4cad0000 - 0x000001ac4cad3000 	C:\Users\nbalj\.openjfx\cache\17.0.0.1\api-ms-win-crt-conio-l1-1-0.dll
0x000001ac4cae0000 - 0x000001ac4cae4000 	C:\Users\nbalj\.openjfx\cache\17.0.0.1\api-ms-win-crt-convert-l1-1-0.dll
0x000001ac4caf0000 - 0x000001ac4caf3000 	C:\Users\nbalj\.openjfx\cache\17.0.0.1\api-ms-win-crt-environment-l1-1-0.dll
0x000001ac4cb00000 - 0x000001ac4cb03000 	C:\Users\nbalj\.openjfx\cache\17.0.0.1\api-ms-win-crt-filesystem-l1-1-0.dll
0x000001ac4cb10000 - 0x000001ac4cb13000 	C:\Users\nbalj\.openjfx\cache\17.0.0.1\api-ms-win-crt-heap-l1-1-0.dll
0x000001ac4cb20000 - 0x000001ac4cb23000 	C:\Users\nbalj\.openjfx\cache\17.0.0.1\api-ms-win-crt-locale-l1-1-0.dll
0x000001ac4cb30000 - 0x000001ac4cb35000 	C:\Users\nbalj\.openjfx\cache\17.0.0.1\api-ms-win-crt-math-l1-1-0.dll
0x000001ac4cb40000 - 0x000001ac4cb45000 	C:\Users\nbalj\.openjfx\cache\17.0.0.1\api-ms-win-crt-multibyte-l1-1-0.dll
0x000001ac4cb50000 - 0x000001ac4cb60000 	C:\Users\nbalj\.openjfx\cache\17.0.0.1\api-ms-win-crt-private-l1-1-0.dll
0x000001ac4cb60000 - 0x000001ac4cb63000 	C:\Users\nbalj\.openjfx\cache\17.0.0.1\api-ms-win-crt-process-l1-1-0.dll
0x000001ac4cb70000 - 0x000001ac4cb74000 	C:\Users\nbalj\.openjfx\cache\17.0.0.1\api-ms-win-crt-runtime-l1-1-0.dll
0x000001ac4cb80000 - 0x000001ac4cb84000 	C:\Users\nbalj\.openjfx\cache\17.0.0.1\api-ms-win-crt-stdio-l1-1-0.dll
0x000001ac4cb90000 - 0x000001ac4cb94000 	C:\Users\nbalj\.openjfx\cache\17.0.0.1\api-ms-win-crt-string-l1-1-0.dll
0x000001ac4cba0000 - 0x000001ac4cba3000 	C:\Users\nbalj\.openjfx\cache\17.0.0.1\api-ms-win-crt-time-l1-1-0.dll
0x000001ac4cbb0000 - 0x000001ac4cbb3000 	C:\Users\nbalj\.openjfx\cache\17.0.0.1\api-ms-win-crt-utility-l1-1-0.dll
0x00007ffa102a0000 - 0x00007ffa1039c000 	C:\Users\nbalj\.openjfx\cache\17.0.0.1\ucrtbase.dll
0x00007ffa67ac0000 - 0x00007ffa67ada000 	C:\Users\nbalj\.openjfx\cache\17.0.0.1\vcruntime140.dll
0x00007ffa67ab0000 - 0x00007ffa67abc000 	C:\Users\nbalj\.openjfx\cache\17.0.0.1\vcruntime140_1.dll
0x00007ffa44580000 - 0x00007ffa4460d000 	C:\Users\nbalj\.openjfx\cache\17.0.0.1\msvcp140.dll
0x00007ffa58250000 - 0x00007ffa5827a000 	C:\Users\nbalj\.openjfx\cache\17.0.0.1\prism_d3d.dll
0x00007ffa6fb80000 - 0x00007ffa6fd4f000 	C:\Windows\system32\d3d9.dll
0x00007ffa7ab10000 - 0x00007ffa7ab3f000 	C:\Windows\SYSTEM32\dwmapi.dll
0x00007ffa7a830000 - 0x00007ffa7a8ce000 	C:\Windows\system32\uxtheme.dll
0x00007ffa7cb10000 - 0x00007ffa7cb22000 	C:\Windows\SYSTEM32\msasn1.dll
0x00007ffa76820000 - 0x00007ffa76851000 	C:\Windows\SYSTEM32\cryptnet.dll
0x00007ffa7d490000 - 0x00007ffa7d5e6000 	C:\Windows\System32\CRYPT32.dll
0x00007ffa731d0000 - 0x00007ffa73318000 	C:\Windows\SYSTEM32\drvstore.dll
0x00007ffa7ccd0000 - 0x00007ffa7ccfc000 	C:\Windows\SYSTEM32\devobj.dll
0x00007ffa7d5f0000 - 0x00007ffa7d63e000 	C:\Windows\System32\cfgmgr32.dll
0x00007ffa7c8d0000 - 0x00007ffa7c8dc000 	C:\Windows\SYSTEM32\cryptbase.dll
0x00007ffa7d640000 - 0x00007ffa7d6a8000 	C:\Windows\System32\WINTRUST.DLL
0x00007ffa7dc90000 - 0x00007ffa7dcad000 	C:\Windows\System32\imagehlp.dll
0x00007ffa7c8b0000 - 0x00007ffa7c8c8000 	C:\Windows\SYSTEM32\CRYPTSP.dll
0x00007ffa7bfb0000 - 0x00007ffa7bfe4000 	C:\Windows\system32\rsaenh.dll
0x00007ffa7d190000 - 0x00007ffa7d1b7000 	C:\Windows\System32\bcrypt.dll
0x00007ffa42da0000 - 0x00007ffa42de2000 	C:\Users\nbalj\.openjfx\cache\17.0.0.1\glass.dll
0x00007ffa7f1e0000 - 0x00007ffa7f2bb000 	C:\Windows\System32\COMDLG32.dll
0x00007ffa7ef90000 - 0x00007ffa7f0ba000 	C:\Windows\System32\ole32.dll
0x00007ffa7e460000 - 0x00007ffa7e52d000 	C:\Windows\System32\OLEAUT32.dll
0x00007ffa7e6a0000 - 0x00007ffa7e7b5000 	C:\Windows\System32\MSCTF.dll
0x00007ffa31d10000 - 0x00007ffa31fd7000 	C:\Windows\system32\nvspcap64.dll
0x00007ffa7bbe0000 - 0x00007ffa7bc13000 	C:\Windows\SYSTEM32\ntmarta.dll
0x00007ffa7b7b0000 - 0x00007ffa7b7d3000 	C:\Windows\SYSTEM32\gpapi.dll
0x00007ffa73190000 - 0x00007ffa731cb000 	C:\Windows\SYSTEM32\dxcore.dll
0x00007ffa44830000 - 0x00007ffa44864000 	C:\Users\nbalj\AppData\Local\Temp\jSerialComm\1653127277291-jSerialComm.dll
0x00007ffa7eaa0000 - 0x00007ffa7ef11000 	C:\Windows\System32\SETUPAPI.dll
0x00007ffa58220000 - 0x00007ffa5824d000 	C:\Users\nbalj\.openjfx\cache\17.0.0.1\javafx_iio.dll
0x00007ffa67a90000 - 0x00007ffa67aa4000 	C:\Users\nbalj\.openjfx\cache\17.0.0.1\javafx_font.dll
0x00007ffa4c490000 - 0x00007ffa4c70f000 	C:\Windows\SYSTEM32\dwrite.dll
0x00007ffa7e570000 - 0x00007ffa7e619000 	C:\Windows\System32\clbcatq.dll
0x00007ffa765d0000 - 0x00007ffa76784000 	C:\Windows\SYSTEM32\WindowsCodecs.dll
0x00007ffa70970000 - 0x00007ffa70a69000 	C:\Windows\SYSTEM32\textinputframework.dll
0x00007ffa7a510000 - 0x00007ffa7a602000 	C:\Windows\System32\CoreMessaging.dll
0x00007ffa7a1b0000 - 0x00007ffa7a50e000 	C:\Windows\System32\CoreUIComponents.dll
0x00007ffa79ae0000 - 0x00007ffa79c34000 	C:\Windows\SYSTEM32\wintypes.dll

dbghelp: loaded successfully - version: 4.0.5 - missing functions: none
symbol engine: initialized successfully - sym options: 0x614 - pdb path: .;C:\Program Files\Java\jdk-17.0.1\bin;C:\Windows\SYSTEM32;C:\Windows\WinSxS\amd64_microsoft.windows.common-controls_6595b64144ccf1df_6.0.19041.1110_none_60b5254171f9507e;C:\Program Files\Java\jdk-17.0.1\bin\server;C:\Program Files\JetBrains\IntelliJ IDEA 2021.2.3\bin;C:\Users\nbalj\.openjfx\cache\17.0.0.1;C:\Windows\System32\DriverStore\FileRepository\nv_dispi.inf_amd64_c0e159863e7afdde;C:\Users\nbalj\AppData\Local\Temp\jSerialComm

VM Arguments:
jvm_args: -javaagent:C:\Program Files\JetBrains\IntelliJ IDEA 2021.2.3\lib\idea_rt.jar=62431:C:\Program Files\JetBrains\IntelliJ IDEA 2021.2.3\bin -Dfile.encoding=UTF-8 --module-path=C:\Users\nbalj\.m2\repository\com\fazecast\jSerialComm\2.9.1\jSerialComm-2.9.1.jar;C:\Users\nbalj\.m2\repository\org\openjfx\javafx-controls\17.0.0.1\javafx-controls-17.0.0.1-win.jar;C:\Users\nbalj\Documents\GitHub\project3-4\CodePC\ProjectGUI\target\classes;C:\Users\nbalj\.m2\repository\org\kordamp\ikonli\ikonli-javafx\12.2.0\ikonli-javafx-12.2.0.jar;C:\Users\nbalj\.m2\repository\org\openjfx\javafx-graphics\17.0.0.1\javafx-graphics-17.0.0.1-win.jar;C:\Users\nbalj\.m2\repository\org\openjfx\javafx-web\17.0.0.1\javafx-web-17.0.0.1-win.jar;C:\Users\nbalj\.m2\repository\org\openjfx\javafx-fxml\17.0.0.1\javafx-fxml-17.0.0.1-win.jar;C:\Users\nbalj\.m2\repository\org\controlsfx\controlsfx\11.1.0\controlsfx-11.1.0.jar;C:\Users\nbalj\.m2\repository\com\dlsc\formsfx\formsfx-core\11.3.2\formsfx-core-11.3.2.jar;C:\Users\nbalj\.m2\repository\org\openjfx\javafx-base\17.0.0.1\javafx-base-17.0.0.1-win.jar;C:\Users\nbalj\.m2\repository\eu\hansolo\tilesfx\11.48\tilesfx-11.48.jar;C:\Users\nbalj\.m2\repository\org\kordamp\ikonli\ikonli-core\12.2.0\ikonli-core-12.2.0.jar;C:\Users\nbalj\.m2\repository\org\kordamp\bootstrapfx\bootstrapfx-core\0.4.0\bootstrapfx-core-0.4.0.jar;C:\Users\nbalj\.m2\repository\org\openjfx\javafx-media\17.0.0.1\javafx-media-17.0.0.1-win.jar;C:\Users\nbalj\.m2\repository\net\synedra\validatorfx\0.1.13\validatorfx-0.1.13.jar -Djdk.module.main=com.example.projectgui 
java_command: com.example.projectgui/com.example.projectgui.HelloApplication
java_class_path (initial): C:\Users\nbalj\.m2\repository\org\openjfx\javafx-controls\17.0.0.1\javafx-controls-17.0.0.1.jar;C:\Users\nbalj\.m2\repository\org\openjfx\javafx-graphics\17.0.0.1\javafx-graphics-17.0.0.1.jar;C:\Users\nbalj\.m2\repository\org\openjfx\javafx-base\17.0.0.1\javafx-base-17.0.0.1.jar;C:\Users\nbalj\.m2\repository\org\openjfx\javafx-fxml\17.0.0.1\javafx-fxml-17.0.0.1.jar;C:\Users\nbalj\.m2\repository\org\openjfx\javafx-web\17.0.0.1\javafx-web-17.0.0.1.jar;C:\Users\nbalj\.m2\repository\org\openjfx\javafx-media\17.0.0.1\javafx-media-17.0.0.1.jar;C:\Users\nbalj\.m2\repository\mysql\mysql-connector-java\8.0.28\mysql-connector-java-8.0.28.jar;C:\Users\nbalj\.m2\repository\com\google\protobuf\protobuf-java\3.11.4\protobuf-java-3.11.4.jar
Launcher Type: SUN_STANDARD

[Global flags]
     intx CICompilerCount                          = 4                                         {product} {ergonomic}
     uint ConcGCThreads                            = 3                                         {product} {ergonomic}
     uint G1ConcRefinementThreads                  = 10                                        {product} {ergonomic}
   size_t G1HeapRegionSize                         = 2097152                                   {product} {ergonomic}
    uintx GCDrainStackTargetSize                   = 64                                        {product} {ergonomic}
   size_t InitialHeapSize                          = 268435456                                 {product} {ergonomic}
   size_t MarkStackSize                            = 4194304                                   {product} {ergonomic}
   size_t MaxHeapSize                              = 4265607168                                {product} {ergonomic}
   size_t MaxNewSize                               = 2558525440                                {product} {ergonomic}
   size_t MinHeapDeltaBytes                        = 2097152                                   {product} {ergonomic}
   size_t MinHeapSize                              = 8388608                                   {product} {ergonomic}
    uintx NonNMethodCodeHeapSize                   = 5839372                                {pd product} {ergonomic}
    uintx NonProfiledCodeHeapSize                  = 122909434                              {pd product} {ergonomic}
    uintx ProfiledCodeHeapSize                     = 122909434                              {pd product} {ergonomic}
    uintx ReservedCodeCacheSize                    = 251658240                              {pd product} {ergonomic}
     bool SegmentedCodeCache                       = true                                      {product} {ergonomic}
   size_t SoftMaxHeapSize                          = 4265607168                             {manageable} {ergonomic}
     bool UseCompressedClassPointers               = true                           {product lp64_product} {ergonomic}
     bool UseCompressedOops                        = true                           {product lp64_product} {ergonomic}
     bool UseG1GC                                  = true                                      {product} {ergonomic}
     bool UseLargePagesIndividualAllocation        = false                                  {pd product} {ergonomic}

Logging:
Log output configuration:
 #0: stdout all=warning uptime,level,tags
 #1: stderr all=off uptime,level,tags

Environment Variables:
JAVA_HOME=C:\Program Files\Java\jdk-17.0.1
PATH=C:\Program Files\Common Files\Oracle\Java\javapath;C:\Program Files (x86)\Common Files\Oracle\Java\javapath;C:\Program Files (x86)\Common Files\Intel\Shared Libraries\redist\intel64_win\compiler;C:\Windows\system32;C:\Windows;C:\Windows\System32\Wbem;C:\Windows\System32\WindowsPowerShell\v1.0\;C:\Windows\System32\OpenSSH\;C:\Program Files\NVIDIA Corporation\NVIDIA NvDLISR;C:\Program Files (x86)\NVIDIA Corporation\PhysX\Common;C:\Program Files\PowerShell\7\;C:\Program Files (x86)\mingw-w64\i686-8.1.0-posix-dwarf-rt_v6-rev0\mingw32\bin;C:\Program Files\Java\jdk-17.0.1;C:\Program Files\dotnet\;C:\Program Files\Git\cmd;C:\Program Files\PuTTY\;C:\Program Files\OpenSSL-Win64\bin;C:\Program Files\Java\jdk-18;C:\Users\nbalj\AppData\Local\Microsoft\WindowsApps;C:\Users\nbalj\AppData\Local\Programs\Microsoft VS Code\bin;C:\Program Files\Inkscape\bin;C:\Program Files\JetBrains\IntelliJ IDEA 2021.2.3\bin;;C:\Users\nbalj\.dotnet\tools;C:\Users\nbalj\AppData\Local\GitHubDesktop\bin
USERNAME=nbalj
OS=Windows_NT
PROCESSOR_IDENTIFIER=AMD64 Family 23 Model 113 Stepping 0, AuthenticAMD



---------------  S Y S T E M  ---------------

OS:
 Windows 10 , 64 bit Build 19041 (10.0.19041.1706)
OS uptime: 7 days 0:42 hours
Hyper-V role detected

CPU: total 12 (initial active 12) (12 cores per cpu, 2 threads per core) family 23 model 113 stepping 0 microcode 0x0, cx8, cmov, fxsr, ht, mmx, 3dnowpref, sse, sse2, sse3, ssse3, sse4a, sse4.1, sse4.2, popcnt, lzcnt, tsc, tscinvbit, avx, avx2, aes, clmul, bmi1, bmi2, adx, sha, fma, vzeroupper, clflush, clflushopt, hv

Memory: 4k page, system-wide physical 16265M (6337M free)
TotalPageFile size 22153M (AvailPageFile size 7159M)
current process WorkingSet (physical memory assigned to process): 243M, peak: 325M
current process commit charge ("private bytes"): 379M, peak: 604M

vm_info: Java HotSpot(TM) 64-Bit Server VM (17.0.1+12-LTS-39) for windows-amd64 JRE (17.0.1+12-LTS-39), built on Sep 27 2021 18:41:35 by "mach5one" with MS VC++ 16.8 (VS2019)

END.
